[ 2013-06-03T19:31:53+08:00 ] 127.0.0.1 /evbeta/User/Storer/
INFO: [ route_check ] --START--
INFO: Run CheckRoute Behavior [ RunTime:0.004929s ]
INFO: [ route_check ] --END-- [ RunTime:0.006399s ]
INFO: [ app_begin ] --START--
INFO: Run ReadHtmlCache Behavior [ RunTime:0.018020s ]
INFO: [ app_begin ] --END-- [ RunTime:0.018645s ]
SQL: SHOW COLUMNS FROM `business` [ RunTime:0.022805s ]
SQL: SELECT * FROM `business` WHERE ( `userid` = null )  [ RunTime:0.021807s ]
INFO: [ view_template ] --START--
INFO: Run LocationTemplate Behavior [ RunTime:0.017117s ]
INFO: [ view_template ] --END-- [ RunTime:0.017714s ]
INFO: [ view_parse ] --START--
INFO: Run ParseTemplate Behavior [ RunTime:0.092297s ]
INFO: [ view_parse ] --END-- [ RunTime:0.092881s ]
INFO: [ view_filter ] --START--
INFO: Run ContentReplace Behavior [ RunTime:0.015398s ]
INFO: Run TokenBuild Behavior [ RunTime:0.018573s ]
INFO: Run WriteHtmlCache Behavior [ RunTime:0.004497s ]
INFO: Run ShowRuntime Behavior [ RunTime:0.003737s ]
INFO: [ view_filter ] --END-- [ RunTime:0.043829s ]
INFO: [ view_end ] --START--
INFO: Run ShowPageTrace Behavior [ RunTime:0.003207s ]
INFO: [ view_end ] --END-- [ RunTime:0.003774s ]

[ 2013-06-03T19:31:53+08:00 ] ERR: (ThinkException) 非法操作:img
[ 2013-06-03T19:31:53+08:00 ] ERR: (ThinkException) 非法操作:img
[ 2013-06-03T19:32:09+08:00 ] 127.0.0.1 /evbeta/User/Storer/add.html
INFO: [ route_check ] --START--
INFO: Run CheckRoute Behavior [ RunTime:0.002591s ]
INFO: [ route_check ] --END-- [ RunTime:0.003216s ]
INFO: [ app_begin ] --START--
INFO: Run ReadHtmlCache Behavior [ RunTime:0.002295s ]
INFO: [ app_begin ] --END-- [ RunTime:0.002884s ]
INFO: [ view_template ] --START--
INFO: Run LocationTemplate Behavior [ RunTime:0.002321s ]
INFO: [ view_template ] --END-- [ RunTime:0.002934s ]
INFO: [ view_parse ] --START--
INFO: Run ParseTemplate Behavior [ RunTime:0.058731s ]
INFO: [ view_parse ] --END-- [ RunTime:0.059335s ]
INFO: [ view_filter ] --START--
INFO: Run ContentReplace Behavior [ RunTime:0.003043s ]
INFO: Run TokenBuild Behavior [ RunTime:0.003495s ]
INFO: Run WriteHtmlCache Behavior [ RunTime:0.002756s ]
INFO: Run ShowRuntime Behavior [ RunTime:0.003942s ]
INFO: [ view_filter ] --END-- [ RunTime:0.014954s ]
INFO: [ view_end ] --START--
INFO: Run ShowPageTrace Behavior [ RunTime:0.004267s ]
INFO: [ view_end ] --END-- [ RunTime:0.004903s ]

[ 2013-06-03T19:32:09+08:00 ] ERR: (ThinkException) 非法操作:img
[ 2013-06-03T19:32:10+08:00 ] 127.0.0.1 /evbeta/User/Storer/news.html
INFO: [ route_check ] --START--
INFO: Run CheckRoute Behavior [ RunTime:0.002362s ]
INFO: [ route_check ] --END-- [ RunTime:0.003197s ]
INFO: [ app_begin ] --START--
INFO: Run ReadHtmlCache Behavior [ RunTime:0.002383s ]
INFO: [ app_begin ] --END-- [ RunTime:0.003446s ]
INFO: [ view_template ] --START--
INFO: Run LocationTemplate Behavior [ RunTime:0.003491s ]
INFO: [ view_template ] --END-- [ RunTime:0.004136s ]
INFO: [ view_parse ] --START--
INFO: Run ParseTemplate Behavior [ RunTime:0.029403s ]
INFO: [ view_parse ] --END-- [ RunTime:0.030028s ]
INFO: [ view_filter ] --START--
INFO: Run ContentReplace Behavior [ RunTime:0.001643s ]
INFO: Run TokenBuild Behavior [ RunTime:0.002061s ]
INFO: Run WriteHtmlCache Behavior [ RunTime:0.002934s ]
INFO: Run ShowRuntime Behavior [ RunTime:0.002374s ]
INFO: [ view_filter ] --END-- [ RunTime:0.011849s ]
INFO: [ view_end ] --START--
INFO: Run ShowPageTrace Behavior [ RunTime:0.002268s ]
INFO: [ view_end ] --END-- [ RunTime:0.003157s ]

[ 2013-06-03T19:32:10+08:00 ] ERR: (ThinkException) 非法操作:img
[ 2013-06-03T19:32:25+08:00 ] 127.0.0.1 /evbeta/User/Storer/client
INFO: [ route_check ] --START--
INFO: Run CheckRoute Behavior [ RunTime:0.002398s ]
INFO: [ route_check ] --END-- [ RunTime:0.003029s ]
INFO: [ app_begin ] --START--
INFO: Run ReadHtmlCache Behavior [ RunTime:0.002660s ]
INFO: [ app_begin ] --END-- [ RunTime:0.003250s ]
INFO: [ view_template ] --START--
INFO: Run LocationTemplate Behavior [ RunTime:0.002673s ]
INFO: [ view_template ] --END-- [ RunTime:0.003283s ]
INFO: [ view_parse ] --START--
INFO: Run ParseTemplate Behavior [ RunTime:0.043108s ]
INFO: [ view_parse ] --END-- [ RunTime:0.043712s ]
INFO: [ view_filter ] --START--
INFO: Run ContentReplace Behavior [ RunTime:0.001821s ]
INFO: Run TokenBuild Behavior [ RunTime:0.001914s ]
INFO: Run WriteHtmlCache Behavior [ RunTime:0.001189s ]
INFO: Run ShowRuntime Behavior [ RunTime:0.002261s ]
INFO: [ view_filter ] --END-- [ RunTime:0.008749s ]
INFO: [ view_end ] --START--
INFO: Run ShowPageTrace Behavior [ RunTime:0.002101s ]
INFO: [ view_end ] --END-- [ RunTime:0.002651s ]

[ 2013-06-03T19:32:25+08:00 ] ERR: (ThinkException) 非法操作:img
[ 2013-06-03T19:32:32+08:00 ] ERR: (ThinkException) 非法操作:css
[ 2013-06-03T19:32:58+08:00 ] 127.0.0.1 /evbeta/User/Storer/store
INFO: [ route_check ] --START--
INFO: Run CheckRoute Behavior [ RunTime:0.002343s ]
INFO: [ route_check ] --END-- [ RunTime:0.002959s ]
INFO: [ app_begin ] --START--
INFO: Run ReadHtmlCache Behavior [ RunTime:0.002087s ]
INFO: [ app_begin ] --END-- [ RunTime:0.002669s ]
SQL: SHOW COLUMNS FROM `business` [ RunTime:0.025687s ]
SQL: SELECT * FROM `business` WHERE ( `userid` = null )  [ RunTime:0.025679s ]
INFO: [ view_template ] --START--
INFO: Run LocationTemplate Behavior [ RunTime:0.003196s ]
INFO: [ view_template ] --END-- [ RunTime:0.003784s ]
INFO: [ view_parse ] --START--
INFO: Run ParseTemplate Behavior [ RunTime:0.060832s ]
INFO: [ view_parse ] --END-- [ RunTime:0.061525s ]
INFO: [ view_filter ] --START--
INFO: Run ContentReplace Behavior [ RunTime:0.001871s ]
INFO: Run TokenBuild Behavior [ RunTime:0.001846s ]
INFO: Run WriteHtmlCache Behavior [ RunTime:0.001220s ]
INFO: Run ShowRuntime Behavior [ RunTime:0.002288s ]
INFO: [ view_filter ] --END-- [ RunTime:0.008790s ]
INFO: [ view_end ] --START--
INFO: Run ShowPageTrace Behavior [ RunTime:0.002221s ]
INFO: [ view_end ] --END-- [ RunTime:0.002800s ]

[ 2013-06-03T19:32:59+08:00 ] ERR: (ThinkException) 非法操作:img
[ 2013-06-03T19:32:59+08:00 ] ERR: (ThinkException) 非法操作:img
[ 2013-06-03T19:33:10+08:00 ] ERR: (ThinkException) 非法操作:index
[ 2013-06-03T19:33:34+08:00 ] 127.0.0.1 /evbeta/Home/Register/preg
INFO: [ route_check ] --START--
INFO: Run CheckRoute Behavior [ RunTime:0.002861s ]
INFO: [ route_check ] --END-- [ RunTime:0.003479s ]
INFO: [ app_begin ] --START--
INFO: Run ReadHtmlCache Behavior [ RunTime:0.002808s ]
INFO: [ app_begin ] --END-- [ RunTime:0.003400s ]
SQL: SHOW COLUMNS FROM `provinces` [ RunTime:0.025481s ]
SQL: SELECT * FROM `provinces`  [ RunTime:0.027593s ]
INFO: [ view_template ] --START--
INFO: Run LocationTemplate Behavior [ RunTime:0.005239s ]
INFO: [ view_template ] --END-- [ RunTime:0.005844s ]
INFO: [ view_parse ] --START--
INFO: Run ParseTemplate Behavior [ RunTime:0.053264s ]
INFO: [ view_parse ] --END-- [ RunTime:0.054341s ]
INFO: [ view_filter ] --START--
INFO: Run ContentReplace Behavior [ RunTime:0.002769s ]
INFO: Run TokenBuild Behavior [ RunTime:0.002651s ]
INFO: Run WriteHtmlCache Behavior [ RunTime:0.001962s ]
INFO: Run ShowRuntime Behavior [ RunTime:0.003153s ]
INFO: [ view_filter ] --END-- [ RunTime:0.012183s ]
INFO: [ view_end ] --START--
INFO: Run ShowPageTrace Behavior [ RunTime:0.003197s ]
INFO: [ view_end ] --END-- [ RunTime:0.003754s ]

[ 2013-06-03T19:33:34+08:00 ] 127.0.0.1 /evbeta/User/Storer/card
INFO: [ route_check ] --START--
INFO: Run CheckRoute Behavior [ RunTime:0.002921s ]
INFO: [ route_check ] --END-- [ RunTime:0.003540s ]
INFO: [ app_begin ] --START--
INFO: Run ReadHtmlCache Behavior [ RunTime:0.002146s ]
INFO: [ app_begin ] --END-- [ RunTime:0.002713s ]
INFO: [ view_template ] --START--
INFO: Run LocationTemplate Behavior [ RunTime:0.003992s ]
INFO: [ view_template ] --END-- [ RunTime:0.004854s ]
INFO: [ view_parse ] --START--
INFO: Run ParseTemplate Behavior [ RunTime:0.058775s ]
INFO: [ view_parse ] --END-- [ RunTime:0.059393s ]
INFO: [ view_filter ] --START--
INFO: Run ContentReplace Behavior [ RunTime:0.002282s ]
INFO: Run TokenBuild Behavior [ RunTime:0.002145s ]
INFO: Run WriteHtmlCache Behavior [ RunTime:0.001227s ]
INFO: Run ShowRuntime Behavior [ RunTime:0.002264s ]
INFO: [ view_filter ] --END-- [ RunTime:0.009492s ]
INFO: [ view_end ] --START--
INFO: Run ShowPageTrace Behavior [ RunTime:0.002543s ]
INFO: [ view_end ] --END-- [ RunTime:0.003106s ]

[ 2013-06-03T19:33:35+08:00 ] 127.0.0.1 /evbeta/Home/Public/verify/w/60/h/33
INFO: [ route_check ] --START--
INFO: Run CheckRoute Behavior [ RunTime:0.006340s ]
INFO: [ route_check ] --END-- [ RunTime:0.007148s ]
INFO: [ app_begin ] --START--
INFO: Run ReadHtmlCache Behavior [ RunTime:0.003610s ]
INFO: [ app_begin ] --END-- [ RunTime:0.004501s ]

[ 2013-06-03T19:33:35+08:00 ] ERR: (ThinkException) 非法操作:img
[ 2013-06-03T19:33:57+08:00 ] 127.0.0.1 /evbeta/User/Storer/scene
INFO: [ route_check ] --START--
INFO: Run CheckRoute Behavior [ RunTime:0.002841s ]
INFO: [ route_check ] --END-- [ RunTime:0.003679s ]
INFO: [ app_begin ] --START--
INFO: Run ReadHtmlCache Behavior [ RunTime:0.002471s ]
INFO: [ app_begin ] --END-- [ RunTime:0.003077s ]
INFO: [ view_template ] --START--
INFO: Run LocationTemplate Behavior [ RunTime:0.002431s ]
INFO: [ view_template ] --END-- [ RunTime:0.003513s ]
INFO: [ view_parse ] --START--
INFO: Run ParseTemplate Behavior [ RunTime:0.049247s ]
INFO: [ view_parse ] --END-- [ RunTime:0.049868s ]
INFO: [ view_filter ] --START--
INFO: Run ContentReplace Behavior [ RunTime:0.002707s ]
INFO: Run TokenBuild Behavior [ RunTime:0.003014s ]
INFO: Run WriteHtmlCache Behavior [ RunTime:0.001944s ]
INFO: Run ShowRuntime Behavior [ RunTime:0.003059s ]
INFO: [ view_filter ] --END-- [ RunTime:0.012386s ]
INFO: [ view_end ] --START--
INFO: Run ShowPageTrace Behavior [ RunTime:0.002936s ]
INFO: [ view_end ] --END-- [ RunTime:0.003491s ]

[ 2013-06-03T19:33:58+08:00 ] ERR: (ThinkException) 非法操作:img
[ 2013-06-03T19:33:58+08:00 ] ERR: (ThinkException) 非法操作:img
[ 2013-06-03T19:34:00+08:00 ] 127.0.0.1 /evbeta/User/Storer/password
INFO: [ route_check ] --START--
INFO: Run CheckRoute Behavior [ RunTime:0.002324s ]
INFO: [ route_check ] --END-- [ RunTime:0.002933s ]
INFO: [ app_begin ] --START--
INFO: Run ReadHtmlCache Behavior [ RunTime:0.002452s ]
INFO: [ app_begin ] --END-- [ RunTime:0.003217s ]
INFO: [ view_template ] --START--
INFO: Run LocationTemplate Behavior [ RunTime:0.004319s ]
INFO: [ view_template ] --END-- [ RunTime:0.004951s ]
INFO: [ view_parse ] --START--
INFO: Run ParseTemplate Behavior [ RunTime:0.039942s ]
INFO: [ view_parse ] --END-- [ RunTime:0.040537s ]
INFO: [ view_filter ] --START--
INFO: Run ContentReplace Behavior [ RunTime:0.002338s ]
INFO: Run TokenBuild Behavior [ RunTime:0.007338s ]
INFO: Run WriteHtmlCache Behavior [ RunTime:0.002156s ]
INFO: Run ShowRuntime Behavior [ RunTime:0.003202s ]
INFO: [ view_filter ] --END-- [ RunTime:0.016613s ]
INFO: [ view_end ] --START--
INFO: Run ShowPageTrace Behavior [ RunTime:0.003397s ]
INFO: [ view_end ] --END-- [ RunTime:0.003967s ]

[ 2013-06-03T19:34:00+08:00 ] ERR: (ThinkException) 非法操作:img
[ 2013-06-03T19:34:02+08:00 ] 127.0.0.1 /evbeta/User/Storer/cert
INFO: [ route_check ] --START--
INFO: Run CheckRoute Behavior [ RunTime:0.002852s ]
INFO: [ route_check ] --END-- [ RunTime:0.003495s ]
INFO: [ app_begin ] --START--
INFO: Run ReadHtmlCache Behavior [ RunTime:0.002507s ]
INFO: [ app_begin ] --END-- [ RunTime:0.003104s ]
INFO: [ view_template ] --START--
INFO: Run LocationTemplate Behavior [ RunTime:0.001898s ]
INFO: [ view_template ] --END-- [ RunTime:0.002495s ]
INFO: [ view_parse ] --START--
INFO: Run ParseTemplate Behavior [ RunTime:0.040655s ]
INFO: [ view_parse ] --END-- [ RunTime:0.041245s ]
INFO: [ view_filter ] --START--
INFO: Run ContentReplace Behavior [ RunTime:0.002293s ]
INFO: Run TokenBuild Behavior [ RunTime:0.001866s ]
INFO: Run WriteHtmlCache Behavior [ RunTime:0.001151s ]
INFO: Run ShowRuntime Behavior [ RunTime:0.002227s ]
INFO: [ view_filter ] --END-- [ RunTime:0.009090s ]
INFO: [ view_end ] --START--
INFO: Run ShowPageTrace Behavior [ RunTime:0.002730s ]
INFO: [ view_end ] --END-- [ RunTime:0.003301s ]

[ 2013-06-03T19:34:02+08:00 ] ERR: (ThinkException) 非法操作:img
[ 2013-06-03T19:41:27+08:00 ] 127.0.0.1 /evbeta/User/Storer/cert
INFO: [ route_check ] --START--
INFO: Run CheckRoute Behavior [ RunTime:0.005928s ]
INFO: [ route_check ] --END-- [ RunTime:0.006561s ]
INFO: [ app_begin ] --START--
INFO: Run ReadHtmlCache Behavior [ RunTime:0.003066s ]
INFO: [ app_begin ] --END-- [ RunTime:0.004080s ]
INFO: [ view_template ] --START--
INFO: Run LocationTemplate Behavior [ RunTime:0.004321s ]
INFO: [ view_template ] --END-- [ RunTime:0.004930s ]
INFO: [ view_parse ] --START--
INFO: Run ParseTemplate Behavior [ RunTime:0.037192s ]
INFO: [ view_parse ] --END-- [ RunTime:0.037840s ]
INFO: [ view_filter ] --START--
INFO: Run ContentReplace Behavior [ RunTime:0.003242s ]
INFO: Run TokenBuild Behavior [ RunTime:0.003076s ]
INFO: Run WriteHtmlCache Behavior [ RunTime:0.002884s ]
INFO: Run ShowRuntime Behavior [ RunTime:0.005369s ]
INFO: [ view_filter ] --END-- [ RunTime:0.016235s ]
INFO: [ view_end ] --START--
INFO: Run ShowPageTrace Behavior [ RunTime:0.003492s ]
INFO: [ view_end ] --END-- [ RunTime:0.004416s ]

[ 2013-06-03T19:41:28+08:00 ] ERR: (ThinkException) 非法操作:img
[ 2013-06-03T19:42:39+08:00 ] 127.0.0.1 /evbeta/User/Storer/cert
INFO: [ route_check ] --START--
INFO: Run CheckRoute Behavior [ RunTime:0.002362s ]
INFO: [ route_check ] --END-- [ RunTime:0.003006s ]
INFO: [ app_begin ] --START--
INFO: Run ReadHtmlCache Behavior [ RunTime:0.002514s ]
INFO: [ app_begin ] --END-- [ RunTime:0.003115s ]
INFO: [ view_template ] --START--
INFO: Run LocationTemplate Behavior [ RunTime:0.002247s ]
INFO: [ view_template ] --END-- [ RunTime:0.002845s ]
INFO: [ view_parse ] --START--
INFO: Run ParseTemplate Behavior [ RunTime:0.032990s ]
INFO: [ view_parse ] --END-- [ RunTime:0.035596s ]
INFO: [ view_filter ] --START--
INFO: Run ContentReplace Behavior [ RunTime:0.002711s ]
INFO: Run TokenBuild Behavior [ RunTime:0.002817s ]
INFO: Run WriteHtmlCache Behavior [ RunTime:0.002350s ]
INFO: Run ShowRuntime Behavior [ RunTime:0.003762s ]
INFO: [ view_filter ] --END-- [ RunTime:0.013248s ]
INFO: [ view_end ] --START--
INFO: Run ShowPageTrace Behavior [ RunTime:0.003781s ]
INFO: [ view_end ] --END-- [ RunTime:0.004356s ]

[ 2013-06-03T19:42:40+08:00 ] ERR: (ThinkException) 非法操作:img
[ 2013-06-03T19:43:40+08:00 ] 127.0.0.1 /evbeta/User/Storer/cert
INFO: [ route_check ] --START--
INFO: Run CheckRoute Behavior [ RunTime:0.003136s ]
INFO: [ route_check ] --END-- [ RunTime:0.006702s ]
INFO: [ app_begin ] --START--
INFO: Run ReadHtmlCache Behavior [ RunTime:0.004025s ]
INFO: [ app_begin ] --END-- [ RunTime:0.004628s ]
INFO: [ view_template ] --START--
INFO: Run LocationTemplate Behavior [ RunTime:0.003523s ]
INFO: [ view_template ] --END-- [ RunTime:0.004152s ]
INFO: [ view_parse ] --START--
INFO: Run ParseTemplate Behavior [ RunTime:0.034951s ]
INFO: [ view_parse ] --END-- [ RunTime:0.035551s ]
INFO: [ view_filter ] --START--
INFO: Run ContentReplace Behavior [ RunTime:0.002389s ]
INFO: Run TokenBuild Behavior [ RunTime:0.002793s ]
INFO: Run WriteHtmlCache Behavior [ RunTime:0.002611s ]
INFO: Run ShowRuntime Behavior [ RunTime:0.004690s ]
INFO: [ view_filter ] --END-- [ RunTime:0.014263s ]
INFO: [ view_end ] --START--
INFO: Run ShowPageTrace Behavior [ RunTime:0.003769s ]
INFO: [ view_end ] --END-- [ RunTime:0.004348s ]

[ 2013-06-03T19:43:41+08:00 ] ERR: (ThinkException) 非法操作:img
[ 2013-06-03T19:44:35+08:00 ] 127.0.0.1 /evbeta/User/Storer/news.html
INFO: [ route_check ] --START--
INFO: Run CheckRoute Behavior [ RunTime:0.002330s ]
INFO: [ route_check ] --END-- [ RunTime:0.002954s ]
INFO: [ app_begin ] --START--
INFO: Run ReadHtmlCache Behavior [ RunTime:0.002081s ]
INFO: [ app_begin ] --END-- [ RunTime:0.002660s ]
INFO: [ view_template ] --START--
INFO: Run LocationTemplate Behavior [ RunTime:0.002264s ]
INFO: [ view_template ] --END-- [ RunTime:0.002877s ]
INFO: [ view_parse ] --START--
INFO: Run ParseTemplate Behavior [ RunTime:0.028882s ]
INFO: [ view_parse ] --END-- [ RunTime:0.029476s ]
INFO: [ view_filter ] --START--
INFO: Run ContentReplace Behavior [ RunTime:0.002541s ]
INFO: Run TokenBuild Behavior [ RunTime:0.002507s ]
INFO: Run WriteHtmlCache Behavior [ RunTime:0.002175s ]
INFO: Run ShowRuntime Behavior [ RunTime:0.004074s ]
INFO: [ view_filter ] --END-- [ RunTime:0.012841s ]
INFO: [ view_end ] --START--
INFO: Run ShowPageTrace Behavior [ RunTime:0.002931s ]
INFO: [ view_end ] --END-- [ RunTime:0.003496s ]

[ 2013-06-03T19:44:35+08:00 ] ERR: (ThinkException) 非法操作:img
[ 2013-06-03T19:44:37+08:00 ] 127.0.0.1 /evbeta/User/Storer/client
INFO: [ route_check ] --START--
INFO: Run CheckRoute Behavior [ RunTime:0.002799s ]
INFO: [ route_check ] --END-- [ RunTime:0.003624s ]
INFO: [ app_begin ] --START--
INFO: Run ReadHtmlCache Behavior [ RunTime:0.002864s ]
INFO: [ app_begin ] --END-- [ RunTime:0.003489s ]
INFO: [ view_template ] --START--
INFO: Run LocationTemplate Behavior [ RunTime:0.001932s ]
INFO: [ view_template ] --END-- [ RunTime:0.002846s ]
INFO: [ view_parse ] --START--
INFO: Run ParseTemplate Behavior [ RunTime:0.025680s ]
INFO: [ view_parse ] --END-- [ RunTime:0.026287s ]
INFO: [ view_filter ] --START--
INFO: Run ContentReplace Behavior [ RunTime:0.001616s ]
INFO: Run TokenBuild Behavior [ RunTime:0.002576s ]
INFO: Run WriteHtmlCache Behavior [ RunTime:0.001311s ]
INFO: Run ShowRuntime Behavior [ RunTime:0.002289s ]
INFO: [ view_filter ] --END-- [ RunTime:0.009348s ]
INFO: [ view_end ] --START--
INFO: Run ShowPageTrace Behavior [ RunTime:0.002062s ]
INFO: [ view_end ] --END-- [ RunTime:0.002620s ]

[ 2013-06-03T19:44:37+08:00 ] ERR: (ThinkException) 非法操作:img
[ 2013-06-03T19:44:37+08:00 ] ERR: (ThinkException) 非法操作:css
[ 2013-06-03T19:44:49+08:00 ] 127.0.0.1 /evbeta/User/Storer/cert
INFO: [ route_check ] --START--
INFO: Run CheckRoute Behavior [ RunTime:0.003144s ]
INFO: [ route_check ] --END-- [ RunTime:0.004945s ]
INFO: [ app_begin ] --START--
INFO: Run ReadHtmlCache Behavior [ RunTime:0.002182s ]
INFO: [ app_begin ] --END-- [ RunTime:0.003163s ]
INFO: [ view_template ] --START--
INFO: Run LocationTemplate Behavior [ RunTime:0.001852s ]
INFO: [ view_template ] --END-- [ RunTime:0.002459s ]
INFO: [ view_parse ] --START--
INFO: Run ParseTemplate Behavior [ RunTime:0.025507s ]
INFO: [ view_parse ] --END-- [ RunTime:0.026119s ]
INFO: [ view_filter ] --START--
INFO: Run ContentReplace Behavior [ RunTime:0.002285s ]
INFO: Run TokenBuild Behavior [ RunTime:0.002576s ]
INFO: Run WriteHtmlCache Behavior [ RunTime:0.001603s ]
INFO: Run ShowRuntime Behavior [ RunTime:0.002476s ]
INFO: [ view_filter ] --END-- [ RunTime:0.010530s ]
INFO: [ view_end ] --START--
INFO: Run ShowPageTrace Behavior [ RunTime:0.002129s ]
INFO: [ view_end ] --END-- [ RunTime:0.003227s ]

[ 2013-06-03T19:44:49+08:00 ] ERR: (ThinkException) 非法操作:img
[ 2013-06-03T19:45:23+08:00 ] 127.0.0.1 /evbeta/User/Storer/cert
INFO: [ route_check ] --START--
INFO: Run CheckRoute Behavior [ RunTime:0.002323s ]
INFO: [ route_check ] --END-- [ RunTime:0.002939s ]
INFO: [ app_begin ] --START--
INFO: Run ReadHtmlCache Behavior [ RunTime:0.002401s ]
INFO: [ app_begin ] --END-- [ RunTime:0.003477s ]
INFO: [ view_template ] --START--
INFO: Run LocationTemplate Behavior [ RunTime:0.001601s ]
INFO: [ view_template ] --END-- [ RunTime:0.002206s ]
INFO: [ view_parse ] --START--
INFO: Run ParseTemplate Behavior [ RunTime:0.029146s ]
INFO: [ view_parse ] --END-- [ RunTime:0.029877s ]
INFO: [ view_filter ] --START--
INFO: Run ContentReplace Behavior [ RunTime:0.002018s ]
INFO: Run TokenBuild Behavior [ RunTime:0.002267s ]
INFO: Run WriteHtmlCache Behavior [ RunTime:0.001218s ]
INFO: Run ShowRuntime Behavior [ RunTime:0.003266s ]
INFO: [ view_filter ] --END-- [ RunTime:0.010340s ]
INFO: [ view_end ] --START--
INFO: Run ShowPageTrace Behavior [ RunTime:0.002189s ]
INFO: [ view_end ] --END-- [ RunTime:0.003133s ]

[ 2013-06-03T19:45:23+08:00 ] ERR: (ThinkException) 非法操作:img
[ 2013-06-03T19:45:34+08:00 ] ERR: (ThinkException) 非法操作:img
[ 2013-06-03T19:45:48+08:00 ] 127.0.0.1 /evbeta/User/Member/
INFO: [ route_check ] --START--
INFO: Run CheckRoute Behavior [ RunTime:0.003877s ]
INFO: [ route_check ] --END-- [ RunTime:0.004594s ]
INFO: [ app_begin ] --START--
INFO: Run ReadHtmlCache Behavior [ RunTime:0.002188s ]
INFO: [ app_begin ] --END-- [ RunTime:0.002788s ]
INFO: [ view_template ] --START--
INFO: Run LocationTemplate Behavior [ RunTime:0.005628s ]
INFO: [ view_template ] --END-- [ RunTime:0.006281s ]
INFO: [ view_parse ] --START--
INFO: Run ParseTemplate Behavior [ RunTime:0.186304s ]
INFO: [ view_parse ] --END-- [ RunTime:0.186907s ]
INFO: [ view_filter ] --START--
INFO: Run ContentReplace Behavior [ RunTime:0.003245s ]
INFO: Run TokenBuild Behavior [ RunTime:0.002965s ]
INFO: Run WriteHtmlCache Behavior [ RunTime:0.002048s ]
INFO: Run ShowRuntime Behavior [ RunTime:0.003888s ]
INFO: [ view_filter ] --END-- [ RunTime:0.014125s ]
INFO: [ view_end ] --START--
INFO: Run ShowPageTrace Behavior [ RunTime:0.002825s ]
INFO: [ view_end ] --END-- [ RunTime:0.003384s ]

[ 2013-06-03T19:45:49+08:00 ] 127.0.0.1 /evbeta/User/Member/cert
INFO: [ route_check ] --START--
INFO: Run CheckRoute Behavior [ RunTime:0.002522s ]
INFO: [ route_check ] --END-- [ RunTime:0.003193s ]
INFO: [ app_begin ] --START--
INFO: Run ReadHtmlCache Behavior [ RunTime:0.002304s ]
INFO: [ app_begin ] --END-- [ RunTime:0.003170s ]
INFO: [ view_template ] --START--
INFO: Run LocationTemplate Behavior [ RunTime:0.004293s ]
INFO: [ view_template ] --END-- [ RunTime:0.004931s ]
INFO: [ view_parse ] --START--
INFO: Run ParseTemplate Behavior [ RunTime:0.073600s ]
INFO: [ view_parse ] --END-- [ RunTime:0.074683s ]
INFO: [ view_filter ] --START--
INFO: Run ContentReplace Behavior [ RunTime:0.001723s ]
INFO: Run TokenBuild Behavior [ RunTime:0.002517s ]
INFO: Run WriteHtmlCache Behavior [ RunTime:0.001501s ]
INFO: Run ShowRuntime Behavior [ RunTime:0.007590s ]
INFO: [ view_filter ] --END-- [ RunTime:0.014902s ]
INFO: [ view_end ] --START--
INFO: Run ShowPageTrace Behavior [ RunTime:0.008769s ]
INFO: [ view_end ] --END-- [ RunTime:0.009379s ]

[ 2013-06-03T19:47:59+08:00 ] 127.0.0.1 /evbeta/User/Member/cert
INFO: [ route_check ] --START--
INFO: Run CheckRoute Behavior [ RunTime:0.005409s ]
INFO: [ route_check ] --END-- [ RunTime:0.006030s ]
INFO: [ app_begin ] --START--
INFO: Run ReadHtmlCache Behavior [ RunTime:0.003494s ]
INFO: [ app_begin ] --END-- [ RunTime:0.004110s ]
INFO: [ view_template ] --START--
INFO: Run LocationTemplate Behavior [ RunTime:0.003372s ]
INFO: [ view_template ] --END-- [ RunTime:0.004288s ]
INFO: [ view_parse ] --START--
INFO: Run ParseTemplate Behavior [ RunTime:0.031055s ]
INFO: [ view_parse ] --END-- [ RunTime:0.031758s ]
INFO: [ view_filter ] --START--
INFO: Run ContentReplace Behavior [ RunTime:0.002588s ]
INFO: Run TokenBuild Behavior [ RunTime:0.003556s ]
INFO: Run WriteHtmlCache Behavior [ RunTime:0.001929s ]
INFO: Run ShowRuntime Behavior [ RunTime:0.003847s ]
INFO: [ view_filter ] --END-- [ RunTime:0.014085s ]
INFO: [ view_end ] --START--
INFO: Run ShowPageTrace Behavior [ RunTime:0.003272s ]
INFO: [ view_end ] --END-- [ RunTime:0.003910s ]

[ 2013-06-03T19:49:04+08:00 ] 127.0.0.1 /evbeta/User/Member/cert
INFO: [ route_check ] --START--
INFO: Run CheckRoute Behavior [ RunTime:0.005264s ]
INFO: [ route_check ] --END-- [ RunTime:0.005891s ]
INFO: [ app_begin ] --START--
INFO: Run ReadHtmlCache Behavior [ RunTime:0.003500s ]
INFO: [ app_begin ] --END-- [ RunTime:0.004111s ]
INFO: [ view_template ] --START--
INFO: Run LocationTemplate Behavior [ RunTime:0.002399s ]
INFO: [ view_template ] --END-- [ RunTime:0.003030s ]
INFO: [ view_parse ] --START--
INFO: Run ParseTemplate Behavior [ RunTime:0.036708s ]
INFO: [ view_parse ] --END-- [ RunTime:0.037347s ]
INFO: [ view_filter ] --START--
INFO: Run ContentReplace Behavior [ RunTime:0.003452s ]
INFO: Run TokenBuild Behavior [ RunTime:0.003095s ]
INFO: Run WriteHtmlCache Behavior [ RunTime:0.002754s ]
INFO: Run ShowRuntime Behavior [ RunTime:0.004686s ]
INFO: [ view_filter ] --END-- [ RunTime:0.015585s ]
INFO: [ view_end ] --START--
INFO: Run ShowPageTrace Behavior [ RunTime:0.003580s ]
INFO: [ view_end ] --END-- [ RunTime:0.004438s ]

[ 2013-06-03T19:51:16+08:00 ] 127.0.0.1 /evbeta/User/Storer/cert
INFO: [ route_check ] --START--
INFO: Run CheckRoute Behavior [ RunTime:0.006154s ]
INFO: [ route_check ] --END-- [ RunTime:0.007282s ]
INFO: [ app_begin ] --START--
INFO: Run ReadHtmlCache Behavior [ RunTime:0.003206s ]
INFO: [ app_begin ] --END-- [ RunTime:0.004113s ]
INFO: [ view_template ] --START--
INFO: Run LocationTemplate Behavior [ RunTime:0.003549s ]
INFO: [ view_template ] --END-- [ RunTime:0.004471s ]
INFO: [ view_parse ] --START--
INFO: Run ParseTemplate Behavior [ RunTime:0.036724s ]
INFO: [ view_parse ] --END-- [ RunTime:0.037352s ]
INFO: [ view_filter ] --START--
INFO: Run ContentReplace Behavior [ RunTime:0.002929s ]
INFO: Run TokenBuild Behavior [ RunTime:0.003753s ]
INFO: Run WriteHtmlCache Behavior [ RunTime:0.002471s ]
INFO: Run ShowRuntime Behavior [ RunTime:0.004829s ]
INFO: [ view_filter ] --END-- [ RunTime:0.015945s ]
INFO: [ view_end ] --START--
INFO: Run ShowPageTrace Behavior [ RunTime:0.003596s ]
INFO: [ view_end ] --END-- [ RunTime:0.004473s ]

[ 2013-06-03T19:51:17+08:00 ] ERR: (ThinkException) 非法操作:img
[ 2013-06-03T19:51:40+08:00 ] 127.0.0.1 /evbeta/User/Storer/cert
INFO: [ route_check ] --START--
INFO: Run CheckRoute Behavior [ RunTime:0.002780s ]
INFO: [ route_check ] --END-- [ RunTime:0.003411s ]
INFO: [ app_begin ] --START--
INFO: Run ReadHtmlCache Behavior [ RunTime:0.002075s ]
INFO: [ app_begin ] --END-- [ RunTime:0.002655s ]
INFO: [ view_template ] --START--
INFO: Run LocationTemplate Behavior [ RunTime:0.004466s ]
INFO: [ view_template ] --END-- [ RunTime:0.005085s ]
INFO: [ view_parse ] --START--
INFO: Run ParseTemplate Behavior [ RunTime:0.041691s ]
INFO: [ view_parse ] --END-- [ RunTime:0.042284s ]
INFO: [ view_filter ] --START--
INFO: Run ContentReplace Behavior [ RunTime:0.002960s ]
INFO: Run TokenBuild Behavior [ RunTime:0.002889s ]
INFO: Run WriteHtmlCache Behavior [ RunTime:0.001946s ]
INFO: Run ShowRuntime Behavior [ RunTime:0.004356s ]
INFO: [ view_filter ] --END-- [ RunTime:0.013836s ]
INFO: [ view_end ] --START--
INFO: Run ShowPageTrace Behavior [ RunTime:0.003332s ]
INFO: [ view_end ] --END-- [ RunTime:0.003907s ]

[ 2013-06-03T19:51:40+08:00 ] ERR: (ThinkException) 非法操作:img
[ 2013-06-03T19:52:27+08:00 ] 127.0.0.1 /evbeta/User/Member/cert
INFO: [ route_check ] --START--
INFO: Run CheckRoute Behavior [ RunTime:0.002685s ]
INFO: [ route_check ] --END-- [ RunTime:0.003343s ]
INFO: [ app_begin ] --START--
INFO: Run ReadHtmlCache Behavior [ RunTime:0.002606s ]
INFO: [ app_begin ] --END-- [ RunTime:0.003227s ]
INFO: [ view_template ] --START--
INFO: Run LocationTemplate Behavior [ RunTime:0.001529s ]
INFO: [ view_template ] --END-- [ RunTime:0.002132s ]
INFO: [ view_parse ] --START--
INFO: Run ParseTemplate Behavior [ RunTime:0.025602s ]
INFO: [ view_parse ] --END-- [ RunTime:0.026355s ]
INFO: [ view_filter ] --START--
INFO: Run ContentReplace Behavior [ RunTime:0.001727s ]
INFO: Run TokenBuild Behavior [ RunTime:0.001834s ]
INFO: Run WriteHtmlCache Behavior [ RunTime:0.001161s ]
INFO: Run ShowRuntime Behavior [ RunTime:0.002249s ]
INFO: [ view_filter ] --END-- [ RunTime:0.008508s ]
INFO: [ view_end ] --START--
INFO: Run ShowPageTrace Behavior [ RunTime:0.002050s ]
INFO: [ view_end ] --END-- [ RunTime:0.002611s ]

[ 2013-06-03T19:53:38+08:00 ] 127.0.0.1 /evbeta/User/Storer/cert
INFO: [ route_check ] --START--
INFO: Run CheckRoute Behavior [ RunTime:0.004678s ]
INFO: [ route_check ] --END-- [ RunTime:0.005293s ]
INFO: [ app_begin ] --START--
INFO: Run ReadHtmlCache Behavior [ RunTime:0.003026s ]
INFO: [ app_begin ] --END-- [ RunTime:0.003615s ]
INFO: [ view_template ] --START--
INFO: Run LocationTemplate Behavior [ RunTime:0.002903s ]
INFO: [ view_template ] --END-- [ RunTime:0.003528s ]
INFO: [ view_parse ] --START--
INFO: Run ParseTemplate Behavior [ RunTime:0.033906s ]
INFO: [ view_parse ] --END-- [ RunTime:0.034504s ]
INFO: [ view_filter ] --START--
INFO: Run ContentReplace Behavior [ RunTime:0.002488s ]
INFO: Run TokenBuild Behavior [ RunTime:0.003331s ]
INFO: Run WriteHtmlCache Behavior [ RunTime:0.002430s ]
INFO: Run ShowRuntime Behavior [ RunTime:0.003898s ]
INFO: [ view_filter ] --END-- [ RunTime:0.013817s ]
INFO: [ view_end ] --START--
INFO: Run ShowPageTrace Behavior [ RunTime:0.003421s ]
INFO: [ view_end ] --END-- [ RunTime:0.004166s ]

[ 2013-06-03T19:53:38+08:00 ] ERR: (ThinkException) 非法操作:img
[ 2013-06-03T19:55:21+08:00 ] 127.0.0.1 /evbeta/User/Member/cert
INFO: [ route_check ] --START--
INFO: Run CheckRoute Behavior [ RunTime:0.002318s ]
INFO: [ route_check ] --END-- [ RunTime:0.002929s ]
INFO: [ app_begin ] --START--
INFO: Run ReadHtmlCache Behavior [ RunTime:0.002081s ]
INFO: [ app_begin ] --END-- [ RunTime:0.002664s ]
INFO: [ view_template ] --START--
INFO: Run LocationTemplate Behavior [ RunTime:0.003864s ]
INFO: [ view_template ] --END-- [ RunTime:0.004550s ]
INFO: [ view_parse ] --START--
INFO: Run ParseTemplate Behavior [ RunTime:0.029387s ]
INFO: [ view_parse ] --END-- [ RunTime:0.029989s ]
INFO: [ view_filter ] --START--
INFO: Run ContentReplace Behavior [ RunTime:0.001607s ]
INFO: Run TokenBuild Behavior [ RunTime:0.002351s ]
INFO: Run WriteHtmlCache Behavior [ RunTime:0.001753s ]
INFO: Run ShowRuntime Behavior [ RunTime:0.004421s ]
INFO: [ view_filter ] --END-- [ RunTime:0.012632s ]
INFO: [ view_end ] --START--
INFO: Run ShowPageTrace Behavior [ RunTime:0.002307s ]
INFO: [ view_end ] --END-- [ RunTime:0.002853s ]

[ 2013-06-03T19:55:49+08:00 ] 127.0.0.1 /evbeta/Home/Index/
INFO: [ route_check ] --START--
INFO: Run CheckRoute Behavior [ RunTime:0.005285s ]
INFO: [ route_check ] --END-- [ RunTime:0.005940s ]
INFO: [ app_begin ] --START--
INFO: Run ReadHtmlCache Behavior [ RunTime:0.002792s ]
INFO: [ app_begin ] --END-- [ RunTime:0.003483s ]
NOTIC: [2048] Declaration of IndexAction::error() should be compatible with Action::error($message, $jumpUrl = '', $ajax = false) C:\Program Files\EasyPHP-12.1\www\evbeta\Lib\Action\Home\IndexAction.class.php 第 3 行.
INFO: [ view_template ] --START--
INFO: Run LocationTemplate Behavior [ RunTime:0.006837s ]
INFO: [ view_template ] --END-- [ RunTime:0.007518s ]
INFO: [ view_parse ] --START--
INFO: Run ParseTemplate Behavior [ RunTime:0.158768s ]
INFO: [ view_parse ] --END-- [ RunTime:0.159371s ]
INFO: [ view_filter ] --START--
INFO: Run ContentReplace Behavior [ RunTime:0.002699s ]
INFO: Run TokenBuild Behavior [ RunTime:0.002807s ]
INFO: Run WriteHtmlCache Behavior [ RunTime:0.002290s ]
INFO: Run ShowRuntime Behavior [ RunTime:0.004054s ]
INFO: [ view_filter ] --END-- [ RunTime:0.013752s ]
INFO: [ view_end ] --START--
INFO: Run ShowPageTrace Behavior [ RunTime:0.003413s ]
INFO: [ view_end ] --END-- [ RunTime:0.004004s ]

[ 2013-06-03T19:55:50+08:00 ] ERR: (ThinkException) 无法加载模块:img
[ 2013-06-03T20:00:28+08:00 ] 127.0.0.1 /evbeta/Home/Index/
INFO: [ route_check ] --START--
INFO: Run CheckRoute Behavior [ RunTime:0.005724s ]
INFO: [ route_check ] --END-- [ RunTime:0.006361s ]
INFO: [ app_begin ] --START--
INFO: Run ReadHtmlCache Behavior [ RunTime:0.003388s ]
INFO: [ app_begin ] --END-- [ RunTime:0.004014s ]
NOTIC: [2048] Declaration of IndexAction::error() should be compatible with Action::error($message, $jumpUrl = '', $ajax = false) C:\Program Files\EasyPHP-12.1\www\evbeta\Lib\Action\Home\IndexAction.class.php 第 3 行.
INFO: [ view_template ] --START--
INFO: Run LocationTemplate Behavior [ RunTime:0.005520s ]
INFO: [ view_template ] --END-- [ RunTime:0.006222s ]
INFO: [ view_parse ] --START--
INFO: Run ParseTemplate Behavior [ RunTime:0.041257s ]
INFO: [ view_parse ] --END-- [ RunTime:0.041984s ]
INFO: [ view_filter ] --START--
INFO: Run ContentReplace Behavior [ RunTime:0.002569s ]
INFO: Run TokenBuild Behavior [ RunTime:0.002733s ]
INFO: Run WriteHtmlCache Behavior [ RunTime:0.002452s ]
INFO: Run ShowRuntime Behavior [ RunTime:0.003852s ]
INFO: [ view_filter ] --END-- [ RunTime:0.013194s ]
INFO: [ view_end ] --START--
INFO: Run ShowPageTrace Behavior [ RunTime:0.002879s ]
INFO: [ view_end ] --END-- [ RunTime:0.003448s ]

[ 2013-06-03T20:00:28+08:00 ] ERR: (ThinkException) 无法加载模块:img
[ 2013-06-03T20:00:56+08:00 ] 127.0.0.1 /evbeta/Home/Index/
INFO: [ route_check ] --START--
INFO: Run CheckRoute Behavior [ RunTime:0.002444s ]
INFO: [ route_check ] --END-- [ RunTime:0.003516s ]
INFO: [ app_begin ] --START--
INFO: Run ReadHtmlCache Behavior [ RunTime:0.002095s ]
INFO: [ app_begin ] --END-- [ RunTime:0.002679s ]
NOTIC: [2048] Declaration of IndexAction::error() should be compatible with Action::error($message, $jumpUrl = '', $ajax = false) C:\Program Files\EasyPHP-12.1\www\evbeta\Lib\Action\Home\IndexAction.class.php 第 3 行.
INFO: [ view_template ] --START--
INFO: Run LocationTemplate Behavior [ RunTime:0.007690s ]
INFO: [ view_template ] --END-- [ RunTime:0.008321s ]
INFO: [ view_parse ] --START--
INFO: Run ParseTemplate Behavior [ RunTime:0.034846s ]
INFO: [ view_parse ] --END-- [ RunTime:0.035458s ]
INFO: [ view_filter ] --START--
INFO: Run ContentReplace Behavior [ RunTime:0.002514s ]
INFO: Run TokenBuild Behavior [ RunTime:0.002639s ]
INFO: Run WriteHtmlCache Behavior [ RunTime:0.002050s ]
INFO: Run ShowRuntime Behavior [ RunTime:0.003211s ]
INFO: [ view_filter ] --END-- [ RunTime:0.011979s ]
INFO: [ view_end ] --START--
INFO: Run ShowPageTrace Behavior [ RunTime:0.003800s ]
INFO: [ view_end ] --END-- [ RunTime:0.004376s ]

[ 2013-06-03T20:00:56+08:00 ] ERR: (ThinkException) 无法加载模块:img
[ 2013-06-03T20:01:13+08:00 ] 127.0.0.1 /evbeta/Home/Index/
INFO: [ route_check ] --START--
INFO: Run CheckRoute Behavior [ RunTime:0.003006s ]
INFO: [ route_check ] --END-- [ RunTime:0.003786s ]
INFO: [ app_begin ] --START--
INFO: Run ReadHtmlCache Behavior [ RunTime:0.002306s ]
INFO: [ app_begin ] --END-- [ RunTime:0.003106s ]
NOTIC: [2048] Declaration of IndexAction::error() should be compatible with Action::error($message, $jumpUrl = '', $ajax = false) C:\Program Files\EasyPHP-12.1\www\evbeta\Lib\Action\Home\IndexAction.class.php 第 3 行.
INFO: [ view_template ] --START--
INFO: Run LocationTemplate Behavior [ RunTime:0.003504s ]
INFO: [ view_template ] --END-- [ RunTime:0.004110s ]
INFO: [ view_parse ] --START--
INFO: Run ParseTemplate Behavior [ RunTime:0.037110s ]
INFO: [ view_parse ] --END-- [ RunTime:0.037744s ]
INFO: [ view_filter ] --START--
INFO: Run ContentReplace Behavior [ RunTime:0.002251s ]
INFO: Run TokenBuild Behavior [ RunTime:0.001901s ]
INFO: Run WriteHtmlCache Behavior [ RunTime:0.001323s ]
INFO: Run ShowRuntime Behavior [ RunTime:0.003764s ]
INFO: [ view_filter ] --END-- [ RunTime:0.011451s ]
INFO: [ view_end ] --START--
INFO: Run ShowPageTrace Behavior [ RunTime:0.002509s ]
INFO: [ view_end ] --END-- [ RunTime:0.003104s ]

[ 2013-06-03T20:01:13+08:00 ] ERR: (ThinkException) 无法加载模块:img
[ 2013-06-03T20:02:51+08:00 ] 127.0.0.1 /evbeta/Home/Index/
INFO: [ route_check ] --START--
INFO: Run CheckRoute Behavior [ RunTime:0.003642s ]
INFO: [ route_check ] --END-- [ RunTime:0.004453s ]
INFO: [ app_begin ] --START--
INFO: Run ReadHtmlCache Behavior [ RunTime:0.002143s ]
INFO: [ app_begin ] --END-- [ RunTime:0.002736s ]
NOTIC: [2048] Declaration of IndexAction::error() should be compatible with Action::error($message, $jumpUrl = '', $ajax = false) C:\Program Files\EasyPHP-12.1\www\evbeta\Lib\Action\Home\IndexAction.class.php 第 3 行.
INFO: [ view_template ] --START--
INFO: Run LocationTemplate Behavior [ RunTime:0.005994s ]
INFO: [ view_template ] --END-- [ RunTime:0.006615s ]
INFO: [ view_parse ] --START--
INFO: Run ParseTemplate Behavior [ RunTime:0.044048s ]
INFO: [ view_parse ] --END-- [ RunTime:0.044728s ]
INFO: [ view_filter ] --START--
INFO: Run ContentReplace Behavior [ RunTime:0.002640s ]
INFO: Run TokenBuild Behavior [ RunTime:0.003088s ]
INFO: Run WriteHtmlCache Behavior [ RunTime:0.002031s ]
INFO: Run ShowRuntime Behavior [ RunTime:0.003719s ]
INFO: [ view_filter ] --END-- [ RunTime:0.013137s ]
INFO: [ view_end ] --START--
INFO: Run ShowPageTrace Behavior [ RunTime:0.003262s ]
INFO: [ view_end ] --END-- [ RunTime:0.003829s ]

[ 2013-06-03T20:02:52+08:00 ] ERR: (ThinkException) 无法加载模块:img
[ 2013-06-03T20:06:23+08:00 ] 127.0.0.1 /evbeta/Home/Index/
INFO: [ route_check ] --START--
INFO: Run CheckRoute Behavior [ RunTime:0.005860s ]
INFO: [ route_check ] --END-- [ RunTime:0.006860s ]
INFO: [ app_begin ] --START--
INFO: Run ReadHtmlCache Behavior [ RunTime:0.004644s ]
INFO: [ app_begin ] --END-- [ RunTime:0.005262s ]
NOTIC: [2048] Declaration of IndexAction::error() should be compatible with Action::error($message, $jumpUrl = '', $ajax = false) C:\Program Files\EasyPHP-12.1\www\evbeta\Lib\Action\Home\IndexAction.class.php 第 3 行.
INFO: [ view_template ] --START--
INFO: Run LocationTemplate Behavior [ RunTime:0.006203s ]
INFO: [ view_template ] --END-- [ RunTime:0.007524s ]
INFO: [ view_parse ] --START--
INFO: Run ParseTemplate Behavior [ RunTime:0.041619s ]
INFO: [ view_parse ] --END-- [ RunTime:0.042309s ]
INFO: [ view_filter ] --START--
INFO: Run ContentReplace Behavior [ RunTime:0.003178s ]
INFO: Run TokenBuild Behavior [ RunTime:0.003114s ]
INFO: Run WriteHtmlCache Behavior [ RunTime:0.002726s ]
INFO: Run ShowRuntime Behavior [ RunTime:0.004538s ]
INFO: [ view_filter ] --END-- [ RunTime:0.015280s ]
INFO: [ view_end ] --START--
INFO: Run ShowPageTrace Behavior [ RunTime:0.003565s ]
INFO: [ view_end ] --END-- [ RunTime:0.004148s ]

[ 2013-06-03T20:06:24+08:00 ] ERR: (ThinkException) 无法加载模块:img
[ 2013-06-03T20:07:14+08:00 ] 127.0.0.1 /evbeta/Home/Index/
INFO: [ route_check ] --START--
INFO: Run CheckRoute Behavior [ RunTime:0.003456s ]
INFO: [ route_check ] --END-- [ RunTime:0.004163s ]
INFO: [ app_begin ] --START--
INFO: Run ReadHtmlCache Behavior [ RunTime:0.002474s ]
INFO: [ app_begin ] --END-- [ RunTime:0.003104s ]
NOTIC: [2048] Declaration of IndexAction::error() should be compatible with Action::error($message, $jumpUrl = '', $ajax = false) C:\Program Files\EasyPHP-12.1\www\evbeta\Lib\Action\Home\IndexAction.class.php 第 3 行.
INFO: [ view_template ] --START--
INFO: Run LocationTemplate Behavior [ RunTime:0.007527s ]
INFO: [ view_template ] --END-- [ RunTime:0.008211s ]
INFO: [ view_parse ] --START--
INFO: Run ParseTemplate Behavior [ RunTime:0.038253s ]
INFO: [ view_parse ] --END-- [ RunTime:0.038860s ]
INFO: [ view_filter ] --START--
INFO: Run ContentReplace Behavior [ RunTime:0.002600s ]
INFO: Run TokenBuild Behavior [ RunTime:0.002829s ]
INFO: Run WriteHtmlCache Behavior [ RunTime:0.001997s ]
INFO: Run ShowRuntime Behavior [ RunTime:0.004581s ]
INFO: [ view_filter ] --END-- [ RunTime:0.013995s ]
INFO: [ view_end ] --START--
INFO: Run ShowPageTrace Behavior [ RunTime:0.006834s ]
INFO: [ view_end ] --END-- [ RunTime:0.007440s ]

[ 2013-06-03T20:07:15+08:00 ] ERR: (ThinkException) 无法加载模块:img
[ 2013-06-03T20:09:45+08:00 ] 127.0.0.1 /evbeta/Home/Index/
INFO: [ route_check ] --START--
INFO: Run CheckRoute Behavior [ RunTime:0.004799s ]
INFO: [ route_check ] --END-- [ RunTime:0.005801s ]
INFO: [ app_begin ] --START--
INFO: Run ReadHtmlCache Behavior [ RunTime:0.003470s ]
INFO: [ app_begin ] --END-- [ RunTime:0.004092s ]
NOTIC: [2048] Declaration of IndexAction::error() should be compatible with Action::error($message, $jumpUrl = '', $ajax = false) C:\Program Files\EasyPHP-12.1\www\evbeta\Lib\Action\Home\IndexAction.class.php 第 3 行.
INFO: [ view_template ] --START--
INFO: Run LocationTemplate Behavior [ RunTime:0.005219s ]
INFO: [ view_template ] --END-- [ RunTime:0.005800s ]
INFO: [ view_parse ] --START--
INFO: Run ParseTemplate Behavior [ RunTime:0.040366s ]
INFO: [ view_parse ] --END-- [ RunTime:0.041328s ]
INFO: [ view_filter ] --START--
INFO: Run ContentReplace Behavior [ RunTime:0.002555s ]
INFO: Run TokenBuild Behavior [ RunTime:0.002582s ]
INFO: Run WriteHtmlCache Behavior [ RunTime:0.002151s ]
INFO: Run ShowRuntime Behavior [ RunTime:0.004251s ]
INFO: [ view_filter ] --END-- [ RunTime:0.013074s ]
INFO: [ view_end ] --START--
INFO: Run ShowPageTrace Behavior [ RunTime:0.002803s ]
INFO: [ view_end ] --END-- [ RunTime:0.003363s ]

[ 2013-06-03T20:09:46+08:00 ] ERR: (ThinkException) 无法加载模块:img
[ 2013-06-03T20:10:34+08:00 ] 127.0.0.1 /evbeta/Home/Index/
INFO: [ route_check ] --START--
INFO: Run CheckRoute Behavior [ RunTime:0.005280s ]
INFO: [ route_check ] --END-- [ RunTime:0.006297s ]
INFO: [ app_begin ] --START--
INFO: Run ReadHtmlCache Behavior [ RunTime:0.003308s ]
INFO: [ app_begin ] --END-- [ RunTime:0.003917s ]
NOTIC: [2048] Declaration of IndexAction::error() should be compatible with Action::error($message, $jumpUrl = '', $ajax = false) C:\Program Files\EasyPHP-12.1\www\evbeta\Lib\Action\Home\IndexAction.class.php 第 3 行.
INFO: [ view_template ] --START--
INFO: Run LocationTemplate Behavior [ RunTime:0.006685s ]
INFO: [ view_template ] --END-- [ RunTime:0.007300s ]
INFO: [ view_parse ] --START--
INFO: Run ParseTemplate Behavior [ RunTime:0.044146s ]
INFO: [ view_parse ] --END-- [ RunTime:0.044763s ]
INFO: [ view_filter ] --START--
INFO: Run ContentReplace Behavior [ RunTime:0.002470s ]
INFO: Run TokenBuild Behavior [ RunTime:0.002533s ]
INFO: Run WriteHtmlCache Behavior [ RunTime:0.001941s ]
INFO: Run ShowRuntime Behavior [ RunTime:0.004172s ]
INFO: [ view_filter ] --END-- [ RunTime:0.012846s ]
INFO: [ view_end ] --START--
INFO: Run ShowPageTrace Behavior [ RunTime:0.005484s ]
INFO: [ view_end ] --END-- [ RunTime:0.006080s ]

[ 2013-06-03T20:10:35+08:00 ] ERR: (ThinkException) 无法加载模块:img
[ 2013-06-03T20:11:25+08:00 ] 127.0.0.1 /evbeta/Home/Index/
INFO: [ route_check ] --START--
INFO: Run CheckRoute Behavior [ RunTime:0.002698s ]
INFO: [ route_check ] --END-- [ RunTime:0.003330s ]
INFO: [ app_begin ] --START--
INFO: Run ReadHtmlCache Behavior [ RunTime:0.002612s ]
INFO: [ app_begin ] --END-- [ RunTime:0.003400s ]
NOTIC: [2048] Declaration of IndexAction::error() should be compatible with Action::error($message, $jumpUrl = '', $ajax = false) C:\Program Files\EasyPHP-12.1\www\evbeta\Lib\Action\Home\IndexAction.class.php 第 3 行.
INFO: [ view_template ] --START--
INFO: Run LocationTemplate Behavior [ RunTime:0.004473s ]
INFO: [ view_template ] --END-- [ RunTime:0.005073s ]
INFO: [ view_parse ] --START--
INFO: Run ParseTemplate Behavior [ RunTime:0.035856s ]
INFO: [ view_parse ] --END-- [ RunTime:0.036458s ]
INFO: [ view_filter ] --START--
INFO: Run ContentReplace Behavior [ RunTime:0.002467s ]
INFO: Run TokenBuild Behavior [ RunTime:0.002770s ]
INFO: Run WriteHtmlCache Behavior [ RunTime:0.001967s ]
INFO: Run ShowRuntime Behavior [ RunTime:0.003396s ]
INFO: [ view_filter ] --END-- [ RunTime:0.013071s ]
INFO: [ view_end ] --START--
INFO: Run ShowPageTrace Behavior [ RunTime:0.004010s ]
INFO: [ view_end ] --END-- [ RunTime:0.004777s ]

[ 2013-06-03T20:11:26+08:00 ] ERR: (ThinkException) 无法加载模块:img
[ 2013-06-03T20:11:40+08:00 ] 127.0.0.1 /evbeta/Home/Index/
INFO: [ route_check ] --START--
INFO: Run CheckRoute Behavior [ RunTime:0.004487s ]
INFO: [ route_check ] --END-- [ RunTime:0.006098s ]
INFO: [ app_begin ] --START--
INFO: Run ReadHtmlCache Behavior [ RunTime:0.002333s ]
INFO: [ app_begin ] --END-- [ RunTime:0.003109s ]
NOTIC: [2048] Declaration of IndexAction::error() should be compatible with Action::error($message, $jumpUrl = '', $ajax = false) C:\Program Files\EasyPHP-12.1\www\evbeta\Lib\Action\Home\IndexAction.class.php 第 3 行.
INFO: [ view_template ] --START--
INFO: Run LocationTemplate Behavior [ RunTime:0.001666s ]
INFO: [ view_template ] --END-- [ RunTime:0.002277s ]
INFO: [ view_parse ] --START--
INFO: Run ParseTemplate Behavior [ RunTime:0.032039s ]
INFO: [ view_parse ] --END-- [ RunTime:0.032636s ]
INFO: [ view_filter ] --START--
INFO: Run ContentReplace Behavior [ RunTime:0.001722s ]
INFO: Run TokenBuild Behavior [ RunTime:0.001817s ]
INFO: Run WriteHtmlCache Behavior [ RunTime:0.001162s ]
INFO: Run ShowRuntime Behavior [ RunTime:0.002827s ]
INFO: [ view_filter ] --END-- [ RunTime:0.009448s ]
INFO: [ view_end ] --START--
INFO: Run ShowPageTrace Behavior [ RunTime:0.002118s ]
INFO: [ view_end ] --END-- [ RunTime:0.002695s ]

[ 2013-06-03T20:11:41+08:00 ] ERR: (ThinkException) 无法加载模块:img
[ 2013-06-03T20:12:38+08:00 ] 127.0.0.1 /evbeta/Home/Index/
INFO: [ route_check ] --START--
INFO: Run CheckRoute Behavior [ RunTime:0.007622s ]
INFO: [ route_check ] --END-- [ RunTime:0.008250s ]
INFO: [ app_begin ] --START--
INFO: Run ReadHtmlCache Behavior [ RunTime:0.002782s ]
INFO: [ app_begin ] --END-- [ RunTime:0.003362s ]
NOTIC: [2048] Declaration of IndexAction::error() should be compatible with Action::error($message, $jumpUrl = '', $ajax = false) C:\Program Files\EasyPHP-12.1\www\evbeta\Lib\Action\Home\IndexAction.class.php 第 3 行.
INFO: [ view_template ] --START--
INFO: Run LocationTemplate Behavior [ RunTime:0.007303s ]
INFO: [ view_template ] --END-- [ RunTime:0.007940s ]
INFO: [ view_parse ] --START--
INFO: Run ParseTemplate Behavior [ RunTime:0.044110s ]
INFO: [ view_parse ] --END-- [ RunTime:0.044734s ]
INFO: [ view_filter ] --START--
INFO: Run ContentReplace Behavior [ RunTime:0.002489s ]
INFO: Run TokenBuild Behavior [ RunTime:0.002564s ]
INFO: Run WriteHtmlCache Behavior [ RunTime:0.001928s ]
INFO: Run ShowRuntime Behavior [ RunTime:0.004268s ]
INFO: [ view_filter ] --END-- [ RunTime:0.012837s ]
INFO: [ view_end ] --START--
INFO: Run ShowPageTrace Behavior [ RunTime:0.003766s ]
INFO: [ view_end ] --END-- [ RunTime:0.004341s ]

[ 2013-06-03T20:12:38+08:00 ] ERR: (ThinkException) 无法加载模块:img
[ 2013-06-03T20:13:09+08:00 ] 127.0.0.1 /evbeta/Home/Index/
INFO: [ route_check ] --START--
INFO: Run CheckRoute Behavior [ RunTime:0.003029s ]
INFO: [ route_check ] --END-- [ RunTime:0.003882s ]
INFO: [ app_begin ] --START--
INFO: Run ReadHtmlCache Behavior [ RunTime:0.003274s ]
INFO: [ app_begin ] --END-- [ RunTime:0.003897s ]
NOTIC: [2048] Declaration of IndexAction::error() should be compatible with Action::error($message, $jumpUrl = '', $ajax = false) C:\Program Files\EasyPHP-12.1\www\evbeta\Lib\Action\Home\IndexAction.class.php 第 3 行.
INFO: [ view_template ] --START--
INFO: Run LocationTemplate Behavior [ RunTime:0.008209s ]
INFO: [ view_template ] --END-- [ RunTime:0.008864s ]
INFO: [ view_parse ] --START--
INFO: Run ParseTemplate Behavior [ RunTime:0.045584s ]
INFO: [ view_parse ] --END-- [ RunTime:0.046227s ]
INFO: [ view_filter ] --START--
INFO: Run ContentReplace Behavior [ RunTime:0.002488s ]
INFO: Run TokenBuild Behavior [ RunTime:0.003136s ]
INFO: Run WriteHtmlCache Behavior [ RunTime:0.002598s ]
INFO: Run ShowRuntime Behavior [ RunTime:0.005124s ]
INFO: [ view_filter ] --END-- [ RunTime:0.015867s ]
INFO: [ view_end ] --START--
INFO: Run ShowPageTrace Behavior [ RunTime:0.003667s ]
INFO: [ view_end ] --END-- [ RunTime:0.004273s ]

[ 2013-06-03T20:13:09+08:00 ] ERR: (ThinkException) 无法加载模块:img
[ 2013-06-03T20:14:07+08:00 ] 127.0.0.1 /evbeta/Home/Index/
INFO: [ route_check ] --START--
INFO: Run CheckRoute Behavior [ RunTime:0.002331s ]
INFO: [ route_check ] --END-- [ RunTime:0.002967s ]
INFO: [ app_begin ] --START--
INFO: Run ReadHtmlCache Behavior [ RunTime:0.002223s ]
INFO: [ app_begin ] --END-- [ RunTime:0.003273s ]
NOTIC: [2048] Declaration of IndexAction::error() should be compatible with Action::error($message, $jumpUrl = '', $ajax = false) C:\Program Files\EasyPHP-12.1\www\evbeta\Lib\Action\Home\IndexAction.class.php 第 3 行.
INFO: [ view_template ] --START--
INFO: Run LocationTemplate Behavior [ RunTime:0.005156s ]
INFO: [ view_template ] --END-- [ RunTime:0.005777s ]
INFO: [ view_parse ] --START--
INFO: Run ParseTemplate Behavior [ RunTime:0.040548s ]
INFO: [ view_parse ] --END-- [ RunTime:0.041155s ]
INFO: [ view_filter ] --START--
INFO: Run ContentReplace Behavior [ RunTime:0.004929s ]
INFO: Run TokenBuild Behavior [ RunTime:0.003175s ]
INFO: Run WriteHtmlCache Behavior [ RunTime:0.002075s ]
INFO: Run ShowRuntime Behavior [ RunTime:0.004070s ]
INFO: [ view_filter ] --END-- [ RunTime:0.015831s ]
INFO: [ view_end ] --START--
INFO: Run ShowPageTrace Behavior [ RunTime:0.003873s ]
INFO: [ view_end ] --END-- [ RunTime:0.004697s ]

[ 2013-06-03T20:14:07+08:00 ] ERR: (ThinkException) 无法加载模块:img
[ 2013-06-03T20:15:23+08:00 ] 127.0.0.1 /evbeta/Home/Index/
INFO: [ route_check ] --START--
INFO: Run CheckRoute Behavior [ RunTime:0.004228s ]
INFO: [ route_check ] --END-- [ RunTime:0.004876s ]
INFO: [ app_begin ] --START--
INFO: Run ReadHtmlCache Behavior [ RunTime:0.003415s ]
INFO: [ app_begin ] --END-- [ RunTime:0.004017s ]
NOTIC: [2048] Declaration of IndexAction::error() should be compatible with Action::error($message, $jumpUrl = '', $ajax = false) C:\Program Files\EasyPHP-12.1\www\evbeta\Lib\Action\Home\IndexAction.class.php 第 3 行.
INFO: [ view_template ] --START--
INFO: Run LocationTemplate Behavior [ RunTime:0.002936s ]
INFO: [ view_template ] --END-- [ RunTime:0.003532s ]
INFO: [ view_parse ] --START--
INFO: Run ParseTemplate Behavior [ RunTime:0.036566s ]
INFO: [ view_parse ] --END-- [ RunTime:0.037212s ]
INFO: [ view_filter ] --START--
INFO: Run ContentReplace Behavior [ RunTime:0.001728s ]
INFO: Run TokenBuild Behavior [ RunTime:0.002108s ]
INFO: Run WriteHtmlCache Behavior [ RunTime:0.001175s ]
INFO: Run ShowRuntime Behavior [ RunTime:0.003926s ]
INFO: [ view_filter ] --END-- [ RunTime:0.010514s ]
INFO: [ view_end ] --START--
INFO: Run ShowPageTrace Behavior [ RunTime:0.002740s ]
INFO: [ view_end ] --END-- [ RunTime:0.003367s ]

[ 2013-06-03T20:15:23+08:00 ] ERR: (ThinkException) 无法加载模块:img
[ 2013-06-03T20:16:43+08:00 ] 127.0.0.1 /evbeta/Home/Index/
INFO: [ route_check ] --START--
INFO: Run CheckRoute Behavior [ RunTime:0.002732s ]
INFO: [ route_check ] --END-- [ RunTime:0.003349s ]
INFO: [ app_begin ] --START--
INFO: Run ReadHtmlCache Behavior [ RunTime:0.002575s ]
INFO: [ app_begin ] --END-- [ RunTime:0.003253s ]
NOTIC: [2048] Declaration of IndexAction::error() should be compatible with Action::error($message, $jumpUrl = '', $ajax = false) C:\Program Files\EasyPHP-12.1\www\evbeta\Lib\Action\Home\IndexAction.class.php 第 3 行.
INFO: [ view_template ] --START--
INFO: Run LocationTemplate Behavior [ RunTime:0.007404s ]
INFO: [ view_template ] --END-- [ RunTime:0.008083s ]
INFO: [ view_parse ] --START--
INFO: Run ParseTemplate Behavior [ RunTime:0.046043s ]
INFO: [ view_parse ] --END-- [ RunTime:0.046666s ]
INFO: [ view_filter ] --START--
INFO: Run ContentReplace Behavior [ RunTime:0.002318s ]
INFO: Run TokenBuild Behavior [ RunTime:0.002480s ]
INFO: Run WriteHtmlCache Behavior [ RunTime:0.001274s ]
INFO: Run ShowRuntime Behavior [ RunTime:0.004427s ]
INFO: [ view_filter ] --END-- [ RunTime:0.012239s ]
INFO: [ view_end ] --START--
INFO: Run ShowPageTrace Behavior [ RunTime:0.002613s ]
INFO: [ view_end ] --END-- [ RunTime:0.003184s ]

[ 2013-06-03T20:16:44+08:00 ] ERR: (ThinkException) 无法加载模块:img
[ 2013-06-03T20:17:06+08:00 ] 127.0.0.1 /evbeta/Home/Index/
INFO: [ route_check ] --START--
INFO: Run CheckRoute Behavior [ RunTime:0.004656s ]
INFO: [ route_check ] --END-- [ RunTime:0.005624s ]
INFO: [ app_begin ] --START--
INFO: Run ReadHtmlCache Behavior [ RunTime:0.003055s ]
INFO: [ app_begin ] --END-- [ RunTime:0.003667s ]
NOTIC: [2048] Declaration of IndexAction::error() should be compatible with Action::error($message, $jumpUrl = '', $ajax = false) C:\Program Files\EasyPHP-12.1\www\evbeta\Lib\Action\Home\IndexAction.class.php 第 3 行.
INFO: [ view_template ] --START--
INFO: Run LocationTemplate Behavior [ RunTime:0.005904s ]
INFO: [ view_template ] --END-- [ RunTime:0.007446s ]
INFO: [ view_parse ] --START--
INFO: Run ParseTemplate Behavior [ RunTime:0.039617s ]
INFO: [ view_parse ] --END-- [ RunTime:0.041394s ]
INFO: [ view_filter ] --START--
INFO: Run ContentReplace Behavior [ RunTime:0.003042s ]
INFO: Run TokenBuild Behavior [ RunTime:0.002668s ]
INFO: Run WriteHtmlCache Behavior [ RunTime:0.002789s ]
INFO: Run ShowRuntime Behavior [ RunTime:0.003450s ]
INFO: [ view_filter ] --END-- [ RunTime:0.013567s ]
INFO: [ view_end ] --START--
INFO: Run ShowPageTrace Behavior [ RunTime:0.003030s ]
INFO: [ view_end ] --END-- [ RunTime:0.003605s ]

[ 2013-06-03T20:17:07+08:00 ] ERR: (ThinkException) 无法加载模块:img
[ 2013-06-03T20:18:39+08:00 ] 127.0.0.1 /evbeta/Home/Index/
INFO: [ route_check ] --START--
INFO: Run CheckRoute Behavior [ RunTime:0.004795s ]
INFO: [ route_check ] --END-- [ RunTime:0.005440s ]
INFO: [ app_begin ] --START--
INFO: Run ReadHtmlCache Behavior [ RunTime:0.002854s ]
INFO: [ app_begin ] --END-- [ RunTime:0.003456s ]
NOTIC: [2048] Declaration of IndexAction::error() should be compatible with Action::error($message, $jumpUrl = '', $ajax = false) C:\Program Files\EasyPHP-12.1\www\evbeta\Lib\Action\Home\IndexAction.class.php 第 3 行.
INFO: [ view_template ] --START--
INFO: Run LocationTemplate Behavior [ RunTime:0.007325s ]
INFO: [ view_template ] --END-- [ RunTime:0.008509s ]
INFO: [ view_parse ] --START--
INFO: Run ParseTemplate Behavior [ RunTime:0.040096s ]
INFO: [ view_parse ] --END-- [ RunTime:0.040706s ]
INFO: [ view_filter ] --START--
INFO: Run ContentReplace Behavior [ RunTime:0.002512s ]
INFO: Run TokenBuild Behavior [ RunTime:0.002528s ]
INFO: Run WriteHtmlCache Behavior [ RunTime:0.002526s ]
INFO: Run ShowRuntime Behavior [ RunTime:0.003706s ]
INFO: [ view_filter ] --END-- [ RunTime:0.012799s ]
INFO: [ view_end ] --START--
INFO: Run ShowPageTrace Behavior [ RunTime:0.002797s ]
INFO: [ view_end ] --END-- [ RunTime:0.003355s ]

[ 2013-06-03T20:18:40+08:00 ] ERR: (ThinkException) 无法加载模块:img
[ 2013-06-03T20:19:02+08:00 ] 127.0.0.1 /evbeta/Home/Index/
INFO: [ route_check ] --START--
INFO: Run CheckRoute Behavior [ RunTime:0.002434s ]
INFO: [ route_check ] --END-- [ RunTime:0.003076s ]
INFO: [ app_begin ] --START--
INFO: Run ReadHtmlCache Behavior [ RunTime:0.002232s ]
INFO: [ app_begin ] --END-- [ RunTime:0.002841s ]
NOTIC: [2048] Declaration of IndexAction::error() should be compatible with Action::error($message, $jumpUrl = '', $ajax = false) C:\Program Files\EasyPHP-12.1\www\evbeta\Lib\Action\Home\IndexAction.class.php 第 3 行.
INFO: [ view_template ] --START--
INFO: Run LocationTemplate Behavior [ RunTime:0.007582s ]
INFO: [ view_template ] --END-- [ RunTime:0.008184s ]
INFO: [ view_parse ] --START--
INFO: Run ParseTemplate Behavior [ RunTime:0.048109s ]
INFO: [ view_parse ] --END-- [ RunTime:0.048718s ]
INFO: [ view_filter ] --START--
INFO: Run ContentReplace Behavior [ RunTime:0.003386s ]
INFO: Run TokenBuild Behavior [ RunTime:0.002746s ]
INFO: Run WriteHtmlCache Behavior [ RunTime:0.003031s ]
INFO: Run ShowRuntime Behavior [ RunTime:0.004152s ]
INFO: [ view_filter ] --END-- [ RunTime:0.015162s ]
INFO: [ view_end ] --START--
INFO: Run ShowPageTrace Behavior [ RunTime:0.003576s ]
INFO: [ view_end ] --END-- [ RunTime:0.004777s ]

[ 2013-06-03T20:19:02+08:00 ] ERR: (ThinkException) 无法加载模块:img
[ 2013-06-03T20:20:08+08:00 ] 127.0.0.1 /evbeta/Home/Index/
INFO: [ route_check ] --START--
INFO: Run CheckRoute Behavior [ RunTime:0.004823s ]
INFO: [ route_check ] --END-- [ RunTime:0.005455s ]
INFO: [ app_begin ] --START--
INFO: Run ReadHtmlCache Behavior [ RunTime:0.002813s ]
INFO: [ app_begin ] --END-- [ RunTime:0.003400s ]
NOTIC: [2048] Declaration of IndexAction::error() should be compatible with Action::error($message, $jumpUrl = '', $ajax = false) C:\Program Files\EasyPHP-12.1\www\evbeta\Lib\Action\Home\IndexAction.class.php 第 3 行.
INFO: [ view_template ] --START--
INFO: Run LocationTemplate Behavior [ RunTime:0.007925s ]
INFO: [ view_template ] --END-- [ RunTime:0.008620s ]
INFO: [ view_parse ] --START--
INFO: Run ParseTemplate Behavior [ RunTime:0.040844s ]
INFO: [ view_parse ] --END-- [ RunTime:0.041472s ]
INFO: [ view_filter ] --START--
INFO: Run ContentReplace Behavior [ RunTime:0.002453s ]
INFO: Run TokenBuild Behavior [ RunTime:0.004103s ]
INFO: Run WriteHtmlCache Behavior [ RunTime:0.002352s ]
INFO: Run ShowRuntime Behavior [ RunTime:0.003812s ]
INFO: [ view_filter ] --END-- [ RunTime:0.014413s ]
INFO: [ view_end ] --START--
INFO: Run ShowPageTrace Behavior [ RunTime:0.003031s ]
INFO: [ view_end ] --END-- [ RunTime:0.003595s ]

[ 2013-06-03T20:20:09+08:00 ] ERR: (ThinkException) 无法加载模块:img
[ 2013-06-03T20:20:59+08:00 ] 127.0.0.1 /evbeta/User/Storer/
INFO: [ route_check ] --START--
INFO: Run CheckRoute Behavior [ RunTime:0.002361s ]
INFO: [ route_check ] --END-- [ RunTime:0.003061s ]
INFO: [ app_begin ] --START--
INFO: Run ReadHtmlCache Behavior [ RunTime:0.002073s ]
INFO: [ app_begin ] --END-- [ RunTime:0.002658s ]
SQL: SHOW COLUMNS FROM `business` [ RunTime:0.023391s ]
SQL: SELECT * FROM `business` WHERE ( `userid` = null )  [ RunTime:0.023116s ]
INFO: [ view_template ] --START--
INFO: Run LocationTemplate Behavior [ RunTime:0.007451s ]
INFO: [ view_template ] --END-- [ RunTime:0.008081s ]
INFO: [ view_parse ] --START--
INFO: Run ParseTemplate Behavior [ RunTime:0.034796s ]
INFO: [ view_parse ] --END-- [ RunTime:0.035480s ]
INFO: [ view_filter ] --START--
INFO: Run ContentReplace Behavior [ RunTime:0.001710s ]
INFO: Run TokenBuild Behavior [ RunTime:0.002413s ]
INFO: Run WriteHtmlCache Behavior [ RunTime:0.001295s ]
INFO: Run ShowRuntime Behavior [ RunTime:0.003480s ]
INFO: [ view_filter ] --END-- [ RunTime:0.010454s ]
INFO: [ view_end ] --START--
INFO: Run ShowPageTrace Behavior [ RunTime:0.002393s ]
INFO: [ view_end ] --END-- [ RunTime:0.002963s ]

[ 2013-06-03T20:21:00+08:00 ] ERR: (ThinkException) 非法操作:img
[ 2013-06-03T20:21:00+08:00 ] ERR: (ThinkException) 非法操作:img
[ 2013-06-03T20:21:05+08:00 ] 127.0.0.1 /evbeta/User/Storer/cert
INFO: [ route_check ] --START--
INFO: Run CheckRoute Behavior [ RunTime:0.002493s ]
INFO: [ route_check ] --END-- [ RunTime:0.003181s ]
INFO: [ app_begin ] --START--
INFO: Run ReadHtmlCache Behavior [ RunTime:0.002709s ]
INFO: [ app_begin ] --END-- [ RunTime:0.003321s ]
INFO: [ view_template ] --START--
INFO: Run LocationTemplate Behavior [ RunTime:0.004952s ]
INFO: [ view_template ] --END-- [ RunTime:0.005872s ]
INFO: [ view_parse ] --START--
INFO: Run ParseTemplate Behavior [ RunTime:0.035043s ]
INFO: [ view_parse ] --END-- [ RunTime:0.035641s ]
INFO: [ view_filter ] --START--
INFO: Run ContentReplace Behavior [ RunTime:0.002368s ]
INFO: Run TokenBuild Behavior [ RunTime:0.002696s ]
INFO: Run WriteHtmlCache Behavior [ RunTime:0.001990s ]
INFO: Run ShowRuntime Behavior [ RunTime:0.003808s ]
INFO: [ view_filter ] --END-- [ RunTime:0.012779s ]
INFO: [ view_end ] --START--
INFO: Run ShowPageTrace Behavior [ RunTime:0.003060s ]
INFO: [ view_end ] --END-- [ RunTime:0.003915s ]

[ 2013-06-03T20:21:06+08:00 ] ERR: (ThinkException) 非法操作:img
[ 2013-06-03T20:22:07+08:00 ] 127.0.0.1 /evbeta/User/Storer/cert
INFO: [ route_check ] --START--
INFO: Run CheckRoute Behavior [ RunTime:0.002398s ]
INFO: [ route_check ] --END-- [ RunTime:0.003020s ]
INFO: [ app_begin ] --START--
INFO: Run ReadHtmlCache Behavior [ RunTime:0.002464s ]
INFO: [ app_begin ] --END-- [ RunTime:0.003064s ]
INFO: [ view_template ] --START--
INFO: Run LocationTemplate Behavior [ RunTime:0.004529s ]
INFO: [ view_template ] --END-- [ RunTime:0.005157s ]
INFO: [ view_parse ] --START--
INFO: Run ParseTemplate Behavior [ RunTime:0.029815s ]
INFO: [ view_parse ] --END-- [ RunTime:0.030426s ]
INFO: [ view_filter ] --START--
INFO: Run ContentReplace Behavior [ RunTime:0.002281s ]
INFO: Run TokenBuild Behavior [ RunTime:0.002755s ]
INFO: Run WriteHtmlCache Behavior [ RunTime:0.001256s ]
INFO: Run ShowRuntime Behavior [ RunTime:0.003730s ]
INFO: [ view_filter ] --END-- [ RunTime:0.012462s ]
INFO: [ view_end ] --START--
INFO: Run ShowPageTrace Behavior [ RunTime:0.002109s ]
INFO: [ view_end ] --END-- [ RunTime:0.002675s ]

[ 2013-06-03T20:22:07+08:00 ] ERR: (ThinkException) 非法操作:img
[ 2013-06-03T20:22:08+08:00 ] 127.0.0.1 /evbeta/Home/Index/
INFO: [ route_check ] --START--
INFO: Run CheckRoute Behavior [ RunTime:0.002905s ]
INFO: [ route_check ] --END-- [ RunTime:0.003540s ]
INFO: [ app_begin ] --START--
INFO: Run ReadHtmlCache Behavior [ RunTime:0.002299s ]
INFO: [ app_begin ] --END-- [ RunTime:0.002902s ]
NOTIC: [2048] Declaration of IndexAction::error() should be compatible with Action::error($message, $jumpUrl = '', $ajax = false) C:\Program Files\EasyPHP-12.1\www\evbeta\Lib\Action\Home\IndexAction.class.php 第 3 行.
INFO: [ view_template ] --START--
INFO: Run LocationTemplate Behavior [ RunTime:0.009730s ]
INFO: [ view_template ] --END-- [ RunTime:0.010398s ]
INFO: [ view_parse ] --START--
INFO: Run ParseTemplate Behavior [ RunTime:0.039547s ]
INFO: [ view_parse ] --END-- [ RunTime:0.040170s ]
INFO: [ view_filter ] --START--
INFO: Run ContentReplace Behavior [ RunTime:0.002543s ]
INFO: Run TokenBuild Behavior [ RunTime:0.002547s ]
INFO: Run WriteHtmlCache Behavior [ RunTime:0.001924s ]
INFO: Run ShowRuntime Behavior [ RunTime:0.004288s ]
INFO: [ view_filter ] --END-- [ RunTime:0.012844s ]
INFO: [ view_end ] --START--
INFO: Run ShowPageTrace Behavior [ RunTime:0.004091s ]
INFO: [ view_end ] --END-- [ RunTime:0.004686s ]

[ 2013-06-03T20:22:09+08:00 ] ERR: (ThinkException) 无法加载模块:img
[ 2013-06-03T20:22:51+08:00 ] 127.0.0.1 /evbeta/Home/Index/
INFO: [ route_check ] --START--
INFO: Run CheckRoute Behavior [ RunTime:0.006994s ]
INFO: [ route_check ] --END-- [ RunTime:0.007648s ]
INFO: [ app_begin ] --START--
INFO: Run ReadHtmlCache Behavior [ RunTime:0.006021s ]
INFO: [ app_begin ] --END-- [ RunTime:0.006643s ]
NOTIC: [2048] Declaration of IndexAction::error() should be compatible with Action::error($message, $jumpUrl = '', $ajax = false) C:\Program Files\EasyPHP-12.1\www\evbeta\Lib\Action\Home\IndexAction.class.php 第 3 行.
INFO: [ view_template ] --START--
INFO: Run LocationTemplate Behavior [ RunTime:0.009192s ]
INFO: [ view_template ] --END-- [ RunTime:0.009812s ]
INFO: [ view_parse ] --START--
INFO: Run ParseTemplate Behavior [ RunTime:0.049324s ]
INFO: [ view_parse ] --END-- [ RunTime:0.049959s ]
INFO: [ view_filter ] --START--
INFO: Run ContentReplace Behavior [ RunTime:0.003301s ]
INFO: Run TokenBuild Behavior [ RunTime:0.003033s ]
INFO: Run WriteHtmlCache Behavior [ RunTime:0.003351s ]
INFO: Run ShowRuntime Behavior [ RunTime:0.007658s ]
INFO: [ view_filter ] --END-- [ RunTime:0.018951s ]
INFO: [ view_end ] --START--
INFO: Run ShowPageTrace Behavior [ RunTime:0.003180s ]
INFO: [ view_end ] --END-- [ RunTime:0.003788s ]

[ 2013-06-03T20:22:52+08:00 ] ERR: (ThinkException) 无法加载模块:img
[ 2013-06-03T20:23:24+08:00 ] 127.0.0.1 /evbeta/Home/Index/
INFO: [ route_check ] --START--
INFO: Run CheckRoute Behavior [ RunTime:0.002632s ]
INFO: [ route_check ] --END-- [ RunTime:0.003920s ]
INFO: [ app_begin ] --START--
INFO: Run ReadHtmlCache Behavior [ RunTime:0.002931s ]
INFO: [ app_begin ] --END-- [ RunTime:0.003573s ]
NOTIC: [2048] Declaration of IndexAction::error() should be compatible with Action::error($message, $jumpUrl = '', $ajax = false) C:\Program Files\EasyPHP-12.1\www\evbeta\Lib\Action\Home\IndexAction.class.php 第 3 行.
INFO: [ view_template ] --START--
INFO: Run LocationTemplate Behavior [ RunTime:0.008078s ]
INFO: [ view_template ] --END-- [ RunTime:0.008707s ]
INFO: [ view_parse ] --START--
INFO: Run ParseTemplate Behavior [ RunTime:0.107830s ]
INFO: [ view_parse ] --END-- [ RunTime:0.108455s ]
INFO: [ view_filter ] --START--
INFO: Run ContentReplace Behavior [ RunTime:0.003119s ]
INFO: Run TokenBuild Behavior [ RunTime:0.002561s ]
INFO: Run WriteHtmlCache Behavior [ RunTime:0.001881s ]
INFO: Run ShowRuntime Behavior [ RunTime:0.004080s ]
INFO: [ view_filter ] --END-- [ RunTime:0.013216s ]
INFO: [ view_end ] --START--
INFO: Run ShowPageTrace Behavior [ RunTime:0.003713s ]
INFO: [ view_end ] --END-- [ RunTime:0.004310s ]

[ 2013-06-03T20:23:24+08:00 ] ERR: (ThinkException) 无法加载模块:img
[ 2013-06-03T20:23:48+08:00 ] 127.0.0.1 /evbeta/Home/Index/
INFO: [ route_check ] --START--
INFO: Run CheckRoute Behavior [ RunTime:0.002326s ]
INFO: [ route_check ] --END-- [ RunTime:0.002945s ]
INFO: [ app_begin ] --START--
INFO: Run ReadHtmlCache Behavior [ RunTime:0.002237s ]
INFO: [ app_begin ] --END-- [ RunTime:0.002851s ]
NOTIC: [2048] Declaration of IndexAction::error() should be compatible with Action::error($message, $jumpUrl = '', $ajax = false) C:\Program Files\EasyPHP-12.1\www\evbeta\Lib\Action\Home\IndexAction.class.php 第 3 行.
INFO: [ view_template ] --START--
INFO: Run LocationTemplate Behavior [ RunTime:0.004598s ]
INFO: [ view_template ] --END-- [ RunTime:0.005185s ]
INFO: [ view_parse ] --START--
INFO: Run ParseTemplate Behavior [ RunTime:0.038691s ]
INFO: [ view_parse ] --END-- [ RunTime:0.039307s ]
INFO: [ view_filter ] --START--
INFO: Run ContentReplace Behavior [ RunTime:0.003197s ]
INFO: Run TokenBuild Behavior [ RunTime:0.003792s ]
INFO: Run WriteHtmlCache Behavior [ RunTime:0.002026s ]
INFO: Run ShowRuntime Behavior [ RunTime:0.003050s ]
INFO: [ view_filter ] --END-- [ RunTime:0.013762s ]
INFO: [ view_end ] --START--
INFO: Run ShowPageTrace Behavior [ RunTime:0.003058s ]
INFO: [ view_end ] --END-- [ RunTime:0.003633s ]

[ 2013-06-03T20:23:48+08:00 ] ERR: (ThinkException) 无法加载模块:img
[ 2013-06-03T20:24:40+08:00 ] 127.0.0.1 /evbeta/Home/Index/
INFO: [ route_check ] --START--
INFO: Run CheckRoute Behavior [ RunTime:0.002337s ]
INFO: [ route_check ] --END-- [ RunTime:0.002970s ]
INFO: [ app_begin ] --START--
INFO: Run ReadHtmlCache Behavior [ RunTime:0.002295s ]
INFO: [ app_begin ] --END-- [ RunTime:0.002906s ]
NOTIC: [2048] Declaration of IndexAction::error() should be compatible with Action::error($message, $jumpUrl = '', $ajax = false) C:\Program Files\EasyPHP-12.1\www\evbeta\Lib\Action\Home\IndexAction.class.php 第 3 行.
INFO: [ view_template ] --START--
INFO: Run LocationTemplate Behavior [ RunTime:0.001726s ]
INFO: [ view_template ] --END-- [ RunTime:0.002311s ]
INFO: [ view_parse ] --START--
INFO: Run ParseTemplate Behavior [ RunTime:0.029868s ]
INFO: [ view_parse ] --END-- [ RunTime:0.030562s ]
INFO: [ view_filter ] --START--
INFO: Run ContentReplace Behavior [ RunTime:0.001934s ]
INFO: Run TokenBuild Behavior [ RunTime:0.002134s ]
INFO: Run WriteHtmlCache Behavior [ RunTime:0.001495s ]
INFO: Run ShowRuntime Behavior [ RunTime:0.002535s ]
INFO: [ view_filter ] --END-- [ RunTime:0.009687s ]
INFO: [ view_end ] --START--
INFO: Run ShowPageTrace Behavior [ RunTime:0.002381s ]
INFO: [ view_end ] --END-- [ RunTime:0.003374s ]

[ 2013-06-03T20:24:40+08:00 ] ERR: (ThinkException) 无法加载模块:img
[ 2013-06-03T20:25:17+08:00 ] 127.0.0.1 /evbeta/Home/Index/
INFO: [ route_check ] --START--
INFO: Run CheckRoute Behavior [ RunTime:0.003454s ]
INFO: [ route_check ] --END-- [ RunTime:0.004239s ]
INFO: [ app_begin ] --START--
INFO: Run ReadHtmlCache Behavior [ RunTime:0.002865s ]
INFO: [ app_begin ] --END-- [ RunTime:0.003487s ]
NOTIC: [2048] Declaration of IndexAction::error() should be compatible with Action::error($message, $jumpUrl = '', $ajax = false) C:\Program Files\EasyPHP-12.1\www\evbeta\Lib\Action\Home\IndexAction.class.php 第 3 行.
INFO: [ view_template ] --START--
INFO: Run LocationTemplate Behavior [ RunTime:0.009602s ]
INFO: [ view_template ] --END-- [ RunTime:0.010213s ]
INFO: [ view_parse ] --START--
INFO: Run ParseTemplate Behavior [ RunTime:0.044146s ]
INFO: [ view_parse ] --END-- [ RunTime:0.044789s ]
INFO: [ view_filter ] --START--
INFO: Run ContentReplace Behavior [ RunTime:0.004101s ]
INFO: Run TokenBuild Behavior [ RunTime:0.003455s ]
INFO: Run WriteHtmlCache Behavior [ RunTime:0.002851s ]
INFO: Run ShowRuntime Behavior [ RunTime:0.005245s ]
INFO: [ view_filter ] --END-- [ RunTime:0.017661s ]
INFO: [ view_end ] --START--
INFO: Run ShowPageTrace Behavior [ RunTime:0.004141s ]
INFO: [ view_end ] --END-- [ RunTime:0.004795s ]

[ 2013-06-03T20:25:18+08:00 ] ERR: (ThinkException) 无法加载模块:img
[ 2013-06-03T20:25:31+08:00 ] 127.0.0.1 /evbeta/Home/Index/
INFO: [ route_check ] --START--
INFO: Run CheckRoute Behavior [ RunTime:0.004298s ]
INFO: [ route_check ] --END-- [ RunTime:0.006941s ]
INFO: [ app_begin ] --START--
INFO: Run ReadHtmlCache Behavior [ RunTime:0.002440s ]
INFO: [ app_begin ] --END-- [ RunTime:0.003072s ]
NOTIC: [2048] Declaration of IndexAction::error() should be compatible with Action::error($message, $jumpUrl = '', $ajax = false) C:\Program Files\EasyPHP-12.1\www\evbeta\Lib\Action\Home\IndexAction.class.php 第 3 行.
INFO: [ view_template ] --START--
INFO: Run LocationTemplate Behavior [ RunTime:0.008180s ]
INFO: [ view_template ] --END-- [ RunTime:0.008798s ]
INFO: [ view_parse ] --START--
INFO: Run ParseTemplate Behavior [ RunTime:0.044759s ]
INFO: [ view_parse ] --END-- [ RunTime:0.045416s ]
INFO: [ view_filter ] --START--
INFO: Run ContentReplace Behavior [ RunTime:0.002805s ]
INFO: Run TokenBuild Behavior [ RunTime:0.003227s ]
INFO: Run WriteHtmlCache Behavior [ RunTime:0.002143s ]
INFO: Run ShowRuntime Behavior [ RunTime:0.007235s ]
INFO: [ view_filter ] --END-- [ RunTime:0.017694s ]
INFO: [ view_end ] --START--
INFO: Run ShowPageTrace Behavior [ RunTime:0.003633s ]
INFO: [ view_end ] --END-- [ RunTime:0.004208s ]

[ 2013-06-03T20:25:32+08:00 ] ERR: (ThinkException) 无法加载模块:img
[ 2013-06-03T20:27:50+08:00 ] 127.0.0.1 /evbeta/Home/Index/
INFO: [ route_check ] --START--
INFO: Run CheckRoute Behavior [ RunTime:0.004841s ]
INFO: [ route_check ] --END-- [ RunTime:0.005480s ]
INFO: [ app_begin ] --START--
INFO: Run ReadHtmlCache Behavior [ RunTime:0.003019s ]
INFO: [ app_begin ] --END-- [ RunTime:0.003611s ]
NOTIC: [2048] Declaration of IndexAction::error() should be compatible with Action::error($message, $jumpUrl = '', $ajax = false) C:\Program Files\EasyPHP-12.1\www\evbeta\Lib\Action\Home\IndexAction.class.php 第 3 行.
INFO: [ view_template ] --START--
INFO: Run LocationTemplate Behavior [ RunTime:0.007005s ]
INFO: [ view_template ] --END-- [ RunTime:0.007609s ]
INFO: [ view_parse ] --START--
INFO: Run ParseTemplate Behavior [ RunTime:0.041066s ]
INFO: [ view_parse ] --END-- [ RunTime:0.041675s ]
INFO: [ view_filter ] --START--
INFO: Run ContentReplace Behavior [ RunTime:0.002593s ]
INFO: Run TokenBuild Behavior [ RunTime:0.002557s ]
INFO: Run WriteHtmlCache Behavior [ RunTime:0.001879s ]
INFO: Run ShowRuntime Behavior [ RunTime:0.003693s ]
INFO: [ view_filter ] --END-- [ RunTime:0.012252s ]
INFO: [ view_end ] --START--
INFO: Run ShowPageTrace Behavior [ RunTime:0.003049s ]
INFO: [ view_end ] --END-- [ RunTime:0.003613s ]

[ 2013-06-03T20:27:51+08:00 ] ERR: (ThinkException) 无法加载模块:img
[ 2013-06-03T20:28:51+08:00 ] 127.0.0.1 /evbeta/Home/Index/
INFO: [ route_check ] --START--
INFO: Run CheckRoute Behavior [ RunTime:0.002999s ]
INFO: [ route_check ] --END-- [ RunTime:0.003638s ]
INFO: [ app_begin ] --START--
INFO: Run ReadHtmlCache Behavior [ RunTime:0.003037s ]
INFO: [ app_begin ] --END-- [ RunTime:0.003766s ]
NOTIC: [2048] Declaration of IndexAction::error() should be compatible with Action::error($message, $jumpUrl = '', $ajax = false) C:\Program Files\EasyPHP-12.1\www\evbeta\Lib\Action\Home\IndexAction.class.php 第 3 行.
INFO: [ view_template ] --START--
INFO: Run LocationTemplate Behavior [ RunTime:0.006811s ]
INFO: [ view_template ] --END-- [ RunTime:0.007502s ]
INFO: [ view_parse ] --START--
INFO: Run ParseTemplate Behavior [ RunTime:0.044069s ]
INFO: [ view_parse ] --END-- [ RunTime:0.044894s ]
INFO: [ view_filter ] --START--
INFO: Run ContentReplace Behavior [ RunTime:0.003192s ]
INFO: Run TokenBuild Behavior [ RunTime:0.003506s ]
INFO: Run WriteHtmlCache Behavior [ RunTime:0.002919s ]
INFO: Run ShowRuntime Behavior [ RunTime:0.004070s ]
INFO: [ view_filter ] --END-- [ RunTime:0.015450s ]
INFO: [ view_end ] --START--
INFO: Run ShowPageTrace Behavior [ RunTime:0.003277s ]
INFO: [ view_end ] --END-- [ RunTime:0.004160s ]

[ 2013-06-03T20:28:51+08:00 ] ERR: (ThinkException) 无法加载模块:img
[ 2013-06-03T20:29:28+08:00 ] 127.0.0.1 /evbeta/Home/Index/
INFO: [ route_check ] --START--
INFO: Run CheckRoute Behavior [ RunTime:0.003233s ]
INFO: [ route_check ] --END-- [ RunTime:0.004681s ]
INFO: [ app_begin ] --START--
INFO: Run ReadHtmlCache Behavior [ RunTime:0.002421s ]
INFO: [ app_begin ] --END-- [ RunTime:0.003085s ]
NOTIC: [2048] Declaration of IndexAction::error() should be compatible with Action::error($message, $jumpUrl = '', $ajax = false) C:\Program Files\EasyPHP-12.1\www\evbeta\Lib\Action\Home\IndexAction.class.php 第 3 行.
INFO: [ view_template ] --START--
INFO: Run LocationTemplate Behavior [ RunTime:0.005288s ]
INFO: [ view_template ] --END-- [ RunTime:0.005961s ]
INFO: [ view_parse ] --START--
INFO: Run ParseTemplate Behavior [ RunTime:0.040363s ]
INFO: [ view_parse ] --END-- [ RunTime:0.041898s ]
INFO: [ view_filter ] --START--
INFO: Run ContentReplace Behavior [ RunTime:0.002911s ]
INFO: Run TokenBuild Behavior [ RunTime:0.002774s ]
INFO: Run WriteHtmlCache Behavior [ RunTime:0.002480s ]
INFO: Run ShowRuntime Behavior [ RunTime:0.003924s ]
INFO: [ view_filter ] --END-- [ RunTime:0.013671s ]
INFO: [ view_end ] --START--
INFO: Run ShowPageTrace Behavior [ RunTime:0.003119s ]
INFO: [ view_end ] --END-- [ RunTime:0.003684s ]

[ 2013-06-03T20:29:28+08:00 ] ERR: (ThinkException) 无法加载模块:img
[ 2013-06-03T20:30:11+08:00 ] 127.0.0.1 /evbeta/Home/Index/
INFO: [ route_check ] --START--
INFO: Run CheckRoute Behavior [ RunTime:0.002372s ]
INFO: [ route_check ] --END-- [ RunTime:0.002994s ]
INFO: [ app_begin ] --START--
INFO: Run ReadHtmlCache Behavior [ RunTime:0.002952s ]
INFO: [ app_begin ] --END-- [ RunTime:0.003684s ]
NOTIC: [2048] Declaration of IndexAction::error() should be compatible with Action::error($message, $jumpUrl = '', $ajax = false) C:\Program Files\EasyPHP-12.1\www\evbeta\Lib\Action\Home\IndexAction.class.php 第 3 行.
INFO: [ view_template ] --START--
INFO: Run LocationTemplate Behavior [ RunTime:0.005867s ]
INFO: [ view_template ] --END-- [ RunTime:0.006450s ]
INFO: [ view_parse ] --START--
INFO: Run ParseTemplate Behavior [ RunTime:0.041571s ]
INFO: [ view_parse ] --END-- [ RunTime:0.042189s ]
INFO: [ view_filter ] --START--
INFO: Run ContentReplace Behavior [ RunTime:0.003538s ]
INFO: Run TokenBuild Behavior [ RunTime:0.002884s ]
INFO: Run WriteHtmlCache Behavior [ RunTime:0.001944s ]
INFO: Run ShowRuntime Behavior [ RunTime:0.004527s ]
INFO: [ view_filter ] --END-- [ RunTime:0.014482s ]
INFO: [ view_end ] --START--
INFO: Run ShowPageTrace Behavior [ RunTime:0.002884s ]
INFO: [ view_end ] --END-- [ RunTime:0.003448s ]

[ 2013-06-03T20:30:11+08:00 ] ERR: (ThinkException) 无法加载模块:img
[ 2013-06-03T20:30:46+08:00 ] 127.0.0.1 /evbeta/Home/Index/
INFO: [ route_check ] --START--
INFO: Run CheckRoute Behavior [ RunTime:0.002625s ]
INFO: [ route_check ] --END-- [ RunTime:0.003290s ]
INFO: [ app_begin ] --START--
INFO: Run ReadHtmlCache Behavior [ RunTime:0.002510s ]
INFO: [ app_begin ] --END-- [ RunTime:0.003204s ]
NOTIC: [2048] Declaration of IndexAction::error() should be compatible with Action::error($message, $jumpUrl = '', $ajax = false) C:\Program Files\EasyPHP-12.1\www\evbeta\Lib\Action\Home\IndexAction.class.php 第 3 行.
INFO: [ view_template ] --START--
INFO: Run LocationTemplate Behavior [ RunTime:0.005340s ]
INFO: [ view_template ] --END-- [ RunTime:0.005933s ]
INFO: [ view_parse ] --START--
INFO: Run ParseTemplate Behavior [ RunTime:0.038024s ]
INFO: [ view_parse ] --END-- [ RunTime:0.038634s ]
INFO: [ view_filter ] --START--
INFO: Run ContentReplace Behavior [ RunTime:0.002754s ]
INFO: Run TokenBuild Behavior [ RunTime:0.003073s ]
INFO: Run WriteHtmlCache Behavior [ RunTime:0.002256s ]
INFO: Run ShowRuntime Behavior [ RunTime:0.003555s ]
INFO: [ view_filter ] --END-- [ RunTime:0.013263s ]
INFO: [ view_end ] --START--
INFO: Run ShowPageTrace Behavior [ RunTime:0.002954s ]
INFO: [ view_end ] --END-- [ RunTime:0.003524s ]

[ 2013-06-03T20:30:47+08:00 ] ERR: (ThinkException) 无法加载模块:img
[ 2013-06-03T20:32:27+08:00 ] 127.0.0.1 /evbeta/Home/Index/
INFO: [ route_check ] --START--
INFO: Run CheckRoute Behavior [ RunTime:0.002514s ]
INFO: [ route_check ] --END-- [ RunTime:0.003166s ]
INFO: [ app_begin ] --START--
INFO: Run ReadHtmlCache Behavior [ RunTime:0.002539s ]
INFO: [ app_begin ] --END-- [ RunTime:0.003256s ]
NOTIC: [2048] Declaration of IndexAction::error() should be compatible with Action::error($message, $jumpUrl = '', $ajax = false) C:\Program Files\EasyPHP-12.1\www\evbeta\Lib\Action\Home\IndexAction.class.php 第 3 行.
INFO: [ view_template ] --START--
INFO: Run LocationTemplate Behavior [ RunTime:0.006705s ]
INFO: [ view_template ] --END-- [ RunTime:0.007301s ]
INFO: [ view_parse ] --START--
INFO: Run ParseTemplate Behavior [ RunTime:0.043969s ]
INFO: [ view_parse ] --END-- [ RunTime:0.044577s ]
INFO: [ view_filter ] --START--
INFO: Run ContentReplace Behavior [ RunTime:0.002565s ]
INFO: Run TokenBuild Behavior [ RunTime:0.003128s ]
INFO: Run WriteHtmlCache Behavior [ RunTime:0.001920s ]
INFO: Run ShowRuntime Behavior [ RunTime:0.003714s ]
INFO: [ view_filter ] --END-- [ RunTime:0.012875s ]
INFO: [ view_end ] --START--
INFO: Run ShowPageTrace Behavior [ RunTime:0.003130s ]
INFO: [ view_end ] --END-- [ RunTime:0.004061s ]

[ 2013-06-03T20:32:27+08:00 ] ERR: (ThinkException) 无法加载模块:img
[ 2013-06-03T20:33:43+08:00 ] 127.0.0.1 /evbeta/Home/Index/
INFO: [ route_check ] --START--
INFO: Run CheckRoute Behavior [ RunTime:0.002960s ]
INFO: [ route_check ] --END-- [ RunTime:0.003597s ]
INFO: [ app_begin ] --START--
INFO: Run ReadHtmlCache Behavior [ RunTime:0.002480s ]
INFO: [ app_begin ] --END-- [ RunTime:0.003078s ]
NOTIC: [2048] Declaration of IndexAction::error() should be compatible with Action::error($message, $jumpUrl = '', $ajax = false) C:\Program Files\EasyPHP-12.1\www\evbeta\Lib\Action\Home\IndexAction.class.php 第 3 行.
INFO: [ view_template ] --START--
INFO: Run LocationTemplate Behavior [ RunTime:0.005923s ]
INFO: [ view_template ] --END-- [ RunTime:0.006505s ]
INFO: [ view_parse ] --START--
INFO: Run ParseTemplate Behavior [ RunTime:0.058682s ]
INFO: [ view_parse ] --END-- [ RunTime:0.059615s ]
INFO: [ view_filter ] --START--
INFO: Run ContentReplace Behavior [ RunTime:0.003951s ]
INFO: Run TokenBuild Behavior [ RunTime:0.003207s ]
INFO: Run WriteHtmlCache Behavior [ RunTime:0.003967s ]
INFO: Run ShowRuntime Behavior [ RunTime:0.004120s ]
INFO: [ view_filter ] --END-- [ RunTime:0.017759s ]
INFO: [ view_end ] --START--
INFO: Run ShowPageTrace Behavior [ RunTime:0.003268s ]
INFO: [ view_end ] --END-- [ RunTime:0.004207s ]

[ 2013-06-03T20:33:43+08:00 ] ERR: (ThinkException) 无法加载模块:img
[ 2013-06-03T20:35:05+08:00 ] 127.0.0.1 /evbeta/Home/Index/
INFO: [ route_check ] --START--
INFO: Run CheckRoute Behavior [ RunTime:0.002864s ]
INFO: [ route_check ] --END-- [ RunTime:0.003593s ]
INFO: [ app_begin ] --START--
INFO: Run ReadHtmlCache Behavior [ RunTime:0.002182s ]
INFO: [ app_begin ] --END-- [ RunTime:0.003077s ]
NOTIC: [2048] Declaration of IndexAction::error() should be compatible with Action::error($message, $jumpUrl = '', $ajax = false) C:\Program Files\EasyPHP-12.1\www\evbeta\Lib\Action\Home\IndexAction.class.php 第 3 行.
INFO: [ view_template ] --START--
INFO: Run LocationTemplate Behavior [ RunTime:0.006632s ]
INFO: [ view_template ] --END-- [ RunTime:0.007222s ]
INFO: [ view_parse ] --START--
INFO: Run ParseTemplate Behavior [ RunTime:0.042723s ]
INFO: [ view_parse ] --END-- [ RunTime:0.043642s ]
INFO: [ view_filter ] --START--
INFO: Run ContentReplace Behavior [ RunTime:0.002541s ]
INFO: Run TokenBuild Behavior [ RunTime:0.002767s ]
INFO: Run WriteHtmlCache Behavior [ RunTime:0.001906s ]
INFO: Run ShowRuntime Behavior [ RunTime:0.003712s ]
INFO: [ view_filter ] --END-- [ RunTime:0.012930s ]
INFO: [ view_end ] --START--
INFO: Run ShowPageTrace Behavior [ RunTime:0.002797s ]
INFO: [ view_end ] --END-- [ RunTime:0.003359s ]

[ 2013-06-03T20:35:06+08:00 ] ERR: (ThinkException) 无法加载模块:img
[ 2013-06-03T20:45:38+08:00 ] 127.0.0.1 /evbeta/Home/Index/
INFO: [ route_check ] --START--
INFO: Run CheckRoute Behavior [ RunTime:0.005161s ]
INFO: [ route_check ] --END-- [ RunTime:0.005808s ]
INFO: [ app_begin ] --START--
INFO: Run ReadHtmlCache Behavior [ RunTime:0.003694s ]
INFO: [ app_begin ] --END-- [ RunTime:0.004316s ]
NOTIC: [2048] Declaration of IndexAction::error() should be compatible with Action::error($message, $jumpUrl = '', $ajax = false) C:\Program Files\EasyPHP-12.1\www\evbeta\Lib\Action\Home\IndexAction.class.php 第 3 行.
INFO: [ view_template ] --START--
INFO: Run LocationTemplate Behavior [ RunTime:0.005237s ]
INFO: [ view_template ] --END-- [ RunTime:0.005866s ]
INFO: [ view_parse ] --START--
INFO: Run ParseTemplate Behavior [ RunTime:0.037116s ]
INFO: [ view_parse ] --END-- [ RunTime:0.037728s ]
INFO: [ view_filter ] --START--
INFO: Run ContentReplace Behavior [ RunTime:0.002732s ]
INFO: Run TokenBuild Behavior [ RunTime:0.003635s ]
INFO: Run WriteHtmlCache Behavior [ RunTime:0.002051s ]
INFO: Run ShowRuntime Behavior [ RunTime:0.004332s ]
INFO: [ view_filter ] --END-- [ RunTime:0.014382s ]
INFO: [ view_end ] --START--
INFO: Run ShowPageTrace Behavior [ RunTime:0.003101s ]
INFO: [ view_end ] --END-- [ RunTime:0.003677s ]

[ 2013-06-03T20:45:38+08:00 ] ERR: (ThinkException) 无法加载模块:img
[ 2013-06-03T20:48:29+08:00 ] 127.0.0.1 /evbeta/Home/Index/
INFO: [ route_check ] --START--
INFO: Run CheckRoute Behavior [ RunTime:0.006159s ]
INFO: [ route_check ] --END-- [ RunTime:0.007294s ]
INFO: [ app_begin ] --START--
INFO: Run ReadHtmlCache Behavior [ RunTime:0.003224s ]
INFO: [ app_begin ] --END-- [ RunTime:0.004021s ]
NOTIC: [2048] Declaration of IndexAction::error() should be compatible with Action::error($message, $jumpUrl = '', $ajax = false) C:\Program Files\EasyPHP-12.1\www\evbeta\Lib\Action\Home\IndexAction.class.php 第 3 行.
INFO: [ view_template ] --START--
INFO: Run LocationTemplate Behavior [ RunTime:0.009180s ]
INFO: [ view_template ] --END-- [ RunTime:0.010271s ]
INFO: [ view_parse ] --START--
INFO: Run ParseTemplate Behavior [ RunTime:0.045554s ]
INFO: [ view_parse ] --END-- [ RunTime:0.046586s ]
INFO: [ view_filter ] --START--
INFO: Run ContentReplace Behavior [ RunTime:0.002560s ]
INFO: Run TokenBuild Behavior [ RunTime:0.003815s ]
INFO: Run WriteHtmlCache Behavior [ RunTime:0.002267s ]
INFO: Run ShowRuntime Behavior [ RunTime:0.003141s ]
INFO: [ view_filter ] --END-- [ RunTime:0.013419s ]
INFO: [ view_end ] --START--
INFO: Run ShowPageTrace Behavior [ RunTime:0.002786s ]
INFO: [ view_end ] --END-- [ RunTime:0.003352s ]

[ 2013-06-03T20:48:29+08:00 ] ERR: (ThinkException) 无法加载模块:img
[ 2013-06-03T20:48:59+08:00 ] 127.0.0.1 /evbeta/Home/Index/
INFO: [ route_check ] --START--
INFO: Run CheckRoute Behavior [ RunTime:0.003319s ]
INFO: [ route_check ] --END-- [ RunTime:0.003987s ]
INFO: [ app_begin ] --START--
INFO: Run ReadHtmlCache Behavior [ RunTime:0.002344s ]
INFO: [ app_begin ] --END-- [ RunTime:0.003329s ]
NOTIC: [2048] Declaration of IndexAction::error() should be compatible with Action::error($message, $jumpUrl = '', $ajax = false) C:\Program Files\EasyPHP-12.1\www\evbeta\Lib\Action\Home\IndexAction.class.php 第 3 行.
INFO: [ view_template ] --START--
INFO: Run LocationTemplate Behavior [ RunTime:0.004847s ]
INFO: [ view_template ] --END-- [ RunTime:0.005590s ]
INFO: [ view_parse ] --START--
INFO: Run ParseTemplate Behavior [ RunTime:0.037738s ]
INFO: [ view_parse ] --END-- [ RunTime:0.038345s ]
INFO: [ view_filter ] --START--
INFO: Run ContentReplace Behavior [ RunTime:0.002510s ]
INFO: Run TokenBuild Behavior [ RunTime:0.002811s ]
INFO: Run WriteHtmlCache Behavior [ RunTime:0.001918s ]
INFO: Run ShowRuntime Behavior [ RunTime:0.003777s ]
INFO: [ view_filter ] --END-- [ RunTime:0.012571s ]
INFO: [ view_end ] --START--
INFO: Run ShowPageTrace Behavior [ RunTime:0.003491s ]
INFO: [ view_end ] --END-- [ RunTime:0.004870s ]

[ 2013-06-03T20:48:59+08:00 ] ERR: (ThinkException) 无法加载模块:img
[ 2013-06-03T20:50:24+08:00 ] 127.0.0.1 /evbeta/Home/Index/
INFO: [ route_check ] --START--
INFO: Run CheckRoute Behavior [ RunTime:0.002536s ]
INFO: [ route_check ] --END-- [ RunTime:0.003206s ]
INFO: [ app_begin ] --START--
INFO: Run ReadHtmlCache Behavior [ RunTime:0.002328s ]
INFO: [ app_begin ] --END-- [ RunTime:0.003273s ]
NOTIC: [2048] Declaration of IndexAction::error() should be compatible with Action::error($message, $jumpUrl = '', $ajax = false) C:\Program Files\EasyPHP-12.1\www\evbeta\Lib\Action\Home\IndexAction.class.php 第 3 行.
INFO: [ view_template ] --START--
INFO: Run LocationTemplate Behavior [ RunTime:0.005868s ]
INFO: [ view_template ] --END-- [ RunTime:0.006452s ]
INFO: [ view_parse ] --START--
INFO: Run ParseTemplate Behavior [ RunTime:0.043711s ]
INFO: [ view_parse ] --END-- [ RunTime:0.044801s ]
INFO: [ view_filter ] --START--
INFO: Run ContentReplace Behavior [ RunTime:0.002565s ]
INFO: Run TokenBuild Behavior [ RunTime:0.002631s ]
INFO: Run WriteHtmlCache Behavior [ RunTime:0.002417s ]
INFO: Run ShowRuntime Behavior [ RunTime:0.004099s ]
INFO: [ view_filter ] --END-- [ RunTime:0.013277s ]
INFO: [ view_end ] --START--
INFO: Run ShowPageTrace Behavior [ RunTime:0.003340s ]
INFO: [ view_end ] --END-- [ RunTime:0.003913s ]

[ 2013-06-03T20:50:24+08:00 ] ERR: (ThinkException) 无法加载模块:img
[ 2013-06-03T20:51:32+08:00 ] 127.0.0.1 /evbeta/Home/Index/
INFO: [ route_check ] --START--
INFO: Run CheckRoute Behavior [ RunTime:0.004478s ]
INFO: [ route_check ] --END-- [ RunTime:0.005112s ]
INFO: [ app_begin ] --START--
INFO: Run ReadHtmlCache Behavior [ RunTime:0.002789s ]
INFO: [ app_begin ] --END-- [ RunTime:0.003414s ]
NOTIC: [2048] Declaration of IndexAction::error() should be compatible with Action::error($message, $jumpUrl = '', $ajax = false) C:\Program Files\EasyPHP-12.1\www\evbeta\Lib\Action\Home\IndexAction.class.php 第 3 行.
INFO: [ view_template ] --START--
INFO: Run LocationTemplate Behavior [ RunTime:0.005602s ]
INFO: [ view_template ] --END-- [ RunTime:0.006200s ]
INFO: [ view_parse ] --START--
INFO: Run ParseTemplate Behavior [ RunTime:0.035195s ]
INFO: [ view_parse ] --END-- [ RunTime:0.036200s ]
INFO: [ view_filter ] --START--
INFO: Run ContentReplace Behavior [ RunTime:0.002513s ]
INFO: Run TokenBuild Behavior [ RunTime:0.004971s ]
INFO: Run WriteHtmlCache Behavior [ RunTime:0.002075s ]
INFO: Run ShowRuntime Behavior [ RunTime:0.003005s ]
INFO: [ view_filter ] --END-- [ RunTime:0.014112s ]
INFO: [ view_end ] --START--
INFO: Run ShowPageTrace Behavior [ RunTime:0.003233s ]
INFO: [ view_end ] --END-- [ RunTime:0.003799s ]

[ 2013-06-03T20:51:33+08:00 ] ERR: (ThinkException) 无法加载模块:img
[ 2013-06-03T20:51:48+08:00 ] 127.0.0.1 /evbeta/Home/Index/
INFO: [ route_check ] --START--
INFO: Run CheckRoute Behavior [ RunTime:0.002367s ]
INFO: [ route_check ] --END-- [ RunTime:0.002997s ]
INFO: [ app_begin ] --START--
INFO: Run ReadHtmlCache Behavior [ RunTime:0.002471s ]
INFO: [ app_begin ] --END-- [ RunTime:0.003086s ]
NOTIC: [2048] Declaration of IndexAction::error() should be compatible with Action::error($message, $jumpUrl = '', $ajax = false) C:\Program Files\EasyPHP-12.1\www\evbeta\Lib\Action\Home\IndexAction.class.php 第 3 行.
INFO: [ view_template ] --START--
INFO: Run LocationTemplate Behavior [ RunTime:0.007366s ]
INFO: [ view_template ] --END-- [ RunTime:0.008005s ]
INFO: [ view_parse ] --START--
INFO: Run ParseTemplate Behavior [ RunTime:0.045228s ]
INFO: [ view_parse ] --END-- [ RunTime:0.045883s ]
INFO: [ view_filter ] --START--
INFO: Run ContentReplace Behavior [ RunTime:0.003067s ]
INFO: Run TokenBuild Behavior [ RunTime:0.002993s ]
INFO: Run WriteHtmlCache Behavior [ RunTime:0.002136s ]
INFO: Run ShowRuntime Behavior [ RunTime:0.004149s ]
INFO: [ view_filter ] --END-- [ RunTime:0.013946s ]
INFO: [ view_end ] --START--
INFO: Run ShowPageTrace Behavior [ RunTime:0.003136s ]
INFO: [ view_end ] --END-- [ RunTime:0.003839s ]

[ 2013-06-03T20:51:49+08:00 ] ERR: (ThinkException) 无法加载模块:img
[ 2013-06-03T20:53:46+08:00 ] 127.0.0.1 /evbeta/Home/Index/
INFO: [ route_check ] --START--
INFO: Run CheckRoute Behavior [ RunTime:0.004225s ]
INFO: [ route_check ] --END-- [ RunTime:0.004862s ]
INFO: [ app_begin ] --START--
INFO: Run ReadHtmlCache Behavior [ RunTime:0.003085s ]
INFO: [ app_begin ] --END-- [ RunTime:0.003703s ]
NOTIC: [2048] Declaration of IndexAction::error() should be compatible with Action::error($message, $jumpUrl = '', $ajax = false) C:\Program Files\EasyPHP-12.1\www\evbeta\Lib\Action\Home\IndexAction.class.php 第 3 行.
INFO: [ view_template ] --START--
INFO: Run LocationTemplate Behavior [ RunTime:0.005489s ]
INFO: [ view_template ] --END-- [ RunTime:0.006079s ]
INFO: [ view_parse ] --START--
INFO: Run ParseTemplate Behavior [ RunTime:0.039164s ]
INFO: [ view_parse ] --END-- [ RunTime:0.039787s ]
INFO: [ view_filter ] --START--
INFO: Run ContentReplace Behavior [ RunTime:0.001804s ]
INFO: Run TokenBuild Behavior [ RunTime:0.001875s ]
INFO: Run WriteHtmlCache Behavior [ RunTime:0.001233s ]
INFO: Run ShowRuntime Behavior [ RunTime:0.003916s ]
INFO: [ view_filter ] --END-- [ RunTime:0.010724s ]
INFO: [ view_end ] --START--
INFO: Run ShowPageTrace Behavior [ RunTime:0.002345s ]
INFO: [ view_end ] --END-- [ RunTime:0.002918s ]

[ 2013-06-03T20:53:47+08:00 ] ERR: (ThinkException) 无法加载模块:img
[ 2013-06-03T20:54:01+08:00 ] 127.0.0.1 /evbeta/Home/Index/
INFO: [ route_check ] --START--
INFO: Run CheckRoute Behavior [ RunTime:0.002455s ]
INFO: [ route_check ] --END-- [ RunTime:0.003100s ]
INFO: [ app_begin ] --START--
INFO: Run ReadHtmlCache Behavior [ RunTime:0.002155s ]
INFO: [ app_begin ] --END-- [ RunTime:0.002747s ]
NOTIC: [2048] Declaration of IndexAction::error() should be compatible with Action::error($message, $jumpUrl = '', $ajax = false) C:\Program Files\EasyPHP-12.1\www\evbeta\Lib\Action\Home\IndexAction.class.php 第 3 行.
INFO: [ view_template ] --START--
INFO: Run LocationTemplate Behavior [ RunTime:0.004524s ]
INFO: [ view_template ] --END-- [ RunTime:0.005108s ]
INFO: [ view_parse ] --START--
INFO: Run ParseTemplate Behavior [ RunTime:0.036672s ]
INFO: [ view_parse ] --END-- [ RunTime:0.037297s ]
INFO: [ view_filter ] --START--
INFO: Run ContentReplace Behavior [ RunTime:0.002985s ]
INFO: Run TokenBuild Behavior [ RunTime:0.002950s ]
INFO: Run WriteHtmlCache Behavior [ RunTime:0.002695s ]
INFO: Run ShowRuntime Behavior [ RunTime:0.003509s ]
INFO: [ view_filter ] --END-- [ RunTime:0.013871s ]
INFO: [ view_end ] --START--
INFO: Run ShowPageTrace Behavior [ RunTime:0.003913s ]
INFO: [ view_end ] --END-- [ RunTime:0.004509s ]

[ 2013-06-03T20:54:01+08:00 ] ERR: (ThinkException) 无法加载模块:img
[ 2013-06-03T21:00:50+08:00 ] 127.0.0.1 /evbeta/Home/Index/
INFO: [ route_check ] --START--
INFO: Run CheckRoute Behavior [ RunTime:0.006690s ]
INFO: [ route_check ] --END-- [ RunTime:0.007510s ]
INFO: [ app_begin ] --START--
INFO: Run ReadHtmlCache Behavior [ RunTime:0.003587s ]
INFO: [ app_begin ] --END-- [ RunTime:0.004228s ]
NOTIC: [2048] Declaration of IndexAction::error() should be compatible with Action::error($message, $jumpUrl = '', $ajax = false) C:\Program Files\EasyPHP-12.1\www\evbeta\Lib\Action\Home\IndexAction.class.php 第 3 行.
INFO: [ view_template ] --START--
INFO: Run LocationTemplate Behavior [ RunTime:0.007568s ]
INFO: [ view_template ] --END-- [ RunTime:0.008169s ]
INFO: [ view_parse ] --START--
INFO: Run ParseTemplate Behavior [ RunTime:0.043090s ]
INFO: [ view_parse ] --END-- [ RunTime:0.043786s ]
INFO: [ view_filter ] --START--
INFO: Run ContentReplace Behavior [ RunTime:0.003263s ]
INFO: Run TokenBuild Behavior [ RunTime:0.004463s ]
INFO: Run WriteHtmlCache Behavior [ RunTime:0.002220s ]
INFO: Run ShowRuntime Behavior [ RunTime:0.004274s ]
INFO: [ view_filter ] --END-- [ RunTime:0.016097s ]
INFO: [ view_end ] --START--
INFO: Run ShowPageTrace Behavior [ RunTime:0.003315s ]
INFO: [ view_end ] --END-- [ RunTime:0.004330s ]

[ 2013-06-03T21:00:51+08:00 ] ERR: (ThinkException) 无法加载模块:img
[ 2013-06-03T21:01:15+08:00 ] 127.0.0.1 /evbeta/Home/Index/
INFO: [ route_check ] --START--
INFO: Run CheckRoute Behavior [ RunTime:0.002646s ]
INFO: [ route_check ] --END-- [ RunTime:0.003286s ]
INFO: [ app_begin ] --START--
INFO: Run ReadHtmlCache Behavior [ RunTime:0.004294s ]
INFO: [ app_begin ] --END-- [ RunTime:0.005023s ]
NOTIC: [2048] Declaration of IndexAction::error() should be compatible with Action::error($message, $jumpUrl = '', $ajax = false) C:\Program Files\EasyPHP-12.1\www\evbeta\Lib\Action\Home\IndexAction.class.php 第 3 行.
INFO: [ view_template ] --START--
INFO: Run LocationTemplate Behavior [ RunTime:0.007341s ]
INFO: [ view_template ] --END-- [ RunTime:0.007962s ]
INFO: [ view_parse ] --START--
INFO: Run ParseTemplate Behavior [ RunTime:0.037257s ]
INFO: [ view_parse ] --END-- [ RunTime:0.037915s ]
INFO: [ view_filter ] --START--
INFO: Run ContentReplace Behavior [ RunTime:0.002539s ]
INFO: Run TokenBuild Behavior [ RunTime:0.003010s ]
INFO: Run WriteHtmlCache Behavior [ RunTime:0.002301s ]
INFO: Run ShowRuntime Behavior [ RunTime:0.003075s ]
INFO: [ view_filter ] --END-- [ RunTime:0.012549s ]
INFO: [ view_end ] --START--
INFO: Run ShowPageTrace Behavior [ RunTime:0.002914s ]
INFO: [ view_end ] --END-- [ RunTime:0.003478s ]

[ 2013-06-03T21:01:16+08:00 ] ERR: (ThinkException) 无法加载模块:img
[ 2013-06-03T21:16:42+08:00 ] 127.0.0.1 /evbeta/Home/Index/
INFO: [ route_check ] --START--
INFO: Run CheckRoute Behavior [ RunTime:0.004777s ]
INFO: [ route_check ] --END-- [ RunTime:0.005433s ]
INFO: [ app_begin ] --START--
INFO: Run ReadHtmlCache Behavior [ RunTime:0.002781s ]
INFO: [ app_begin ] --END-- [ RunTime:0.003377s ]
NOTIC: [2048] Declaration of IndexAction::error() should be compatible with Action::error($message, $jumpUrl = '', $ajax = false) C:\Program Files\EasyPHP-12.1\www\evbeta\Lib\Action\Home\IndexAction.class.php 第 3 行.
INFO: [ view_template ] --START--
INFO: Run LocationTemplate Behavior [ RunTime:0.004814s ]
INFO: [ view_template ] --END-- [ RunTime:0.005407s ]
INFO: [ view_parse ] --START--
INFO: Run ParseTemplate Behavior [ RunTime:0.037390s ]
INFO: [ view_parse ] --END-- [ RunTime:0.037997s ]
INFO: [ view_filter ] --START--
INFO: Run ContentReplace Behavior [ RunTime:0.002710s ]
INFO: Run TokenBuild Behavior [ RunTime:0.002687s ]
INFO: Run WriteHtmlCache Behavior [ RunTime:0.002452s ]
INFO: Run ShowRuntime Behavior [ RunTime:0.004291s ]
INFO: [ view_filter ] --END-- [ RunTime:0.013846s ]
INFO: [ view_end ] --START--
INFO: Run ShowPageTrace Behavior [ RunTime:0.003338s ]
INFO: [ view_end ] --END-- [ RunTime:0.004322s ]

[ 2013-06-03T21:16:42+08:00 ] ERR: (ThinkException) 无法加载模块:img
[ 2013-06-03T21:17:15+08:00 ] 127.0.0.1 /evbeta/Home/Index/
INFO: [ route_check ] --START--
INFO: Run CheckRoute Behavior [ RunTime:0.002326s ]
INFO: [ route_check ] --END-- [ RunTime:0.002949s ]
INFO: [ app_begin ] --START--
INFO: Run ReadHtmlCache Behavior [ RunTime:0.002114s ]
INFO: [ app_begin ] --END-- [ RunTime:0.002699s ]
NOTIC: [2048] Declaration of IndexAction::error() should be compatible with Action::error($message, $jumpUrl = '', $ajax = false) C:\Program Files\EasyPHP-12.1\www\evbeta\Lib\Action\Home\IndexAction.class.php 第 3 行.
INFO: [ view_template ] --START--
INFO: Run LocationTemplate Behavior [ RunTime:0.006222s ]
INFO: [ view_template ] --END-- [ RunTime:0.006802s ]
INFO: [ view_parse ] --START--
INFO: Run ParseTemplate Behavior [ RunTime:0.042338s ]
INFO: [ view_parse ] --END-- [ RunTime:0.042941s ]
INFO: [ view_filter ] --START--
INFO: Run ContentReplace Behavior [ RunTime:0.002479s ]
INFO: Run TokenBuild Behavior [ RunTime:0.002749s ]
INFO: Run WriteHtmlCache Behavior [ RunTime:0.002438s ]
INFO: Run ShowRuntime Behavior [ RunTime:0.003826s ]
INFO: [ view_filter ] --END-- [ RunTime:0.013059s ]
INFO: [ view_end ] --START--
INFO: Run ShowPageTrace Behavior [ RunTime:0.003317s ]
INFO: [ view_end ] --END-- [ RunTime:0.003887s ]

[ 2013-06-03T21:17:16+08:00 ] ERR: (ThinkException) 无法加载模块:img
[ 2013-06-03T21:17:42+08:00 ] ERR: (ThinkException) 无法加载模块:img
[ 2013-06-03T21:28:49+08:00 ] 127.0.0.1 /evbeta/User/Storer/
INFO: [ route_check ] --START--
INFO: Run CheckRoute Behavior [ RunTime:0.004745s ]
INFO: [ route_check ] --END-- [ RunTime:0.005376s ]
INFO: [ app_begin ] --START--
INFO: Run ReadHtmlCache Behavior [ RunTime:0.002815s ]
INFO: [ app_begin ] --END-- [ RunTime:0.003416s ]
SQL: SHOW COLUMNS FROM `business` [ RunTime:0.024771s ]
SQL: SELECT * FROM `business` WHERE ( `userid` = null )  [ RunTime:0.243115s ]
INFO: [ view_template ] --START--
INFO: Run LocationTemplate Behavior [ RunTime:0.007456s ]
INFO: [ view_template ] --END-- [ RunTime:0.008104s ]
INFO: [ view_parse ] --START--
INFO: Run ParseTemplate Behavior [ RunTime:0.035247s ]
INFO: [ view_parse ] --END-- [ RunTime:0.035842s ]
INFO: [ view_filter ] --START--
INFO: Run ContentReplace Behavior [ RunTime:0.003886s ]
INFO: Run TokenBuild Behavior [ RunTime:0.003248s ]
INFO: Run WriteHtmlCache Behavior [ RunTime:0.002031s ]
INFO: Run ShowRuntime Behavior [ RunTime:0.004033s ]
INFO: [ view_filter ] --END-- [ RunTime:0.014984s ]
INFO: [ view_end ] --START--
INFO: Run ShowPageTrace Behavior [ RunTime:0.002823s ]
INFO: [ view_end ] --END-- [ RunTime:0.003395s ]

[ 2013-06-03T21:28:49+08:00 ] ERR: (ThinkException) 非法操作:img
[ 2013-06-03T21:28:49+08:00 ] ERR: (ThinkException) 非法操作:img
