[ 2013-05-19T00:01:07+08:00 ] 121.205.13.171 /evbeta/Home/Register/preg
INFO: [ route_check ] --START--
INFO: Run CheckRoute Behavior [ RunTime:0.001641s ]
INFO: [ route_check ] --END-- [ RunTime:0.001836s ]
INFO: [ app_begin ] --START--
INFO: Run ReadHtmlCache Behavior [ RunTime:0.000881s ]
INFO: [ app_begin ] --END-- [ RunTime:0.001039s ]
SQL: SHOW COLUMNS FROM `provinces` [ RunTime:0.000946s ]
SQL: SELECT * FROM `provinces`  [ RunTime:0.000483s ]
INFO: [ view_template ] --START--
INFO: Run LocationTemplate Behavior [ RunTime:0.000607s ]
INFO: [ view_template ] --END-- [ RunTime:0.000764s ]
INFO: [ view_parse ] --START--
INFO: Run ParseTemplate Behavior [ RunTime:0.023154s ]
INFO: [ view_parse ] --END-- [ RunTime:0.023391s ]
INFO: [ view_filter ] --START--
INFO: Run ContentReplace Behavior [ RunTime:0.000730s ]
INFO: Run TokenBuild Behavior [ RunTime:0.000562s ]
INFO: Run WriteHtmlCache Behavior [ RunTime:0.000442s ]
INFO: Run ShowRuntime Behavior [ RunTime:0.000723s ]
INFO: [ view_filter ] --END-- [ RunTime:0.002992s ]
INFO: [ view_end ] --START--
INFO: Run ShowPageTrace Behavior [ RunTime:0.000928s ]
INFO: [ view_end ] --END-- [ RunTime:0.001070s ]

[ 2013-05-19T00:01:08+08:00 ] 121.205.13.171 /evbeta/Home/Public/verify/w/60/h/33
INFO: [ route_check ] --START--
INFO: Run CheckRoute Behavior [ RunTime:0.001030s ]
INFO: [ route_check ] --END-- [ RunTime:0.001178s ]
INFO: [ app_begin ] --START--
INFO: Run ReadHtmlCache Behavior [ RunTime:0.000673s ]
INFO: [ app_begin ] --END-- [ RunTime:0.000810s ]

[ 2013-05-19T00:13:26+08:00 ] 121.205.13.171 /evbeta/Home/Register/preg
INFO: [ route_check ] --START--
INFO: Run CheckRoute Behavior [ RunTime:0.000861s ]
INFO: [ route_check ] --END-- [ RunTime:0.001055s ]
INFO: [ app_begin ] --START--
INFO: Run ReadHtmlCache Behavior [ RunTime:0.000556s ]
INFO: [ app_begin ] --END-- [ RunTime:0.000648s ]
SQL: SHOW COLUMNS FROM `provinces` [ RunTime:0.000859s ]
SQL: SELECT * FROM `provinces`  [ RunTime:0.000442s ]
INFO: [ view_template ] --START--
INFO: Run LocationTemplate Behavior [ RunTime:0.000613s ]
INFO: [ view_template ] --END-- [ RunTime:0.000761s ]
INFO: [ view_parse ] --START--
INFO: Run ParseTemplate Behavior [ RunTime:0.017517s ]
INFO: [ view_parse ] --END-- [ RunTime:0.017725s ]
INFO: [ view_filter ] --START--
INFO: Run ContentReplace Behavior [ RunTime:0.000573s ]
INFO: Run TokenBuild Behavior [ RunTime:0.000389s ]
INFO: Run WriteHtmlCache Behavior [ RunTime:0.000195s ]
INFO: Run ShowRuntime Behavior [ RunTime:0.000455s ]
INFO: [ view_filter ] --END-- [ RunTime:0.001885s ]
INFO: [ view_end ] --START--
INFO: Run ShowPageTrace Behavior [ RunTime:0.000639s ]
INFO: [ view_end ] --END-- [ RunTime:0.000722s ]

[ 2013-05-19T00:13:27+08:00 ] 121.205.13.171 /evbeta/Home/Public/verify/w/60/h/33
INFO: [ route_check ] --START--
INFO: Run CheckRoute Behavior [ RunTime:0.001222s ]
INFO: [ route_check ] --END-- [ RunTime:0.001410s ]
INFO: [ app_begin ] --START--
INFO: Run ReadHtmlCache Behavior [ RunTime:0.001682s ]
INFO: [ app_begin ] --END-- [ RunTime:0.001784s ]

[ 2013-05-19T15:55:08+08:00 ] 121.205.13.171 /evbeta/Home/Public/verify/w/60/h/33
INFO: [ route_check ] --START--
INFO: Run CheckRoute Behavior [ RunTime:0.000991s ]
INFO: [ route_check ] --END-- [ RunTime:0.001126s ]
INFO: [ app_begin ] --START--
INFO: Run ReadHtmlCache Behavior [ RunTime:0.000569s ]
INFO: [ app_begin ] --END-- [ RunTime:0.000697s ]

[ 2013-05-19T17:25:54+08:00 ] ERR: (ThinkException) Êó†Ê≥ïÂä†ËΩΩÊ®°Âùó:register
[ 2013-05-19T17:26:00+08:00 ] 121.205.13.171 /evbeta/Home/Register/preg
INFO: [ route_check ] --START--
INFO: Run CheckRoute Behavior [ RunTime:0.000780s ]
INFO: [ route_check ] --END-- [ RunTime:0.000886s ]
INFO: [ app_begin ] --START--
INFO: Run ReadHtmlCache Behavior [ RunTime:0.000455s ]
INFO: [ app_begin ] --END-- [ RunTime:0.000534s ]
SQL: SHOW COLUMNS FROM `provinces` [ RunTime:0.000680s ]
SQL: SELECT * FROM `provinces`  [ RunTime:0.000328s ]
INFO: [ view_template ] --START--
INFO: Run LocationTemplate Behavior [ RunTime:0.000400s ]
INFO: [ view_template ] --END-- [ RunTime:0.000529s ]
INFO: [ view_parse ] --START--
INFO: Run ParseTemplate Behavior [ RunTime:0.017653s ]
INFO: [ view_parse ] --END-- [ RunTime:0.017812s ]
INFO: [ view_filter ] --START--
INFO: Run ContentReplace Behavior [ RunTime:0.000613s ]
INFO: Run TokenBuild Behavior [ RunTime:0.000425s ]
INFO: Run WriteHtmlCache Behavior [ RunTime:0.000279s ]
INFO: Run ShowRuntime Behavior [ RunTime:0.000537s ]
INFO: [ view_filter ] --END-- [ RunTime:0.002174s ]
INFO: [ view_end ] --START--
INFO: Run ShowPageTrace Behavior [ RunTime:0.000697s ]
INFO: [ view_end ] --END-- [ RunTime:0.000834s ]

[ 2013-05-19T17:26:00+08:00 ] 121.205.13.171 /evbeta/Home/Public/verify/w/60/h/33
INFO: [ route_check ] --START--
INFO: Run CheckRoute Behavior [ RunTime:0.000732s ]
INFO: [ route_check ] --END-- [ RunTime:0.000825s ]
INFO: [ app_begin ] --START--
INFO: Run ReadHtmlCache Behavior [ RunTime:0.000465s ]
INFO: [ app_begin ] --END-- [ RunTime:0.000532s ]

[ 2013-05-19T17:27:14+08:00 ] 121.205.13.171 /evbeta/Home/Register/preg
INFO: [ route_check ] --START--
INFO: Run CheckRoute Behavior [ RunTime:0.001774s ]
INFO: [ route_check ] --END-- [ RunTime:0.002023s ]
INFO: [ app_begin ] --START--
INFO: Run ReadHtmlCache Behavior [ RunTime:0.001301s ]
INFO: [ app_begin ] --END-- [ RunTime:0.001491s ]
SQL: SHOW COLUMNS FROM `provinces` [ RunTime:0.000793s ]
SQL: SELECT * FROM `provinces`  [ RunTime:0.000379s ]
INFO: [ view_template ] --START--
INFO: Run LocationTemplate Behavior [ RunTime:0.000443s ]
INFO: [ view_template ] --END-- [ RunTime:0.000610s ]
INFO: [ view_parse ] --START--
INFO: Run ParseTemplate Behavior [ RunTime:0.019184s ]
INFO: [ view_parse ] --END-- [ RunTime:0.019369s ]
INFO: [ view_filter ] --START--
INFO: Run ContentReplace Behavior [ RunTime:0.000580s ]
INFO: Run TokenBuild Behavior [ RunTime:0.000524s ]
INFO: Run WriteHtmlCache Behavior [ RunTime:0.000271s ]
INFO: Run ShowRuntime Behavior [ RunTime:0.000582s ]
INFO: [ view_filter ] --END-- [ RunTime:0.002266s ]
INFO: [ view_end ] --START--
INFO: Run ShowPageTrace Behavior [ RunTime:0.000740s ]
INFO: [ view_end ] --END-- [ RunTime:0.000859s ]

[ 2013-05-19T17:27:14+08:00 ] 121.205.13.171 /evbeta/Home/Public/verify/w/60/h/33
INFO: [ route_check ] --START--
INFO: Run CheckRoute Behavior [ RunTime:0.000724s ]
INFO: [ route_check ] --END-- [ RunTime:0.000826s ]
INFO: [ app_begin ] --START--
INFO: Run ReadHtmlCache Behavior [ RunTime:0.000910s ]
INFO: [ app_begin ] --END-- [ RunTime:0.001028s ]

[ 2013-05-19T20:45:43+08:00 ] ERR: (ThinkException) ”…”⁄ƒø±Íº∆À„ª˙ª˝º´æ‹æ¯£¨Œﬁ∑®¡¨Ω”°£

[ 2013-05-19T20:45:43+08:00 ] ERR: (ThinkException) ”…”⁄ƒø±Íº∆À„ª˙ª˝º´æ‹æ¯£¨Œﬁ∑®¡¨Ω”°£

[ 2013-05-19T20:54:02+08:00 ] ERR: (ThinkException) ”…”⁄ƒø±Íº∆À„ª˙ª˝º´æ‹æ¯£¨Œﬁ∑®¡¨Ω”°£

[ 2013-05-19T21:02:50+08:00 ] 0.0.0.0 /evbeta/User/Storer/
INFO: [ route_check ] --START--
INFO: Run CheckRoute Behavior [ RunTime:0.001062s ]
INFO: [ route_check ] --END-- [ RunTime:0.001285s ]
INFO: [ app_begin ] --START--
INFO: Run ReadHtmlCache Behavior [ RunTime:0.000779s ]
INFO: [ app_begin ] --END-- [ RunTime:0.000979s ]
INFO: [ view_template ] --START--
INFO: Run LocationTemplate Behavior [ RunTime:0.000841s ]
INFO: [ view_template ] --END-- [ RunTime:0.001051s ]
INFO: [ view_parse ] --START--
INFO: Run ParseTemplate Behavior [ RunTime:0.011737s ]
INFO: [ view_parse ] --END-- [ RunTime:0.011941s ]
INFO: [ view_filter ] --START--
INFO: Run ContentReplace Behavior [ RunTime:0.000601s ]
INFO: Run TokenBuild Behavior [ RunTime:0.000600s ]
INFO: Run WriteHtmlCache Behavior [ RunTime:0.000458s ]
INFO: Run ShowRuntime Behavior [ RunTime:0.000797s ]
INFO: [ view_filter ] --END-- [ RunTime:0.002974s ]
INFO: [ view_end ] --START--
INFO: Run ShowPageTrace Behavior [ RunTime:0.000901s ]
INFO: [ view_end ] --END-- [ RunTime:0.001089s ]

[ 2013-05-19T21:02:57+08:00 ] 0.0.0.0 /evbeta/Home/Register/preg
INFO: [ route_check ] --START--
INFO: Run CheckRoute Behavior [ RunTime:0.000917s ]
INFO: [ route_check ] --END-- [ RunTime:0.001136s ]
INFO: [ app_begin ] --START--
INFO: Run ReadHtmlCache Behavior [ RunTime:0.000869s ]
INFO: [ app_begin ] --END-- [ RunTime:0.001052s ]
SQL: SHOW COLUMNS FROM `provinces` [ RunTime:0.021505s ]
SQL: SELECT * FROM `provinces`  [ RunTime:0.021025s ]
INFO: [ view_template ] --START--
INFO: Run LocationTemplate Behavior [ RunTime:0.002004s ]
INFO: [ view_template ] --END-- [ RunTime:0.002537s ]
INFO: [ view_parse ] --START--
INFO: Run ParseTemplate Behavior [ RunTime:0.035701s ]
INFO: [ view_parse ] --END-- [ RunTime:0.036235s ]
INFO: [ view_filter ] --START--
INFO: Run ContentReplace Behavior [ RunTime:0.001341s ]
INFO: Run TokenBuild Behavior [ RunTime:0.001303s ]
INFO: Run WriteHtmlCache Behavior [ RunTime:0.000774s ]
INFO: Run ShowRuntime Behavior [ RunTime:0.001691s ]
INFO: [ view_filter ] --END-- [ RunTime:0.006299s ]
INFO: [ view_end ] --START--
INFO: Run ShowPageTrace Behavior [ RunTime:0.001573s ]
INFO: [ view_end ] --END-- [ RunTime:0.002007s ]

[ 2013-05-19T21:02:57+08:00 ] 0.0.0.0 /evbeta/Home/Public/verify/w/60/h/33
INFO: [ route_check ] --START--
INFO: Run CheckRoute Behavior [ RunTime:0.001904s ]
INFO: [ route_check ] --END-- [ RunTime:0.002286s ]
INFO: [ app_begin ] --START--
INFO: Run ReadHtmlCache Behavior [ RunTime:0.001387s ]
INFO: [ app_begin ] --END-- [ RunTime:0.001764s ]

[ 2013-05-19T21:04:40+08:00 ] 0.0.0.0 /evbeta/User/Storer/
INFO: [ route_check ] --START--
INFO: Run CheckRoute Behavior [ RunTime:0.001055s ]
INFO: [ route_check ] --END-- [ RunTime:0.001300s ]
INFO: [ app_begin ] --START--
INFO: Run ReadHtmlCache Behavior [ RunTime:0.000779s ]
INFO: [ app_begin ] --END-- [ RunTime:0.001005s ]
INFO: [ view_template ] --START--
INFO: Run LocationTemplate Behavior [ RunTime:0.000677s ]
INFO: [ view_template ] --END-- [ RunTime:0.000952s ]
INFO: [ view_parse ] --START--
INFO: Run ParseTemplate Behavior [ RunTime:0.009762s ]
INFO: [ view_parse ] --END-- [ RunTime:0.009994s ]
INFO: [ view_filter ] --START--
INFO: Run ContentReplace Behavior [ RunTime:0.000518s ]
INFO: Run TokenBuild Behavior [ RunTime:0.000550s ]
INFO: Run WriteHtmlCache Behavior [ RunTime:0.000334s ]
INFO: Run ShowRuntime Behavior [ RunTime:0.000841s ]
INFO: [ view_filter ] --END-- [ RunTime:0.002767s ]
INFO: [ view_end ] --START--
INFO: Run ShowPageTrace Behavior [ RunTime:0.000767s ]
INFO: [ view_end ] --END-- [ RunTime:0.000959s ]

[ 2013-05-19T21:05:47+08:00 ] 0.0.0.0 /evbeta/User/Login/blogin
INFO: [ route_check ] --START--
INFO: Run CheckRoute Behavior [ RunTime:0.001296s ]
INFO: [ route_check ] --END-- [ RunTime:0.001549s ]
INFO: [ app_begin ] --START--
INFO: Run ReadHtmlCache Behavior [ RunTime:0.000885s ]
INFO: [ app_begin ] --END-- [ RunTime:0.001142s ]
INFO: [ view_template ] --START--
INFO: Run LocationTemplate Behavior [ RunTime:0.001055s ]
INFO: [ view_template ] --END-- [ RunTime:0.001315s ]
INFO: [ view_parse ] --START--
INFO: Run ParseTemplate Behavior [ RunTime:0.011931s ]
INFO: [ view_parse ] --END-- [ RunTime:0.012177s ]
INFO: [ view_filter ] --START--
INFO: Run ContentReplace Behavior [ RunTime:0.000638s ]
INFO: Run TokenBuild Behavior [ RunTime:0.000655s ]
INFO: Run WriteHtmlCache Behavior [ RunTime:0.000401s ]
INFO: Run ShowRuntime Behavior [ RunTime:0.000871s ]
INFO: [ view_filter ] --END-- [ RunTime:0.003106s ]
INFO: [ view_end ] --START--
INFO: Run ShowPageTrace Behavior [ RunTime:0.000823s ]
INFO: [ view_end ] --END-- [ RunTime:0.001013s ]

[ 2013-05-19T21:05:47+08:00 ] ERR: (ThinkException) ÈùûÊ≥ïÊìç‰Ωú:css
[ 2013-05-19T21:05:47+08:00 ] ERR: (ThinkException) ÈùûÊ≥ïÊìç‰Ωú:css
[ 2013-05-19T21:05:47+08:00 ] ERR: (ThinkException) ÈùûÊ≥ïÊìç‰Ωú:css
[ 2013-05-19T21:06:05+08:00 ] ERR: (ThinkException) Ê®°Êùø‰∏çÂ≠òÂú®[./Tpl/User/Login/index.html]
[ 2013-05-19T21:06:40+08:00 ] 0.0.0.0 /evbeta/User/Login/blogin
INFO: [ route_check ] --START--
INFO: Run CheckRoute Behavior [ RunTime:0.001062s ]
INFO: [ route_check ] --END-- [ RunTime:0.001344s ]
INFO: [ app_begin ] --START--
INFO: Run ReadHtmlCache Behavior [ RunTime:0.000976s ]
INFO: [ app_begin ] --END-- [ RunTime:0.001342s ]
INFO: [ view_template ] --START--
INFO: Run LocationTemplate Behavior [ RunTime:0.000963s ]
INFO: [ view_template ] --END-- [ RunTime:0.001237s ]
INFO: [ view_parse ] --START--
INFO: Run ParseTemplate Behavior [ RunTime:0.010665s ]
INFO: [ view_parse ] --END-- [ RunTime:0.010939s ]
INFO: [ view_filter ] --START--
INFO: Run ContentReplace Behavior [ RunTime:0.000711s ]
INFO: Run TokenBuild Behavior [ RunTime:0.000742s ]
INFO: Run WriteHtmlCache Behavior [ RunTime:0.000470s ]
INFO: Run ShowRuntime Behavior [ RunTime:0.001206s ]
INFO: [ view_filter ] --END-- [ RunTime:0.003772s ]
INFO: [ view_end ] --START--
INFO: Run ShowPageTrace Behavior [ RunTime:0.000903s ]
INFO: [ view_end ] --END-- [ RunTime:0.001121s ]

[ 2013-05-19T21:06:47+08:00 ] 0.0.0.0 /evbeta/User/Login/blogin
INFO: [ route_check ] --START--
INFO: Run CheckRoute Behavior [ RunTime:0.001279s ]
INFO: [ route_check ] --END-- [ RunTime:0.001620s ]
INFO: [ app_begin ] --START--
INFO: Run ReadHtmlCache Behavior [ RunTime:0.001266s ]
INFO: [ app_begin ] --END-- [ RunTime:0.001636s ]
SQL: SHOW COLUMNS FROM `business` [ RunTime:0.022011s ]
SQL: SELECT * FROM `business` WHERE ( `username` = 'ooo898' ) AND ( `password` = 'acd2a6badef19a265e356796273b29b2' )  [ RunTime:0.021261s ]

[ 2013-05-19T21:07:30+08:00 ] 0.0.0.0 /evbeta/User/Login/blogin
INFO: [ route_check ] --START--
INFO: Run CheckRoute Behavior [ RunTime:0.001482s ]
INFO: [ route_check ] --END-- [ RunTime:0.001882s ]
INFO: [ app_begin ] --START--
INFO: Run ReadHtmlCache Behavior [ RunTime:0.001508s ]
INFO: [ app_begin ] --END-- [ RunTime:0.001924s ]
INFO: [ view_template ] --START--
INFO: Run LocationTemplate Behavior [ RunTime:0.000834s ]
INFO: [ view_template ] --END-- [ RunTime:0.001065s ]
INFO: [ view_parse ] --START--
INFO: Run ParseTemplate Behavior [ RunTime:0.009162s ]
INFO: [ view_parse ] --END-- [ RunTime:0.009478s ]
INFO: [ view_filter ] --START--
INFO: Run ContentReplace Behavior [ RunTime:0.000606s ]
INFO: Run TokenBuild Behavior [ RunTime:0.000643s ]
INFO: Run WriteHtmlCache Behavior [ RunTime:0.000337s ]
INFO: Run ShowRuntime Behavior [ RunTime:0.000802s ]
INFO: [ view_filter ] --END-- [ RunTime:0.003007s ]
INFO: [ view_end ] --START--
INFO: Run ShowPageTrace Behavior [ RunTime:0.000694s ]
INFO: [ view_end ] --END-- [ RunTime:0.000926s ]

[ 2013-05-19T21:07:37+08:00 ] 0.0.0.0 /evbeta/User/Login/blogin
INFO: [ route_check ] --START--
INFO: Run CheckRoute Behavior [ RunTime:0.000917s ]
INFO: [ route_check ] --END-- [ RunTime:0.001162s ]
INFO: [ app_begin ] --START--
INFO: Run ReadHtmlCache Behavior [ RunTime:0.000767s ]
INFO: [ app_begin ] --END-- [ RunTime:0.001006s ]
INFO: [ view_template ] --START--
INFO: Run LocationTemplate Behavior [ RunTime:0.000756s ]
INFO: [ view_template ] --END-- [ RunTime:0.001121s ]
INFO: [ view_parse ] --START--
INFO: Run ParseTemplate Behavior [ RunTime:0.010689s ]
INFO: [ view_parse ] --END-- [ RunTime:0.010983s ]
INFO: [ view_filter ] --START--
INFO: Run ContentReplace Behavior [ RunTime:0.000614s ]
INFO: Run TokenBuild Behavior [ RunTime:0.000613s ]
INFO: Run WriteHtmlCache Behavior [ RunTime:0.000367s ]
INFO: Run ShowRuntime Behavior [ RunTime:0.000823s ]
INFO: [ view_filter ] --END-- [ RunTime:0.003082s ]
INFO: [ view_end ] --START--
INFO: Run ShowPageTrace Behavior [ RunTime:0.000741s ]
INFO: [ view_end ] --END-- [ RunTime:0.000979s ]

[ 2013-05-19T21:07:50+08:00 ] 0.0.0.0 /evbeta/User/Login/plogin
INFO: [ route_check ] --START--
INFO: Run CheckRoute Behavior [ RunTime:0.001072s ]
INFO: [ route_check ] --END-- [ RunTime:0.001315s ]
INFO: [ app_begin ] --START--
INFO: Run ReadHtmlCache Behavior [ RunTime:0.000795s ]
INFO: [ app_begin ] --END-- [ RunTime:0.001010s ]
INFO: [ view_template ] --START--
INFO: Run LocationTemplate Behavior [ RunTime:0.000563s ]
INFO: [ view_template ] --END-- [ RunTime:0.000773s ]
INFO: [ view_parse ] --START--
INFO: Run ParseTemplate Behavior [ RunTime:0.008420s ]
INFO: [ view_parse ] --END-- [ RunTime:0.008674s ]
INFO: [ view_filter ] --START--
INFO: Run ContentReplace Behavior [ RunTime:0.000556s ]
INFO: Run TokenBuild Behavior [ RunTime:0.000601s ]
INFO: Run WriteHtmlCache Behavior [ RunTime:0.000369s ]
INFO: Run ShowRuntime Behavior [ RunTime:0.000845s ]
INFO: [ view_filter ] --END-- [ RunTime:0.002963s ]
INFO: [ view_end ] --START--
INFO: Run ShowPageTrace Behavior [ RunTime:0.000813s ]
INFO: [ view_end ] --END-- [ RunTime:0.001026s ]

[ 2013-05-19T21:08:04+08:00 ] 0.0.0.0 /evbeta/User/Login/plogin
INFO: [ route_check ] --START--
INFO: Run CheckRoute Behavior [ RunTime:0.001331s ]
INFO: [ route_check ] --END-- [ RunTime:0.001635s ]
INFO: [ app_begin ] --START--
INFO: Run ReadHtmlCache Behavior [ RunTime:0.000984s ]
INFO: [ app_begin ] --END-- [ RunTime:0.001283s ]
SQL: SHOW COLUMNS FROM `user` [ RunTime:0.023744s ]
SQL: SELECT * FROM `user` WHERE ( `username` = 'kkk898' ) AND ( `password` = 'acd2a6badef19a265e356796273b29b2' )  [ RunTime:0.021161s ]
NOTIC: [8] A session had already been started - ignoring session_start() C:\easyphp\www\evbeta\Core\Common\functions.php Á¨¨ 552 Ë°å.
INFO: [ view_template ] --START--
INFO: Run LocationTemplate Behavior [ RunTime:0.002238s ]
INFO: [ view_template ] --END-- [ RunTime:0.003295s ]
INFO: [ view_parse ] --START--
INFO: Run ParseTemplate Behavior [ RunTime:0.029028s ]
INFO: [ view_parse ] --END-- [ RunTime:0.029635s ]
INFO: [ view_filter ] --START--
INFO: Run ContentReplace Behavior [ RunTime:0.000702s ]
INFO: Run TokenBuild Behavior [ RunTime:0.000732s ]
INFO: Run WriteHtmlCache Behavior [ RunTime:0.000626s ]
INFO: Run ShowRuntime Behavior [ RunTime:0.001021s ]
INFO: [ view_filter ] --END-- [ RunTime:0.003918s ]
INFO: [ view_end ] --START--
INFO: Run ShowPageTrace Behavior [ RunTime:0.000925s ]
INFO: [ view_end ] --END-- [ RunTime:0.001182s ]

[ 2013-05-19T21:08:05+08:00 ] 0.0.0.0 /evbeta/User/Login/plogin
INFO: [ route_check ] --START--
INFO: Run CheckRoute Behavior [ RunTime:0.001199s ]
INFO: [ route_check ] --END-- [ RunTime:0.001519s ]
INFO: [ app_begin ] --START--
INFO: Run ReadHtmlCache Behavior [ RunTime:0.000883s ]
INFO: [ app_begin ] --END-- [ RunTime:0.001165s ]
INFO: [ view_template ] --START--
INFO: Run LocationTemplate Behavior [ RunTime:0.000897s ]
INFO: [ view_template ] --END-- [ RunTime:0.001171s ]
INFO: [ view_parse ] --START--
INFO: Run ParseTemplate Behavior [ RunTime:0.009569s ]
INFO: [ view_parse ] --END-- [ RunTime:0.009816s ]
INFO: [ view_filter ] --START--
INFO: Run ContentReplace Behavior [ RunTime:0.000600s ]
INFO: Run TokenBuild Behavior [ RunTime:0.000635s ]
INFO: Run WriteHtmlCache Behavior [ RunTime:0.000382s ]
INFO: Run ShowRuntime Behavior [ RunTime:0.000818s ]
INFO: [ view_filter ] --END-- [ RunTime:0.003043s ]
INFO: [ view_end ] --START--
INFO: Run ShowPageTrace Behavior [ RunTime:0.000856s ]
INFO: [ view_end ] --END-- [ RunTime:0.001216s ]

[ 2013-05-19T21:09:24+08:00 ] 0.0.0.0 /evbeta/User/Login/plogin
INFO: [ route_check ] --START--
INFO: Run CheckRoute Behavior [ RunTime:0.001045s ]
INFO: [ route_check ] --END-- [ RunTime:0.001342s ]
INFO: [ app_begin ] --START--
INFO: Run ReadHtmlCache Behavior [ RunTime:0.000881s ]
INFO: [ app_begin ] --END-- [ RunTime:0.001154s ]
INFO: [ view_template ] --START--
INFO: Run LocationTemplate Behavior [ RunTime:0.000705s ]
INFO: [ view_template ] --END-- [ RunTime:0.000976s ]
INFO: [ view_parse ] --START--
INFO: Run ParseTemplate Behavior [ RunTime:0.010394s ]
INFO: [ view_parse ] --END-- [ RunTime:0.010657s ]
INFO: [ view_filter ] --START--
INFO: Run ContentReplace Behavior [ RunTime:0.000658s ]
INFO: Run TokenBuild Behavior [ RunTime:0.000685s ]
INFO: Run WriteHtmlCache Behavior [ RunTime:0.000443s ]
INFO: Run ShowRuntime Behavior [ RunTime:0.000870s ]
INFO: [ view_filter ] --END-- [ RunTime:0.003267s ]
INFO: [ view_end ] --START--
INFO: Run ShowPageTrace Behavior [ RunTime:0.000951s ]
INFO: [ view_end ] --END-- [ RunTime:0.001177s ]

[ 2013-05-19T21:09:37+08:00 ] 0.0.0.0 /evbeta/User/Login/plogin
INFO: [ route_check ] --START--
INFO: Run CheckRoute Behavior [ RunTime:0.001033s ]
INFO: [ route_check ] --END-- [ RunTime:0.001320s ]
INFO: [ app_begin ] --START--
INFO: Run ReadHtmlCache Behavior [ RunTime:0.000941s ]
INFO: [ app_begin ] --END-- [ RunTime:0.001301s ]
INFO: [ view_template ] --START--
INFO: Run LocationTemplate Behavior [ RunTime:0.000581s ]
INFO: [ view_template ] --END-- [ RunTime:0.000855s ]
INFO: [ view_parse ] --START--
INFO: Run ParseTemplate Behavior [ RunTime:0.008924s ]
INFO: [ view_parse ] --END-- [ RunTime:0.009154s ]
INFO: [ view_filter ] --START--
INFO: Run ContentReplace Behavior [ RunTime:0.000608s ]
INFO: Run TokenBuild Behavior [ RunTime:0.000627s ]
INFO: Run WriteHtmlCache Behavior [ RunTime:0.000390s ]
INFO: Run ShowRuntime Behavior [ RunTime:0.000798s ]
INFO: [ view_filter ] --END-- [ RunTime:0.003033s ]
INFO: [ view_end ] --START--
INFO: Run ShowPageTrace Behavior [ RunTime:0.000846s ]
INFO: [ view_end ] --END-- [ RunTime:0.001068s ]

[ 2013-05-19T21:09:50+08:00 ] 0.0.0.0 /evbeta/User/Login/plogin
INFO: [ route_check ] --START--
INFO: Run CheckRoute Behavior [ RunTime:0.001308s ]
INFO: [ route_check ] --END-- [ RunTime:0.001602s ]
INFO: [ app_begin ] --START--
INFO: Run ReadHtmlCache Behavior [ RunTime:0.000932s ]
INFO: [ app_begin ] --END-- [ RunTime:0.001225s ]
INFO: [ view_template ] --START--
INFO: Run LocationTemplate Behavior [ RunTime:0.000636s ]
INFO: [ view_template ] --END-- [ RunTime:0.000934s ]
INFO: [ view_parse ] --START--
INFO: Run ParseTemplate Behavior [ RunTime:0.010514s ]
INFO: [ view_parse ] --END-- [ RunTime:0.010813s ]
INFO: [ view_filter ] --START--
INFO: Run ContentReplace Behavior [ RunTime:0.000686s ]
INFO: Run TokenBuild Behavior [ RunTime:0.000706s ]
INFO: Run WriteHtmlCache Behavior [ RunTime:0.000424s ]
INFO: Run ShowRuntime Behavior [ RunTime:0.000920s ]
INFO: [ view_filter ] --END-- [ RunTime:0.003466s ]
INFO: [ view_end ] --START--
INFO: Run ShowPageTrace Behavior [ RunTime:0.001069s ]
INFO: [ view_end ] --END-- [ RunTime:0.001375s ]

[ 2013-05-19T21:09:57+08:00 ] 0.0.0.0 /evbeta/User/Login/plogin
INFO: [ route_check ] --START--
INFO: Run CheckRoute Behavior [ RunTime:0.001014s ]
INFO: [ route_check ] --END-- [ RunTime:0.001287s ]
INFO: [ app_begin ] --START--
INFO: Run ReadHtmlCache Behavior [ RunTime:0.001088s ]
INFO: [ app_begin ] --END-- [ RunTime:0.001383s ]
INFO: [ view_template ] --START--
INFO: Run LocationTemplate Behavior [ RunTime:0.000608s ]
INFO: [ view_template ] --END-- [ RunTime:0.000850s ]
INFO: [ view_parse ] --START--
INFO: Run ParseTemplate Behavior [ RunTime:0.008389s ]
INFO: [ view_parse ] --END-- [ RunTime:0.008636s ]
INFO: [ view_filter ] --START--
INFO: Run ContentReplace Behavior [ RunTime:0.000601s ]
INFO: Run TokenBuild Behavior [ RunTime:0.000635s ]
INFO: Run WriteHtmlCache Behavior [ RunTime:0.000386s ]
INFO: Run ShowRuntime Behavior [ RunTime:0.000808s ]
INFO: [ view_filter ] --END-- [ RunTime:0.003189s ]
INFO: [ view_end ] --START--
INFO: Run ShowPageTrace Behavior [ RunTime:0.000828s ]
INFO: [ view_end ] --END-- [ RunTime:0.001058s ]

[ 2013-05-19T21:10:00+08:00 ] 0.0.0.0 /evbeta/User/Login/plogin
INFO: [ route_check ] --START--
INFO: Run CheckRoute Behavior [ RunTime:0.000860s ]
INFO: [ route_check ] --END-- [ RunTime:0.001118s ]
INFO: [ app_begin ] --START--
INFO: Run ReadHtmlCache Behavior [ RunTime:0.000783s ]
INFO: [ app_begin ] --END-- [ RunTime:0.001007s ]
SQL: SHOW COLUMNS FROM `user` [ RunTime:0.023032s ]
SQL: SELECT * FROM `user` WHERE ( `username` = 'kkk898' ) AND ( `password` = 'acd2a6badef19a265e356796273b29b2' )  [ RunTime:0.021425s ]
NOTIC: [8] A session had already been started - ignoring session_start() C:\easyphp\www\evbeta\Core\Common\functions.php Á¨¨ 552 Ë°å.
INFO: [ view_template ] --START--
INFO: Run LocationTemplate Behavior [ RunTime:0.001493s ]
INFO: [ view_template ] --END-- [ RunTime:0.002129s ]
INFO: [ view_parse ] --START--
INFO: Run ParseTemplate Behavior [ RunTime:0.012874s ]
INFO: [ view_parse ] --END-- [ RunTime:0.013405s ]
INFO: [ view_filter ] --START--
INFO: Run ContentReplace Behavior [ RunTime:0.000789s ]
INFO: Run TokenBuild Behavior [ RunTime:0.000919s ]
INFO: Run WriteHtmlCache Behavior [ RunTime:0.000556s ]
INFO: Run ShowRuntime Behavior [ RunTime:0.001176s ]
INFO: [ view_filter ] --END-- [ RunTime:0.004359s ]
INFO: [ view_end ] --START--
INFO: Run ShowPageTrace Behavior [ RunTime:0.001119s ]
INFO: [ view_end ] --END-- [ RunTime:0.001447s ]

[ 2013-05-19T21:10:01+08:00 ] 0.0.0.0 /evbeta/User/Login/plogin
INFO: [ route_check ] --START--
INFO: Run CheckRoute Behavior [ RunTime:0.000930s ]
INFO: [ route_check ] --END-- [ RunTime:0.001217s ]
INFO: [ app_begin ] --START--
INFO: Run ReadHtmlCache Behavior [ RunTime:0.001073s ]
INFO: [ app_begin ] --END-- [ RunTime:0.001371s ]
INFO: [ view_template ] --START--
INFO: Run LocationTemplate Behavior [ RunTime:0.001053s ]
INFO: [ view_template ] --END-- [ RunTime:0.001392s ]
INFO: [ view_parse ] --START--
INFO: Run ParseTemplate Behavior [ RunTime:0.008903s ]
INFO: [ view_parse ] --END-- [ RunTime:0.009184s ]
INFO: [ view_filter ] --START--
INFO: Run ContentReplace Behavior [ RunTime:0.000686s ]
INFO: Run TokenBuild Behavior [ RunTime:0.000666s ]
INFO: Run WriteHtmlCache Behavior [ RunTime:0.000567s ]
INFO: Run ShowRuntime Behavior [ RunTime:0.001031s ]
INFO: [ view_filter ] --END-- [ RunTime:0.003723s ]
INFO: [ view_end ] --START--
INFO: Run ShowPageTrace Behavior [ RunTime:0.001111s ]
INFO: [ view_end ] --END-- [ RunTime:0.001374s ]

[ 2013-05-19T21:10:21+08:00 ] 0.0.0.0 /evbeta/User/Login/blogin
INFO: [ route_check ] --START--
INFO: Run CheckRoute Behavior [ RunTime:0.001182s ]
INFO: [ route_check ] --END-- [ RunTime:0.001426s ]
INFO: [ app_begin ] --START--
INFO: Run ReadHtmlCache Behavior [ RunTime:0.000909s ]
INFO: [ app_begin ] --END-- [ RunTime:0.001139s ]
INFO: [ view_template ] --START--
INFO: Run LocationTemplate Behavior [ RunTime:0.000852s ]
INFO: [ view_template ] --END-- [ RunTime:0.001109s ]
INFO: [ view_parse ] --START--
INFO: Run ParseTemplate Behavior [ RunTime:0.009166s ]
INFO: [ view_parse ] --END-- [ RunTime:0.009432s ]
INFO: [ view_filter ] --START--
INFO: Run ContentReplace Behavior [ RunTime:0.000568s ]
INFO: Run TokenBuild Behavior [ RunTime:0.000611s ]
INFO: Run WriteHtmlCache Behavior [ RunTime:0.000358s ]
INFO: Run ShowRuntime Behavior [ RunTime:0.000802s ]
INFO: [ view_filter ] --END-- [ RunTime:0.002954s ]
INFO: [ view_end ] --START--
INFO: Run ShowPageTrace Behavior [ RunTime:0.000777s ]
INFO: [ view_end ] --END-- [ RunTime:0.000978s ]

[ 2013-05-19T21:10:32+08:00 ] 0.0.0.0 /evbeta/User/Login/blogin
INFO: [ route_check ] --START--
INFO: Run CheckRoute Behavior [ RunTime:0.001383s ]
INFO: [ route_check ] --END-- [ RunTime:0.001773s ]
INFO: [ app_begin ] --START--
INFO: Run ReadHtmlCache Behavior [ RunTime:0.001283s ]
INFO: [ app_begin ] --END-- [ RunTime:0.001741s ]
INFO: [ view_template ] --START--
INFO: Run LocationTemplate Behavior [ RunTime:0.000582s ]
INFO: [ view_template ] --END-- [ RunTime:0.000876s ]
INFO: [ view_parse ] --START--
INFO: Run ParseTemplate Behavior [ RunTime:0.009030s ]
INFO: [ view_parse ] --END-- [ RunTime:0.009284s ]
INFO: [ view_filter ] --START--
INFO: Run ContentReplace Behavior [ RunTime:0.000608s ]
INFO: Run TokenBuild Behavior [ RunTime:0.000617s ]
INFO: Run WriteHtmlCache Behavior [ RunTime:0.000364s ]
INFO: Run ShowRuntime Behavior [ RunTime:0.000854s ]
INFO: [ view_filter ] --END-- [ RunTime:0.003068s ]
INFO: [ view_end ] --START--
INFO: Run ShowPageTrace Behavior [ RunTime:0.000791s ]
INFO: [ view_end ] --END-- [ RunTime:0.001012s ]

[ 2013-05-19T21:11:22+08:00 ] 0.0.0.0 /evbeta/User/Login/blogin
INFO: [ route_check ] --START--
INFO: Run CheckRoute Behavior [ RunTime:0.001094s ]
INFO: [ route_check ] --END-- [ RunTime:0.001379s ]
INFO: [ app_begin ] --START--
INFO: Run ReadHtmlCache Behavior [ RunTime:0.000889s ]
INFO: [ app_begin ] --END-- [ RunTime:0.001156s ]
SQL: SHOW COLUMNS FROM `business` [ RunTime:0.023048s ]
SQL: SELECT * FROM `business` WHERE ( `username` = 'ooo898' ) AND ( `password` = 'acd2a6badef19a265e356796273b29b2' )  [ RunTime:0.022029s ]
NOTIC: [8] A session had already been started - ignoring session_start() C:\easyphp\www\evbeta\Core\Common\functions.php Á¨¨ 552 Ë°å.
INFO: [ view_template ] --START--
INFO: Run LocationTemplate Behavior [ RunTime:0.001790s ]
INFO: [ view_template ] --END-- [ RunTime:0.002535s ]
INFO: [ view_parse ] --START--
INFO: Run ParseTemplate Behavior [ RunTime:0.028111s ]
INFO: [ view_parse ] --END-- [ RunTime:0.029103s ]
INFO: [ view_filter ] --START--
INFO: Run ContentReplace Behavior [ RunTime:0.001216s ]
INFO: Run TokenBuild Behavior [ RunTime:0.000745s ]
INFO: Run WriteHtmlCache Behavior [ RunTime:0.000423s ]
INFO: Run ShowRuntime Behavior [ RunTime:0.001025s ]
INFO: [ view_filter ] --END-- [ RunTime:0.004349s ]
INFO: [ view_end ] --START--
INFO: Run ShowPageTrace Behavior [ RunTime:0.000869s ]
INFO: [ view_end ] --END-- [ RunTime:0.001134s ]

[ 2013-05-19T21:11:24+08:00 ] 0.0.0.0 /evbeta/User/Login/blogin
INFO: [ route_check ] --START--
INFO: Run CheckRoute Behavior [ RunTime:0.001438s ]
INFO: [ route_check ] --END-- [ RunTime:0.001732s ]
INFO: [ app_begin ] --START--
INFO: Run ReadHtmlCache Behavior [ RunTime:0.001055s ]
INFO: [ app_begin ] --END-- [ RunTime:0.001335s ]
INFO: [ view_template ] --START--
INFO: Run LocationTemplate Behavior [ RunTime:0.000633s ]
INFO: [ view_template ] --END-- [ RunTime:0.000936s ]
INFO: [ view_parse ] --START--
INFO: Run ParseTemplate Behavior [ RunTime:0.008939s ]
INFO: [ view_parse ] --END-- [ RunTime:0.009314s ]
INFO: [ view_filter ] --START--
INFO: Run ContentReplace Behavior [ RunTime:0.000966s ]
INFO: Run TokenBuild Behavior [ RunTime:0.000967s ]
INFO: Run WriteHtmlCache Behavior [ RunTime:0.000790s ]
INFO: Run ShowRuntime Behavior [ RunTime:0.001174s ]
INFO: [ view_filter ] --END-- [ RunTime:0.004711s ]
INFO: [ view_end ] --START--
INFO: Run ShowPageTrace Behavior [ RunTime:0.000880s ]
INFO: [ view_end ] --END-- [ RunTime:0.001090s ]

[ 2013-05-19T21:11:25+08:00 ] 0.0.0.0 /evbeta/User/Storer/
INFO: [ route_check ] --START--
INFO: Run CheckRoute Behavior [ RunTime:0.001031s ]
INFO: [ route_check ] --END-- [ RunTime:0.001319s ]
INFO: [ app_begin ] --START--
INFO: Run ReadHtmlCache Behavior [ RunTime:0.000881s ]
INFO: [ app_begin ] --END-- [ RunTime:0.001152s ]
INFO: [ view_template ] --START--
INFO: Run LocationTemplate Behavior [ RunTime:0.000903s ]
INFO: [ view_template ] --END-- [ RunTime:0.001182s ]
INFO: [ view_parse ] --START--
INFO: Run ParseTemplate Behavior [ RunTime:0.010649s ]
INFO: [ view_parse ] --END-- [ RunTime:0.010921s ]
INFO: [ view_filter ] --START--
INFO: Run ContentReplace Behavior [ RunTime:0.000636s ]
INFO: Run TokenBuild Behavior [ RunTime:0.000627s ]
INFO: Run WriteHtmlCache Behavior [ RunTime:0.000425s ]
INFO: Run ShowRuntime Behavior [ RunTime:0.000869s ]
INFO: [ view_filter ] --END-- [ RunTime:0.003130s ]
INFO: [ view_end ] --START--
INFO: Run ShowPageTrace Behavior [ RunTime:0.000889s ]
INFO: [ view_end ] --END-- [ RunTime:0.001092s ]

[ 2013-05-19T21:15:14+08:00 ] 0.0.0.0 /evbeta/User/Storer/
INFO: [ route_check ] --START--
INFO: Run CheckRoute Behavior [ RunTime:0.001021s ]
INFO: [ route_check ] --END-- [ RunTime:0.001322s ]
INFO: [ app_begin ] --START--
INFO: Run ReadHtmlCache Behavior [ RunTime:0.000908s ]
INFO: [ app_begin ] --END-- [ RunTime:0.001187s ]
SQL: SHOW COLUMNS FROM `business` [ RunTime:0.022722s ]
SQL: SELECT * FROM `business` WHERE ( `userid` = 2 )  [ RunTime:0.021760s ]
INFO: [ view_template ] --START--
INFO: Run LocationTemplate Behavior [ RunTime:0.003266s ]
INFO: [ view_template ] --END-- [ RunTime:0.004054s ]
INFO: [ view_parse ] --START--
INFO: Run ParseTemplate Behavior [ RunTime:0.023585s ]
INFO: [ view_parse ] --END-- [ RunTime:0.024165s ]
INFO: [ view_filter ] --START--
INFO: Run ContentReplace Behavior [ RunTime:0.000766s ]
INFO: Run TokenBuild Behavior [ RunTime:0.000838s ]
INFO: Run WriteHtmlCache Behavior [ RunTime:0.000539s ]
INFO: Run ShowRuntime Behavior [ RunTime:0.001038s ]
INFO: [ view_filter ] --END-- [ RunTime:0.003876s ]
INFO: [ view_end ] --START--
INFO: Run ShowPageTrace Behavior [ RunTime:0.000979s ]
INFO: [ view_end ] --END-- [ RunTime:0.001231s ]

[ 2013-05-19T21:15:52+08:00 ] 0.0.0.0 /evbeta/User/Storer/
INFO: [ route_check ] --START--
INFO: Run CheckRoute Behavior [ RunTime:0.001108s ]
INFO: [ route_check ] --END-- [ RunTime:0.001404s ]
INFO: [ app_begin ] --START--
INFO: Run ReadHtmlCache Behavior [ RunTime:0.000876s ]
INFO: [ app_begin ] --END-- [ RunTime:0.001143s ]
SQL: SHOW COLUMNS FROM `business` [ RunTime:0.023154s ]
SQL: SELECT * FROM `business` WHERE ( `userid` = 2 )  [ RunTime:0.021851s ]
INFO: [ view_template ] --START--
INFO: Run LocationTemplate Behavior [ RunTime:0.001321s ]
INFO: [ view_template ] --END-- [ RunTime:0.001838s ]
INFO: [ view_parse ] --START--
INFO: Run ParseTemplate Behavior [ RunTime:0.020642s ]
INFO: [ view_parse ] --END-- [ RunTime:0.021206s ]
INFO: [ view_filter ] --START--
INFO: Run ContentReplace Behavior [ RunTime:0.001206s ]
INFO: Run TokenBuild Behavior [ RunTime:0.001365s ]
INFO: Run WriteHtmlCache Behavior [ RunTime:0.000783s ]
INFO: Run ShowRuntime Behavior [ RunTime:0.001755s ]
INFO: [ view_filter ] --END-- [ RunTime:0.006404s ]
INFO: [ view_end ] --START--
INFO: Run ShowPageTrace Behavior [ RunTime:0.001622s ]
INFO: [ view_end ] --END-- [ RunTime:0.002119s ]

[ 2013-05-19T21:16:10+08:00 ] 0.0.0.0 /evbeta/User/Storer/
INFO: [ route_check ] --START--
INFO: Run CheckRoute Behavior [ RunTime:0.000912s ]
INFO: [ route_check ] --END-- [ RunTime:0.001144s ]
INFO: [ app_begin ] --START--
INFO: Run ReadHtmlCache Behavior [ RunTime:0.000705s ]
INFO: [ app_begin ] --END-- [ RunTime:0.000914s ]
SQL: SHOW COLUMNS FROM `business` [ RunTime:0.022120s ]
SQL: SELECT * FROM `business` WHERE ( `userid` = 2 )  [ RunTime:0.021303s ]
INFO: [ view_template ] --START--
INFO: Run LocationTemplate Behavior [ RunTime:0.001527s ]
INFO: [ view_template ] --END-- [ RunTime:0.002143s ]
INFO: [ view_parse ] --START--
INFO: Run ParseTemplate Behavior [ RunTime:0.024931s ]
INFO: [ view_parse ] --END-- [ RunTime:0.025591s ]
INFO: [ view_filter ] --START--
INFO: Run ContentReplace Behavior [ RunTime:0.001249s ]
INFO: Run TokenBuild Behavior [ RunTime:0.000604s ]
INFO: Run WriteHtmlCache Behavior [ RunTime:0.000362s ]
INFO: Run ShowRuntime Behavior [ RunTime:0.000767s ]
INFO: [ view_filter ] --END-- [ RunTime:0.003727s ]
INFO: [ view_end ] --START--
INFO: Run ShowPageTrace Behavior [ RunTime:0.000734s ]
INFO: [ view_end ] --END-- [ RunTime:0.000947s ]

[ 2013-05-19T21:19:18+08:00 ] 0.0.0.0 /evbeta/User/Storer/
INFO: [ route_check ] --START--
INFO: Run CheckRoute Behavior [ RunTime:0.001088s ]
INFO: [ route_check ] --END-- [ RunTime:0.001331s ]
INFO: [ app_begin ] --START--
INFO: Run ReadHtmlCache Behavior [ RunTime:0.000790s ]
INFO: [ app_begin ] --END-- [ RunTime:0.001010s ]
SQL: SHOW COLUMNS FROM `business` [ RunTime:0.022209s ]
SQL: SELECT * FROM `business` WHERE ( `userid` = 2 )  [ RunTime:0.020738s ]
INFO: [ view_template ] --START--
INFO: Run LocationTemplate Behavior [ RunTime:0.001172s ]
INFO: [ view_template ] --END-- [ RunTime:0.001448s ]
INFO: [ view_parse ] --START--
INFO: Run ParseTemplate Behavior [ RunTime:0.012015s ]
INFO: [ view_parse ] --END-- [ RunTime:0.012299s ]
INFO: [ view_filter ] --START--
INFO: Run ContentReplace Behavior [ RunTime:0.000776s ]
INFO: Run TokenBuild Behavior [ RunTime:0.000905s ]
INFO: Run WriteHtmlCache Behavior [ RunTime:0.000702s ]
INFO: Run ShowRuntime Behavior [ RunTime:0.001055s ]
INFO: [ view_filter ] --END-- [ RunTime:0.004157s ]
INFO: [ view_end ] --START--
INFO: Run ShowPageTrace Behavior [ RunTime:0.000997s ]
INFO: [ view_end ] --END-- [ RunTime:0.001248s ]

[ 2013-05-19T21:19:33+08:00 ] 0.0.0.0 /evbeta/User/Storer/
INFO: [ route_check ] --START--
INFO: Run CheckRoute Behavior [ RunTime:0.000891s ]
INFO: [ route_check ] --END-- [ RunTime:0.001130s ]
INFO: [ app_begin ] --START--
INFO: Run ReadHtmlCache Behavior [ RunTime:0.000802s ]
INFO: [ app_begin ] --END-- [ RunTime:0.001028s ]
SQL: SHOW COLUMNS FROM `business` [ RunTime:0.023744s ]
SQL: SELECT * FROM `business` WHERE ( `userid` = 2 )  [ RunTime:0.024556s ]
INFO: [ view_template ] --START--
INFO: Run LocationTemplate Behavior [ RunTime:0.001124s ]
INFO: [ view_template ] --END-- [ RunTime:0.001552s ]
INFO: [ view_parse ] --START--
INFO: Run ParseTemplate Behavior [ RunTime:0.020500s ]
INFO: [ view_parse ] --END-- [ RunTime:0.020992s ]
INFO: [ view_filter ] --START--
INFO: Run ContentReplace Behavior [ RunTime:0.001102s ]
INFO: Run TokenBuild Behavior [ RunTime:0.001170s ]
INFO: Run WriteHtmlCache Behavior [ RunTime:0.000767s ]
INFO: Run ShowRuntime Behavior [ RunTime:0.001610s ]
INFO: [ view_filter ] --END-- [ RunTime:0.005831s ]
INFO: [ view_end ] --START--
INFO: Run ShowPageTrace Behavior [ RunTime:0.001506s ]
INFO: [ view_end ] --END-- [ RunTime:0.001922s ]

[ 2013-05-19T21:20:02+08:00 ] 0.0.0.0 /evbeta/User/Storer/
INFO: [ route_check ] --START--
INFO: Run CheckRoute Behavior [ RunTime:0.001121s ]
INFO: [ route_check ] --END-- [ RunTime:0.001473s ]
INFO: [ app_begin ] --START--
INFO: Run ReadHtmlCache Behavior [ RunTime:0.000887s ]
INFO: [ app_begin ] --END-- [ RunTime:0.001169s ]
SQL: SHOW COLUMNS FROM `business` [ RunTime:0.024052s ]
SQL: SELECT * FROM `business` WHERE ( `userid` = 2 )  [ RunTime:0.023034s ]
INFO: [ view_template ] --START--
INFO: Run LocationTemplate Behavior [ RunTime:0.000588s ]
INFO: [ view_template ] --END-- [ RunTime:0.000814s ]
INFO: [ view_parse ] --START--
INFO: Run ParseTemplate Behavior [ RunTime:0.010112s ]
INFO: [ view_parse ] --END-- [ RunTime:0.010375s ]
INFO: [ view_filter ] --START--
INFO: Run ContentReplace Behavior [ RunTime:0.000849s ]
INFO: Run TokenBuild Behavior [ RunTime:0.000931s ]
INFO: Run WriteHtmlCache Behavior [ RunTime:0.000560s ]
INFO: Run ShowRuntime Behavior [ RunTime:0.001220s ]
INFO: [ view_filter ] --END-- [ RunTime:0.004456s ]
INFO: [ view_end ] --START--
INFO: Run ShowPageTrace Behavior [ RunTime:0.001129s ]
INFO: [ view_end ] --END-- [ RunTime:0.001524s ]

[ 2013-05-19T21:20:10+08:00 ] 0.0.0.0 /evbeta/User/Storer/
INFO: [ route_check ] --START--
INFO: Run CheckRoute Behavior [ RunTime:0.000987s ]
INFO: [ route_check ] --END-- [ RunTime:0.002208s ]
INFO: [ app_begin ] --START--
INFO: Run ReadHtmlCache Behavior [ RunTime:0.000962s ]
INFO: [ app_begin ] --END-- [ RunTime:0.001204s ]
SQL: SHOW COLUMNS FROM `business` [ RunTime:0.022604s ]
SQL: SELECT * FROM `business` WHERE ( `userid` = 2 )  [ RunTime:0.020996s ]
INFO: [ view_template ] --START--
INFO: Run LocationTemplate Behavior [ RunTime:0.000979s ]
INFO: [ view_template ] --END-- [ RunTime:0.001307s ]
INFO: [ view_parse ] --START--
INFO: Run ParseTemplate Behavior [ RunTime:0.014577s ]
INFO: [ view_parse ] --END-- [ RunTime:0.014963s ]
INFO: [ view_filter ] --START--
INFO: Run ContentReplace Behavior [ RunTime:0.000804s ]
INFO: Run TokenBuild Behavior [ RunTime:0.000906s ]
INFO: Run WriteHtmlCache Behavior [ RunTime:0.000596s ]
INFO: Run ShowRuntime Behavior [ RunTime:0.001225s ]
INFO: [ view_filter ] --END-- [ RunTime:0.004413s ]
INFO: [ view_end ] --START--
INFO: Run ShowPageTrace Behavior [ RunTime:0.001159s ]
INFO: [ view_end ] --END-- [ RunTime:0.001508s ]

[ 2013-05-19T21:20:41+08:00 ] 0.0.0.0 /evbeta/User/Storer/
INFO: [ route_check ] --START--
INFO: Run CheckRoute Behavior [ RunTime:0.000981s ]
INFO: [ route_check ] --END-- [ RunTime:0.001256s ]
INFO: [ app_begin ] --START--
INFO: Run ReadHtmlCache Behavior [ RunTime:0.000827s ]
INFO: [ app_begin ] --END-- [ RunTime:0.001090s ]
SQL: SHOW COLUMNS FROM `business` [ RunTime:0.022379s ]
SQL: SELECT * FROM `business` WHERE ( `userid` = 2 )  [ RunTime:0.022282s ]
INFO: [ view_template ] --START--
INFO: Run LocationTemplate Behavior [ RunTime:0.001349s ]
INFO: [ view_template ] --END-- [ RunTime:0.001855s ]
INFO: [ view_parse ] --START--
INFO: Run ParseTemplate Behavior [ RunTime:0.022293s ]
INFO: [ view_parse ] --END-- [ RunTime:0.023028s ]
INFO: [ view_filter ] --START--
INFO: Run ContentReplace Behavior [ RunTime:0.001306s ]
INFO: Run TokenBuild Behavior [ RunTime:0.001746s ]
INFO: Run WriteHtmlCache Behavior [ RunTime:0.000734s ]
INFO: Run ShowRuntime Behavior [ RunTime:0.000737s ]
INFO: [ view_filter ] --END-- [ RunTime:0.005655s ]
INFO: [ view_end ] --START--
INFO: Run ShowPageTrace Behavior [ RunTime:0.000734s ]
INFO: [ view_end ] --END-- [ RunTime:0.000947s ]

[ 2013-05-19T21:20:58+08:00 ] 0.0.0.0 /evbeta/User/Storer/store
INFO: [ route_check ] --START--
INFO: Run CheckRoute Behavior [ RunTime:0.001463s ]
INFO: [ route_check ] --END-- [ RunTime:0.001855s ]
INFO: [ app_begin ] --START--
INFO: Run ReadHtmlCache Behavior [ RunTime:0.001290s ]
INFO: [ app_begin ] --END-- [ RunTime:0.001594s ]
INFO: [ view_template ] --START--
INFO: Run LocationTemplate Behavior [ RunTime:0.000929s ]
INFO: [ view_template ] --END-- [ RunTime:0.001435s ]
INFO: [ view_parse ] --START--
INFO: Run ParseTemplate Behavior [ RunTime:0.016682s ]
INFO: [ view_parse ] --END-- [ RunTime:0.016973s ]
INFO: [ view_filter ] --START--
INFO: Run ContentReplace Behavior [ RunTime:0.000681s ]
INFO: Run TokenBuild Behavior [ RunTime:0.000618s ]
INFO: Run WriteHtmlCache Behavior [ RunTime:0.000356s ]
INFO: Run ShowRuntime Behavior [ RunTime:0.000803s ]
INFO: [ view_filter ] --END-- [ RunTime:0.003026s ]
INFO: [ view_end ] --START--
INFO: Run ShowPageTrace Behavior [ RunTime:0.000802s ]
INFO: [ view_end ] --END-- [ RunTime:0.001032s ]

[ 2013-05-19T21:22:14+08:00 ] 0.0.0.0 /evbeta/User/Storer/store
INFO: [ route_check ] --START--
INFO: Run CheckRoute Behavior [ RunTime:0.001244s ]
INFO: [ route_check ] --END-- [ RunTime:0.001521s ]
INFO: [ app_begin ] --START--
INFO: Run ReadHtmlCache Behavior [ RunTime:0.000994s ]
INFO: [ app_begin ] --END-- [ RunTime:0.001269s ]
SQL: SHOW COLUMNS FROM `business` [ RunTime:0.022174s ]
SQL: SELECT * FROM `business` WHERE ( `userid` = 2 )  [ RunTime:0.021200s ]
INFO: [ view_template ] --START--
INFO: Run LocationTemplate Behavior [ RunTime:0.001536s ]
INFO: [ view_template ] --END-- [ RunTime:0.002043s ]
INFO: [ view_parse ] --START--
INFO: Run ParseTemplate Behavior [ RunTime:0.026114s ]
INFO: [ view_parse ] --END-- [ RunTime:0.026549s ]
INFO: [ view_filter ] --START--
INFO: Run ContentReplace Behavior [ RunTime:0.000831s ]
INFO: Run TokenBuild Behavior [ RunTime:0.000807s ]
INFO: Run WriteHtmlCache Behavior [ RunTime:0.000526s ]
INFO: Run ShowRuntime Behavior [ RunTime:0.001028s ]
INFO: [ view_filter ] --END-- [ RunTime:0.003875s ]
INFO: [ view_end ] --START--
INFO: Run ShowPageTrace Behavior [ RunTime:0.000986s ]
INFO: [ view_end ] --END-- [ RunTime:0.001246s ]

[ 2013-05-19T21:23:02+08:00 ] 0.0.0.0 /evbeta/User/Storer/store
INFO: [ route_check ] --START--
INFO: Run CheckRoute Behavior [ RunTime:0.001042s ]
INFO: [ route_check ] --END-- [ RunTime:0.001386s ]
INFO: [ app_begin ] --START--
INFO: Run ReadHtmlCache Behavior [ RunTime:0.001039s ]
INFO: [ app_begin ] --END-- [ RunTime:0.001331s ]
SQL: SHOW COLUMNS FROM `business` [ RunTime:0.023878s ]
SQL: SELECT * FROM `business` WHERE ( `userid` = 2 )  [ RunTime:0.020757s ]
INFO: [ view_template ] --START--
INFO: Run LocationTemplate Behavior [ RunTime:0.001063s ]
INFO: [ view_template ] --END-- [ RunTime:0.001323s ]
INFO: [ view_parse ] --START--
INFO: Run ParseTemplate Behavior [ RunTime:0.017641s ]
INFO: [ view_parse ] --END-- [ RunTime:0.017957s ]
INFO: [ view_filter ] --START--
INFO: Run ContentReplace Behavior [ RunTime:0.000773s ]
INFO: Run TokenBuild Behavior [ RunTime:0.000703s ]
INFO: Run WriteHtmlCache Behavior [ RunTime:0.000411s ]
INFO: Run ShowRuntime Behavior [ RunTime:0.000904s ]
INFO: [ view_filter ] --END-- [ RunTime:0.003470s ]
INFO: [ view_end ] --START--
INFO: Run ShowPageTrace Behavior [ RunTime:0.000815s ]
INFO: [ view_end ] --END-- [ RunTime:0.001063s ]

[ 2013-05-19T21:28:28+08:00 ] 0.0.0.0 /evbeta/User/Storer/store
INFO: [ route_check ] --START--
INFO: Run CheckRoute Behavior [ RunTime:0.001201s ]
INFO: [ route_check ] --END-- [ RunTime:0.001522s ]
INFO: [ app_begin ] --START--
INFO: Run ReadHtmlCache Behavior [ RunTime:0.000784s ]
INFO: [ app_begin ] --END-- [ RunTime:0.001037s ]
SQL: SHOW COLUMNS FROM `business` [ RunTime:0.021464s ]
SQL: SELECT * FROM `business` WHERE ( `userid` = 2 )  [ RunTime:0.022339s ]
INFO: [ view_template ] --START--
INFO: Run LocationTemplate Behavior [ RunTime:0.003149s ]
INFO: [ view_template ] --END-- [ RunTime:0.003889s ]
INFO: [ view_parse ] --START--
INFO: Run ParseTemplate Behavior [ RunTime:0.033183s ]
INFO: [ view_parse ] --END-- [ RunTime:0.033797s ]
INFO: [ view_filter ] --START--
INFO: Run ContentReplace Behavior [ RunTime:0.001351s ]
INFO: Run TokenBuild Behavior [ RunTime:0.001356s ]
INFO: Run WriteHtmlCache Behavior [ RunTime:0.000877s ]
INFO: Run ShowRuntime Behavior [ RunTime:0.001083s ]
INFO: [ view_filter ] --END-- [ RunTime:0.005700s ]
INFO: [ view_end ] --START--
INFO: Run ShowPageTrace Behavior [ RunTime:0.000944s ]
INFO: [ view_end ] --END-- [ RunTime:0.001167s ]

[ 2013-05-19T21:28:40+08:00 ] 0.0.0.0 /evbeta/User/Storer/store
INFO: [ route_check ] --START--
INFO: Run CheckRoute Behavior [ RunTime:0.001682s ]
INFO: [ route_check ] --END-- [ RunTime:0.002128s ]
INFO: [ app_begin ] --START--
INFO: Run ReadHtmlCache Behavior [ RunTime:0.000776s ]
INFO: [ app_begin ] --END-- [ RunTime:0.001008s ]
SQL: SHOW COLUMNS FROM `business` [ RunTime:0.022948s ]
SQL: SELECT * FROM `business` WHERE ( `userid` = 2 )  [ RunTime:0.020732s ]
INFO: [ view_template ] --START--
INFO: Run LocationTemplate Behavior [ RunTime:0.001025s ]
INFO: [ view_template ] --END-- [ RunTime:0.001401s ]
INFO: [ view_parse ] --START--
INFO: Run ParseTemplate Behavior [ RunTime:0.019717s ]
INFO: [ view_parse ] --END-- [ RunTime:0.020008s ]
INFO: [ view_filter ] --START--
INFO: Run ContentReplace Behavior [ RunTime:0.000642s ]
INFO: Run TokenBuild Behavior [ RunTime:0.000684s ]
INFO: Run WriteHtmlCache Behavior [ RunTime:0.000378s ]
INFO: Run ShowRuntime Behavior [ RunTime:0.000791s ]
INFO: [ view_filter ] --END-- [ RunTime:0.003094s ]
INFO: [ view_end ] --START--
INFO: Run ShowPageTrace Behavior [ RunTime:0.000764s ]
INFO: [ view_end ] --END-- [ RunTime:0.000968s ]

[ 2013-05-19T21:31:19+08:00 ] 0.0.0.0 /evbeta/User/Storer/store
INFO: [ route_check ] --START--
INFO: Run CheckRoute Behavior [ RunTime:0.001327s ]
INFO: [ route_check ] --END-- [ RunTime:0.001617s ]
INFO: [ app_begin ] --START--
INFO: Run ReadHtmlCache Behavior [ RunTime:0.001028s ]
INFO: [ app_begin ] --END-- [ RunTime:0.001302s ]
SQL: SHOW COLUMNS FROM `business` [ RunTime:0.022131s ]
SQL: SELECT * FROM `business` WHERE ( `userid` = 2 )  [ RunTime:0.021960s ]
INFO: [ view_template ] --START--
INFO: Run LocationTemplate Behavior [ RunTime:0.002805s ]
INFO: [ view_template ] --END-- [ RunTime:0.003480s ]
INFO: [ view_parse ] --START--
INFO: Run ParseTemplate Behavior [ RunTime:0.038231s ]
INFO: [ view_parse ] --END-- [ RunTime:0.038668s ]
INFO: [ view_filter ] --START--
INFO: Run ContentReplace Behavior [ RunTime:0.000743s ]
INFO: Run TokenBuild Behavior [ RunTime:0.000664s ]
INFO: Run WriteHtmlCache Behavior [ RunTime:0.000404s ]
INFO: Run ShowRuntime Behavior [ RunTime:0.000820s ]
INFO: [ view_filter ] --END-- [ RunTime:0.003178s ]
INFO: [ view_end ] --START--
INFO: Run ShowPageTrace Behavior [ RunTime:0.000804s ]
INFO: [ view_end ] --END-- [ RunTime:0.001034s ]

[ 2013-05-19T21:31:30+08:00 ] 0.0.0.0 /evbeta/User/Storer/store
INFO: [ route_check ] --START--
INFO: Run CheckRoute Behavior [ RunTime:0.000803s ]
INFO: [ route_check ] --END-- [ RunTime:0.001024s ]
INFO: [ app_begin ] --START--
INFO: Run ReadHtmlCache Behavior [ RunTime:0.000786s ]
INFO: [ app_begin ] --END-- [ RunTime:0.001031s ]
SQL: SHOW COLUMNS FROM `business` [ RunTime:0.022514s ]
SQL: SELECT * FROM `business` WHERE ( `userid` = 2 )  [ RunTime:0.020962s ]
INFO: [ view_template ] --START--
INFO: Run LocationTemplate Behavior [ RunTime:0.001095s ]
INFO: [ view_template ] --END-- [ RunTime:0.001517s ]
INFO: [ view_parse ] --START--
INFO: Run ParseTemplate Behavior [ RunTime:0.029557s ]
INFO: [ view_parse ] --END-- [ RunTime:0.030020s ]
INFO: [ view_filter ] --START--
INFO: Run ContentReplace Behavior [ RunTime:0.001174s ]
INFO: Run TokenBuild Behavior [ RunTime:0.001054s ]
INFO: Run WriteHtmlCache Behavior [ RunTime:0.000355s ]
INFO: Run ShowRuntime Behavior [ RunTime:0.000747s ]
INFO: [ view_filter ] --END-- [ RunTime:0.004096s ]
INFO: [ view_end ] --START--
INFO: Run ShowPageTrace Behavior [ RunTime:0.000686s ]
INFO: [ view_end ] --END-- [ RunTime:0.000899s ]

[ 2013-05-19T21:45:29+08:00 ] 0.0.0.0 /evbeta/User/Login/blogin
INFO: [ route_check ] --START--
INFO: Run CheckRoute Behavior [ RunTime:0.001329s ]
INFO: [ route_check ] --END-- [ RunTime:0.001669s ]
INFO: [ app_begin ] --START--
INFO: Run ReadHtmlCache Behavior [ RunTime:0.000903s ]
INFO: [ app_begin ] --END-- [ RunTime:0.001131s ]
INFO: [ view_template ] --START--
INFO: Run LocationTemplate Behavior [ RunTime:0.001020s ]
INFO: [ view_template ] --END-- [ RunTime:0.001253s ]
INFO: [ view_parse ] --START--
INFO: Run ParseTemplate Behavior [ RunTime:0.010335s ]
INFO: [ view_parse ] --END-- [ RunTime:0.010586s ]
INFO: [ view_filter ] --START--
INFO: Run ContentReplace Behavior [ RunTime:0.000692s ]
INFO: Run TokenBuild Behavior [ RunTime:0.000689s ]
INFO: Run WriteHtmlCache Behavior [ RunTime:0.000444s ]
INFO: Run ShowRuntime Behavior [ RunTime:0.000885s ]
INFO: [ view_filter ] --END-- [ RunTime:0.003323s ]
INFO: [ view_end ] --START--
INFO: Run ShowPageTrace Behavior [ RunTime:0.001088s ]
INFO: [ view_end ] --END-- [ RunTime:0.001308s ]

[ 2013-05-19T21:45:29+08:00 ] ERR: (ThinkException) ÈùûÊ≥ïÊìç‰Ωú:css
[ 2013-05-19T21:45:29+08:00 ] ERR: (ThinkException) ÈùûÊ≥ïÊìç‰Ωú:css
[ 2013-05-19T21:45:29+08:00 ] ERR: (ThinkException) ÈùûÊ≥ïÊìç‰Ωú:css
[ 2013-05-19T21:45:35+08:00 ] 0.0.0.0 /evbeta/User/Login/blogin
INFO: [ route_check ] --START--
INFO: Run CheckRoute Behavior [ RunTime:0.001445s ]
INFO: [ route_check ] --END-- [ RunTime:0.001857s ]
INFO: [ app_begin ] --START--
INFO: Run ReadHtmlCache Behavior [ RunTime:0.000860s ]
INFO: [ app_begin ] --END-- [ RunTime:0.001097s ]
SQL: SHOW COLUMNS FROM `business` [ RunTime:0.021655s ]
SQL: SELECT * FROM `business` WHERE ( `username` = 'ooo898' ) AND ( `password` = 'acd2a6badef19a265e356796273b29b2' )  [ RunTime:0.021175s ]
NOTIC: [8] A session had already been started - ignoring session_start() C:\easyphp\www\evbeta\Core\Common\functions.php Á¨¨ 552 Ë°å.
INFO: [ view_template ] --START--
INFO: Run LocationTemplate Behavior [ RunTime:0.001632s ]
INFO: [ view_template ] --END-- [ RunTime:0.002143s ]
INFO: [ view_parse ] --START--
INFO: Run ParseTemplate Behavior [ RunTime:0.019352s ]
INFO: [ view_parse ] --END-- [ RunTime:0.019904s ]
INFO: [ view_filter ] --START--
INFO: Run ContentReplace Behavior [ RunTime:0.001403s ]
INFO: Run TokenBuild Behavior [ RunTime:0.001626s ]
INFO: Run WriteHtmlCache Behavior [ RunTime:0.001061s ]
INFO: Run ShowRuntime Behavior [ RunTime:0.002060s ]
INFO: [ view_filter ] --END-- [ RunTime:0.007508s ]
INFO: [ view_end ] --START--
INFO: Run ShowPageTrace Behavior [ RunTime:0.001869s ]
INFO: [ view_end ] --END-- [ RunTime:0.002356s ]

[ 2013-05-19T21:45:36+08:00 ] 0.0.0.0 /evbeta/User/Login/blogin
INFO: [ route_check ] --START--
INFO: Run CheckRoute Behavior [ RunTime:0.000877s ]
INFO: [ route_check ] --END-- [ RunTime:0.001121s ]
INFO: [ app_begin ] --START--
INFO: Run ReadHtmlCache Behavior [ RunTime:0.000820s ]
INFO: [ app_begin ] --END-- [ RunTime:0.001067s ]
INFO: [ view_template ] --START--
INFO: Run LocationTemplate Behavior [ RunTime:0.000838s ]
INFO: [ view_template ] --END-- [ RunTime:0.001085s ]
INFO: [ view_parse ] --START--
INFO: Run ParseTemplate Behavior [ RunTime:0.010734s ]
INFO: [ view_parse ] --END-- [ RunTime:0.011013s ]
INFO: [ view_filter ] --START--
INFO: Run ContentReplace Behavior [ RunTime:0.000640s ]
INFO: Run TokenBuild Behavior [ RunTime:0.000585s ]
INFO: Run WriteHtmlCache Behavior [ RunTime:0.000332s ]
INFO: Run ShowRuntime Behavior [ RunTime:0.000786s ]
INFO: [ view_filter ] --END-- [ RunTime:0.002957s ]
INFO: [ view_end ] --START--
INFO: Run ShowPageTrace Behavior [ RunTime:0.000842s ]
INFO: [ view_end ] --END-- [ RunTime:0.001070s ]

[ 2013-05-19T21:46:25+08:00 ] 0.0.0.0 /evbeta/Home/Register/preg
INFO: [ route_check ] --START--
INFO: Run CheckRoute Behavior [ RunTime:0.000848s ]
INFO: [ route_check ] --END-- [ RunTime:0.001085s ]
INFO: [ app_begin ] --START--
INFO: Run ReadHtmlCache Behavior [ RunTime:0.000747s ]
INFO: [ app_begin ] --END-- [ RunTime:0.000976s ]
SQL: SHOW COLUMNS FROM `provinces` [ RunTime:0.022000s ]
SQL: SELECT * FROM `provinces`  [ RunTime:0.020584s ]
INFO: [ view_template ] --START--
INFO: Run LocationTemplate Behavior [ RunTime:0.000842s ]
INFO: [ view_template ] --END-- [ RunTime:0.001105s ]
INFO: [ view_parse ] --START--
INFO: Run ParseTemplate Behavior [ RunTime:0.329600s ]
INFO: [ view_parse ] --END-- [ RunTime:0.330380s ]
INFO: [ view_filter ] --START--
INFO: Run ContentReplace Behavior [ RunTime:0.002468s ]
INFO: Run TokenBuild Behavior [ RunTime:0.002262s ]
INFO: Run WriteHtmlCache Behavior [ RunTime:0.001326s ]
INFO: Run ShowRuntime Behavior [ RunTime:0.000974s ]
INFO: [ view_filter ] --END-- [ RunTime:0.008568s ]
INFO: [ view_end ] --START--
INFO: Run ShowPageTrace Behavior [ RunTime:0.000891s ]
INFO: [ view_end ] --END-- [ RunTime:0.001216s ]

[ 2013-05-19T21:46:25+08:00 ] 0.0.0.0 /evbeta/Home/Public/verify/w/60/h/33
INFO: [ route_check ] --START--
INFO: Run CheckRoute Behavior [ RunTime:0.000987s ]
INFO: [ route_check ] --END-- [ RunTime:0.001239s ]
INFO: [ app_begin ] --START--
INFO: Run ReadHtmlCache Behavior [ RunTime:0.000822s ]
INFO: [ app_begin ] --END-- [ RunTime:0.001065s ]

[ 2013-05-19T21:46:28+08:00 ] 0.0.0.0 /evbeta/User/Login/blogin
INFO: [ route_check ] --START--
INFO: Run CheckRoute Behavior [ RunTime:0.001016s ]
INFO: [ route_check ] --END-- [ RunTime:0.001284s ]
INFO: [ app_begin ] --START--
INFO: Run ReadHtmlCache Behavior [ RunTime:0.000870s ]
INFO: [ app_begin ] --END-- [ RunTime:0.001120s ]
INFO: [ view_template ] --START--
INFO: Run LocationTemplate Behavior [ RunTime:0.000870s ]
INFO: [ view_template ] --END-- [ RunTime:0.001102s ]
INFO: [ view_parse ] --START--
INFO: Run ParseTemplate Behavior [ RunTime:0.009311s ]
INFO: [ view_parse ] --END-- [ RunTime:0.009554s ]
INFO: [ view_filter ] --START--
INFO: Run ContentReplace Behavior [ RunTime:0.000653s ]
INFO: Run TokenBuild Behavior [ RunTime:0.000705s ]
INFO: Run WriteHtmlCache Behavior [ RunTime:0.000441s ]
INFO: Run ShowRuntime Behavior [ RunTime:0.000887s ]
INFO: [ view_filter ] --END-- [ RunTime:0.003289s ]
INFO: [ view_end ] --START--
INFO: Run ShowPageTrace Behavior [ RunTime:0.000806s ]
INFO: [ view_end ] --END-- [ RunTime:0.001019s ]

[ 2013-05-19T21:46:28+08:00 ] ERR: (ThinkException) ÈùûÊ≥ïÊìç‰Ωú:css
[ 2013-05-19T21:46:28+08:00 ] ERR: (ThinkException) ÈùûÊ≥ïÊìç‰Ωú:css
[ 2013-05-19T21:46:28+08:00 ] ERR: (ThinkException) ÈùûÊ≥ïÊìç‰Ωú:css
[ 2013-05-19T21:46:33+08:00 ] 0.0.0.0 /evbeta/User/Login/blogin
INFO: [ route_check ] --START--
INFO: Run CheckRoute Behavior [ RunTime:0.001186s ]
INFO: [ route_check ] --END-- [ RunTime:0.001469s ]
INFO: [ app_begin ] --START--
INFO: Run ReadHtmlCache Behavior [ RunTime:0.000966s ]
INFO: [ app_begin ] --END-- [ RunTime:0.001241s ]
SQL: SHOW COLUMNS FROM `business` [ RunTime:0.022567s ]
SQL: SELECT * FROM `business` WHERE ( `username` = 'ooo898' ) AND ( `password` = 'acd2a6badef19a265e356796273b29b2' )  [ RunTime:0.022364s ]
NOTIC: [8] A session had already been started - ignoring session_start() C:\easyphp\www\evbeta\Core\Common\functions.php Á¨¨ 552 Ë°å.
INFO: [ view_template ] --START--
INFO: Run LocationTemplate Behavior [ RunTime:0.001574s ]
INFO: [ view_template ] --END-- [ RunTime:0.002285s ]
INFO: [ view_parse ] --START--
INFO: Run ParseTemplate Behavior [ RunTime:0.027207s ]
INFO: [ view_parse ] --END-- [ RunTime:0.027946s ]
INFO: [ view_filter ] --START--
INFO: Run ContentReplace Behavior [ RunTime:0.001756s ]
INFO: Run TokenBuild Behavior [ RunTime:0.002184s ]
INFO: Run WriteHtmlCache Behavior [ RunTime:0.001117s ]
INFO: Run ShowRuntime Behavior [ RunTime:0.002374s ]
INFO: [ view_filter ] --END-- [ RunTime:0.009356s ]
INFO: [ view_end ] --START--
INFO: Run ShowPageTrace Behavior [ RunTime:0.000963s ]
INFO: [ view_end ] --END-- [ RunTime:0.001253s ]

[ 2013-05-19T21:46:34+08:00 ] 0.0.0.0 /evbeta/User/Login/blogin
INFO: [ route_check ] --START--
INFO: Run CheckRoute Behavior [ RunTime:0.001163s ]
INFO: [ route_check ] --END-- [ RunTime:0.001557s ]
INFO: [ app_begin ] --START--
INFO: Run ReadHtmlCache Behavior [ RunTime:0.001075s ]
INFO: [ app_begin ] --END-- [ RunTime:0.001316s ]
INFO: [ view_template ] --START--
INFO: Run LocationTemplate Behavior [ RunTime:0.000777s ]
INFO: [ view_template ] --END-- [ RunTime:0.001504s ]
INFO: [ view_parse ] --START--
INFO: Run ParseTemplate Behavior [ RunTime:0.010984s ]
INFO: [ view_parse ] --END-- [ RunTime:0.011305s ]
INFO: [ view_filter ] --START--
INFO: Run ContentReplace Behavior [ RunTime:0.000591s ]
INFO: Run TokenBuild Behavior [ RunTime:0.000632s ]
INFO: Run WriteHtmlCache Behavior [ RunTime:0.000368s ]
INFO: Run ShowRuntime Behavior [ RunTime:0.001074s ]
INFO: [ view_filter ] --END-- [ RunTime:0.003427s ]
INFO: [ view_end ] --START--
INFO: Run ShowPageTrace Behavior [ RunTime:0.001400s ]
INFO: [ view_end ] --END-- [ RunTime:0.001730s ]

[ 2013-05-19T21:46:40+08:00 ] 0.0.0.0 /evbeta/User/Storer/
INFO: [ route_check ] --START--
INFO: Run CheckRoute Behavior [ RunTime:0.001251s ]
INFO: [ route_check ] --END-- [ RunTime:0.001504s ]
INFO: [ app_begin ] --START--
INFO: Run ReadHtmlCache Behavior [ RunTime:0.001039s ]
INFO: [ app_begin ] --END-- [ RunTime:0.001290s ]
SQL: SHOW COLUMNS FROM `business` [ RunTime:0.022845s ]
SQL: SELECT * FROM `business` WHERE ( `userid` = 2 )  [ RunTime:0.021289s ]
INFO: [ view_template ] --START--
INFO: Run LocationTemplate Behavior [ RunTime:0.002488s ]
INFO: [ view_template ] --END-- [ RunTime:0.003154s ]
INFO: [ view_parse ] --START--
INFO: Run ParseTemplate Behavior [ RunTime:0.027288s ]
INFO: [ view_parse ] --END-- [ RunTime:0.028339s ]
INFO: [ view_filter ] --START--
INFO: Run ContentReplace Behavior [ RunTime:0.001797s ]
INFO: Run TokenBuild Behavior [ RunTime:0.002369s ]
INFO: Run WriteHtmlCache Behavior [ RunTime:0.001294s ]
INFO: Run ShowRuntime Behavior [ RunTime:0.002260s ]
INFO: [ view_filter ] --END-- [ RunTime:0.009593s ]
INFO: [ view_end ] --START--
INFO: Run ShowPageTrace Behavior [ RunTime:0.002666s ]
INFO: [ view_end ] --END-- [ RunTime:0.003299s ]

