[ 2013-06-13T19:26:58+08:00 ] 127.0.0.1 /evbeta/Home/Index/
INFO: [ route_check ] --START--
INFO: Run CheckRoute Behavior [ RunTime:0.004867s ]
INFO: [ route_check ] --END-- [ RunTime:0.005508s ]
INFO: [ app_begin ] --START--
INFO: Run ReadHtmlCache Behavior [ RunTime:0.027798s ]
INFO: [ app_begin ] --END-- [ RunTime:0.028482s ]
NOTIC: [2048] Declaration of IndexAction::error() should be compatible with Action::error($message, $jumpUrl = '', $ajax = false) C:\Program Files\EasyPHP-12.1\www\evbeta\Lib\Action\Home\IndexAction.class.php 第 3 行.
INFO: [ view_template ] --START--
INFO: Run LocationTemplate Behavior [ RunTime:0.019690s ]
INFO: [ view_template ] --END-- [ RunTime:0.020413s ]
INFO: [ view_parse ] --START--
INFO: Run ParseTemplate Behavior [ RunTime:0.120963s ]
INFO: [ view_parse ] --END-- [ RunTime:0.121582s ]
INFO: [ view_filter ] --START--
INFO: Run ContentReplace Behavior [ RunTime:0.003134s ]
INFO: Run TokenBuild Behavior [ RunTime:0.003375s ]
INFO: Run WriteHtmlCache Behavior [ RunTime:0.002443s ]
INFO: Run ShowRuntime Behavior [ RunTime:0.003511s ]
INFO: [ view_filter ] --END-- [ RunTime:0.014063s ]
INFO: [ view_end ] --START--
INFO: Run ShowPageTrace Behavior [ RunTime:0.003402s ]
INFO: [ view_end ] --END-- [ RunTime:0.003979s ]

[ 2013-06-13T19:26:59+08:00 ] ERR: (ThinkException) 无法加载模块:img
[ 2013-06-13T19:30:18+08:00 ] 127.0.0.1 /evbeta/Home/Index/
INFO: [ route_check ] --START--
INFO: Run CheckRoute Behavior [ RunTime:0.004638s ]
INFO: [ route_check ] --END-- [ RunTime:0.005251s ]
INFO: [ app_begin ] --START--
INFO: Run ReadHtmlCache Behavior [ RunTime:0.003459s ]
INFO: [ app_begin ] --END-- [ RunTime:0.004046s ]
NOTIC: [2048] Declaration of IndexAction::error() should be compatible with Action::error($message, $jumpUrl = '', $ajax = false) C:\Program Files\EasyPHP-12.1\www\evbeta\Lib\Action\Home\IndexAction.class.php 第 3 行.
INFO: [ view_template ] --START--
INFO: Run LocationTemplate Behavior [ RunTime:0.005607s ]
INFO: [ view_template ] --END-- [ RunTime:0.006217s ]
INFO: [ view_parse ] --START--
INFO: Run ParseTemplate Behavior [ RunTime:0.038299s ]
INFO: [ view_parse ] --END-- [ RunTime:0.038892s ]
INFO: [ view_filter ] --START--
INFO: Run ContentReplace Behavior [ RunTime:0.002561s ]
INFO: Run TokenBuild Behavior [ RunTime:0.002835s ]
INFO: Run WriteHtmlCache Behavior [ RunTime:0.001985s ]
INFO: Run ShowRuntime Behavior [ RunTime:0.003021s ]
INFO: [ view_filter ] --END-- [ RunTime:0.011927s ]
INFO: [ view_end ] --START--
INFO: Run ShowPageTrace Behavior [ RunTime:0.002865s ]
INFO: [ view_end ] --END-- [ RunTime:0.003424s ]

[ 2013-06-13T19:30:19+08:00 ] ERR: (ThinkException) 无法加载模块:img
[ 2013-06-13T19:31:06+08:00 ] 127.0.0.1 /evbeta/Home/Index/
INFO: [ route_check ] --START--
INFO: Run CheckRoute Behavior [ RunTime:0.002526s ]
INFO: [ route_check ] --END-- [ RunTime:0.003139s ]
INFO: [ app_begin ] --START--
INFO: Run ReadHtmlCache Behavior [ RunTime:0.002117s ]
INFO: [ app_begin ] --END-- [ RunTime:0.002719s ]
NOTIC: [2048] Declaration of IndexAction::error() should be compatible with Action::error($message, $jumpUrl = '', $ajax = false) C:\Program Files\EasyPHP-12.1\www\evbeta\Lib\Action\Home\IndexAction.class.php 第 3 行.
INFO: [ view_template ] --START--
INFO: Run LocationTemplate Behavior [ RunTime:0.005363s ]
INFO: [ view_template ] --END-- [ RunTime:0.005951s ]
INFO: [ view_parse ] --START--
INFO: Run ParseTemplate Behavior [ RunTime:0.038130s ]
INFO: [ view_parse ] --END-- [ RunTime:0.038742s ]
INFO: [ view_filter ] --START--
INFO: Run ContentReplace Behavior [ RunTime:0.002866s ]
INFO: Run TokenBuild Behavior [ RunTime:0.002651s ]
INFO: Run WriteHtmlCache Behavior [ RunTime:0.002000s ]
INFO: Run ShowRuntime Behavior [ RunTime:0.003355s ]
INFO: [ view_filter ] --END-- [ RunTime:0.012925s ]
INFO: [ view_end ] --START--
INFO: Run ShowPageTrace Behavior [ RunTime:0.003283s ]
INFO: [ view_end ] --END-- [ RunTime:0.003853s ]

[ 2013-06-13T19:31:06+08:00 ] ERR: (ThinkException) 无法加载模块:img
[ 2013-06-13T19:31:40+08:00 ] 127.0.0.1 /evbeta/Home/Index/
INFO: [ route_check ] --START--
INFO: Run CheckRoute Behavior [ RunTime:0.002340s ]
INFO: [ route_check ] --END-- [ RunTime:0.002951s ]
INFO: [ app_begin ] --START--
INFO: Run ReadHtmlCache Behavior [ RunTime:0.002165s ]
INFO: [ app_begin ] --END-- [ RunTime:0.002769s ]
NOTIC: [2048] Declaration of IndexAction::error() should be compatible with Action::error($message, $jumpUrl = '', $ajax = false) C:\Program Files\EasyPHP-12.1\www\evbeta\Lib\Action\Home\IndexAction.class.php 第 3 行.
INFO: [ view_template ] --START--
INFO: Run LocationTemplate Behavior [ RunTime:0.005484s ]
INFO: [ view_template ] --END-- [ RunTime:0.006077s ]
INFO: [ view_parse ] --START--
INFO: Run ParseTemplate Behavior [ RunTime:0.036986s ]
INFO: [ view_parse ] --END-- [ RunTime:0.037703s ]
INFO: [ view_filter ] --START--
INFO: Run ContentReplace Behavior [ RunTime:0.002548s ]
INFO: Run TokenBuild Behavior [ RunTime:0.002588s ]
INFO: Run WriteHtmlCache Behavior [ RunTime:0.002403s ]
INFO: Run ShowRuntime Behavior [ RunTime:0.003482s ]
INFO: [ view_filter ] --END-- [ RunTime:0.012563s ]
INFO: [ view_end ] --START--
INFO: Run ShowPageTrace Behavior [ RunTime:0.003172s ]
INFO: [ view_end ] --END-- [ RunTime:0.003739s ]

[ 2013-06-13T19:31:40+08:00 ] ERR: (ThinkException) 无法加载模块:img
[ 2013-06-13T19:36:59+08:00 ] 127.0.0.1 /evbeta/Home/Index/
INFO: [ route_check ] --START--
INFO: Run CheckRoute Behavior [ RunTime:0.004503s ]
INFO: [ route_check ] --END-- [ RunTime:0.005149s ]
INFO: [ app_begin ] --START--
INFO: Run ReadHtmlCache Behavior [ RunTime:0.003391s ]
INFO: [ app_begin ] --END-- [ RunTime:0.004086s ]
NOTIC: [2048] Declaration of IndexAction::error() should be compatible with Action::error($message, $jumpUrl = '', $ajax = false) C:\Program Files\EasyPHP-12.1\www\evbeta\Lib\Action\Home\IndexAction.class.php 第 3 行.
INFO: [ view_template ] --START--
INFO: Run LocationTemplate Behavior [ RunTime:0.005324s ]
INFO: [ view_template ] --END-- [ RunTime:0.005938s ]
INFO: [ view_parse ] --START--
INFO: Run ParseTemplate Behavior [ RunTime:0.036902s ]
INFO: [ view_parse ] --END-- [ RunTime:0.037504s ]
INFO: [ view_filter ] --START--
INFO: Run ContentReplace Behavior [ RunTime:0.002522s ]
INFO: Run TokenBuild Behavior [ RunTime:0.002866s ]
INFO: Run WriteHtmlCache Behavior [ RunTime:0.002234s ]
INFO: Run ShowRuntime Behavior [ RunTime:0.003362s ]
INFO: [ view_filter ] --END-- [ RunTime:0.012507s ]
INFO: [ view_end ] --START--
INFO: Run ShowPageTrace Behavior [ RunTime:0.003086s ]
INFO: [ view_end ] --END-- [ RunTime:0.003642s ]

[ 2013-06-13T19:37:00+08:00 ] ERR: (ThinkException) 无法加载模块:img
[ 2013-06-13T19:37:57+08:00 ] 127.0.0.1 /evbeta/Home/Index/
INFO: [ route_check ] --START--
INFO: Run CheckRoute Behavior [ RunTime:0.002752s ]
INFO: [ route_check ] --END-- [ RunTime:0.003401s ]
INFO: [ app_begin ] --START--
INFO: Run ReadHtmlCache Behavior [ RunTime:0.002176s ]
INFO: [ app_begin ] --END-- [ RunTime:0.003054s ]
NOTIC: [2048] Declaration of IndexAction::error() should be compatible with Action::error($message, $jumpUrl = '', $ajax = false) C:\Program Files\EasyPHP-12.1\www\evbeta\Lib\Action\Home\IndexAction.class.php 第 3 行.
INFO: [ view_template ] --START--
INFO: Run LocationTemplate Behavior [ RunTime:0.004587s ]
INFO: [ view_template ] --END-- [ RunTime:0.005162s ]
INFO: [ view_parse ] --START--
INFO: Run ParseTemplate Behavior [ RunTime:0.038043s ]
INFO: [ view_parse ] --END-- [ RunTime:0.038634s ]
INFO: [ view_filter ] --START--
INFO: Run ContentReplace Behavior [ RunTime:0.003122s ]
INFO: Run TokenBuild Behavior [ RunTime:0.002889s ]
INFO: Run WriteHtmlCache Behavior [ RunTime:0.002236s ]
INFO: Run ShowRuntime Behavior [ RunTime:0.003313s ]
INFO: [ view_filter ] --END-- [ RunTime:0.013099s ]
INFO: [ view_end ] --START--
INFO: Run ShowPageTrace Behavior [ RunTime:0.003003s ]
INFO: [ view_end ] --END-- [ RunTime:0.003566s ]

[ 2013-06-13T19:37:58+08:00 ] ERR: (ThinkException) 无法加载模块:img
[ 2013-06-13T19:45:01+08:00 ] 127.0.0.1 /evbeta/Home/Index/
INFO: [ route_check ] --START--
INFO: Run CheckRoute Behavior [ RunTime:0.004163s ]
INFO: [ route_check ] --END-- [ RunTime:0.005077s ]
INFO: [ app_begin ] --START--
INFO: Run ReadHtmlCache Behavior [ RunTime:0.002850s ]
INFO: [ app_begin ] --END-- [ RunTime:0.003740s ]
NOTIC: [2048] Declaration of IndexAction::error() should be compatible with Action::error($message, $jumpUrl = '', $ajax = false) C:\Program Files\EasyPHP-12.1\www\evbeta\Lib\Action\Home\IndexAction.class.php 第 3 行.
INFO: [ view_template ] --START--
INFO: Run LocationTemplate Behavior [ RunTime:0.004524s ]
INFO: [ view_template ] --END-- [ RunTime:0.005096s ]
INFO: [ view_parse ] --START--
INFO: Run ParseTemplate Behavior [ RunTime:0.037564s ]
INFO: [ view_parse ] --END-- [ RunTime:0.038162s ]
INFO: [ view_filter ] --START--
INFO: Run ContentReplace Behavior [ RunTime:0.003250s ]
INFO: Run TokenBuild Behavior [ RunTime:0.003646s ]
INFO: Run WriteHtmlCache Behavior [ RunTime:0.002244s ]
INFO: Run ShowRuntime Behavior [ RunTime:0.004767s ]
INFO: [ view_filter ] --END-- [ RunTime:0.015496s ]
INFO: [ view_end ] --START--
INFO: Run ShowPageTrace Behavior [ RunTime:0.002866s ]
INFO: [ view_end ] --END-- [ RunTime:0.003420s ]

[ 2013-06-13T19:45:01+08:00 ] ERR: (ThinkException) 无法加载模块:img
[ 2013-06-13T19:49:13+08:00 ] 127.0.0.1 /evbeta/Home/Index/
INFO: [ route_check ] --START--
INFO: Run CheckRoute Behavior [ RunTime:0.004552s ]
INFO: [ route_check ] --END-- [ RunTime:0.005225s ]
INFO: [ app_begin ] --START--
INFO: Run ReadHtmlCache Behavior [ RunTime:0.002770s ]
INFO: [ app_begin ] --END-- [ RunTime:0.003362s ]
NOTIC: [2048] Declaration of IndexAction::error() should be compatible with Action::error($message, $jumpUrl = '', $ajax = false) C:\Program Files\EasyPHP-12.1\www\evbeta\Lib\Action\Home\IndexAction.class.php 第 3 行.
INFO: [ view_template ] --START--
INFO: Run LocationTemplate Behavior [ RunTime:0.004513s ]
INFO: [ view_template ] --END-- [ RunTime:0.005088s ]
INFO: [ view_parse ] --START--
INFO: Run ParseTemplate Behavior [ RunTime:0.038377s ]
INFO: [ view_parse ] --END-- [ RunTime:0.038971s ]
INFO: [ view_filter ] --START--
INFO: Run ContentReplace Behavior [ RunTime:0.002756s ]
INFO: Run TokenBuild Behavior [ RunTime:0.002865s ]
INFO: Run WriteHtmlCache Behavior [ RunTime:0.002223s ]
INFO: Run ShowRuntime Behavior [ RunTime:0.003325s ]
INFO: [ view_filter ] --END-- [ RunTime:0.012788s ]
INFO: [ view_end ] --START--
INFO: Run ShowPageTrace Behavior [ RunTime:0.003099s ]
INFO: [ view_end ] --END-- [ RunTime:0.003660s ]

[ 2013-06-13T19:49:13+08:00 ] ERR: (ThinkException) 无法加载模块:img
[ 2013-06-13T19:49:44+08:00 ] 127.0.0.1 /evbeta/Home/Index/
INFO: [ route_check ] --START--
INFO: Run CheckRoute Behavior [ RunTime:0.003088s ]
INFO: [ route_check ] --END-- [ RunTime:0.003814s ]
INFO: [ app_begin ] --START--
INFO: Run ReadHtmlCache Behavior [ RunTime:0.002406s ]
INFO: [ app_begin ] --END-- [ RunTime:0.002994s ]
NOTIC: [2048] Declaration of IndexAction::error() should be compatible with Action::error($message, $jumpUrl = '', $ajax = false) C:\Program Files\EasyPHP-12.1\www\evbeta\Lib\Action\Home\IndexAction.class.php 第 3 行.
INFO: [ view_template ] --START--
INFO: Run LocationTemplate Behavior [ RunTime:0.001620s ]
INFO: [ view_template ] --END-- [ RunTime:0.002196s ]
INFO: [ view_parse ] --START--
INFO: Run ParseTemplate Behavior [ RunTime:0.035450s ]
INFO: [ view_parse ] --END-- [ RunTime:0.036049s ]
INFO: [ view_filter ] --START--
INFO: Run ContentReplace Behavior [ RunTime:0.002014s ]
INFO: Run TokenBuild Behavior [ RunTime:0.001992s ]
INFO: Run WriteHtmlCache Behavior [ RunTime:0.001213s ]
INFO: Run ShowRuntime Behavior [ RunTime:0.002251s ]
INFO: [ view_filter ] --END-- [ RunTime:0.009018s ]
INFO: [ view_end ] --START--
INFO: Run ShowPageTrace Behavior [ RunTime:0.002035s ]
INFO: [ view_end ] --END-- [ RunTime:0.002588s ]

[ 2013-06-13T19:49:44+08:00 ] ERR: (ThinkException) 无法加载模块:img
[ 2013-06-13T19:49:55+08:00 ] 127.0.0.1 /evbeta/Home/Index/
INFO: [ route_check ] --START--
INFO: Run CheckRoute Behavior [ RunTime:0.004494s ]
INFO: [ route_check ] --END-- [ RunTime:0.005132s ]
INFO: [ app_begin ] --START--
INFO: Run ReadHtmlCache Behavior [ RunTime:0.002839s ]
INFO: [ app_begin ] --END-- [ RunTime:0.003426s ]
NOTIC: [2048] Declaration of IndexAction::error() should be compatible with Action::error($message, $jumpUrl = '', $ajax = false) C:\Program Files\EasyPHP-12.1\www\evbeta\Lib\Action\Home\IndexAction.class.php 第 3 行.
INFO: [ view_template ] --START--
INFO: Run LocationTemplate Behavior [ RunTime:0.004989s ]
INFO: [ view_template ] --END-- [ RunTime:0.005581s ]
INFO: [ view_parse ] --START--
INFO: Run ParseTemplate Behavior [ RunTime:0.037331s ]
INFO: [ view_parse ] --END-- [ RunTime:0.037949s ]
INFO: [ view_filter ] --START--
INFO: Run ContentReplace Behavior [ RunTime:0.002979s ]
INFO: Run TokenBuild Behavior [ RunTime:0.002623s ]
INFO: Run WriteHtmlCache Behavior [ RunTime:0.002438s ]
INFO: Run ShowRuntime Behavior [ RunTime:0.003049s ]
INFO: [ view_filter ] --END-- [ RunTime:0.012627s ]
INFO: [ view_end ] --START--
INFO: Run ShowPageTrace Behavior [ RunTime:0.002770s ]
INFO: [ view_end ] --END-- [ RunTime:0.003325s ]

[ 2013-06-13T19:49:55+08:00 ] ERR: (ThinkException) 无法加载模块:img
[ 2013-06-13T19:53:14+08:00 ] 127.0.0.1 /evbeta/Home/Index/
INFO: [ route_check ] --START--
INFO: Run CheckRoute Behavior [ RunTime:0.005294s ]
INFO: [ route_check ] --END-- [ RunTime:0.005944s ]
INFO: [ app_begin ] --START--
INFO: Run ReadHtmlCache Behavior [ RunTime:0.002777s ]
INFO: [ app_begin ] --END-- [ RunTime:0.003464s ]
NOTIC: [2048] Declaration of IndexAction::error() should be compatible with Action::error($message, $jumpUrl = '', $ajax = false) C:\Program Files\EasyPHP-12.1\www\evbeta\Lib\Action\Home\IndexAction.class.php 第 3 行.
INFO: [ view_template ] --START--
INFO: Run LocationTemplate Behavior [ RunTime:0.006247s ]
INFO: [ view_template ] --END-- [ RunTime:0.006845s ]
INFO: [ view_parse ] --START--
INFO: Run ParseTemplate Behavior [ RunTime:0.040805s ]
INFO: [ view_parse ] --END-- [ RunTime:0.041401s ]
INFO: [ view_filter ] --START--
INFO: Run ContentReplace Behavior [ RunTime:0.002469s ]
INFO: Run TokenBuild Behavior [ RunTime:0.002575s ]
INFO: Run WriteHtmlCache Behavior [ RunTime:0.001881s ]
INFO: Run ShowRuntime Behavior [ RunTime:0.002957s ]
INFO: [ view_filter ] --END-- [ RunTime:0.011419s ]
INFO: [ view_end ] --START--
INFO: Run ShowPageTrace Behavior [ RunTime:0.003318s ]
INFO: [ view_end ] --END-- [ RunTime:0.003892s ]

[ 2013-06-13T19:53:14+08:00 ] ERR: (ThinkException) 无法加载模块:img
[ 2013-06-13T19:53:39+08:00 ] 127.0.0.1 /evbeta/Home/Index/
INFO: [ route_check ] --START--
INFO: Run CheckRoute Behavior [ RunTime:0.002522s ]
INFO: [ route_check ] --END-- [ RunTime:0.003311s ]
INFO: [ app_begin ] --START--
INFO: Run ReadHtmlCache Behavior [ RunTime:0.002145s ]
INFO: [ app_begin ] --END-- [ RunTime:0.002734s ]
NOTIC: [2048] Declaration of IndexAction::error() should be compatible with Action::error($message, $jumpUrl = '', $ajax = false) C:\Program Files\EasyPHP-12.1\www\evbeta\Lib\Action\Home\IndexAction.class.php 第 3 行.
INFO: [ view_template ] --START--
INFO: Run LocationTemplate Behavior [ RunTime:0.001544s ]
INFO: [ view_template ] --END-- [ RunTime:0.002116s ]
INFO: [ view_parse ] --START--
INFO: Run ParseTemplate Behavior [ RunTime:0.030645s ]
INFO: [ view_parse ] --END-- [ RunTime:0.031250s ]
INFO: [ view_filter ] --START--
INFO: Run ContentReplace Behavior [ RunTime:0.002158s ]
INFO: Run TokenBuild Behavior [ RunTime:0.001918s ]
INFO: Run WriteHtmlCache Behavior [ RunTime:0.001203s ]
INFO: Run ShowRuntime Behavior [ RunTime:0.002709s ]
INFO: [ view_filter ] --END-- [ RunTime:0.009821s ]
INFO: [ view_end ] --START--
INFO: Run ShowPageTrace Behavior [ RunTime:0.002138s ]
INFO: [ view_end ] --END-- [ RunTime:0.002694s ]

[ 2013-06-13T19:53:40+08:00 ] ERR: (ThinkException) 无法加载模块:img
[ 2013-06-13T19:53:59+08:00 ] 127.0.0.1 /evbeta/Home/Index/
INFO: [ route_check ] --START--
INFO: Run CheckRoute Behavior [ RunTime:0.003073s ]
INFO: [ route_check ] --END-- [ RunTime:0.003754s ]
INFO: [ app_begin ] --START--
INFO: Run ReadHtmlCache Behavior [ RunTime:0.003030s ]
INFO: [ app_begin ] --END-- [ RunTime:0.003744s ]
NOTIC: [2048] Declaration of IndexAction::error() should be compatible with Action::error($message, $jumpUrl = '', $ajax = false) C:\Program Files\EasyPHP-12.1\www\evbeta\Lib\Action\Home\IndexAction.class.php 第 3 行.
INFO: [ view_template ] --START--
INFO: Run LocationTemplate Behavior [ RunTime:0.005055s ]
INFO: [ view_template ] --END-- [ RunTime:0.005663s ]
INFO: [ view_parse ] --START--
INFO: Run ParseTemplate Behavior [ RunTime:0.036151s ]
INFO: [ view_parse ] --END-- [ RunTime:0.036783s ]
INFO: [ view_filter ] --START--
INFO: Run ContentReplace Behavior [ RunTime:0.002488s ]
INFO: Run TokenBuild Behavior [ RunTime:0.002583s ]
INFO: Run WriteHtmlCache Behavior [ RunTime:0.001880s ]
INFO: Run ShowRuntime Behavior [ RunTime:0.005270s ]
INFO: [ view_filter ] --END-- [ RunTime:0.013761s ]
INFO: [ view_end ] --START--
INFO: Run ShowPageTrace Behavior [ RunTime:0.002940s ]
INFO: [ view_end ] --END-- [ RunTime:0.003507s ]

[ 2013-06-13T19:53:59+08:00 ] ERR: (ThinkException) 无法加载模块:img
[ 2013-06-13T19:54:06+08:00 ] 127.0.0.1 /evbeta/Home/Index/
INFO: [ route_check ] --START--
INFO: Run CheckRoute Behavior [ RunTime:0.002334s ]
INFO: [ route_check ] --END-- [ RunTime:0.002957s ]
INFO: [ app_begin ] --START--
INFO: Run ReadHtmlCache Behavior [ RunTime:0.003067s ]
INFO: [ app_begin ] --END-- [ RunTime:0.003910s ]
NOTIC: [2048] Declaration of IndexAction::error() should be compatible with Action::error($message, $jumpUrl = '', $ajax = false) C:\Program Files\EasyPHP-12.1\www\evbeta\Lib\Action\Home\IndexAction.class.php 第 3 行.
INFO: [ view_template ] --START--
INFO: Run LocationTemplate Behavior [ RunTime:0.001564s ]
INFO: [ view_template ] --END-- [ RunTime:0.002133s ]
INFO: [ view_parse ] --START--
INFO: Run ParseTemplate Behavior [ RunTime:0.029374s ]
INFO: [ view_parse ] --END-- [ RunTime:0.029966s ]
INFO: [ view_filter ] --START--
INFO: Run ContentReplace Behavior [ RunTime:0.001750s ]
INFO: Run TokenBuild Behavior [ RunTime:0.001813s ]
INFO: Run WriteHtmlCache Behavior [ RunTime:0.001164s ]
INFO: Run ShowRuntime Behavior [ RunTime:0.002306s ]
INFO: [ view_filter ] --END-- [ RunTime:0.008614s ]
INFO: [ view_end ] --START--
INFO: Run ShowPageTrace Behavior [ RunTime:0.002461s ]
INFO: [ view_end ] --END-- [ RunTime:0.003038s ]

[ 2013-06-13T19:54:06+08:00 ] ERR: (ThinkException) 无法加载模块:img
[ 2013-06-13T20:16:08+08:00 ] 127.0.0.1 /evbeta/Home/Index/
INFO: [ route_check ] --START--
INFO: Run CheckRoute Behavior [ RunTime:0.005190s ]
INFO: [ route_check ] --END-- [ RunTime:0.005826s ]
INFO: [ app_begin ] --START--
INFO: Run ReadHtmlCache Behavior [ RunTime:0.002807s ]
INFO: [ app_begin ] --END-- [ RunTime:0.003401s ]
NOTIC: [2048] Declaration of IndexAction::error() should be compatible with Action::error($message, $jumpUrl = '', $ajax = false) C:\Program Files\EasyPHP-12.1\www\evbeta\Lib\Action\Home\IndexAction.class.php 第 3 行.
INFO: [ view_template ] --START--
INFO: Run LocationTemplate Behavior [ RunTime:0.007237s ]
INFO: [ view_template ] --END-- [ RunTime:0.007887s ]
INFO: [ view_parse ] --START--
INFO: Run ParseTemplate Behavior [ RunTime:0.038701s ]
INFO: [ view_parse ] --END-- [ RunTime:0.039321s ]
INFO: [ view_filter ] --START--
INFO: Run ContentReplace Behavior [ RunTime:0.003059s ]
INFO: Run TokenBuild Behavior [ RunTime:0.003021s ]
INFO: Run WriteHtmlCache Behavior [ RunTime:0.002095s ]
INFO: Run ShowRuntime Behavior [ RunTime:0.003167s ]
INFO: [ view_filter ] --END-- [ RunTime:0.013295s ]
INFO: [ view_end ] --START--
INFO: Run ShowPageTrace Behavior [ RunTime:0.003216s ]
INFO: [ view_end ] --END-- [ RunTime:0.003796s ]

[ 2013-06-13T20:16:08+08:00 ] ERR: (ThinkException) 无法加载模块:img
[ 2013-06-13T20:16:20+08:00 ] 127.0.0.1 /evbeta/Home/Index/
INFO: [ route_check ] --START--
INFO: Run CheckRoute Behavior [ RunTime:0.003311s ]
INFO: [ route_check ] --END-- [ RunTime:0.003996s ]
INFO: [ app_begin ] --START--
INFO: Run ReadHtmlCache Behavior [ RunTime:0.002138s ]
INFO: [ app_begin ] --END-- [ RunTime:0.002769s ]
NOTIC: [2048] Declaration of IndexAction::error() should be compatible with Action::error($message, $jumpUrl = '', $ajax = false) C:\Program Files\EasyPHP-12.1\www\evbeta\Lib\Action\Home\IndexAction.class.php 第 3 行.
INFO: [ view_template ] --START--
INFO: Run LocationTemplate Behavior [ RunTime:0.001565s ]
INFO: [ view_template ] --END-- [ RunTime:0.002133s ]
INFO: [ view_parse ] --START--
INFO: Run ParseTemplate Behavior [ RunTime:0.030393s ]
INFO: [ view_parse ] --END-- [ RunTime:0.031251s ]
INFO: [ view_filter ] --START--
INFO: Run ContentReplace Behavior [ RunTime:0.002291s ]
INFO: Run TokenBuild Behavior [ RunTime:0.001854s ]
INFO: Run WriteHtmlCache Behavior [ RunTime:0.004280s ]
INFO: Run ShowRuntime Behavior [ RunTime:0.002770s ]
INFO: [ view_filter ] --END-- [ RunTime:0.012817s ]
INFO: [ view_end ] --START--
INFO: Run ShowPageTrace Behavior [ RunTime:0.002536s ]
INFO: [ view_end ] --END-- [ RunTime:0.003169s ]

[ 2013-06-13T20:16:20+08:00 ] ERR: (ThinkException) 无法加载模块:img
[ 2013-06-13T20:16:47+08:00 ] 127.0.0.1 /evbeta/Home/Index/
INFO: [ route_check ] --START--
INFO: Run CheckRoute Behavior [ RunTime:0.002727s ]
INFO: [ route_check ] --END-- [ RunTime:0.003413s ]
INFO: [ app_begin ] --START--
INFO: Run ReadHtmlCache Behavior [ RunTime:0.002624s ]
INFO: [ app_begin ] --END-- [ RunTime:0.003216s ]
NOTIC: [2048] Declaration of IndexAction::error() should be compatible with Action::error($message, $jumpUrl = '', $ajax = false) C:\Program Files\EasyPHP-12.1\www\evbeta\Lib\Action\Home\IndexAction.class.php 第 3 行.
INFO: [ view_template ] --START--
INFO: Run LocationTemplate Behavior [ RunTime:0.006005s ]
INFO: [ view_template ] --END-- [ RunTime:0.006673s ]
INFO: [ view_parse ] --START--
INFO: Run ParseTemplate Behavior [ RunTime:0.043601s ]
INFO: [ view_parse ] --END-- [ RunTime:0.044336s ]
INFO: [ view_filter ] --START--
INFO: Run ContentReplace Behavior [ RunTime:0.003036s ]
INFO: Run TokenBuild Behavior [ RunTime:0.002885s ]
INFO: Run WriteHtmlCache Behavior [ RunTime:0.002191s ]
INFO: Run ShowRuntime Behavior [ RunTime:0.003885s ]
INFO: [ view_filter ] --END-- [ RunTime:0.013566s ]
INFO: [ view_end ] --START--
INFO: Run ShowPageTrace Behavior [ RunTime:0.003005s ]
INFO: [ view_end ] --END-- [ RunTime:0.003882s ]

[ 2013-06-13T20:16:47+08:00 ] ERR: (ThinkException) 无法加载模块:img
[ 2013-06-13T20:17:07+08:00 ] 127.0.0.1 /evbeta/Home/Index/news_list
INFO: [ route_check ] --START--
INFO: Run CheckRoute Behavior [ RunTime:0.002485s ]
INFO: [ route_check ] --END-- [ RunTime:0.003116s ]
INFO: [ app_begin ] --START--
INFO: Run ReadHtmlCache Behavior [ RunTime:0.002595s ]
INFO: [ app_begin ] --END-- [ RunTime:0.003179s ]
NOTIC: [2048] Declaration of IndexAction::error() should be compatible with Action::error($message, $jumpUrl = '', $ajax = false) C:\Program Files\EasyPHP-12.1\www\evbeta\Lib\Action\Home\IndexAction.class.php 第 3 行.
INFO: [ view_template ] --START--
INFO: Run LocationTemplate Behavior [ RunTime:0.002205s ]
INFO: [ view_template ] --END-- [ RunTime:0.002931s ]
INFO: [ view_parse ] --START--
INFO: Run ParseTemplate Behavior [ RunTime:0.045517s ]
INFO: [ view_parse ] --END-- [ RunTime:0.046134s ]
INFO: [ view_filter ] --START--
INFO: Run ContentReplace Behavior [ RunTime:0.001990s ]
INFO: Run TokenBuild Behavior [ RunTime:0.002476s ]
INFO: Run WriteHtmlCache Behavior [ RunTime:0.001316s ]
INFO: Run ShowRuntime Behavior [ RunTime:0.002609s ]
INFO: [ view_filter ] --END-- [ RunTime:0.009928s ]
INFO: [ view_end ] --START--
INFO: Run ShowPageTrace Behavior [ RunTime:0.002399s ]
INFO: [ view_end ] --END-- [ RunTime:0.003055s ]

[ 2013-06-13T20:17:07+08:00 ] ERR: (ThinkException) 非法操作:二维码开发
[ 2013-06-13T20:17:07+08:00 ] ERR: (ThinkException) 无法加载模块:img
[ 2013-06-13T20:17:12+08:00 ] ERR: (ThinkException) 无法加载模块:img
[ 2013-06-13T20:17:12+08:00 ] ERR: (ThinkException) 非法操作:二维码开发
[ 2013-06-13T20:17:13+08:00 ] 127.0.0.1 /evbeta/Home/mall/
INFO: [ route_check ] --START--
INFO: Run CheckRoute Behavior [ RunTime:0.002499s ]
INFO: [ route_check ] --END-- [ RunTime:0.003146s ]
INFO: [ app_begin ] --START--
INFO: Run ReadHtmlCache Behavior [ RunTime:0.002483s ]
INFO: [ app_begin ] --END-- [ RunTime:0.003075s ]
INFO: [ view_template ] --START--
INFO: Run LocationTemplate Behavior [ RunTime:0.005504s ]
INFO: [ view_template ] --END-- [ RunTime:0.006128s ]
INFO: [ view_parse ] --START--
INFO: Run ParseTemplate Behavior [ RunTime:0.157338s ]
INFO: [ view_parse ] --END-- [ RunTime:0.158242s ]
INFO: [ view_filter ] --START--
INFO: Run ContentReplace Behavior [ RunTime:0.004753s ]
INFO: Run TokenBuild Behavior [ RunTime:0.002661s ]
INFO: Run WriteHtmlCache Behavior [ RunTime:0.001891s ]
INFO: Run ShowRuntime Behavior [ RunTime:0.003317s ]
INFO: [ view_filter ] --END-- [ RunTime:0.014189s ]
INFO: [ view_end ] --START--
INFO: Run ShowPageTrace Behavior [ RunTime:0.002907s ]
INFO: [ view_end ] --END-- [ RunTime:0.003571s ]

[ 2013-06-13T20:17:13+08:00 ] ERR: (ThinkException) 无法加载模块:img
[ 2013-06-13T20:17:14+08:00 ] ERR: (ThinkException) 无法加载模块:img
[ 2013-06-13T20:25:59+08:00 ] 127.0.0.1 /evbeta/Home/
INFO: [ route_check ] --START--
INFO: Run CheckRoute Behavior [ RunTime:0.004719s ]
INFO: [ route_check ] --END-- [ RunTime:0.005361s ]
INFO: [ app_begin ] --START--
INFO: Run ReadHtmlCache Behavior [ RunTime:0.003206s ]
INFO: [ app_begin ] --END-- [ RunTime:0.004120s ]
NOTIC: [2048] Declaration of IndexAction::error() should be compatible with Action::error($message, $jumpUrl = '', $ajax = false) C:\Program Files\EasyPHP-12.1\www\evbeta\Lib\Action\Home\IndexAction.class.php 第 3 行.
INFO: [ view_template ] --START--
INFO: Run LocationTemplate Behavior [ RunTime:0.004751s ]
INFO: [ view_template ] --END-- [ RunTime:0.005354s ]
INFO: [ view_parse ] --START--
INFO: Run ParseTemplate Behavior [ RunTime:0.041768s ]
INFO: [ view_parse ] --END-- [ RunTime:0.042576s ]
INFO: [ view_filter ] --START--
INFO: Run ContentReplace Behavior [ RunTime:0.002754s ]
INFO: Run TokenBuild Behavior [ RunTime:0.002938s ]
INFO: Run WriteHtmlCache Behavior [ RunTime:0.002668s ]
INFO: Run ShowRuntime Behavior [ RunTime:0.003443s ]
INFO: [ view_filter ] --END-- [ RunTime:0.013561s ]
INFO: [ view_end ] --START--
INFO: Run ShowPageTrace Behavior [ RunTime:0.003339s ]
INFO: [ view_end ] --END-- [ RunTime:0.003909s ]

[ 2013-06-13T20:26:00+08:00 ] ERR: (ThinkException) 无法加载模块:img
[ 2013-06-13T20:27:16+08:00 ] 127.0.0.1 /evbeta/Home/
INFO: [ route_check ] --START--
INFO: Run CheckRoute Behavior [ RunTime:0.003361s ]
INFO: [ route_check ] --END-- [ RunTime:0.004188s ]
INFO: [ app_begin ] --START--
INFO: Run ReadHtmlCache Behavior [ RunTime:0.002685s ]
INFO: [ app_begin ] --END-- [ RunTime:0.003596s ]
NOTIC: [2048] Declaration of IndexAction::error() should be compatible with Action::error($message, $jumpUrl = '', $ajax = false) C:\Program Files\EasyPHP-12.1\www\evbeta\Lib\Action\Home\IndexAction.class.php 第 3 行.
INFO: [ view_template ] --START--
INFO: Run LocationTemplate Behavior [ RunTime:0.001998s ]
INFO: [ view_template ] --END-- [ RunTime:0.002682s ]
INFO: [ view_parse ] --START--
INFO: Run ParseTemplate Behavior [ RunTime:0.037621s ]
INFO: [ view_parse ] --END-- [ RunTime:0.038406s ]
INFO: [ view_filter ] --START--
INFO: Run ContentReplace Behavior [ RunTime:0.001948s ]
INFO: Run TokenBuild Behavior [ RunTime:0.001976s ]
INFO: Run WriteHtmlCache Behavior [ RunTime:0.001209s ]
INFO: Run ShowRuntime Behavior [ RunTime:0.002634s ]
INFO: [ view_filter ] --END-- [ RunTime:0.009623s ]
INFO: [ view_end ] --START--
INFO: Run ShowPageTrace Behavior [ RunTime:0.002695s ]
INFO: [ view_end ] --END-- [ RunTime:0.003469s ]

[ 2013-06-13T20:27:16+08:00 ] ERR: (ThinkException) 无法加载模块:img
