[ 2013-04-27T03:13:04+08:00 ] 117.24.0.12 /evbeta/Admin
INFO: [ route_check ] --START--
INFO: Run CheckRoute Behavior [ RunTime:0.000803s ]
INFO: [ route_check ] --END-- [ RunTime:0.000913s ]
INFO: [ app_begin ] --START--
INFO: Run ReadHtmlCache Behavior [ RunTime:0.000565s ]
INFO: [ app_begin ] --END-- [ RunTime:0.000646s ]
INFO: [ view_template ] --START--
INFO: Run LocationTemplate Behavior [ RunTime:0.000374s ]
INFO: [ view_template ] --END-- [ RunTime:0.000469s ]
INFO: [ view_parse ] --START--
INFO: Run ParseTemplate Behavior [ RunTime:0.012706s ]
INFO: [ view_parse ] --END-- [ RunTime:0.012868s ]
INFO: [ view_filter ] --START--
INFO: Run ContentReplace Behavior [ RunTime:0.000402s ]
INFO: Run TokenBuild Behavior [ RunTime:0.000534s ]
INFO: Run WriteHtmlCache Behavior [ RunTime:0.000198s ]
INFO: Run ShowRuntime Behavior [ RunTime:0.000467s ]
INFO: [ view_filter ] --END-- [ RunTime:0.001922s ]
INFO: [ view_end ] --START--
INFO: Run ShowPageTrace Behavior [ RunTime:0.000801s ]
INFO: [ view_end ] --END-- [ RunTime:0.000907s ]

[ 2013-04-27T03:13:05+08:00 ] ERR: (ThinkException) 无法加载模块:js
[ 2013-04-27T03:13:05+08:00 ] ERR: (ThinkException) 无法加载模块:js
[ 2013-04-27T03:13:05+08:00 ] ERR: (ThinkException) 无法加载模块:js
[ 2013-04-27T03:13:05+08:00 ] ERR: (ThinkException) 无法加载模块:js
[ 2013-04-27T03:13:05+08:00 ] ERR: (ThinkException) 无法加载模块:js
[ 2013-04-27T03:13:05+08:00 ] ERR: (ThinkException) 无法加载模块:img
[ 2013-04-27T03:13:05+08:00 ] ERR: (ThinkException) 无法加载模块:img
[ 2013-04-27T03:13:05+08:00 ] ERR: (ThinkException) 无法加载模块:img
[ 2013-04-27T03:13:05+08:00 ] ERR: (ThinkException) 无法加载模块:Public
[ 2013-04-27T03:19:22+08:00 ] 117.24.0.12 /evbeta/Admin
INFO: [ route_check ] --START--
INFO: Run CheckRoute Behavior [ RunTime:0.001583s ]
INFO: [ route_check ] --END-- [ RunTime:0.001831s ]
INFO: [ app_begin ] --START--
INFO: Run ReadHtmlCache Behavior [ RunTime:0.000830s ]
INFO: [ app_begin ] --END-- [ RunTime:0.001035s ]
INFO: [ view_template ] --START--
INFO: Run LocationTemplate Behavior [ RunTime:0.000534s ]
INFO: [ view_template ] --END-- [ RunTime:0.000658s ]
INFO: [ view_parse ] --START--
INFO: Run ParseTemplate Behavior [ RunTime:0.019558s ]
INFO: [ view_parse ] --END-- [ RunTime:0.019799s ]
INFO: [ view_filter ] --START--
INFO: Run ContentReplace Behavior [ RunTime:0.000579s ]
INFO: Run TokenBuild Behavior [ RunTime:0.000518s ]
INFO: Run WriteHtmlCache Behavior [ RunTime:0.000317s ]
INFO: Run ShowRuntime Behavior [ RunTime:0.000703s ]
INFO: [ view_filter ] --END-- [ RunTime:0.002651s ]
INFO: [ view_end ] --START--
INFO: Run ShowPageTrace Behavior [ RunTime:0.000886s ]
INFO: [ view_end ] --END-- [ RunTime:0.001084s ]

[ 2013-04-27T03:19:22+08:00 ] ERR: (ThinkException) 无法加载模块:Public
[ 2013-04-27T03:19:22+08:00 ] ERR: (ThinkException) 无法加载模块:Public
[ 2013-04-27T03:19:29+08:00 ] 117.24.0.12 /evbeta/Admin
INFO: [ route_check ] --START--
INFO: Run CheckRoute Behavior [ RunTime:0.001316s ]
INFO: [ route_check ] --END-- [ RunTime:0.001495s ]
INFO: [ app_begin ] --START--
INFO: Run ReadHtmlCache Behavior [ RunTime:0.000896s ]
INFO: [ app_begin ] --END-- [ RunTime:0.001007s ]
INFO: [ view_template ] --START--
INFO: Run LocationTemplate Behavior [ RunTime:0.000354s ]
INFO: [ view_template ] --END-- [ RunTime:0.000466s ]
INFO: [ view_parse ] --START--
INFO: Run ParseTemplate Behavior [ RunTime:0.019388s ]
INFO: [ view_parse ] --END-- [ RunTime:0.019562s ]
INFO: [ view_filter ] --START--
INFO: Run ContentReplace Behavior [ RunTime:0.000672s ]
INFO: Run TokenBuild Behavior [ RunTime:0.000509s ]
INFO: Run WriteHtmlCache Behavior [ RunTime:0.000371s ]
INFO: Run ShowRuntime Behavior [ RunTime:0.000769s ]
INFO: [ view_filter ] --END-- [ RunTime:0.002668s ]
INFO: [ view_end ] --START--
INFO: Run ShowPageTrace Behavior [ RunTime:0.000925s ]
INFO: [ view_end ] --END-- [ RunTime:0.001040s ]

[ 2013-04-27T03:19:38+08:00 ] 117.24.0.12 /evbeta/Admin
INFO: [ route_check ] --START--
INFO: Run CheckRoute Behavior [ RunTime:0.001332s ]
INFO: [ route_check ] --END-- [ RunTime:0.001561s ]
INFO: [ app_begin ] --START--
INFO: Run ReadHtmlCache Behavior [ RunTime:0.000836s ]
INFO: [ app_begin ] --END-- [ RunTime:0.000958s ]
INFO: [ view_template ] --START--
INFO: Run LocationTemplate Behavior [ RunTime:0.000432s ]
INFO: [ view_template ] --END-- [ RunTime:0.000562s ]
INFO: [ view_parse ] --START--
INFO: Run ParseTemplate Behavior [ RunTime:0.019314s ]
INFO: [ view_parse ] --END-- [ RunTime:0.019554s ]
INFO: [ view_filter ] --START--
INFO: Run ContentReplace Behavior [ RunTime:0.000615s ]
INFO: Run TokenBuild Behavior [ RunTime:0.000530s ]
INFO: Run WriteHtmlCache Behavior [ RunTime:0.000306s ]
INFO: Run ShowRuntime Behavior [ RunTime:0.000710s ]
INFO: [ view_filter ] --END-- [ RunTime:0.002549s ]
INFO: [ view_end ] --START--
INFO: Run ShowPageTrace Behavior [ RunTime:0.000912s ]
INFO: [ view_end ] --END-- [ RunTime:0.001062s ]

[ 2013-04-27T03:19:38+08:00 ] ERR: (ThinkException) 无法加载模块:Public
[ 2013-04-27T03:19:38+08:00 ] ERR: (ThinkException) 无法加载模块:Public
[ 2013-04-27T03:19:43+08:00 ] ERR: (ThinkException) 无法加载模块:img
[ 2013-04-27T03:19:43+08:00 ] ERR: (ThinkException) 无法加载模块:img
[ 2013-04-27T03:19:43+08:00 ] ERR: (ThinkException) 无法加载模块:img
[ 2013-04-27T03:19:43+08:00 ] ERR: (ThinkException) 无法加载模块:Public
[ 2013-04-27T03:23:04+08:00 ] ERR: (ThinkException) 无法加载模块:Public
[ 2013-04-27T03:23:04+08:00 ] ERR: (ThinkException) 无法加载模块:Public
[ 2013-04-27T03:23:04+08:00 ] ERR: (ThinkException) 无法加载模块:img
[ 2013-04-27T03:23:04+08:00 ] ERR: (ThinkException) 无法加载模块:img
[ 2013-04-27T03:23:04+08:00 ] ERR: (ThinkException) 无法加载模块:img
[ 2013-04-27T03:23:04+08:00 ] ERR: (ThinkException) 无法加载模块:Public
[ 2013-04-27T03:23:45+08:00 ] 117.24.0.12 /evbeta/Admin
INFO: [ route_check ] --START--
INFO: Run CheckRoute Behavior [ RunTime:0.000823s ]
INFO: [ route_check ] --END-- [ RunTime:0.000924s ]
INFO: [ app_begin ] --START--
INFO: Run ReadHtmlCache Behavior [ RunTime:0.000553s ]
INFO: [ app_begin ] --END-- [ RunTime:0.000655s ]
INFO: [ view_template ] --START--
INFO: Run LocationTemplate Behavior [ RunTime:0.000394s ]
INFO: [ view_template ] --END-- [ RunTime:0.000571s ]
INFO: [ view_parse ] --START--
INFO: Run ParseTemplate Behavior [ RunTime:0.011953s ]
INFO: [ view_parse ] --END-- [ RunTime:0.012102s ]
INFO: [ view_filter ] --START--
INFO: Run ContentReplace Behavior [ RunTime:0.000486s ]
INFO: Run TokenBuild Behavior [ RunTime:0.000391s ]
INFO: Run WriteHtmlCache Behavior [ RunTime:0.000228s ]
INFO: Run ShowRuntime Behavior [ RunTime:0.000505s ]
INFO: [ view_filter ] --END-- [ RunTime:0.001881s ]
INFO: [ view_end ] --START--
INFO: Run ShowPageTrace Behavior [ RunTime:0.000670s ]
INFO: [ view_end ] --END-- [ RunTime:0.000770s ]

[ 2013-04-27T03:23:45+08:00 ] ERR: (ThinkException) 无法加载模块:img
[ 2013-04-27T03:23:45+08:00 ] ERR: (ThinkException) 无法加载模块:img
[ 2013-04-27T03:23:45+08:00 ] ERR: (ThinkException) 无法加载模块:Public
[ 2013-04-27T03:26:09+08:00 ] 117.24.0.12 /evbeta/Admin
INFO: [ route_check ] --START--
INFO: Run CheckRoute Behavior [ RunTime:0.000932s ]
INFO: [ route_check ] --END-- [ RunTime:0.001043s ]
INFO: [ app_begin ] --START--
INFO: Run ReadHtmlCache Behavior [ RunTime:0.000627s ]
INFO: [ app_begin ] --END-- [ RunTime:0.000715s ]
INFO: [ view_template ] --START--
INFO: Run LocationTemplate Behavior [ RunTime:0.000264s ]
INFO: [ view_template ] --END-- [ RunTime:0.000349s ]
INFO: [ view_parse ] --START--
INFO: Run ParseTemplate Behavior [ RunTime:0.012654s ]
INFO: [ view_parse ] --END-- [ RunTime:0.012809s ]
INFO: [ view_filter ] --START--
INFO: Run ContentReplace Behavior [ RunTime:0.000460s ]
INFO: Run TokenBuild Behavior [ RunTime:0.000372s ]
INFO: Run WriteHtmlCache Behavior [ RunTime:0.000211s ]
INFO: Run ShowRuntime Behavior [ RunTime:0.000492s ]
INFO: [ view_filter ] --END-- [ RunTime:0.001811s ]
INFO: [ view_end ] --START--
INFO: Run ShowPageTrace Behavior [ RunTime:0.000652s ]
INFO: [ view_end ] --END-- [ RunTime:0.000757s ]

[ 2013-04-27T03:26:09+08:00 ] ERR: (ThinkException) 无法加载模块:img
[ 2013-04-27T03:26:09+08:00 ] ERR: (ThinkException) 无法加载模块:img
[ 2013-04-27T03:27:45+08:00 ] ERR: (ThinkException) 无法加载模块:img
[ 2013-04-27T03:35:29+08:00 ] ERR: (ThinkException) 无法加载模块:img
[ 2013-04-27T03:38:23+08:00 ] 117.24.0.12 /evbeta/Admin
INFO: [ route_check ] --START--
INFO: Run CheckRoute Behavior [ RunTime:0.000832s ]
INFO: [ route_check ] --END-- [ RunTime:0.000946s ]
INFO: [ app_begin ] --START--
INFO: Run ReadHtmlCache Behavior [ RunTime:0.000554s ]
INFO: [ app_begin ] --END-- [ RunTime:0.000629s ]
INFO: [ view_template ] --START--
INFO: Run LocationTemplate Behavior [ RunTime:0.000293s ]
INFO: [ view_template ] --END-- [ RunTime:0.000370s ]
INFO: [ view_parse ] --START--
INFO: Run ParseTemplate Behavior [ RunTime:0.012293s ]
INFO: [ view_parse ] --END-- [ RunTime:0.012408s ]
INFO: [ view_filter ] --START--
INFO: Run ContentReplace Behavior [ RunTime:0.000397s ]
INFO: Run TokenBuild Behavior [ RunTime:0.000346s ]
INFO: Run WriteHtmlCache Behavior [ RunTime:0.000176s ]
INFO: Run ShowRuntime Behavior [ RunTime:0.000490s ]
INFO: [ view_filter ] --END-- [ RunTime:0.001646s ]
INFO: [ view_end ] --START--
INFO: Run ShowPageTrace Behavior [ RunTime:0.000638s ]
INFO: [ view_end ] --END-- [ RunTime:0.000727s ]

[ 2013-04-27T03:38:23+08:00 ] ERR: (ThinkException) 无法加载模块:img
[ 2013-04-27T03:39:52+08:00 ] 117.24.0.12 /evbeta/Admin
INFO: [ route_check ] --START--
INFO: Run CheckRoute Behavior [ RunTime:0.001427s ]
INFO: [ route_check ] --END-- [ RunTime:0.001598s ]
INFO: [ app_begin ] --START--
INFO: Run ReadHtmlCache Behavior [ RunTime:0.000969s ]
INFO: [ app_begin ] --END-- [ RunTime:0.001125s ]
INFO: [ view_template ] --START--
INFO: Run LocationTemplate Behavior [ RunTime:0.000536s ]
INFO: [ view_template ] --END-- [ RunTime:0.000685s ]
INFO: [ view_parse ] --START--
INFO: Run ParseTemplate Behavior [ RunTime:0.017640s ]
INFO: [ view_parse ] --END-- [ RunTime:0.017889s ]
INFO: [ view_filter ] --START--
INFO: Run ContentReplace Behavior [ RunTime:0.000529s ]
INFO: Run TokenBuild Behavior [ RunTime:0.000557s ]
INFO: Run WriteHtmlCache Behavior [ RunTime:0.000253s ]
INFO: Run ShowRuntime Behavior [ RunTime:0.000695s ]
INFO: [ view_filter ] --END-- [ RunTime:0.002368s ]
INFO: [ view_end ] --START--
INFO: Run ShowPageTrace Behavior [ RunTime:0.000850s ]
INFO: [ view_end ] --END-- [ RunTime:0.000979s ]

[ 2013-04-27T03:42:27+08:00 ] ERR: (ThinkException) 无法加载模块:mall
[ 2013-04-27T03:42:52+08:00 ] ERR: (ThinkException) 无法加载模块:mall
[ 2013-04-27T03:42:54+08:00 ] ERR: (ThinkException) 无法加载模块:mall
[ 2013-04-27T03:42:54+08:00 ] ERR: (ThinkException) 无法加载模块:mall
[ 2013-04-27T03:42:55+08:00 ] ERR: (ThinkException) 无法加载模块:mall
[ 2013-04-27T03:43:11+08:00 ] 117.24.0.12 /evbeta/Admin/
INFO: [ route_check ] --START--
INFO: Run CheckRoute Behavior [ RunTime:0.000958s ]
INFO: [ route_check ] --END-- [ RunTime:0.001091s ]
INFO: [ app_begin ] --START--
INFO: Run ReadHtmlCache Behavior [ RunTime:0.000585s ]
INFO: [ app_begin ] --END-- [ RunTime:0.000675s ]
INFO: [ view_template ] --START--
INFO: Run LocationTemplate Behavior [ RunTime:0.000320s ]
INFO: [ view_template ] --END-- [ RunTime:0.000426s ]
INFO: [ view_parse ] --START--
INFO: Run ParseTemplate Behavior [ RunTime:0.013172s ]
INFO: [ view_parse ] --END-- [ RunTime:0.013305s ]
INFO: [ view_filter ] --START--
INFO: Run ContentReplace Behavior [ RunTime:0.000449s ]
INFO: Run TokenBuild Behavior [ RunTime:0.000353s ]
INFO: Run WriteHtmlCache Behavior [ RunTime:0.000187s ]
INFO: Run ShowRuntime Behavior [ RunTime:0.000638s ]
INFO: [ view_filter ] --END-- [ RunTime:0.001950s ]
INFO: [ view_end ] --START--
INFO: Run ShowPageTrace Behavior [ RunTime:0.000846s ]
INFO: [ view_end ] --END-- [ RunTime:0.000963s ]

[ 2013-04-27T03:44:28+08:00 ] 117.24.0.12 /evbeta/Admin/
INFO: [ route_check ] --START--
INFO: Run CheckRoute Behavior [ RunTime:0.000895s ]
INFO: [ route_check ] --END-- [ RunTime:0.000999s ]
INFO: [ app_begin ] --START--
INFO: Run ReadHtmlCache Behavior [ RunTime:0.000529s ]
INFO: [ app_begin ] --END-- [ RunTime:0.000605s ]
INFO: [ view_template ] --START--
INFO: Run LocationTemplate Behavior [ RunTime:0.000309s ]
INFO: [ view_template ] --END-- [ RunTime:0.000393s ]
INFO: [ view_parse ] --START--
INFO: Run ParseTemplate Behavior [ RunTime:0.011449s ]
INFO: [ view_parse ] --END-- [ RunTime:0.011584s ]
INFO: [ view_filter ] --START--
INFO: Run ContentReplace Behavior [ RunTime:0.000396s ]
INFO: Run TokenBuild Behavior [ RunTime:0.000321s ]
INFO: Run WriteHtmlCache Behavior [ RunTime:0.000202s ]
INFO: Run ShowRuntime Behavior [ RunTime:0.000468s ]
INFO: [ view_filter ] --END-- [ RunTime:0.001602s ]
INFO: [ view_end ] --START--
INFO: Run ShowPageTrace Behavior [ RunTime:0.000588s ]
INFO: [ view_end ] --END-- [ RunTime:0.000672s ]

[ 2013-04-27T03:44:30+08:00 ] ERR: (ThinkException) 无法加载模块:Tpl
[ 2013-04-27T03:44:30+08:00 ] ERR: (ThinkException) 无法加载模块:Tpl
[ 2013-04-27T03:44:30+08:00 ] ERR: (ThinkException) 无法加载模块:Tpl
[ 2013-04-27T03:44:30+08:00 ] ERR: (ThinkException) 无法加载模块:Tpl
[ 2013-04-27T03:44:31+08:00 ] ERR: (ThinkException) 无法加载模块:Tpl
[ 2013-04-27T03:44:31+08:00 ] ERR: (ThinkException) 无法加载模块:Tpl
[ 2013-04-27T03:44:31+08:00 ] ERR: (ThinkException) 无法加载模块:Tpl
[ 2013-04-27T03:54:52+08:00 ] ERR: (ThinkException) 无法加载模块:__PUBLIC__
[ 2013-04-27T03:54:52+08:00 ] ERR: (ThinkException) 无法加载模块:__PUBLIC__
[ 2013-04-27T03:54:52+08:00 ] ERR: (ThinkException) 无法加载模块:__PUBLIC__
[ 2013-04-27T03:54:52+08:00 ] ERR: (ThinkException) 无法加载模块:__PUBLIC__
[ 2013-04-27T03:54:52+08:00 ] ERR: (ThinkException) 无法加载模块:__PUBLIC__
[ 2013-04-27T03:54:52+08:00 ] ERR: (ThinkException) 无法加载模块:Tpl
[ 2013-04-27T03:54:52+08:00 ] ERR: (ThinkException) 无法加载模块:__PUBLIC__
[ 2013-04-27T03:57:58+08:00 ] ERR: (ThinkException) 无法加载模块:__PUBLIC__
[ 2013-04-27T03:57:58+08:00 ] ERR: (ThinkException) 无法加载模块:__PUBLIC__
[ 2013-04-27T03:57:58+08:00 ] ERR: (ThinkException) 无法加载模块:__PUBLIC__
[ 2013-04-27T03:57:58+08:00 ] ERR: (ThinkException) 无法加载模块:__PUBLIC__
[ 2013-04-27T03:57:58+08:00 ] ERR: (ThinkException) 无法加载模块:__PUBLIC__
[ 2013-04-27T03:57:58+08:00 ] ERR: (ThinkException) 无法加载模块:Tpl
[ 2013-04-27T03:57:58+08:00 ] ERR: (ThinkException) 无法加载模块:__PUBLIC__
[ 2013-04-27T03:58:52+08:00 ] ERR: (ThinkException) 无法加载模块:__PUBLIC__
[ 2013-04-27T03:58:52+08:00 ] ERR: (ThinkException) 无法加载模块:__PUBLIC__
[ 2013-04-27T03:58:52+08:00 ] ERR: (ThinkException) 无法加载模块:__PUBLIC__
[ 2013-04-27T03:58:52+08:00 ] ERR: (ThinkException) 无法加载模块:__PUBLIC__
[ 2013-04-27T03:58:52+08:00 ] ERR: (ThinkException) 无法加载模块:__PUBLIC__
[ 2013-04-27T03:58:52+08:00 ] ERR: (ThinkException) 无法加载模块:__PUBLIC__
[ 2013-04-27T03:58:52+08:00 ] ERR: (ThinkException) 无法加载模块:Tpl
[ 2013-04-27T03:59:33+08:00 ] ERR: (ThinkException) 无法加载模块:__PUBLIC__
[ 2013-04-27T04:01:03+08:00 ] ERR: (ThinkException) 无法加载模块:__PUBLIC__
[ 2013-04-27T04:01:29+08:00 ] ERR: (ThinkException) 无法加载模块:__PUBLIC__
[ 2013-04-27T04:01:29+08:00 ] ERR: (ThinkException) 无法加载模块:__PUBLIC__
[ 2013-04-27T04:01:29+08:00 ] ERR: (ThinkException) 无法加载模块:__PUBLIC__
[ 2013-04-27T04:01:29+08:00 ] ERR: (ThinkException) 无法加载模块:__PUBLIC__
[ 2013-04-27T04:01:29+08:00 ] ERR: (ThinkException) 无法加载模块:__PUBLIC__
[ 2013-04-27T04:01:30+08:00 ] ERR: (ThinkException) 无法加载模块:Tpl
[ 2013-04-27T04:01:30+08:00 ] ERR: (ThinkException) 无法加载模块:__PUBLIC__
[ 2013-04-27T04:02:56+08:00 ] ERR: (ThinkException) 无法加载模块:__PUBLIC__
[ 2013-04-27T04:02:56+08:00 ] ERR: (ThinkException) 无法加载模块:__PUBLIC__
[ 2013-04-27T04:02:56+08:00 ] ERR: (ThinkException) 无法加载模块:__PUBLIC__
[ 2013-04-27T04:02:56+08:00 ] ERR: (ThinkException) 无法加载模块:__PUBLIC__
[ 2013-04-27T04:02:56+08:00 ] ERR: (ThinkException) 无法加载模块:__PUBLIC__
[ 2013-04-27T04:02:56+08:00 ] ERR: (ThinkException) 无法加载模块:__PUBLIC__
[ 2013-04-27T04:02:56+08:00 ] ERR: (ThinkException) 无法加载模块:Tpl
[ 2013-04-27T04:03:10+08:00 ] ERR: (ThinkException) 无法加载模块:Tpl
[ 2013-04-27T04:03:19+08:00 ] 117.24.0.12 /evbeta/Admin
INFO: [ route_check ] --START--
INFO: Run CheckRoute Behavior [ RunTime:0.001262s ]
INFO: [ route_check ] --END-- [ RunTime:0.001397s ]
INFO: [ app_begin ] --START--
INFO: Run ReadHtmlCache Behavior [ RunTime:0.000616s ]
INFO: [ app_begin ] --END-- [ RunTime:0.000716s ]
INFO: [ view_template ] --START--
INFO: Run LocationTemplate Behavior [ RunTime:0.000283s ]
INFO: [ view_template ] --END-- [ RunTime:0.000388s ]
INFO: [ view_parse ] --START--
INFO: Run ParseTemplate Behavior [ RunTime:0.014788s ]
INFO: [ view_parse ] --END-- [ RunTime:0.014940s ]
INFO: [ view_filter ] --START--
INFO: Run ContentReplace Behavior [ RunTime:0.000394s ]
INFO: Run TokenBuild Behavior [ RunTime:0.000320s ]
INFO: Run WriteHtmlCache Behavior [ RunTime:0.000176s ]
INFO: Run ShowRuntime Behavior [ RunTime:0.000458s ]
INFO: [ view_filter ] --END-- [ RunTime:0.001559s ]
INFO: [ view_end ] --START--
INFO: Run ShowPageTrace Behavior [ RunTime:0.000527s ]
INFO: [ view_end ] --END-- [ RunTime:0.000600s ]

[ 2013-04-27T04:03:21+08:00 ] ERR: (ThinkException) 无法加载模块:Tpl
[ 2013-04-27T04:03:34+08:00 ] ERR: (ThinkException) 无法加载模块:__PUBLIC__
[ 2013-04-27T04:03:34+08:00 ] ERR: (ThinkException) 无法加载模块:__PUBLIC__
[ 2013-04-27T04:03:35+08:00 ] ERR: (ThinkException) 无法加载模块:__PUBLIC__
[ 2013-04-27T04:03:35+08:00 ] ERR: (ThinkException) 无法加载模块:__PUBLIC__
[ 2013-04-27T04:03:35+08:00 ] ERR: (ThinkException) 无法加载模块:__PUBLIC__
[ 2013-04-27T04:03:35+08:00 ] ERR: (ThinkException) 无法加载模块:__PUBLIC__
[ 2013-04-27T04:07:38+08:00 ] ERR: (ThinkException) 无法加载模块:__PUBLIC__
[ 2013-04-27T04:07:38+08:00 ] ERR: (ThinkException) 无法加载模块:__PUBLIC__
[ 2013-04-27T04:07:38+08:00 ] ERR: (ThinkException) 无法加载模块:__PUBLIC__
[ 2013-04-27T04:07:38+08:00 ] ERR: (ThinkException) 无法加载模块:__PUBLIC__
[ 2013-04-27T04:07:38+08:00 ] ERR: (ThinkException) 无法加载模块:__PUBLIC__
[ 2013-04-27T04:07:38+08:00 ] ERR: (ThinkException) 无法加载模块:__PUBLIC__
[ 2013-04-27T04:08:07+08:00 ] 117.24.0.12 /evbeta/Admin/Index/mall
INFO: [ route_check ] --START--
INFO: Run CheckRoute Behavior [ RunTime:0.001142s ]
INFO: [ route_check ] --END-- [ RunTime:0.001350s ]
INFO: [ app_begin ] --START--
INFO: Run ReadHtmlCache Behavior [ RunTime:0.000752s ]
INFO: [ app_begin ] --END-- [ RunTime:0.000865s ]
INFO: [ view_template ] --START--
INFO: Run LocationTemplate Behavior [ RunTime:0.000408s ]
INFO: [ view_template ] --END-- [ RunTime:0.000533s ]
INFO: [ view_parse ] --START--
INFO: Run ParseTemplate Behavior [ RunTime:0.023516s ]
INFO: [ view_parse ] --END-- [ RunTime:0.023721s ]
INFO: [ view_filter ] --START--
INFO: Run ContentReplace Behavior [ RunTime:0.000755s ]
INFO: Run TokenBuild Behavior [ RunTime:0.000548s ]
INFO: Run WriteHtmlCache Behavior [ RunTime:0.000281s ]
INFO: Run ShowRuntime Behavior [ RunTime:0.000688s ]
INFO: [ view_filter ] --END-- [ RunTime:0.002628s ]
INFO: [ view_end ] --START--
INFO: Run ShowPageTrace Behavior [ RunTime:0.000935s ]
INFO: [ view_end ] --END-- [ RunTime:0.001066s ]

[ 2013-04-27T04:08:07+08:00 ] ERR: (ThinkException) 无法加载模块:Public
[ 2013-04-27T04:08:07+08:00 ] ERR: (ThinkException) 非法操作:js
[ 2013-04-27T04:08:07+08:00 ] ERR: (ThinkException) 无法加载模块:Public
[ 2013-04-27T04:08:07+08:00 ] ERR: (ThinkException) 无法加载模块:Public
[ 2013-04-27T04:08:07+08:00 ] ERR: (ThinkException) 无法加载模块:Public
[ 2013-04-27T04:08:07+08:00 ] ERR: (ThinkException) 无法加载模块:Public
[ 2013-04-27T04:08:08+08:00 ] ERR: (ThinkException) 无法加载模块:Public
[ 2013-04-27T04:08:11+08:00 ] ERR: (ThinkException) 无法加载模块:Public
[ 2013-04-27T04:13:02+08:00 ] ERR: (ThinkException) 无法加载模块:mall
[ 2013-04-27T04:13:54+08:00 ] 117.24.0.12 /evbeta/Admin/mall/
INFO: [ route_check ] --START--
INFO: Run CheckRoute Behavior [ RunTime:0.001216s ]
INFO: [ route_check ] --END-- [ RunTime:0.001388s ]
INFO: [ app_begin ] --START--
INFO: Run ReadHtmlCache Behavior [ RunTime:0.000766s ]
INFO: [ app_begin ] --END-- [ RunTime:0.000942s ]
INFO: [ view_template ] --START--
INFO: Run LocationTemplate Behavior [ RunTime:0.000448s ]
INFO: [ view_template ] --END-- [ RunTime:0.000580s ]
INFO: [ view_parse ] --START--
INFO: Run ParseTemplate Behavior [ RunTime:0.017658s ]
INFO: [ view_parse ] --END-- [ RunTime:0.017831s ]
INFO: [ view_filter ] --START--
INFO: Run ContentReplace Behavior [ RunTime:0.000450s ]
INFO: Run TokenBuild Behavior [ RunTime:0.000382s ]
INFO: Run WriteHtmlCache Behavior [ RunTime:0.000200s ]
INFO: Run ShowRuntime Behavior [ RunTime:0.000433s ]
INFO: [ view_filter ] --END-- [ RunTime:0.001726s ]
INFO: [ view_end ] --START--
INFO: Run ShowPageTrace Behavior [ RunTime:0.000621s ]
INFO: [ view_end ] --END-- [ RunTime:0.000698s ]

[ 2013-04-27T04:13:54+08:00 ] ERR: (ThinkException) 无法加载模块:Public
[ 2013-04-27T04:13:54+08:00 ] ERR: (ThinkException) 非法操作:js
[ 2013-04-27T04:13:54+08:00 ] ERR: (ThinkException) 无法加载模块:Public
[ 2013-04-27T04:13:54+08:00 ] ERR: (ThinkException) 无法加载模块:Public
[ 2013-04-27T04:13:54+08:00 ] ERR: (ThinkException) 无法加载模块:Public
[ 2013-04-27T04:13:54+08:00 ] ERR: (ThinkException) 无法加载模块:Public
[ 2013-04-27T04:13:55+08:00 ] ERR: (ThinkException) 无法加载模块:Public
[ 2013-04-27T04:13:58+08:00 ] ERR: (ThinkException) 无法加载模块:Public
[ 2013-04-27T04:14:00+08:00 ] 117.24.247.75 /evbeta/
INFO: [ app_begin ] --START--
INFO: Run ReadHtmlCache Behavior [ RunTime:0.000718s ]
INFO: [ app_begin ] --END-- [ RunTime:0.000867s ]
INFO: [ view_parse ] --START--
INFO: Run ParseTemplate Behavior [ RunTime:0.001010s ]
INFO: [ view_parse ] --END-- [ RunTime:0.001186s ]
INFO: [ view_filter ] --START--
INFO: Run ContentReplace Behavior [ RunTime:0.000373s ]
INFO: Run TokenBuild Behavior [ RunTime:0.000417s ]
INFO: Run WriteHtmlCache Behavior [ RunTime:0.000244s ]
INFO: Run ShowRuntime Behavior [ RunTime:0.000524s ]
INFO: [ view_filter ] --END-- [ RunTime:0.001841s ]
INFO: [ view_end ] --START--
INFO: Run ShowPageTrace Behavior [ RunTime:0.000710s ]
INFO: [ view_end ] --END-- [ RunTime:0.000804s ]

[ 2013-04-27T04:14:16+08:00 ] 117.24.247.75 /evbeta/Home/Index/address
INFO: [ route_check ] --START--
INFO: Run CheckRoute Behavior [ RunTime:0.001390s ]
INFO: [ route_check ] --END-- [ RunTime:0.001545s ]
INFO: [ app_begin ] --START--
INFO: Run ReadHtmlCache Behavior [ RunTime:0.000629s ]
INFO: [ app_begin ] --END-- [ RunTime:0.000732s ]
INFO: [ view_template ] --START--
INFO: Run LocationTemplate Behavior [ RunTime:0.000253s ]
INFO: [ view_template ] --END-- [ RunTime:0.000356s ]
INFO: [ view_parse ] --START--
INFO: Run ParseTemplate Behavior [ RunTime:0.007319s ]
INFO: [ view_parse ] --END-- [ RunTime:0.007427s ]
INFO: [ view_filter ] --START--
INFO: Run ContentReplace Behavior [ RunTime:0.000774s ]
INFO: Run TokenBuild Behavior [ RunTime:0.000447s ]
INFO: Run WriteHtmlCache Behavior [ RunTime:0.000268s ]
INFO: Run ShowRuntime Behavior [ RunTime:0.000577s ]
INFO: [ view_filter ] --END-- [ RunTime:0.002454s ]
INFO: [ view_end ] --START--
INFO: Run ShowPageTrace Behavior [ RunTime:0.000843s ]
INFO: [ view_end ] --END-- [ RunTime:0.000985s ]

[ 2013-04-27T04:14:16+08:00 ] ERR: (ThinkException) 无法加载模块:Public
[ 2013-04-27T04:15:23+08:00 ] 117.24.247.75 /evbeta/Home/Index/address
INFO: [ route_check ] --START--
INFO: Run CheckRoute Behavior [ RunTime:0.000968s ]
INFO: [ route_check ] --END-- [ RunTime:0.001073s ]
INFO: [ app_begin ] --START--
INFO: Run ReadHtmlCache Behavior [ RunTime:0.000680s ]
INFO: [ app_begin ] --END-- [ RunTime:0.000808s ]
INFO: [ view_template ] --START--
INFO: Run LocationTemplate Behavior [ RunTime:0.000298s ]
INFO: [ view_template ] --END-- [ RunTime:0.000408s ]
INFO: [ view_parse ] --START--
INFO: Run ParseTemplate Behavior [ RunTime:0.007559s ]
INFO: [ view_parse ] --END-- [ RunTime:0.007694s ]
INFO: [ view_filter ] --START--
INFO: Run ContentReplace Behavior [ RunTime:0.000403s ]
INFO: Run TokenBuild Behavior [ RunTime:0.000488s ]
INFO: Run WriteHtmlCache Behavior [ RunTime:0.000189s ]
INFO: Run ShowRuntime Behavior [ RunTime:0.000516s ]
INFO: [ view_filter ] --END-- [ RunTime:0.001953s ]
INFO: [ view_end ] --START--
INFO: Run ShowPageTrace Behavior [ RunTime:0.000707s ]
INFO: [ view_end ] --END-- [ RunTime:0.000873s ]

[ 2013-04-27T04:15:23+08:00 ] ERR: (ThinkException) 无法加载模块:Public
[ 2013-04-27T04:15:32+08:00 ] ERR: (ThinkException) 无法加载模块:Public
[ 2013-04-27T04:15:40+08:00 ] ERR: (ThinkException) 无法加载模块:Public
[ 2013-04-27T04:18:12+08:00 ] 117.24.0.12 /evbeta/Admin/mall/
INFO: [ route_check ] --START--
INFO: Run CheckRoute Behavior [ RunTime:0.000781s ]
INFO: [ route_check ] --END-- [ RunTime:0.000879s ]
INFO: [ app_begin ] --START--
INFO: Run ReadHtmlCache Behavior [ RunTime:0.000473s ]
INFO: [ app_begin ] --END-- [ RunTime:0.000547s ]
INFO: [ view_template ] --START--
INFO: Run LocationTemplate Behavior [ RunTime:0.000991s ]
INFO: [ view_template ] --END-- [ RunTime:0.001070s ]
INFO: [ view_parse ] --START--
INFO: Run ParseTemplate Behavior [ RunTime:0.014038s ]
INFO: [ view_parse ] --END-- [ RunTime:0.014139s ]
INFO: [ view_filter ] --START--
INFO: Run ContentReplace Behavior [ RunTime:0.000419s ]
INFO: Run TokenBuild Behavior [ RunTime:0.000425s ]
INFO: Run WriteHtmlCache Behavior [ RunTime:0.000252s ]
INFO: Run ShowRuntime Behavior [ RunTime:0.000769s ]
INFO: [ view_filter ] --END-- [ RunTime:0.002188s ]
INFO: [ view_end ] --START--
INFO: Run ShowPageTrace Behavior [ RunTime:0.000779s ]
INFO: [ view_end ] --END-- [ RunTime:0.000876s ]

[ 2013-04-27T04:18:12+08:00 ] ERR: (ThinkException) 无法加载模块:Public
[ 2013-04-27T04:18:12+08:00 ] ERR: (ThinkException) 非法操作:js
[ 2013-04-27T04:18:12+08:00 ] ERR: (ThinkException) 无法加载模块:Public
[ 2013-04-27T04:18:12+08:00 ] ERR: (ThinkException) 无法加载模块:Public
[ 2013-04-27T04:18:13+08:00 ] ERR: (ThinkException) 无法加载模块:img
[ 2013-04-27T04:18:13+08:00 ] ERR: (ThinkException) 无法加载模块:img
[ 2013-04-27T04:18:13+08:00 ] ERR: (ThinkException) 无法加载模块:Public
[ 2013-04-27T04:18:13+08:00 ] ERR: (ThinkException) 无法加载模块:Public
[ 2013-04-27T04:21:09+08:00 ] 117.24.0.12 /evbeta/Admin/mall/
INFO: [ route_check ] --START--
INFO: Run CheckRoute Behavior [ RunTime:0.001253s ]
INFO: [ route_check ] --END-- [ RunTime:0.001404s ]
INFO: [ app_begin ] --START--
INFO: Run ReadHtmlCache Behavior [ RunTime:0.000735s ]
INFO: [ app_begin ] --END-- [ RunTime:0.000864s ]
INFO: [ view_template ] --START--
INFO: Run LocationTemplate Behavior [ RunTime:0.000334s ]
INFO: [ view_template ] --END-- [ RunTime:0.000427s ]
INFO: [ view_parse ] --START--
INFO: Run ParseTemplate Behavior [ RunTime:0.015359s ]
INFO: [ view_parse ] --END-- [ RunTime:0.015477s ]
INFO: [ view_filter ] --START--
INFO: Run ContentReplace Behavior [ RunTime:0.000541s ]
INFO: Run TokenBuild Behavior [ RunTime:0.000414s ]
INFO: Run WriteHtmlCache Behavior [ RunTime:0.000242s ]
INFO: Run ShowRuntime Behavior [ RunTime:0.000457s ]
INFO: [ view_filter ] --END-- [ RunTime:0.001902s ]
INFO: [ view_end ] --START--
INFO: Run ShowPageTrace Behavior [ RunTime:0.000677s ]
INFO: [ view_end ] --END-- [ RunTime:0.000766s ]

[ 2013-04-27T04:21:09+08:00 ] ERR: (ThinkException) 非法操作:js
[ 2013-04-27T04:21:10+08:00 ] ERR: (ThinkException) 无法加载模块:Public
[ 2013-04-27T04:21:10+08:00 ] ERR: (ThinkException) 无法加载模块:img
[ 2013-04-27T04:21:10+08:00 ] ERR: (ThinkException) 无法加载模块:Public
[ 2013-04-27T04:21:10+08:00 ] ERR: (ThinkException) 无法加载模块:img
[ 2013-04-27T04:21:28+08:00 ] ERR: (ThinkException) 无法加载模块:Public
[ 2013-04-27T04:25:38+08:00 ] 117.24.0.12 /evbeta/Admin/mall/
INFO: [ route_check ] --START--
INFO: Run CheckRoute Behavior [ RunTime:0.001053s ]
INFO: [ route_check ] --END-- [ RunTime:0.001201s ]
INFO: [ app_begin ] --START--
INFO: Run ReadHtmlCache Behavior [ RunTime:0.000528s ]
INFO: [ app_begin ] --END-- [ RunTime:0.000611s ]
INFO: [ view_template ] --START--
INFO: Run LocationTemplate Behavior [ RunTime:0.000294s ]
INFO: [ view_template ] --END-- [ RunTime:0.000383s ]
INFO: [ view_parse ] --START--
INFO: Run ParseTemplate Behavior [ RunTime:0.016994s ]
INFO: [ view_parse ] --END-- [ RunTime:0.017128s ]
INFO: [ view_filter ] --START--
INFO: Run ContentReplace Behavior [ RunTime:0.000600s ]
INFO: Run TokenBuild Behavior [ RunTime:0.000534s ]
INFO: Run WriteHtmlCache Behavior [ RunTime:0.000207s ]
INFO: Run ShowRuntime Behavior [ RunTime:0.000539s ]
INFO: [ view_filter ] --END-- [ RunTime:0.002236s ]
INFO: [ view_end ] --START--
INFO: Run ShowPageTrace Behavior [ RunTime:0.000720s ]
INFO: [ view_end ] --END-- [ RunTime:0.000836s ]

[ 2013-04-27T04:25:38+08:00 ] ERR: (ThinkException) 非法操作:js
[ 2013-04-27T04:25:39+08:00 ] ERR: (ThinkException) 无法加载模块:Public
[ 2013-04-27T04:25:39+08:00 ] ERR: (ThinkException) 无法加载模块:img
[ 2013-04-27T04:25:39+08:00 ] ERR: (ThinkException) 无法加载模块:img
[ 2013-04-27T04:25:39+08:00 ] ERR: (ThinkException) 无法加载模块:Public
[ 2013-04-27T04:29:53+08:00 ] 117.24.0.12 /evbeta/Admin/mall/
INFO: [ route_check ] --START--
INFO: Run CheckRoute Behavior [ RunTime:0.000959s ]
INFO: [ route_check ] --END-- [ RunTime:0.001087s ]
INFO: [ app_begin ] --START--
INFO: Run ReadHtmlCache Behavior [ RunTime:0.000589s ]
INFO: [ app_begin ] --END-- [ RunTime:0.000737s ]
INFO: [ view_template ] --START--
INFO: Run LocationTemplate Behavior [ RunTime:0.000325s ]
INFO: [ view_template ] --END-- [ RunTime:0.000426s ]
INFO: [ view_parse ] --START--
INFO: Run ParseTemplate Behavior [ RunTime:0.017633s ]
INFO: [ view_parse ] --END-- [ RunTime:0.017766s ]
INFO: [ view_filter ] --START--
INFO: Run ContentReplace Behavior [ RunTime:0.000505s ]
INFO: Run TokenBuild Behavior [ RunTime:0.000414s ]
INFO: Run WriteHtmlCache Behavior [ RunTime:0.000218s ]
INFO: Run ShowRuntime Behavior [ RunTime:0.000575s ]
INFO: [ view_filter ] --END-- [ RunTime:0.002004s ]
INFO: [ view_end ] --START--
INFO: Run ShowPageTrace Behavior [ RunTime:0.000718s ]
INFO: [ view_end ] --END-- [ RunTime:0.000814s ]

[ 2013-04-27T04:29:54+08:00 ] ERR: (ThinkException) 无法加载模块:img
[ 2013-04-27T04:29:54+08:00 ] ERR: (ThinkException) 无法加载模块:img
[ 2013-04-27T04:29:54+08:00 ] ERR: (ThinkException) 无法加载模块:Public
[ 2013-04-27T04:30:13+08:00 ] 117.24.0.12 /evbeta/Admin/mall/
INFO: [ route_check ] --START--
INFO: Run CheckRoute Behavior [ RunTime:0.000998s ]
INFO: [ route_check ] --END-- [ RunTime:0.001113s ]
INFO: [ app_begin ] --START--
INFO: Run ReadHtmlCache Behavior [ RunTime:0.000614s ]
INFO: [ app_begin ] --END-- [ RunTime:0.000746s ]
INFO: [ view_template ] --START--
INFO: Run LocationTemplate Behavior [ RunTime:0.000376s ]
INFO: [ view_template ] --END-- [ RunTime:0.000484s ]
INFO: [ view_parse ] --START--
INFO: Run ParseTemplate Behavior [ RunTime:0.018090s ]
INFO: [ view_parse ] --END-- [ RunTime:0.018257s ]
INFO: [ view_filter ] --START--
INFO: Run ContentReplace Behavior [ RunTime:0.000605s ]
INFO: Run TokenBuild Behavior [ RunTime:0.000377s ]
INFO: Run WriteHtmlCache Behavior [ RunTime:0.000242s ]
INFO: Run ShowRuntime Behavior [ RunTime:0.001430s ]
INFO: [ view_filter ] --END-- [ RunTime:0.002960s ]
INFO: [ view_end ] --START--
INFO: Run ShowPageTrace Behavior [ RunTime:0.000804s ]
INFO: [ view_end ] --END-- [ RunTime:0.000907s ]

[ 2013-04-27T04:30:13+08:00 ] ERR: (ThinkException) 无法加载模块:Public
[ 2013-04-27T04:30:13+08:00 ] ERR: (ThinkException) 无法加载模块:img
[ 2013-04-27T04:30:13+08:00 ] ERR: (ThinkException) 无法加载模块:img
[ 2013-04-27T04:30:13+08:00 ] ERR: (ThinkException) 无法加载模块:Public
[ 2013-04-27T04:30:13+08:00 ] ERR: (ThinkException) 无法加载模块:Public
[ 2013-04-27T04:30:22+08:00 ] 117.24.0.12 /evbeta/Admin/mall/
INFO: [ route_check ] --START--
INFO: Run CheckRoute Behavior [ RunTime:0.000861s ]
INFO: [ route_check ] --END-- [ RunTime:0.000962s ]
INFO: [ app_begin ] --START--
INFO: Run ReadHtmlCache Behavior [ RunTime:0.000502s ]
INFO: [ app_begin ] --END-- [ RunTime:0.000582s ]
INFO: [ view_template ] --START--
INFO: Run LocationTemplate Behavior [ RunTime:0.000358s ]
INFO: [ view_template ] --END-- [ RunTime:0.000459s ]
INFO: [ view_parse ] --START--
INFO: Run ParseTemplate Behavior [ RunTime:0.015679s ]
INFO: [ view_parse ] --END-- [ RunTime:0.015827s ]
INFO: [ view_filter ] --START--
INFO: Run ContentReplace Behavior [ RunTime:0.000511s ]
INFO: Run TokenBuild Behavior [ RunTime:0.000347s ]
INFO: Run WriteHtmlCache Behavior [ RunTime:0.000180s ]
INFO: Run ShowRuntime Behavior [ RunTime:0.000496s ]
INFO: [ view_filter ] --END-- [ RunTime:0.001788s ]
INFO: [ view_end ] --START--
INFO: Run ShowPageTrace Behavior [ RunTime:0.000673s ]
INFO: [ view_end ] --END-- [ RunTime:0.000747s ]

[ 2013-04-27T04:30:22+08:00 ] ERR: (ThinkException) 无法加载模块:Public
[ 2013-04-27T04:30:22+08:00 ] ERR: (ThinkException) 无法加载模块:Public
[ 2013-04-27T04:30:22+08:00 ] ERR: (ThinkException) 无法加载模块:img
[ 2013-04-27T04:30:22+08:00 ] ERR: (ThinkException) 无法加载模块:img
[ 2013-04-27T04:30:22+08:00 ] ERR: (ThinkException) 无法加载模块:Public
[ 2013-04-27T04:31:41+08:00 ] 117.24.0.12 /evbeta/Admin/mall/
INFO: [ route_check ] --START--
INFO: Run CheckRoute Behavior [ RunTime:0.001155s ]
INFO: [ route_check ] --END-- [ RunTime:0.001320s ]
INFO: [ app_begin ] --START--
INFO: Run ReadHtmlCache Behavior [ RunTime:0.000705s ]
INFO: [ app_begin ] --END-- [ RunTime:0.000822s ]
INFO: [ view_template ] --START--
INFO: Run LocationTemplate Behavior [ RunTime:0.000344s ]
INFO: [ view_template ] --END-- [ RunTime:0.000456s ]
INFO: [ view_parse ] --START--
INFO: Run ParseTemplate Behavior [ RunTime:0.021989s ]
INFO: [ view_parse ] --END-- [ RunTime:0.022152s ]
INFO: [ view_filter ] --START--
INFO: Run ContentReplace Behavior [ RunTime:0.000605s ]
INFO: Run TokenBuild Behavior [ RunTime:0.000491s ]
INFO: Run WriteHtmlCache Behavior [ RunTime:0.000245s ]
INFO: Run ShowRuntime Behavior [ RunTime:0.000639s ]
INFO: [ view_filter ] --END-- [ RunTime:0.002295s ]
INFO: [ view_end ] --START--
INFO: Run ShowPageTrace Behavior [ RunTime:0.000818s ]
INFO: [ view_end ] --END-- [ RunTime:0.000922s ]

[ 2013-04-27T04:31:41+08:00 ] ERR: (ThinkException) 无法加载模块:Public
[ 2013-04-27T04:31:41+08:00 ] ERR: (ThinkException) 无法加载模块:img
[ 2013-04-27T04:31:41+08:00 ] ERR: (ThinkException) 无法加载模块:Public
[ 2013-04-27T04:31:41+08:00 ] ERR: (ThinkException) 无法加载模块:img
[ 2013-04-27T04:32:40+08:00 ] 117.24.0.12 /evbeta/Admin/mall/
INFO: [ route_check ] --START--
INFO: Run CheckRoute Behavior [ RunTime:0.001578s ]
INFO: [ route_check ] --END-- [ RunTime:0.001833s ]
INFO: [ app_begin ] --START--
INFO: Run ReadHtmlCache Behavior [ RunTime:0.000907s ]
INFO: [ app_begin ] --END-- [ RunTime:0.001040s ]
INFO: [ view_template ] --START--
INFO: Run LocationTemplate Behavior [ RunTime:0.000748s ]
INFO: [ view_template ] --END-- [ RunTime:0.000942s ]
INFO: [ view_parse ] --START--
INFO: Run ParseTemplate Behavior [ RunTime:0.027489s ]
INFO: [ view_parse ] --END-- [ RunTime:0.027786s ]
INFO: [ view_filter ] --START--
INFO: Run ContentReplace Behavior [ RunTime:0.000742s ]
INFO: Run TokenBuild Behavior [ RunTime:0.000649s ]
INFO: Run WriteHtmlCache Behavior [ RunTime:0.000416s ]
INFO: Run ShowRuntime Behavior [ RunTime:0.000887s ]
INFO: [ view_filter ] --END-- [ RunTime:0.003164s ]
INFO: [ view_end ] --START--
INFO: Run ShowPageTrace Behavior [ RunTime:0.001128s ]
INFO: [ view_end ] --END-- [ RunTime:0.001251s ]

[ 2013-04-27T04:32:40+08:00 ] ERR: (ThinkException) 无法加载模块:img
[ 2013-04-27T04:32:40+08:00 ] ERR: (ThinkException) 无法加载模块:img
[ 2013-04-27T04:32:40+08:00 ] ERR: (ThinkException) 无法加载模块:Public
[ 2013-04-27T04:32:40+08:00 ] ERR: (ThinkException) 无法加载模块:Public
[ 2013-04-27T04:35:51+08:00 ] 117.24.0.12 /evbeta/Admin/mall/
INFO: [ route_check ] --START--
INFO: Run CheckRoute Behavior [ RunTime:0.004412s ]
INFO: [ route_check ] --END-- [ RunTime:0.004901s ]
INFO: [ app_begin ] --START--
INFO: Run ReadHtmlCache Behavior [ RunTime:0.002353s ]
INFO: [ app_begin ] --END-- [ RunTime:0.002535s ]
INFO: [ view_template ] --START--
INFO: Run LocationTemplate Behavior [ RunTime:0.000385s ]
INFO: [ view_template ] --END-- [ RunTime:0.000512s ]
INFO: [ view_parse ] --START--
INFO: Run ParseTemplate Behavior [ RunTime:0.022072s ]
INFO: [ view_parse ] --END-- [ RunTime:0.022275s ]
INFO: [ view_filter ] --START--
INFO: Run ContentReplace Behavior [ RunTime:0.000664s ]
INFO: Run TokenBuild Behavior [ RunTime:0.000450s ]
INFO: Run WriteHtmlCache Behavior [ RunTime:0.000257s ]
INFO: Run ShowRuntime Behavior [ RunTime:0.000584s ]
INFO: [ view_filter ] --END-- [ RunTime:0.002256s ]
INFO: [ view_end ] --START--
INFO: Run ShowPageTrace Behavior [ RunTime:0.000738s ]
INFO: [ view_end ] --END-- [ RunTime:0.000858s ]

[ 2013-04-27T04:35:51+08:00 ] ERR: (ThinkException) 无法加载模块:img
[ 2013-04-27T04:35:51+08:00 ] ERR: (ThinkException) 无法加载模块:img
[ 2013-04-27T04:35:51+08:00 ] ERR: (ThinkException) 无法加载模块:Public
[ 2013-04-27T04:35:51+08:00 ] ERR: (ThinkException) 无法加载模块:Public
[ 2013-04-27T04:36:43+08:00 ] ERR: (ThinkException) 无法加载模块:Public
[ 2013-04-27T04:37:39+08:00 ] ERR: (ThinkException) 无法加载模块:Public
[ 2013-04-27T04:39:42+08:00 ] ERR: (ThinkException) 无法加载模块:__PUBLIC__
[ 2013-04-27T04:39:42+08:00 ] ERR: (ThinkException) 无法加载模块:__PUBLIC__
[ 2013-04-27T04:39:42+08:00 ] ERR: (ThinkException) 无法加载模块:__PUBLIC__
[ 2013-04-27T04:39:42+08:00 ] ERR: (ThinkException) 无法加载模块:__PUBLIC__
[ 2013-04-27T04:39:42+08:00 ] ERR: (ThinkException) 无法加载模块:__PUBLIC__
[ 2013-04-27T04:39:42+08:00 ] ERR: (ThinkException) 无法加载模块:__PUBLIC__
[ 2013-04-27T04:39:45+08:00 ] 117.24.0.12 /evbeta/Admin/Index/mall
INFO: [ route_check ] --START--
INFO: Run CheckRoute Behavior [ RunTime:0.000837s ]
INFO: [ route_check ] --END-- [ RunTime:0.000965s ]
INFO: [ app_begin ] --START--
INFO: Run ReadHtmlCache Behavior [ RunTime:0.000645s ]
INFO: [ app_begin ] --END-- [ RunTime:0.000772s ]
INFO: [ view_template ] --START--
INFO: Run LocationTemplate Behavior [ RunTime:0.000404s ]
INFO: [ view_template ] --END-- [ RunTime:0.000517s ]
INFO: [ view_parse ] --START--
INFO: Run ParseTemplate Behavior [ RunTime:0.019041s ]
INFO: [ view_parse ] --END-- [ RunTime:0.019266s ]
INFO: [ view_filter ] --START--
INFO: Run ContentReplace Behavior [ RunTime:0.000677s ]
INFO: Run TokenBuild Behavior [ RunTime:0.000467s ]
INFO: Run WriteHtmlCache Behavior [ RunTime:0.000226s ]
INFO: Run ShowRuntime Behavior [ RunTime:0.000481s ]
INFO: [ view_filter ] --END-- [ RunTime:0.002155s ]
INFO: [ view_end ] --START--
INFO: Run ShowPageTrace Behavior [ RunTime:0.000669s ]
INFO: [ view_end ] --END-- [ RunTime:0.000745s ]

[ 2013-04-27T04:39:45+08:00 ] ERR: (ThinkException) 无法加载模块:Public
[ 2013-04-27T04:39:45+08:00 ] ERR: (ThinkException) 非法操作:js
[ 2013-04-27T04:39:45+08:00 ] ERR: (ThinkException) 无法加载模块:Public
[ 2013-04-27T04:39:45+08:00 ] ERR: (ThinkException) 无法加载模块:Public
[ 2013-04-27T04:39:45+08:00 ] ERR: (ThinkException) 无法加载模块:Public
[ 2013-04-27T04:39:45+08:00 ] ERR: (ThinkException) 无法加载模块:img
[ 2013-04-27T04:39:45+08:00 ] ERR: (ThinkException) 无法加载模块:img
[ 2013-04-27T04:41:31+08:00 ] 117.24.0.12 /evbeta/Admin/Index
INFO: [ route_check ] --START--
INFO: Run CheckRoute Behavior [ RunTime:0.001357s ]
INFO: [ route_check ] --END-- [ RunTime:0.001529s ]
INFO: [ app_begin ] --START--
INFO: Run ReadHtmlCache Behavior [ RunTime:0.000820s ]
INFO: [ app_begin ] --END-- [ RunTime:0.000938s ]
INFO: [ view_template ] --START--
INFO: Run LocationTemplate Behavior [ RunTime:0.000314s ]
INFO: [ view_template ] --END-- [ RunTime:0.000392s ]
INFO: [ view_parse ] --START--
INFO: Run ParseTemplate Behavior [ RunTime:0.010487s ]
INFO: [ view_parse ] --END-- [ RunTime:0.010646s ]
INFO: [ view_filter ] --START--
INFO: Run ContentReplace Behavior [ RunTime:0.000413s ]
INFO: Run TokenBuild Behavior [ RunTime:0.000325s ]
INFO: Run WriteHtmlCache Behavior [ RunTime:0.000215s ]
INFO: Run ShowRuntime Behavior [ RunTime:0.000400s ]
INFO: [ view_filter ] --END-- [ RunTime:0.001585s ]
INFO: [ view_end ] --START--
INFO: Run ShowPageTrace Behavior [ RunTime:0.000599s ]
INFO: [ view_end ] --END-- [ RunTime:0.000743s ]

[ 2013-04-27T04:41:52+08:00 ] ERR: (ThinkException) 无法加载模块:Public
[ 2013-04-27T04:41:52+08:00 ] ERR: (ThinkException) 无法加载模块:img
[ 2013-04-27T04:41:52+08:00 ] ERR: (ThinkException) 无法加载模块:img
[ 2013-04-27T04:42:08+08:00 ] ERR: (ThinkException) 无法加载模块:Public
[ 2013-04-27T04:42:59+08:00 ] 117.24.0.12 /evbeta/Admin/Index/mall
INFO: [ route_check ] --START--
INFO: Run CheckRoute Behavior [ RunTime:0.001136s ]
INFO: [ route_check ] --END-- [ RunTime:0.001283s ]
INFO: [ app_begin ] --START--
INFO: Run ReadHtmlCache Behavior [ RunTime:0.000689s ]
INFO: [ app_begin ] --END-- [ RunTime:0.000879s ]
INFO: [ view_template ] --START--
INFO: Run LocationTemplate Behavior [ RunTime:0.000462s ]
INFO: [ view_template ] --END-- [ RunTime:0.000585s ]
INFO: [ view_parse ] --START--
INFO: Run ParseTemplate Behavior [ RunTime:0.021464s ]
INFO: [ view_parse ] --END-- [ RunTime:0.021648s ]
INFO: [ view_filter ] --START--
INFO: Run ContentReplace Behavior [ RunTime:0.000658s ]
INFO: Run TokenBuild Behavior [ RunTime:0.000540s ]
INFO: Run WriteHtmlCache Behavior [ RunTime:0.000290s ]
INFO: Run ShowRuntime Behavior [ RunTime:0.000710s ]
INFO: [ view_filter ] --END-- [ RunTime:0.002547s ]
INFO: [ view_end ] --START--
INFO: Run ShowPageTrace Behavior [ RunTime:0.000906s ]
INFO: [ view_end ] --END-- [ RunTime:0.001027s ]

[ 2013-04-27T04:42:59+08:00 ] ERR: (ThinkException) 无法加载模块:Public
[ 2013-04-27T04:42:59+08:00 ] ERR: (ThinkException) 非法操作:js
[ 2013-04-27T04:42:59+08:00 ] ERR: (ThinkException) 无法加载模块:Public
[ 2013-04-27T04:42:59+08:00 ] ERR: (ThinkException) 无法加载模块:Public
[ 2013-04-27T04:43:00+08:00 ] ERR: (ThinkException) 无法加载模块:Public
[ 2013-04-27T04:43:00+08:00 ] ERR: (ThinkException) 无法加载模块:img
[ 2013-04-27T04:43:00+08:00 ] ERR: (ThinkException) 无法加载模块:img
[ 2013-04-27T04:44:58+08:00 ] 117.24.0.12 /evbeta/Admin/Index/mall
INFO: [ route_check ] --START--
INFO: Run CheckRoute Behavior [ RunTime:0.000980s ]
INFO: [ route_check ] --END-- [ RunTime:0.001134s ]
INFO: [ app_begin ] --START--
INFO: Run ReadHtmlCache Behavior [ RunTime:0.000656s ]
INFO: [ app_begin ] --END-- [ RunTime:0.000777s ]
INFO: [ view_template ] --START--
INFO: Run LocationTemplate Behavior [ RunTime:0.000368s ]
INFO: [ view_template ] --END-- [ RunTime:0.000491s ]
INFO: [ view_parse ] --START--
INFO: Run ParseTemplate Behavior [ RunTime:0.018743s ]
INFO: [ view_parse ] --END-- [ RunTime:0.018908s ]
INFO: [ view_filter ] --START--
INFO: Run ContentReplace Behavior [ RunTime:0.000515s ]
INFO: Run TokenBuild Behavior [ RunTime:0.000404s ]
INFO: Run WriteHtmlCache Behavior [ RunTime:0.000200s ]
INFO: Run ShowRuntime Behavior [ RunTime:0.000542s ]
INFO: [ view_filter ] --END-- [ RunTime:0.001916s ]
INFO: [ view_end ] --START--
INFO: Run ShowPageTrace Behavior [ RunTime:0.000614s ]
INFO: [ view_end ] --END-- [ RunTime:0.000695s ]

[ 2013-04-27T04:44:58+08:00 ] ERR: (ThinkException) 无法加载模块:Public
[ 2013-04-27T04:44:58+08:00 ] ERR: (ThinkException) 非法操作:js
[ 2013-04-27T04:44:58+08:00 ] ERR: (ThinkException) 无法加载模块:Public
[ 2013-04-27T04:44:58+08:00 ] ERR: (ThinkException) 无法加载模块:Public
[ 2013-04-27T04:44:59+08:00 ] ERR: (ThinkException) 无法加载模块:Public
[ 2013-04-27T04:44:59+08:00 ] ERR: (ThinkException) 无法加载模块:img
[ 2013-04-27T04:44:59+08:00 ] ERR: (ThinkException) 无法加载模块:img
[ 2013-04-27T04:48:05+08:00 ] 117.24.0.12 /evbeta/Admin/Index/mall
INFO: [ route_check ] --START--
INFO: Run CheckRoute Behavior [ RunTime:0.000885s ]
INFO: [ route_check ] --END-- [ RunTime:0.000989s ]
INFO: [ app_begin ] --START--
INFO: Run ReadHtmlCache Behavior [ RunTime:0.000554s ]
INFO: [ app_begin ] --END-- [ RunTime:0.000634s ]
INFO: [ view_template ] --START--
INFO: Run LocationTemplate Behavior [ RunTime:0.000266s ]
INFO: [ view_template ] --END-- [ RunTime:0.000358s ]
INFO: [ view_parse ] --START--
INFO: Run ParseTemplate Behavior [ RunTime:0.015795s ]
INFO: [ view_parse ] --END-- [ RunTime:0.015939s ]
INFO: [ view_filter ] --START--
INFO: Run ContentReplace Behavior [ RunTime:0.000475s ]
INFO: Run TokenBuild Behavior [ RunTime:0.000341s ]
INFO: Run WriteHtmlCache Behavior [ RunTime:0.000205s ]
INFO: Run ShowRuntime Behavior [ RunTime:0.000516s ]
INFO: [ view_filter ] --END-- [ RunTime:0.001849s ]
INFO: [ view_end ] --START--
INFO: Run ShowPageTrace Behavior [ RunTime:0.000685s ]
INFO: [ view_end ] --END-- [ RunTime:0.000762s ]

[ 2013-04-27T04:48:05+08:00 ] ERR: (ThinkException) 无法加载模块:Public
[ 2013-04-27T04:48:05+08:00 ] ERR: (ThinkException) 非法操作:js
[ 2013-04-27T04:48:05+08:00 ] ERR: (ThinkException) 无法加载模块:Public
[ 2013-04-27T04:48:05+08:00 ] ERR: (ThinkException) 无法加载模块:Public
[ 2013-04-27T04:48:06+08:00 ] ERR: (ThinkException) 无法加载模块:Public
[ 2013-04-27T04:48:06+08:00 ] ERR: (ThinkException) 无法加载模块:img
[ 2013-04-27T04:48:06+08:00 ] ERR: (ThinkException) 无法加载模块:img
[ 2013-04-27T04:48:50+08:00 ] 117.24.0.12 /evbeta/Admin/Index/mall
INFO: [ route_check ] --START--
INFO: Run CheckRoute Behavior [ RunTime:0.000840s ]
INFO: [ route_check ] --END-- [ RunTime:0.000941s ]
INFO: [ app_begin ] --START--
INFO: Run ReadHtmlCache Behavior [ RunTime:0.000507s ]
INFO: [ app_begin ] --END-- [ RunTime:0.000591s ]
INFO: [ view_template ] --START--
INFO: Run LocationTemplate Behavior [ RunTime:0.000279s ]
INFO: [ view_template ] --END-- [ RunTime:0.000378s ]
INFO: [ view_parse ] --START--
INFO: Run ParseTemplate Behavior [ RunTime:0.016804s ]
INFO: [ view_parse ] --END-- [ RunTime:0.016923s ]
INFO: [ view_filter ] --START--
INFO: Run ContentReplace Behavior [ RunTime:0.000466s ]
INFO: Run TokenBuild Behavior [ RunTime:0.000332s ]
INFO: Run WriteHtmlCache Behavior [ RunTime:0.000194s ]
INFO: Run ShowRuntime Behavior [ RunTime:0.000459s ]
INFO: [ view_filter ] --END-- [ RunTime:0.001659s ]
INFO: [ view_end ] --START--
INFO: Run ShowPageTrace Behavior [ RunTime:0.000626s ]
INFO: [ view_end ] --END-- [ RunTime:0.000701s ]

[ 2013-04-27T04:48:50+08:00 ] ERR: (ThinkException) 无法加载模块:Public
[ 2013-04-27T04:48:50+08:00 ] ERR: (ThinkException) 非法操作:js
[ 2013-04-27T04:48:50+08:00 ] ERR: (ThinkException) 无法加载模块:Public
[ 2013-04-27T04:48:50+08:00 ] ERR: (ThinkException) 无法加载模块:Public
[ 2013-04-27T04:48:51+08:00 ] ERR: (ThinkException) 无法加载模块:Public
[ 2013-04-27T04:48:51+08:00 ] ERR: (ThinkException) 无法加载模块:img
[ 2013-04-27T04:48:51+08:00 ] ERR: (ThinkException) 无法加载模块:img
[ 2013-04-27T04:49:12+08:00 ] ERR: (ThinkException) 无法加载模块:Public
[ 2013-04-27T04:49:12+08:00 ] ERR: (ThinkException) 无法加载模块:img
[ 2013-04-27T04:49:12+08:00 ] ERR: (ThinkException) 无法加载模块:img
[ 2013-04-27T04:49:42+08:00 ] 117.24.0.12 /evbeta/Admin/Index/mall
INFO: [ route_check ] --START--
INFO: Run CheckRoute Behavior [ RunTime:0.000802s ]
INFO: [ route_check ] --END-- [ RunTime:0.000904s ]
INFO: [ app_begin ] --START--
INFO: Run ReadHtmlCache Behavior [ RunTime:0.000473s ]
INFO: [ app_begin ] --END-- [ RunTime:0.000554s ]
INFO: [ view_template ] --START--
INFO: Run LocationTemplate Behavior [ RunTime:0.000289s ]
INFO: [ view_template ] --END-- [ RunTime:0.000375s ]
INFO: [ view_parse ] --START--
INFO: Run ParseTemplate Behavior [ RunTime:0.016779s ]
INFO: [ view_parse ] --END-- [ RunTime:0.016928s ]
INFO: [ view_filter ] --START--
INFO: Run ContentReplace Behavior [ RunTime:0.000554s ]
INFO: Run TokenBuild Behavior [ RunTime:0.000341s ]
INFO: Run WriteHtmlCache Behavior [ RunTime:0.000193s ]
INFO: Run ShowRuntime Behavior [ RunTime:0.000570s ]
INFO: [ view_filter ] --END-- [ RunTime:0.001897s ]
INFO: [ view_end ] --START--
INFO: Run ShowPageTrace Behavior [ RunTime:0.000619s ]
INFO: [ view_end ] --END-- [ RunTime:0.000709s ]

[ 2013-04-27T04:49:42+08:00 ] ERR: (ThinkException) 无法加载模块:Public
[ 2013-04-27T04:49:42+08:00 ] ERR: (ThinkException) 非法操作:js
[ 2013-04-27T04:49:42+08:00 ] ERR: (ThinkException) 无法加载模块:Public
[ 2013-04-27T04:49:42+08:00 ] ERR: (ThinkException) 无法加载模块:Public
[ 2013-04-27T04:49:43+08:00 ] ERR: (ThinkException) 无法加载模块:Public
[ 2013-04-27T04:49:43+08:00 ] ERR: (ThinkException) 无法加载模块:img
[ 2013-04-27T04:49:43+08:00 ] ERR: (ThinkException) 无法加载模块:img
[ 2013-04-27T04:51:04+08:00 ] 117.24.0.12 /evbeta/Admin/Index/mall
INFO: [ route_check ] --START--
INFO: Run CheckRoute Behavior [ RunTime:0.000918s ]
INFO: [ route_check ] --END-- [ RunTime:0.001045s ]
INFO: [ app_begin ] --START--
INFO: Run ReadHtmlCache Behavior [ RunTime:0.000517s ]
INFO: [ app_begin ] --END-- [ RunTime:0.000602s ]
INFO: [ view_template ] --START--
INFO: Run LocationTemplate Behavior [ RunTime:0.000268s ]
INFO: [ view_template ] --END-- [ RunTime:0.000344s ]
INFO: [ view_parse ] --START--
INFO: Run ParseTemplate Behavior [ RunTime:0.014914s ]
INFO: [ view_parse ] --END-- [ RunTime:0.015102s ]
INFO: [ view_filter ] --START--
INFO: Run ContentReplace Behavior [ RunTime:0.000443s ]
INFO: Run TokenBuild Behavior [ RunTime:0.000346s ]
INFO: Run WriteHtmlCache Behavior [ RunTime:0.000189s ]
INFO: Run ShowRuntime Behavior [ RunTime:0.000480s ]
INFO: [ view_filter ] --END-- [ RunTime:0.001688s ]
INFO: [ view_end ] --START--
INFO: Run ShowPageTrace Behavior [ RunTime:0.000586s ]
INFO: [ view_end ] --END-- [ RunTime:0.000671s ]

[ 2013-04-27T04:51:04+08:00 ] ERR: (ThinkException) 无法加载模块:Public
[ 2013-04-27T04:51:04+08:00 ] ERR: (ThinkException) 非法操作:js
[ 2013-04-27T04:51:04+08:00 ] ERR: (ThinkException) 无法加载模块:Public
[ 2013-04-27T04:51:04+08:00 ] ERR: (ThinkException) 无法加载模块:Public
[ 2013-04-27T04:51:04+08:00 ] ERR: (ThinkException) 无法加载模块:img
[ 2013-04-27T04:51:04+08:00 ] ERR: (ThinkException) 无法加载模块:Public
[ 2013-04-27T04:51:04+08:00 ] ERR: (ThinkException) 无法加载模块:img
[ 2013-04-27T04:53:26+08:00 ] 117.24.0.12 /evbeta/Admin/Index/mall
INFO: [ route_check ] --START--
INFO: Run CheckRoute Behavior [ RunTime:0.000880s ]
INFO: [ route_check ] --END-- [ RunTime:0.000983s ]
INFO: [ app_begin ] --START--
INFO: Run ReadHtmlCache Behavior [ RunTime:0.000496s ]
INFO: [ app_begin ] --END-- [ RunTime:0.000576s ]
INFO: [ view_template ] --START--
INFO: Run LocationTemplate Behavior [ RunTime:0.000272s ]
INFO: [ view_template ] --END-- [ RunTime:0.000349s ]
INFO: [ view_parse ] --START--
INFO: Run ParseTemplate Behavior [ RunTime:0.017083s ]
INFO: [ view_parse ] --END-- [ RunTime:0.017282s ]
INFO: [ view_filter ] --START--
INFO: Run ContentReplace Behavior [ RunTime:0.000665s ]
INFO: Run TokenBuild Behavior [ RunTime:0.000524s ]
INFO: Run WriteHtmlCache Behavior [ RunTime:0.000271s ]
INFO: Run ShowRuntime Behavior [ RunTime:0.000687s ]
INFO: [ view_filter ] --END-- [ RunTime:0.002566s ]
INFO: [ view_end ] --START--
INFO: Run ShowPageTrace Behavior [ RunTime:0.000605s ]
INFO: [ view_end ] --END-- [ RunTime:0.000677s ]

[ 2013-04-27T04:53:26+08:00 ] ERR: (ThinkException) 无法加载模块:Public
[ 2013-04-27T04:53:26+08:00 ] ERR: (ThinkException) 非法操作:js
[ 2013-04-27T04:53:26+08:00 ] ERR: (ThinkException) 无法加载模块:Public
[ 2013-04-27T04:53:26+08:00 ] ERR: (ThinkException) 无法加载模块:Public
[ 2013-04-27T04:53:26+08:00 ] ERR: (ThinkException) 无法加载模块:Public
[ 2013-04-27T04:53:26+08:00 ] ERR: (ThinkException) 无法加载模块:img
[ 2013-04-27T04:53:26+08:00 ] ERR: (ThinkException) 无法加载模块:img
[ 2013-04-27T04:57:26+08:00 ] 117.24.0.12 /evbeta/Admin/mall/
INFO: [ route_check ] --START--
INFO: Run CheckRoute Behavior [ RunTime:0.000811s ]
INFO: [ route_check ] --END-- [ RunTime:0.000930s ]
INFO: [ app_begin ] --START--
INFO: Run ReadHtmlCache Behavior [ RunTime:0.000489s ]
INFO: [ app_begin ] --END-- [ RunTime:0.000584s ]
INFO: [ view_template ] --START--
INFO: Run LocationTemplate Behavior [ RunTime:0.000251s ]
INFO: [ view_template ] --END-- [ RunTime:0.000350s ]
INFO: [ view_parse ] --START--
INFO: Run ParseTemplate Behavior [ RunTime:0.017250s ]
INFO: [ view_parse ] --END-- [ RunTime:0.017405s ]
INFO: [ view_filter ] --START--
INFO: Run ContentReplace Behavior [ RunTime:0.000467s ]
INFO: Run TokenBuild Behavior [ RunTime:0.000352s ]
INFO: Run WriteHtmlCache Behavior [ RunTime:0.000186s ]
INFO: Run ShowRuntime Behavior [ RunTime:0.000525s ]
INFO: [ view_filter ] --END-- [ RunTime:0.001803s ]
INFO: [ view_end ] --START--
INFO: Run ShowPageTrace Behavior [ RunTime:0.000632s ]
INFO: [ view_end ] --END-- [ RunTime:0.000777s ]

[ 2013-04-27T04:57:26+08:00 ] ERR: (ThinkException) 无法加载模块:Public
[ 2013-04-27T04:57:26+08:00 ] ERR: (ThinkException) 无法加载模块:img
[ 2013-04-27T04:57:26+08:00 ] ERR: (ThinkException) 无法加载模块:img
[ 2013-04-27T04:58:49+08:00 ] 117.24.0.12 /evbeta/Admin/mall/
INFO: [ route_check ] --START--
INFO: Run CheckRoute Behavior [ RunTime:0.002984s ]
INFO: [ route_check ] --END-- [ RunTime:0.003161s ]
INFO: [ app_begin ] --START--
INFO: Run ReadHtmlCache Behavior [ RunTime:0.000726s ]
INFO: [ app_begin ] --END-- [ RunTime:0.000838s ]
INFO: [ view_template ] --START--
INFO: Run LocationTemplate Behavior [ RunTime:0.000385s ]
INFO: [ view_template ] --END-- [ RunTime:0.000536s ]
INFO: [ view_parse ] --START--
INFO: Run ParseTemplate Behavior [ RunTime:0.021601s ]
INFO: [ view_parse ] --END-- [ RunTime:0.021772s ]
INFO: [ view_filter ] --START--
INFO: Run ContentReplace Behavior [ RunTime:0.000609s ]
INFO: Run TokenBuild Behavior [ RunTime:0.000461s ]
INFO: Run WriteHtmlCache Behavior [ RunTime:0.000260s ]
INFO: Run ShowRuntime Behavior [ RunTime:0.000619s ]
INFO: [ view_filter ] --END-- [ RunTime:0.002303s ]
INFO: [ view_end ] --START--
INFO: Run ShowPageTrace Behavior [ RunTime:0.000796s ]
INFO: [ view_end ] --END-- [ RunTime:0.000913s ]

[ 2013-04-27T04:58:49+08:00 ] ERR: (ThinkException) 无法加载模块:img
[ 2013-04-27T04:58:49+08:00 ] ERR: (ThinkException) 无法加载模块:img
[ 2013-04-27T04:59:23+08:00 ] 117.24.0.12 /evbeta/Admin/mall/
INFO: [ route_check ] --START--
INFO: Run CheckRoute Behavior [ RunTime:0.001259s ]
INFO: [ route_check ] --END-- [ RunTime:0.001424s ]
INFO: [ app_begin ] --START--
INFO: Run ReadHtmlCache Behavior [ RunTime:0.000798s ]
INFO: [ app_begin ] --END-- [ RunTime:0.000920s ]
INFO: [ view_template ] --START--
INFO: Run LocationTemplate Behavior [ RunTime:0.000398s ]
INFO: [ view_template ] --END-- [ RunTime:0.000569s ]
INFO: [ view_parse ] --START--
INFO: Run ParseTemplate Behavior [ RunTime:0.020684s ]
INFO: [ view_parse ] --END-- [ RunTime:0.020888s ]
INFO: [ view_filter ] --START--
INFO: Run ContentReplace Behavior [ RunTime:0.000651s ]
INFO: Run TokenBuild Behavior [ RunTime:0.000457s ]
INFO: Run WriteHtmlCache Behavior [ RunTime:0.000265s ]
INFO: Run ShowRuntime Behavior [ RunTime:0.000642s ]
INFO: [ view_filter ] --END-- [ RunTime:0.002377s ]
INFO: [ view_end ] --START--
INFO: Run ShowPageTrace Behavior [ RunTime:0.000790s ]
INFO: [ view_end ] --END-- [ RunTime:0.000900s ]

[ 2013-04-27T04:59:24+08:00 ] ERR: (ThinkException) 无法加载模块:img
[ 2013-04-27T04:59:24+08:00 ] ERR: (ThinkException) 无法加载模块:img
[ 2013-04-27T05:00:03+08:00 ] 117.24.0.12 /evbeta/Admin/mall/
INFO: [ route_check ] --START--
INFO: Run CheckRoute Behavior [ RunTime:0.001091s ]
INFO: [ route_check ] --END-- [ RunTime:0.001268s ]
INFO: [ app_begin ] --START--
INFO: Run ReadHtmlCache Behavior [ RunTime:0.000662s ]
INFO: [ app_begin ] --END-- [ RunTime:0.000785s ]
INFO: [ view_template ] --START--
INFO: Run LocationTemplate Behavior [ RunTime:0.000359s ]
INFO: [ view_template ] --END-- [ RunTime:0.000471s ]
INFO: [ view_parse ] --START--
INFO: Run ParseTemplate Behavior [ RunTime:0.016093s ]
INFO: [ view_parse ] --END-- [ RunTime:0.016214s ]
INFO: [ view_filter ] --START--
INFO: Run ContentReplace Behavior [ RunTime:0.000476s ]
INFO: Run TokenBuild Behavior [ RunTime:0.000318s ]
INFO: Run WriteHtmlCache Behavior [ RunTime:0.000194s ]
INFO: Run ShowRuntime Behavior [ RunTime:0.000482s ]
INFO: [ view_filter ] --END-- [ RunTime:0.001705s ]
INFO: [ view_end ] --START--
INFO: Run ShowPageTrace Behavior [ RunTime:0.000759s ]
INFO: [ view_end ] --END-- [ RunTime:0.000855s ]

[ 2013-04-27T05:00:03+08:00 ] ERR: (ThinkException) 无法加载模块:img
[ 2013-04-27T05:00:03+08:00 ] ERR: (ThinkException) 无法加载模块:img
[ 2013-04-27T05:00:47+08:00 ] 117.24.0.12 /evbeta/Admin/mall/
INFO: [ route_check ] --START--
INFO: Run CheckRoute Behavior [ RunTime:0.001634s ]
INFO: [ route_check ] --END-- [ RunTime:0.001916s ]
INFO: [ app_begin ] --START--
INFO: Run ReadHtmlCache Behavior [ RunTime:0.000590s ]
INFO: [ app_begin ] --END-- [ RunTime:0.000755s ]
INFO: [ view_template ] --START--
INFO: Run LocationTemplate Behavior [ RunTime:0.000278s ]
INFO: [ view_template ] --END-- [ RunTime:0.000360s ]
INFO: [ view_parse ] --START--
INFO: Run ParseTemplate Behavior [ RunTime:0.021929s ]
INFO: [ view_parse ] --END-- [ RunTime:0.022101s ]
INFO: [ view_filter ] --START--
INFO: Run ContentReplace Behavior [ RunTime:0.000882s ]
INFO: Run TokenBuild Behavior [ RunTime:0.000552s ]
INFO: Run WriteHtmlCache Behavior [ RunTime:0.000293s ]
INFO: Run ShowRuntime Behavior [ RunTime:0.000723s ]
INFO: [ view_filter ] --END-- [ RunTime:0.002844s ]
INFO: [ view_end ] --START--
INFO: Run ShowPageTrace Behavior [ RunTime:0.000886s ]
INFO: [ view_end ] --END-- [ RunTime:0.001031s ]

[ 2013-04-27T05:00:47+08:00 ] ERR: (ThinkException) 无法加载模块:img
[ 2013-04-27T05:00:47+08:00 ] ERR: (ThinkException) 无法加载模块:img
[ 2013-04-27T05:02:09+08:00 ] ERR: (ThinkException) 无法加载模块:img
[ 2013-04-27T05:02:09+08:00 ] ERR: (ThinkException) 无法加载模块:img
[ 2013-04-27T05:02:33+08:00 ] ERR: (ThinkException) 无法加载模块:img
[ 2013-04-27T05:02:33+08:00 ] ERR: (ThinkException) 无法加载模块:img
[ 2013-04-27T05:11:41+08:00 ] 117.24.0.12 /evbeta/Admin/mall/
INFO: [ route_check ] --START--
INFO: Run CheckRoute Behavior [ RunTime:0.000876s ]
INFO: [ route_check ] --END-- [ RunTime:0.001027s ]
INFO: [ app_begin ] --START--
INFO: Run ReadHtmlCache Behavior [ RunTime:0.000544s ]
INFO: [ app_begin ] --END-- [ RunTime:0.000622s ]
INFO: [ view_template ] --START--
INFO: Run LocationTemplate Behavior [ RunTime:0.000320s ]
INFO: [ view_template ] --END-- [ RunTime:0.000396s ]
INFO: [ view_parse ] --START--
INFO: Run ParseTemplate Behavior [ RunTime:0.014633s ]
INFO: [ view_parse ] --END-- [ RunTime:0.014736s ]
INFO: [ view_filter ] --START--
INFO: Run ContentReplace Behavior [ RunTime:0.000413s ]
INFO: Run TokenBuild Behavior [ RunTime:0.000376s ]
INFO: Run WriteHtmlCache Behavior [ RunTime:0.000204s ]
INFO: Run ShowRuntime Behavior [ RunTime:0.000451s ]
INFO: [ view_filter ] --END-- [ RunTime:0.001689s ]
INFO: [ view_end ] --START--
INFO: Run ShowPageTrace Behavior [ RunTime:0.000620s ]
INFO: [ view_end ] --END-- [ RunTime:0.000693s ]

[ 2013-04-27T05:11:42+08:00 ] ERR: (ThinkException) 无法加载模块:img
[ 2013-04-27T05:11:42+08:00 ] ERR: (ThinkException) 无法加载模块:img
[ 2013-04-27T05:11:50+08:00 ] 117.24.0.12 /evbeta/Admin/mall/
INFO: [ route_check ] --START--
INFO: Run CheckRoute Behavior [ RunTime:0.001052s ]
INFO: [ route_check ] --END-- [ RunTime:0.001196s ]
INFO: [ app_begin ] --START--
INFO: Run ReadHtmlCache Behavior [ RunTime:0.000653s ]
INFO: [ app_begin ] --END-- [ RunTime:0.000759s ]
INFO: [ view_template ] --START--
INFO: Run LocationTemplate Behavior [ RunTime:0.000317s ]
INFO: [ view_template ] --END-- [ RunTime:0.000421s ]
INFO: [ view_parse ] --START--
INFO: Run ParseTemplate Behavior [ RunTime:0.016692s ]
INFO: [ view_parse ] --END-- [ RunTime:0.016824s ]
INFO: [ view_filter ] --START--
INFO: Run ContentReplace Behavior [ RunTime:0.000553s ]
INFO: Run TokenBuild Behavior [ RunTime:0.000379s ]
INFO: Run WriteHtmlCache Behavior [ RunTime:0.000249s ]
INFO: Run ShowRuntime Behavior [ RunTime:0.000502s ]
INFO: [ view_filter ] --END-- [ RunTime:0.001987s ]
INFO: [ view_end ] --START--
INFO: Run ShowPageTrace Behavior [ RunTime:0.000685s ]
INFO: [ view_end ] --END-- [ RunTime:0.000791s ]

[ 2013-04-27T05:11:50+08:00 ] ERR: (ThinkException) 无法加载模块:img
[ 2013-04-27T05:11:50+08:00 ] ERR: (ThinkException) 无法加载模块:img
[ 2013-04-27T05:12:55+08:00 ] 117.24.0.12 /evbeta/Admin/mall/
INFO: [ route_check ] --START--
INFO: Run CheckRoute Behavior [ RunTime:0.001291s ]
INFO: [ route_check ] --END-- [ RunTime:0.001446s ]
INFO: [ app_begin ] --START--
INFO: Run ReadHtmlCache Behavior [ RunTime:0.000717s ]
INFO: [ app_begin ] --END-- [ RunTime:0.000846s ]
INFO: [ view_template ] --START--
INFO: Run LocationTemplate Behavior [ RunTime:0.000363s ]
INFO: [ view_template ] --END-- [ RunTime:0.000474s ]
INFO: [ view_parse ] --START--
INFO: Run ParseTemplate Behavior [ RunTime:0.020413s ]
INFO: [ view_parse ] --END-- [ RunTime:0.020568s ]
INFO: [ view_filter ] --START--
INFO: Run ContentReplace Behavior [ RunTime:0.000629s ]
INFO: Run TokenBuild Behavior [ RunTime:0.000608s ]
INFO: Run WriteHtmlCache Behavior [ RunTime:0.000303s ]
INFO: Run ShowRuntime Behavior [ RunTime:0.000594s ]
INFO: [ view_filter ] --END-- [ RunTime:0.002505s ]
INFO: [ view_end ] --START--
INFO: Run ShowPageTrace Behavior [ RunTime:0.000831s ]
INFO: [ view_end ] --END-- [ RunTime:0.000947s ]

[ 2013-04-27T05:12:55+08:00 ] ERR: (ThinkException) 无法加载模块:img
[ 2013-04-27T05:12:55+08:00 ] ERR: (ThinkException) 无法加载模块:img
[ 2013-04-27T05:27:05+08:00 ] 117.24.0.12 /evbeta/Admin/mall/
INFO: [ route_check ] --START--
INFO: Run CheckRoute Behavior [ RunTime:0.001144s ]
INFO: [ route_check ] --END-- [ RunTime:0.001320s ]
INFO: [ app_begin ] --START--
INFO: Run ReadHtmlCache Behavior [ RunTime:0.000712s ]
INFO: [ app_begin ] --END-- [ RunTime:0.000830s ]
INFO: [ view_template ] --START--
INFO: Run LocationTemplate Behavior [ RunTime:0.000384s ]
INFO: [ view_template ] --END-- [ RunTime:0.000507s ]
INFO: [ view_parse ] --START--
INFO: Run ParseTemplate Behavior [ RunTime:0.018269s ]
INFO: [ view_parse ] --END-- [ RunTime:0.018466s ]
INFO: [ view_filter ] --START--
INFO: Run ContentReplace Behavior [ RunTime:0.000541s ]
INFO: Run TokenBuild Behavior [ RunTime:0.000434s ]
INFO: Run WriteHtmlCache Behavior [ RunTime:0.000215s ]
INFO: Run ShowRuntime Behavior [ RunTime:0.000597s ]
INFO: [ view_filter ] --END-- [ RunTime:0.002108s ]
INFO: [ view_end ] --START--
INFO: Run ShowPageTrace Behavior [ RunTime:0.000749s ]
INFO: [ view_end ] --END-- [ RunTime:0.000836s ]

[ 2013-04-27T05:27:05+08:00 ] ERR: (ThinkException) 无法加载模块:Public
[ 2013-04-27T05:27:05+08:00 ] ERR: (ThinkException) 无法加载模块:img
[ 2013-04-27T05:27:05+08:00 ] ERR: (ThinkException) 无法加载模块:img
[ 2013-04-27T05:27:52+08:00 ] 117.24.0.12 /evbeta/Admin/mall/
INFO: [ route_check ] --START--
INFO: Run CheckRoute Behavior [ RunTime:0.001635s ]
INFO: [ route_check ] --END-- [ RunTime:0.001851s ]
INFO: [ app_begin ] --START--
INFO: Run ReadHtmlCache Behavior [ RunTime:0.000961s ]
INFO: [ app_begin ] --END-- [ RunTime:0.001091s ]
INFO: [ view_template ] --START--
INFO: Run LocationTemplate Behavior [ RunTime:0.000519s ]
INFO: [ view_template ] --END-- [ RunTime:0.000653s ]
INFO: [ view_parse ] --START--
INFO: Run ParseTemplate Behavior [ RunTime:0.028598s ]
INFO: [ view_parse ] --END-- [ RunTime:0.028843s ]
INFO: [ view_filter ] --START--
INFO: Run ContentReplace Behavior [ RunTime:0.000785s ]
INFO: Run TokenBuild Behavior [ RunTime:0.000573s ]
INFO: Run WriteHtmlCache Behavior [ RunTime:0.000361s ]
INFO: Run ShowRuntime Behavior [ RunTime:0.000879s ]
INFO: [ view_filter ] --END-- [ RunTime:0.003127s ]
INFO: [ view_end ] --START--
INFO: Run ShowPageTrace Behavior [ RunTime:0.001684s ]
INFO: [ view_end ] --END-- [ RunTime:0.001943s ]

[ 2013-04-27T05:27:52+08:00 ] ERR: (ThinkException) 无法加载模块:img
[ 2013-04-27T05:27:52+08:00 ] ERR: (ThinkException) 无法加载模块:img
[ 2013-04-27T05:28:32+08:00 ] 117.24.0.12 /evbeta/Admin/mall/
INFO: [ route_check ] --START--
INFO: Run CheckRoute Behavior [ RunTime:0.000902s ]
INFO: [ route_check ] --END-- [ RunTime:0.001004s ]
INFO: [ app_begin ] --START--
INFO: Run ReadHtmlCache Behavior [ RunTime:0.000580s ]
INFO: [ app_begin ] --END-- [ RunTime:0.000715s ]
INFO: [ view_template ] --START--
INFO: Run LocationTemplate Behavior [ RunTime:0.000277s ]
INFO: [ view_template ] --END-- [ RunTime:0.000395s ]
INFO: [ view_parse ] --START--
INFO: Run ParseTemplate Behavior [ RunTime:0.015046s ]
INFO: [ view_parse ] --END-- [ RunTime:0.015148s ]
INFO: [ view_filter ] --START--
INFO: Run ContentReplace Behavior [ RunTime:0.000435s ]
INFO: Run TokenBuild Behavior [ RunTime:0.000390s ]
INFO: Run WriteHtmlCache Behavior [ RunTime:0.000174s ]
INFO: Run ShowRuntime Behavior [ RunTime:0.000441s ]
INFO: [ view_filter ] --END-- [ RunTime:0.001654s ]
INFO: [ view_end ] --START--
INFO: Run ShowPageTrace Behavior [ RunTime:0.000540s ]
INFO: [ view_end ] --END-- [ RunTime:0.000618s ]

[ 2013-04-27T05:28:33+08:00 ] ERR: (ThinkException) 无法加载模块:img
[ 2013-04-27T05:28:33+08:00 ] ERR: (ThinkException) 无法加载模块:img
[ 2013-04-27T05:30:18+08:00 ] 117.24.0.12 /evbeta/Admin/mall/
INFO: [ route_check ] --START--
INFO: Run CheckRoute Behavior [ RunTime:0.001229s ]
INFO: [ route_check ] --END-- [ RunTime:0.001425s ]
INFO: [ app_begin ] --START--
INFO: Run ReadHtmlCache Behavior [ RunTime:0.000696s ]
INFO: [ app_begin ] --END-- [ RunTime:0.000838s ]
INFO: [ view_template ] --START--
INFO: Run LocationTemplate Behavior [ RunTime:0.000485s ]
INFO: [ view_template ] --END-- [ RunTime:0.000626s ]
INFO: [ view_parse ] --START--
INFO: Run ParseTemplate Behavior [ RunTime:0.018216s ]
INFO: [ view_parse ] --END-- [ RunTime:0.018393s ]
INFO: [ view_filter ] --START--
INFO: Run ContentReplace Behavior [ RunTime:0.000544s ]
INFO: Run TokenBuild Behavior [ RunTime:0.000425s ]
INFO: Run WriteHtmlCache Behavior [ RunTime:0.000249s ]
INFO: Run ShowRuntime Behavior [ RunTime:0.000538s ]
INFO: [ view_filter ] --END-- [ RunTime:0.002035s ]
INFO: [ view_end ] --START--
INFO: Run ShowPageTrace Behavior [ RunTime:0.000689s ]
INFO: [ view_end ] --END-- [ RunTime:0.000793s ]

[ 2013-04-27T05:30:18+08:00 ] ERR: (ThinkException) 无法加载模块:img
[ 2013-04-27T05:30:18+08:00 ] ERR: (ThinkException) 无法加载模块:img
[ 2013-04-27T05:34:53+08:00 ] 117.24.0.12 /evbeta/Admin/mall/
INFO: [ route_check ] --START--
INFO: Run CheckRoute Behavior [ RunTime:0.001327s ]
INFO: [ route_check ] --END-- [ RunTime:0.001497s ]
INFO: [ app_begin ] --START--
INFO: Run ReadHtmlCache Behavior [ RunTime:0.000682s ]
INFO: [ app_begin ] --END-- [ RunTime:0.000834s ]
INFO: [ view_template ] --START--
INFO: Run LocationTemplate Behavior [ RunTime:0.000377s ]
INFO: [ view_template ] --END-- [ RunTime:0.000473s ]
INFO: [ view_parse ] --START--
INFO: Run ParseTemplate Behavior [ RunTime:0.017396s ]
INFO: [ view_parse ] --END-- [ RunTime:0.017551s ]
INFO: [ view_filter ] --START--
INFO: Run ContentReplace Behavior [ RunTime:0.000524s ]
INFO: Run TokenBuild Behavior [ RunTime:0.000393s ]
INFO: Run WriteHtmlCache Behavior [ RunTime:0.000234s ]
INFO: Run ShowRuntime Behavior [ RunTime:0.000476s ]
INFO: [ view_filter ] --END-- [ RunTime:0.001941s ]
INFO: [ view_end ] --START--
INFO: Run ShowPageTrace Behavior [ RunTime:0.000645s ]
INFO: [ view_end ] --END-- [ RunTime:0.000738s ]

[ 2013-04-27T05:34:53+08:00 ] ERR: (ThinkException) 无法加载模块:img
[ 2013-04-27T05:34:53+08:00 ] ERR: (ThinkException) 无法加载模块:img
[ 2013-04-27T05:35:39+08:00 ] ERR: (ThinkException) 无法加载模块:img
[ 2013-04-27T05:35:39+08:00 ] ERR: (ThinkException) 无法加载模块:img
[ 2013-04-27T05:35:50+08:00 ] ERR: (ThinkException) 无法加载模块:img
[ 2013-04-27T05:35:50+08:00 ] ERR: (ThinkException) 无法加载模块:img
