[ 2013-04-19T02:12:28+08:00 ] 127.0.0.1 /
INFO: [ app_begin ] --START--
INFO: Run ReadHtmlCache Behavior [ RunTime:0.000571s ]
INFO: [ app_begin ] --END-- [ RunTime:0.000637s ]
INFO: [ view_parse ] --START--
INFO: Run ParseTemplate Behavior [ RunTime:0.001128s ]
INFO: [ view_parse ] --END-- [ RunTime:0.001277s ]
INFO: [ view_filter ] --START--
INFO: Run ContentReplace Behavior [ RunTime:0.000609s ]
INFO: Run TokenBuild Behavior [ RunTime:0.000538s ]
INFO: Run WriteHtmlCache Behavior [ RunTime:0.000194s ]
INFO: Run ShowRuntime Behavior [ RunTime:0.000721s ]
INFO: [ view_filter ] --END-- [ RunTime:0.002420s ]
INFO: [ view_end ] --START--
INFO: Run ShowPageTrace Behavior [ RunTime:0.001015s ]
INFO: [ view_end ] --END-- [ RunTime:0.001083s ]
INFO: [ view_template ] --START--
INFO: Run LocationTemplate Behavior [ RunTime:0.000518s ]
INFO: [ view_template ] --END-- [ RunTime:0.000572s ]
INFO: [ view_parse ] --START--
INFO: Run ParseTemplate Behavior [ RunTime:0.005824s ]
INFO: [ view_parse ] --END-- [ RunTime:-0.004415s ]
INFO: [ view_filter ] --START--
INFO: Run ContentReplace Behavior [ RunTime:0.000041s ]
INFO: Run TokenBuild Behavior [ RunTime:0.000024s ]
INFO: Run WriteHtmlCache Behavior [ RunTime:0.000005s ]
INFO: Run ShowRuntime Behavior [ RunTime:0.000034s ]
INFO: [ view_filter ] --END-- [ RunTime:-0.007859s ]
INFO: [ view_end ] --START--
INFO: Run ShowPageTrace Behavior [ RunTime:0.000017s ]
INFO: [ view_end ] --END-- [ RunTime:-0.006862s ]

[ 2013-04-19T02:15:48+08:00 ] 127.0.0.1 /
INFO: [ app_begin ] --START--
INFO: Run ReadHtmlCache Behavior [ RunTime:0.000340s ]
INFO: [ app_begin ] --END-- [ RunTime:0.000420s ]
INFO: [ view_parse ] --START--
INFO: Run ParseTemplate Behavior [ RunTime:0.000341s ]
INFO: [ view_parse ] --END-- [ RunTime:0.000380s ]
INFO: [ view_filter ] --START--
INFO: Run ContentReplace Behavior [ RunTime:0.000137s ]
INFO: Run TokenBuild Behavior [ RunTime:0.000150s ]
INFO: Run WriteHtmlCache Behavior [ RunTime:0.000088s ]
INFO: Run ShowRuntime Behavior [ RunTime:0.000194s ]
INFO: [ view_filter ] --END-- [ RunTime:0.000660s ]
INFO: [ view_end ] --START--
INFO: Run ShowPageTrace Behavior [ RunTime:0.000278s ]
INFO: [ view_end ] --END-- [ RunTime:0.000311s ]
INFO: [ view_template ] --START--
INFO: Run LocationTemplate Behavior [ RunTime:0.000134s ]
INFO: [ view_template ] --END-- [ RunTime:0.000170s ]
INFO: [ view_parse ] --START--
INFO: Run ParseTemplate Behavior [ RunTime:0.003006s ]
INFO: [ view_parse ] --END-- [ RunTime:-0.001289s ]
INFO: [ view_filter ] --START--
INFO: Run ContentReplace Behavior [ RunTime:0.000027s ]
INFO: Run TokenBuild Behavior [ RunTime:0.000021s ]
INFO: Run WriteHtmlCache Behavior [ RunTime:0.000004s ]
INFO: Run ShowRuntime Behavior [ RunTime:0.000039s ]
INFO: [ view_filter ] --END-- [ RunTime:-0.003678s ]
INFO: [ view_end ] --START--
INFO: Run ShowPageTrace Behavior [ RunTime:0.000018s ]
INFO: [ view_end ] --END-- [ RunTime:-0.003529s ]

[ 2013-04-19T02:36:19+08:00 ] 192.168.1.104 /
INFO: [ app_begin ] --START--
INFO: Run ReadHtmlCache Behavior [ RunTime:0.000563s ]
INFO: [ app_begin ] --END-- [ RunTime:0.000622s ]
INFO: [ view_parse ] --START--
INFO: Run ParseTemplate Behavior [ RunTime:0.000902s ]
INFO: [ view_parse ] --END-- [ RunTime:0.000971s ]
INFO: [ view_filter ] --START--
INFO: Run ContentReplace Behavior [ RunTime:0.000419s ]
INFO: Run TokenBuild Behavior [ RunTime:0.000431s ]
INFO: Run WriteHtmlCache Behavior [ RunTime:0.000374s ]
INFO: Run ShowRuntime Behavior [ RunTime:0.000476s ]
INFO: [ view_filter ] --END-- [ RunTime:0.001788s ]
INFO: [ view_end ] --START--
INFO: Run ShowPageTrace Behavior [ RunTime:0.000581s ]
INFO: [ view_end ] --END-- [ RunTime:0.000610s ]
INFO: [ view_template ] --START--
INFO: Run LocationTemplate Behavior [ RunTime:0.000409s ]
INFO: [ view_template ] --END-- [ RunTime:0.000441s ]
INFO: [ view_parse ] --START--
INFO: Run ParseTemplate Behavior [ RunTime:0.007899s ]
INFO: [ view_parse ] --END-- [ RunTime:-0.002952s ]
INFO: [ view_filter ] --START--
INFO: Run ContentReplace Behavior [ RunTime:0.000040s ]
INFO: Run TokenBuild Behavior [ RunTime:0.000027s ]
INFO: Run WriteHtmlCache Behavior [ RunTime:0.000006s ]
INFO: Run ShowRuntime Behavior [ RunTime:0.000036s ]
INFO: [ view_filter ] --END-- [ RunTime:-0.009145s ]
INFO: [ view_end ] --START--
INFO: Run ShowPageTrace Behavior [ RunTime:0.000021s ]
INFO: [ view_end ] --END-- [ RunTime:-0.008740s ]

[ 2013-04-19T19:43:06+08:00 ] 127.0.0.1 /
INFO: [ app_begin ] --START--
INFO: Run ReadHtmlCache Behavior [ RunTime:0.000955s ]
INFO: [ app_begin ] --END-- [ RunTime:0.001067s ]
INFO: [ view_parse ] --START--
INFO: Run ParseTemplate Behavior [ RunTime:0.001845s ]
INFO: [ view_parse ] --END-- [ RunTime:0.001928s ]
INFO: [ view_filter ] --START--
INFO: Run ContentReplace Behavior [ RunTime:0.000451s ]
INFO: Run TokenBuild Behavior [ RunTime:0.000472s ]
INFO: Run WriteHtmlCache Behavior [ RunTime:0.000383s ]
INFO: Run ShowRuntime Behavior [ RunTime:0.000490s ]
INFO: [ view_filter ] --END-- [ RunTime:0.001892s ]
INFO: [ view_end ] --START--
INFO: Run ShowPageTrace Behavior [ RunTime:0.000633s ]
INFO: [ view_end ] --END-- [ RunTime:0.000671s ]
INFO: [ view_template ] --START--
INFO: Run LocationTemplate Behavior [ RunTime:0.000880s ]
INFO: [ view_template ] --END-- [ RunTime:0.000978s ]
INFO: [ view_parse ] --START--
INFO: Run ParseTemplate Behavior [ RunTime:0.006137s ]
INFO: [ view_parse ] --END-- [ RunTime:-0.003698s ]
INFO: [ view_filter ] --START--
INFO: Run ContentReplace Behavior [ RunTime:0.000037s ]
INFO: Run TokenBuild Behavior [ RunTime:0.000025s ]
INFO: Run WriteHtmlCache Behavior [ RunTime:0.000006s ]
INFO: Run ShowRuntime Behavior [ RunTime:0.000036s ]
INFO: [ view_filter ] --END-- [ RunTime:-0.008006s ]
INFO: [ view_end ] --START--
INFO: Run ShowPageTrace Behavior [ RunTime:0.000020s ]
INFO: [ view_end ] --END-- [ RunTime:-0.007538s ]

