[ 2013-05-21T19:13:48+08:00 ] 127.0.0.1 /evbeta/User/Member/profile
INFO: [ route_check ] --START--
INFO: Run CheckRoute Behavior [ RunTime:0.004937s ]
INFO: [ route_check ] --END-- [ RunTime:0.005658s ]
INFO: [ app_begin ] --START--
INFO: Run ReadHtmlCache Behavior [ RunTime:0.013728s ]
INFO: [ app_begin ] --END-- [ RunTime:0.014617s ]
INFO: [ view_template ] --START--
INFO: Run LocationTemplate Behavior [ RunTime:0.016185s ]
INFO: [ view_template ] --END-- [ RunTime:0.016817s ]
INFO: [ view_parse ] --START--
INFO: Run ParseTemplate Behavior [ RunTime:0.102256s ]
INFO: [ view_parse ] --END-- [ RunTime:0.102853s ]
INFO: [ view_filter ] --START--
INFO: Run ContentReplace Behavior [ RunTime:0.002733s ]
INFO: Run TokenBuild Behavior [ RunTime:0.003479s ]
INFO: Run WriteHtmlCache Behavior [ RunTime:0.002187s ]
INFO: Run ShowRuntime Behavior [ RunTime:0.003605s ]
INFO: [ view_filter ] --END-- [ RunTime:0.013581s ]
INFO: [ view_end ] --START--
INFO: Run ShowPageTrace Behavior [ RunTime:0.003537s ]
INFO: [ view_end ] --END-- [ RunTime:0.004164s ]

[ 2013-05-21T19:17:09+08:00 ] 127.0.0.1 /evbeta/User/Member/profile
INFO: [ route_check ] --START--
INFO: Run CheckRoute Behavior [ RunTime:0.004848s ]
INFO: [ route_check ] --END-- [ RunTime:0.005491s ]
INFO: [ app_begin ] --START--
INFO: Run ReadHtmlCache Behavior [ RunTime:0.003326s ]
INFO: [ app_begin ] --END-- [ RunTime:0.003957s ]
INFO: [ view_template ] --START--
INFO: Run LocationTemplate Behavior [ RunTime:0.003115s ]
INFO: [ view_template ] --END-- [ RunTime:0.004034s ]
INFO: [ view_parse ] --START--
INFO: Run ParseTemplate Behavior [ RunTime:0.033146s ]
INFO: [ view_parse ] --END-- [ RunTime:0.033887s ]
INFO: [ view_filter ] --START--
INFO: Run ContentReplace Behavior [ RunTime:0.003204s ]
INFO: Run TokenBuild Behavior [ RunTime:0.002889s ]
INFO: Run WriteHtmlCache Behavior [ RunTime:0.002353s ]
INFO: Run ShowRuntime Behavior [ RunTime:0.003602s ]
INFO: [ view_filter ] --END-- [ RunTime:0.013956s ]
INFO: [ view_end ] --START--
INFO: Run ShowPageTrace Behavior [ RunTime:0.003642s ]
INFO: [ view_end ] --END-- [ RunTime:0.004203s ]

[ 2013-05-21T19:17:22+08:00 ] 127.0.0.1 /evbeta/User/Member/
INFO: [ route_check ] --START--
INFO: Run CheckRoute Behavior [ RunTime:0.004648s ]
INFO: [ route_check ] --END-- [ RunTime:0.005322s ]
INFO: [ app_begin ] --START--
INFO: Run ReadHtmlCache Behavior [ RunTime:0.003013s ]
INFO: [ app_begin ] --END-- [ RunTime:0.003616s ]
INFO: [ view_template ] --START--
INFO: Run LocationTemplate Behavior [ RunTime:0.005764s ]
INFO: [ view_template ] --END-- [ RunTime:0.006424s ]
INFO: [ view_parse ] --START--
INFO: Run ParseTemplate Behavior [ RunTime:0.031119s ]
INFO: [ view_parse ] --END-- [ RunTime:0.031709s ]
INFO: [ view_filter ] --START--
INFO: Run ContentReplace Behavior [ RunTime:0.002616s ]
INFO: Run TokenBuild Behavior [ RunTime:0.003108s ]
INFO: Run WriteHtmlCache Behavior [ RunTime:0.002109s ]
INFO: Run ShowRuntime Behavior [ RunTime:0.003490s ]
INFO: [ view_filter ] --END-- [ RunTime:0.012962s ]
INFO: [ view_end ] --START--
INFO: Run ShowPageTrace Behavior [ RunTime:0.004215s ]
INFO: [ view_end ] --END-- [ RunTime:0.004785s ]

[ 2013-05-21T19:18:30+08:00 ] 127.0.0.1 /evbeta/User/Member/profile
INFO: [ route_check ] --START--
INFO: Run CheckRoute Behavior [ RunTime:0.002797s ]
INFO: [ route_check ] --END-- [ RunTime:0.003481s ]
INFO: [ app_begin ] --START--
INFO: Run ReadHtmlCache Behavior [ RunTime:0.002779s ]
INFO: [ app_begin ] --END-- [ RunTime:0.003397s ]
INFO: [ view_template ] --START--
INFO: Run LocationTemplate Behavior [ RunTime:0.001552s ]
INFO: [ view_template ] --END-- [ RunTime:0.002460s ]
INFO: [ view_parse ] --START--
INFO: Run ParseTemplate Behavior [ RunTime:0.025407s ]
INFO: [ view_parse ] --END-- [ RunTime:0.026011s ]
INFO: [ view_filter ] --START--
INFO: Run ContentReplace Behavior [ RunTime:0.001653s ]
INFO: Run TokenBuild Behavior [ RunTime:0.004971s ]
INFO: Run WriteHtmlCache Behavior [ RunTime:0.001769s ]
INFO: Run ShowRuntime Behavior [ RunTime:0.002463s ]
INFO: [ view_filter ] --END-- [ RunTime:0.012943s ]
INFO: [ view_end ] --START--
INFO: Run ShowPageTrace Behavior [ RunTime:0.002119s ]
INFO: [ view_end ] --END-- [ RunTime:0.002671s ]

[ 2013-05-21T19:20:52+08:00 ] 127.0.0.1 /evbeta/User/Member/profile
INFO: [ route_check ] --START--
INFO: Run CheckRoute Behavior [ RunTime:0.004622s ]
INFO: [ route_check ] --END-- [ RunTime:0.005250s ]
INFO: [ app_begin ] --START--
INFO: Run ReadHtmlCache Behavior [ RunTime:0.003495s ]
INFO: [ app_begin ] --END-- [ RunTime:0.004106s ]
INFO: [ view_template ] --START--
INFO: Run LocationTemplate Behavior [ RunTime:0.002422s ]
INFO: [ view_template ] --END-- [ RunTime:0.003029s ]
INFO: [ view_parse ] --START--
INFO: Run ParseTemplate Behavior [ RunTime:0.031212s ]
INFO: [ view_parse ] --END-- [ RunTime:0.032102s ]
INFO: [ view_filter ] --START--
INFO: Run ContentReplace Behavior [ RunTime:0.002386s ]
INFO: Run TokenBuild Behavior [ RunTime:0.002529s ]
INFO: Run WriteHtmlCache Behavior [ RunTime:0.002084s ]
INFO: Run ShowRuntime Behavior [ RunTime:0.003107s ]
INFO: [ view_filter ] --END-- [ RunTime:0.012021s ]
INFO: [ view_end ] --START--
INFO: Run ShowPageTrace Behavior [ RunTime:0.002874s ]
INFO: [ view_end ] --END-- [ RunTime:0.003446s ]

[ 2013-05-21T19:21:01+08:00 ] 127.0.0.1 /evbeta/User/Member/profile
INFO: [ route_check ] --START--
INFO: Run CheckRoute Behavior [ RunTime:0.005260s ]
INFO: [ route_check ] --END-- [ RunTime:0.006122s ]
INFO: [ app_begin ] --START--
INFO: Run ReadHtmlCache Behavior [ RunTime:0.003121s ]
INFO: [ app_begin ] --END-- [ RunTime:0.003906s ]
INFO: [ view_template ] --START--
INFO: Run LocationTemplate Behavior [ RunTime:0.002790s ]
INFO: [ view_template ] --END-- [ RunTime:0.003406s ]
INFO: [ view_parse ] --START--
INFO: Run ParseTemplate Behavior [ RunTime:0.033684s ]
INFO: [ view_parse ] --END-- [ RunTime:0.034330s ]
INFO: [ view_filter ] --START--
INFO: Run ContentReplace Behavior [ RunTime:0.002464s ]
INFO: Run TokenBuild Behavior [ RunTime:0.002833s ]
INFO: Run WriteHtmlCache Behavior [ RunTime:0.002211s ]
INFO: Run ShowRuntime Behavior [ RunTime:0.003298s ]
INFO: [ view_filter ] --END-- [ RunTime:0.012363s ]
INFO: [ view_end ] --START--
INFO: Run ShowPageTrace Behavior [ RunTime:0.003054s ]
INFO: [ view_end ] --END-- [ RunTime:0.003641s ]

[ 2013-05-21T19:21:58+08:00 ] 127.0.0.1 /evbeta/User/Member/
INFO: [ route_check ] --START--
INFO: Run CheckRoute Behavior [ RunTime:0.004742s ]
INFO: [ route_check ] --END-- [ RunTime:0.005380s ]
INFO: [ app_begin ] --START--
INFO: Run ReadHtmlCache Behavior [ RunTime:0.002977s ]
INFO: [ app_begin ] --END-- [ RunTime:0.003582s ]
INFO: [ view_template ] --START--
INFO: Run LocationTemplate Behavior [ RunTime:0.006003s ]
INFO: [ view_template ] --END-- [ RunTime:0.006614s ]
INFO: [ view_parse ] --START--
INFO: Run ParseTemplate Behavior [ RunTime:0.032073s ]
INFO: [ view_parse ] --END-- [ RunTime:0.032669s ]
INFO: [ view_filter ] --START--
INFO: Run ContentReplace Behavior [ RunTime:0.002778s ]
INFO: Run TokenBuild Behavior [ RunTime:0.002904s ]
INFO: Run WriteHtmlCache Behavior [ RunTime:0.002210s ]
INFO: Run ShowRuntime Behavior [ RunTime:0.003632s ]
INFO: [ view_filter ] --END-- [ RunTime:0.013080s ]
INFO: [ view_end ] --START--
INFO: Run ShowPageTrace Behavior [ RunTime:0.003283s ]
INFO: [ view_end ] --END-- [ RunTime:0.003847s ]

[ 2013-05-21T19:22:51+08:00 ] 127.0.0.1 /evbeta/User/Member/?page=1
INFO: [ route_check ] --START--
INFO: Run CheckRoute Behavior [ RunTime:0.008393s ]
INFO: [ route_check ] --END-- [ RunTime:0.009058s ]
INFO: [ app_begin ] --START--
INFO: Run ReadHtmlCache Behavior [ RunTime:0.003193s ]
INFO: [ app_begin ] --END-- [ RunTime:0.003815s ]
INFO: [ view_template ] --START--
INFO: Run LocationTemplate Behavior [ RunTime:0.007946s ]
INFO: [ view_template ] --END-- [ RunTime:0.008574s ]
INFO: [ view_parse ] --START--
INFO: Run ParseTemplate Behavior [ RunTime:0.029061s ]
INFO: [ view_parse ] --END-- [ RunTime:0.029664s ]
INFO: [ view_filter ] --START--
INFO: Run ContentReplace Behavior [ RunTime:0.002435s ]
INFO: Run TokenBuild Behavior [ RunTime:0.003207s ]
INFO: Run WriteHtmlCache Behavior [ RunTime:0.002027s ]
INFO: Run ShowRuntime Behavior [ RunTime:0.003076s ]
INFO: [ view_filter ] --END-- [ RunTime:0.012347s ]
INFO: [ view_end ] --START--
INFO: Run ShowPageTrace Behavior [ RunTime:0.003034s ]
INFO: [ view_end ] --END-- [ RunTime:0.003645s ]

[ 2013-05-21T19:24:25+08:00 ] 127.0.0.1 /evbeta/User/Member/?page=1
INFO: [ route_check ] --START--
INFO: Run CheckRoute Behavior [ RunTime:0.002789s ]
INFO: [ route_check ] --END-- [ RunTime:0.003465s ]
INFO: [ app_begin ] --START--
INFO: Run ReadHtmlCache Behavior [ RunTime:0.002850s ]
INFO: [ app_begin ] --END-- [ RunTime:0.003478s ]
INFO: [ view_template ] --START--
INFO: Run LocationTemplate Behavior [ RunTime:0.001760s ]
INFO: [ view_template ] --END-- [ RunTime:0.002404s ]
INFO: [ view_parse ] --START--
INFO: Run ParseTemplate Behavior [ RunTime:0.027435s ]
INFO: [ view_parse ] --END-- [ RunTime:0.028039s ]
INFO: [ view_filter ] --START--
INFO: Run ContentReplace Behavior [ RunTime:0.001957s ]
INFO: Run TokenBuild Behavior [ RunTime:0.002209s ]
INFO: Run WriteHtmlCache Behavior [ RunTime:0.001430s ]
INFO: Run ShowRuntime Behavior [ RunTime:0.002413s ]
INFO: [ view_filter ] --END-- [ RunTime:0.009738s ]
INFO: [ view_end ] --START--
INFO: Run ShowPageTrace Behavior [ RunTime:0.002549s ]
INFO: [ view_end ] --END-- [ RunTime:0.003370s ]

[ 2013-05-21T19:25:05+08:00 ] 127.0.0.1 /evbeta/User/Member/?page=1
INFO: [ route_check ] --START--
INFO: Run CheckRoute Behavior [ RunTime:0.004556s ]
INFO: [ route_check ] --END-- [ RunTime:0.005204s ]
INFO: [ app_begin ] --START--
INFO: Run ReadHtmlCache Behavior [ RunTime:0.002804s ]
INFO: [ app_begin ] --END-- [ RunTime:0.003407s ]
INFO: [ view_template ] --START--
INFO: Run LocationTemplate Behavior [ RunTime:0.004907s ]
INFO: [ view_template ] --END-- [ RunTime:0.005639s ]
INFO: [ view_parse ] --START--
INFO: Run ParseTemplate Behavior [ RunTime:0.033849s ]
INFO: [ view_parse ] --END-- [ RunTime:0.034469s ]
INFO: [ view_filter ] --START--
INFO: Run ContentReplace Behavior [ RunTime:0.002797s ]
INFO: Run TokenBuild Behavior [ RunTime:0.002703s ]
INFO: Run WriteHtmlCache Behavior [ RunTime:0.001957s ]
INFO: Run ShowRuntime Behavior [ RunTime:0.003273s ]
INFO: [ view_filter ] --END-- [ RunTime:0.012561s ]
INFO: [ view_end ] --START--
INFO: Run ShowPageTrace Behavior [ RunTime:0.003161s ]
INFO: [ view_end ] --END-- [ RunTime:0.003728s ]

[ 2013-05-21T19:25:24+08:00 ] 127.0.0.1 /evbeta/User/Member/?page=1
INFO: [ route_check ] --START--
INFO: Run CheckRoute Behavior [ RunTime:0.002583s ]
INFO: [ route_check ] --END-- [ RunTime:0.003222s ]
INFO: [ app_begin ] --START--
INFO: Run ReadHtmlCache Behavior [ RunTime:0.002291s ]
INFO: [ app_begin ] --END-- [ RunTime:0.002888s ]
INFO: [ view_template ] --START--
INFO: Run LocationTemplate Behavior [ RunTime:0.001538s ]
INFO: [ view_template ] --END-- [ RunTime:0.002216s ]
INFO: [ view_parse ] --START--
INFO: Run ParseTemplate Behavior [ RunTime:0.023803s ]
INFO: [ view_parse ] --END-- [ RunTime:0.024414s ]
INFO: [ view_filter ] --START--
INFO: Run ContentReplace Behavior [ RunTime:0.002580s ]
INFO: Run TokenBuild Behavior [ RunTime:0.002770s ]
INFO: Run WriteHtmlCache Behavior [ RunTime:0.001246s ]
INFO: Run ShowRuntime Behavior [ RunTime:0.002234s ]
INFO: [ view_filter ] --END-- [ RunTime:0.010470s ]
INFO: [ view_end ] --START--
INFO: Run ShowPageTrace Behavior [ RunTime:0.002822s ]
INFO: [ view_end ] --END-- [ RunTime:0.003394s ]

[ 2013-05-21T19:25:52+08:00 ] 127.0.0.1 /evbeta/User/Member/?page=1
INFO: [ route_check ] --START--
INFO: Run CheckRoute Behavior [ RunTime:0.004721s ]
INFO: [ route_check ] --END-- [ RunTime:0.005457s ]
INFO: [ app_begin ] --START--
INFO: Run ReadHtmlCache Behavior [ RunTime:0.002868s ]
INFO: [ app_begin ] --END-- [ RunTime:0.003504s ]
INFO: [ view_template ] --START--
INFO: Run LocationTemplate Behavior [ RunTime:0.004855s ]
INFO: [ view_template ] --END-- [ RunTime:0.005468s ]
INFO: [ view_parse ] --START--
INFO: Run ParseTemplate Behavior [ RunTime:0.033760s ]
INFO: [ view_parse ] --END-- [ RunTime:0.034396s ]
INFO: [ view_filter ] --START--
INFO: Run ContentReplace Behavior [ RunTime:0.003137s ]
INFO: Run TokenBuild Behavior [ RunTime:0.002911s ]
INFO: Run WriteHtmlCache Behavior [ RunTime:0.001946s ]
INFO: Run ShowRuntime Behavior [ RunTime:0.003108s ]
INFO: [ view_filter ] --END-- [ RunTime:0.012702s ]
INFO: [ view_end ] --START--
INFO: Run ShowPageTrace Behavior [ RunTime:0.003090s ]
INFO: [ view_end ] --END-- [ RunTime:0.003661s ]

[ 2013-05-21T19:27:26+08:00 ] 127.0.0.1 /evbeta/User/Member/?page=1
INFO: [ route_check ] --START--
INFO: Run CheckRoute Behavior [ RunTime:0.005007s ]
INFO: [ route_check ] --END-- [ RunTime:0.006300s ]
INFO: [ app_begin ] --START--
INFO: Run ReadHtmlCache Behavior [ RunTime:0.002984s ]
INFO: [ app_begin ] --END-- [ RunTime:0.003961s ]
INFO: [ view_template ] --START--
INFO: Run LocationTemplate Behavior [ RunTime:0.005018s ]
INFO: [ view_template ] --END-- [ RunTime:0.005644s ]
INFO: [ view_parse ] --START--
INFO: Run ParseTemplate Behavior [ RunTime:0.030285s ]
INFO: [ view_parse ] --END-- [ RunTime:0.031187s ]
INFO: [ view_filter ] --START--
INFO: Run ContentReplace Behavior [ RunTime:0.002412s ]
INFO: Run TokenBuild Behavior [ RunTime:0.002681s ]
INFO: Run WriteHtmlCache Behavior [ RunTime:0.003023s ]
INFO: Run ShowRuntime Behavior [ RunTime:0.003551s ]
INFO: [ view_filter ] --END-- [ RunTime:0.013546s ]
INFO: [ view_end ] --START--
INFO: Run ShowPageTrace Behavior [ RunTime:0.003166s ]
INFO: [ view_end ] --END-- [ RunTime:0.003733s ]

[ 2013-05-21T19:27:28+08:00 ] 127.0.0.1 /evbeta/User/Member/profile
INFO: [ route_check ] --START--
INFO: Run CheckRoute Behavior [ RunTime:0.004588s ]
INFO: [ route_check ] --END-- [ RunTime:0.005622s ]
INFO: [ app_begin ] --START--
INFO: Run ReadHtmlCache Behavior [ RunTime:0.002843s ]
INFO: [ app_begin ] --END-- [ RunTime:0.003851s ]
INFO: [ view_template ] --START--
INFO: Run LocationTemplate Behavior [ RunTime:0.002639s ]
INFO: [ view_template ] --END-- [ RunTime:0.003281s ]
INFO: [ view_parse ] --START--
INFO: Run ParseTemplate Behavior [ RunTime:0.033228s ]
INFO: [ view_parse ] --END-- [ RunTime:0.033829s ]
INFO: [ view_filter ] --START--
INFO: Run ContentReplace Behavior [ RunTime:0.003584s ]
INFO: Run TokenBuild Behavior [ RunTime:0.003383s ]
INFO: Run WriteHtmlCache Behavior [ RunTime:0.002433s ]
INFO: Run ShowRuntime Behavior [ RunTime:0.003926s ]
INFO: [ view_filter ] --END-- [ RunTime:0.014933s ]
INFO: [ view_end ] --START--
INFO: Run ShowPageTrace Behavior [ RunTime:0.006192s ]
INFO: [ view_end ] --END-- [ RunTime:0.006761s ]

[ 2013-05-21T19:30:27+08:00 ] 127.0.0.1 /evbeta/User/Member/?page=1
INFO: [ route_check ] --START--
INFO: Run CheckRoute Behavior [ RunTime:0.005139s ]
INFO: [ route_check ] --END-- [ RunTime:0.005786s ]
INFO: [ app_begin ] --START--
INFO: Run ReadHtmlCache Behavior [ RunTime:0.004130s ]
INFO: [ app_begin ] --END-- [ RunTime:0.004765s ]
INFO: [ view_template ] --START--
INFO: Run LocationTemplate Behavior [ RunTime:0.005171s ]
INFO: [ view_template ] --END-- [ RunTime:0.005785s ]
INFO: [ view_parse ] --START--
INFO: Run ParseTemplate Behavior [ RunTime:0.037175s ]
INFO: [ view_parse ] --END-- [ RunTime:0.037844s ]
INFO: [ view_filter ] --START--
INFO: Run ContentReplace Behavior [ RunTime:0.003042s ]
INFO: Run TokenBuild Behavior [ RunTime:0.002956s ]
INFO: Run WriteHtmlCache Behavior [ RunTime:0.002032s ]
INFO: Run ShowRuntime Behavior [ RunTime:0.003668s ]
INFO: [ view_filter ] --END-- [ RunTime:0.013259s ]
INFO: [ view_end ] --START--
INFO: Run ShowPageTrace Behavior [ RunTime:0.003476s ]
INFO: [ view_end ] --END-- [ RunTime:0.004071s ]

[ 2013-05-21T19:30:44+08:00 ] 127.0.0.1 /evbeta/User/Member/?page=1
INFO: [ route_check ] --START--
INFO: Run CheckRoute Behavior [ RunTime:0.004697s ]
INFO: [ route_check ] --END-- [ RunTime:0.005339s ]
INFO: [ app_begin ] --START--
INFO: Run ReadHtmlCache Behavior [ RunTime:0.003331s ]
INFO: [ app_begin ] --END-- [ RunTime:0.003936s ]
INFO: [ view_template ] --START--
INFO: Run LocationTemplate Behavior [ RunTime:0.005363s ]
INFO: [ view_template ] --END-- [ RunTime:0.005979s ]
INFO: [ view_parse ] --START--
INFO: Run ParseTemplate Behavior [ RunTime:0.030411s ]
INFO: [ view_parse ] --END-- [ RunTime:0.031354s ]
INFO: [ view_filter ] --START--
INFO: Run ContentReplace Behavior [ RunTime:0.002634s ]
INFO: Run TokenBuild Behavior [ RunTime:0.003066s ]
INFO: Run WriteHtmlCache Behavior [ RunTime:0.002004s ]
INFO: Run ShowRuntime Behavior [ RunTime:0.003780s ]
INFO: [ view_filter ] --END-- [ RunTime:0.013649s ]
INFO: [ view_end ] --START--
INFO: Run ShowPageTrace Behavior [ RunTime:0.003562s ]
INFO: [ view_end ] --END-- [ RunTime:0.004449s ]

[ 2013-05-21T19:30:57+08:00 ] 127.0.0.1 /evbeta/User/Member/?page=1
INFO: [ route_check ] --START--
INFO: Run CheckRoute Behavior [ RunTime:0.004656s ]
INFO: [ route_check ] --END-- [ RunTime:0.005315s ]
INFO: [ app_begin ] --START--
INFO: Run ReadHtmlCache Behavior [ RunTime:0.003201s ]
INFO: [ app_begin ] --END-- [ RunTime:0.003834s ]
INFO: [ view_template ] --START--
INFO: Run LocationTemplate Behavior [ RunTime:0.007972s ]
INFO: [ view_template ] --END-- [ RunTime:0.008784s ]
INFO: [ view_parse ] --START--
INFO: Run ParseTemplate Behavior [ RunTime:0.030961s ]
INFO: [ view_parse ] --END-- [ RunTime:0.031568s ]
INFO: [ view_filter ] --START--
INFO: Run ContentReplace Behavior [ RunTime:0.002830s ]
INFO: Run TokenBuild Behavior [ RunTime:0.003628s ]
INFO: Run WriteHtmlCache Behavior [ RunTime:0.002176s ]
INFO: Run ShowRuntime Behavior [ RunTime:0.003034s ]
INFO: [ view_filter ] --END-- [ RunTime:0.013275s ]
INFO: [ view_end ] --START--
INFO: Run ShowPageTrace Behavior [ RunTime:0.002935s ]
INFO: [ view_end ] --END-- [ RunTime:0.003515s ]

[ 2013-05-21T19:32:31+08:00 ] 127.0.0.1 /evbeta/User/Member/?page=1
INFO: [ route_check ] --START--
INFO: Run CheckRoute Behavior [ RunTime:0.005678s ]
INFO: [ route_check ] --END-- [ RunTime:0.006301s ]
INFO: [ app_begin ] --START--
INFO: Run ReadHtmlCache Behavior [ RunTime:0.003131s ]
INFO: [ app_begin ] --END-- [ RunTime:0.003722s ]
INFO: [ view_template ] --START--
INFO: Run LocationTemplate Behavior [ RunTime:0.005288s ]
INFO: [ view_template ] --END-- [ RunTime:0.005939s ]
INFO: [ view_parse ] --START--
INFO: Run ParseTemplate Behavior [ RunTime:0.031494s ]
INFO: [ view_parse ] --END-- [ RunTime:0.032098s ]
INFO: [ view_filter ] --START--
INFO: Run ContentReplace Behavior [ RunTime:0.002593s ]
INFO: Run TokenBuild Behavior [ RunTime:0.002701s ]
INFO: Run WriteHtmlCache Behavior [ RunTime:0.002275s ]
INFO: Run ShowRuntime Behavior [ RunTime:0.003309s ]
INFO: [ view_filter ] --END-- [ RunTime:0.012899s ]
INFO: [ view_end ] --START--
INFO: Run ShowPageTrace Behavior [ RunTime:0.003160s ]
INFO: [ view_end ] --END-- [ RunTime:0.003733s ]

[ 2013-05-21T19:33:40+08:00 ] 127.0.0.1 /evbeta/User/Member/?page=1
INFO: [ route_check ] --START--
INFO: Run CheckRoute Behavior [ RunTime:0.005988s ]
INFO: [ route_check ] --END-- [ RunTime:0.006816s ]
INFO: [ app_begin ] --START--
INFO: Run ReadHtmlCache Behavior [ RunTime:0.003173s ]
INFO: [ app_begin ] --END-- [ RunTime:0.003772s ]
INFO: [ view_template ] --START--
INFO: Run LocationTemplate Behavior [ RunTime:0.005105s ]
INFO: [ view_template ] --END-- [ RunTime:0.005757s ]
INFO: [ view_parse ] --START--
INFO: Run ParseTemplate Behavior [ RunTime:0.033642s ]
INFO: [ view_parse ] --END-- [ RunTime:0.034520s ]
INFO: [ view_filter ] --START--
INFO: Run ContentReplace Behavior [ RunTime:0.002694s ]
INFO: Run TokenBuild Behavior [ RunTime:0.002711s ]
INFO: Run WriteHtmlCache Behavior [ RunTime:0.002246s ]
INFO: Run ShowRuntime Behavior [ RunTime:0.003289s ]
INFO: [ view_filter ] --END-- [ RunTime:0.012472s ]
INFO: [ view_end ] --START--
INFO: Run ShowPageTrace Behavior [ RunTime:0.002947s ]
INFO: [ view_end ] --END-- [ RunTime:0.003561s ]

[ 2013-05-21T19:35:13+08:00 ] 127.0.0.1 /evbeta/User/Member/concern
INFO: [ route_check ] --START--
INFO: Run CheckRoute Behavior [ RunTime:0.005134s ]
INFO: [ route_check ] --END-- [ RunTime:0.005801s ]
INFO: [ app_begin ] --START--
INFO: Run ReadHtmlCache Behavior [ RunTime:0.003068s ]
INFO: [ app_begin ] --END-- [ RunTime:0.003678s ]
INFO: [ view_template ] --START--
INFO: Run LocationTemplate Behavior [ RunTime:0.003288s ]
INFO: [ view_template ] --END-- [ RunTime:0.004092s ]
INFO: [ view_parse ] --START--
INFO: Run ParseTemplate Behavior [ RunTime:0.088909s ]
INFO: [ view_parse ] --END-- [ RunTime:0.089547s ]
INFO: [ view_filter ] --START--
INFO: Run ContentReplace Behavior [ RunTime:0.002376s ]
INFO: Run TokenBuild Behavior [ RunTime:0.002842s ]
INFO: Run WriteHtmlCache Behavior [ RunTime:0.002202s ]
INFO: Run ShowRuntime Behavior [ RunTime:0.003472s ]
INFO: [ view_filter ] --END-- [ RunTime:0.012849s ]
INFO: [ view_end ] --START--
INFO: Run ShowPageTrace Behavior [ RunTime:0.003153s ]
INFO: [ view_end ] --END-- [ RunTime:0.003765s ]

[ 2013-05-21T19:43:13+08:00 ] 127.0.0.1 /evbeta/User/Member/concern
INFO: [ route_check ] --START--
INFO: Run CheckRoute Behavior [ RunTime:0.005460s ]
INFO: [ route_check ] --END-- [ RunTime:0.006120s ]
INFO: [ app_begin ] --START--
INFO: Run ReadHtmlCache Behavior [ RunTime:0.003605s ]
INFO: [ app_begin ] --END-- [ RunTime:0.004209s ]
INFO: [ view_template ] --START--
INFO: Run LocationTemplate Behavior [ RunTime:0.005417s ]
INFO: [ view_template ] --END-- [ RunTime:0.007680s ]
INFO: [ view_parse ] --START--
INFO: Run ParseTemplate Behavior [ RunTime:0.034566s ]
INFO: [ view_parse ] --END-- [ RunTime:0.035472s ]
INFO: [ view_filter ] --START--
INFO: Run ContentReplace Behavior [ RunTime:0.002416s ]
INFO: Run TokenBuild Behavior [ RunTime:0.002777s ]
INFO: Run WriteHtmlCache Behavior [ RunTime:0.002004s ]
INFO: Run ShowRuntime Behavior [ RunTime:0.003618s ]
INFO: [ view_filter ] --END-- [ RunTime:0.013466s ]
INFO: [ view_end ] --START--
INFO: Run ShowPageTrace Behavior [ RunTime:0.003219s ]
INFO: [ view_end ] --END-- [ RunTime:0.003781s ]

[ 2013-05-21T19:45:52+08:00 ] 127.0.0.1 /evbeta/User/Member/concern
INFO: [ route_check ] --START--
INFO: Run CheckRoute Behavior [ RunTime:0.005461s ]
INFO: [ route_check ] --END-- [ RunTime:0.006128s ]
INFO: [ app_begin ] --START--
INFO: Run ReadHtmlCache Behavior [ RunTime:0.003063s ]
INFO: [ app_begin ] --END-- [ RunTime:0.003671s ]
INFO: [ view_template ] --START--
INFO: Run LocationTemplate Behavior [ RunTime:0.002259s ]
INFO: [ view_template ] --END-- [ RunTime:0.002907s ]
INFO: [ view_parse ] --START--
INFO: Run ParseTemplate Behavior [ RunTime:0.032929s ]
INFO: [ view_parse ] --END-- [ RunTime:0.033521s ]
INFO: [ view_filter ] --START--
INFO: Run ContentReplace Behavior [ RunTime:0.003305s ]
INFO: Run TokenBuild Behavior [ RunTime:0.003142s ]
INFO: Run WriteHtmlCache Behavior [ RunTime:0.001983s ]
INFO: Run ShowRuntime Behavior [ RunTime:0.003174s ]
INFO: [ view_filter ] --END-- [ RunTime:0.013233s ]
INFO: [ view_end ] --START--
INFO: Run ShowPageTrace Behavior [ RunTime:0.002992s ]
INFO: [ view_end ] --END-- [ RunTime:0.003568s ]

[ 2013-05-21T19:47:16+08:00 ] 127.0.0.1 /evbeta/User/Member/concern
INFO: [ route_check ] --START--
INFO: Run CheckRoute Behavior [ RunTime:0.005574s ]
INFO: [ route_check ] --END-- [ RunTime:0.006266s ]
INFO: [ app_begin ] --START--
INFO: Run ReadHtmlCache Behavior [ RunTime:0.007121s ]
INFO: [ app_begin ] --END-- [ RunTime:0.008079s ]
INFO: [ view_template ] --START--
INFO: Run LocationTemplate Behavior [ RunTime:0.002863s ]
INFO: [ view_template ] --END-- [ RunTime:0.003536s ]
INFO: [ view_parse ] --START--
INFO: Run ParseTemplate Behavior [ RunTime:0.035330s ]
INFO: [ view_parse ] --END-- [ RunTime:0.036033s ]
INFO: [ view_filter ] --START--
INFO: Run ContentReplace Behavior [ RunTime:0.002855s ]
INFO: Run TokenBuild Behavior [ RunTime:0.002662s ]
INFO: Run WriteHtmlCache Behavior [ RunTime:0.002101s ]
INFO: Run ShowRuntime Behavior [ RunTime:0.003100s ]
INFO: [ view_filter ] --END-- [ RunTime:0.012867s ]
INFO: [ view_end ] --START--
INFO: Run ShowPageTrace Behavior [ RunTime:0.005202s ]
INFO: [ view_end ] --END-- [ RunTime:0.005924s ]

[ 2013-05-21T19:48:20+08:00 ] 127.0.0.1 /evbeta/User/Member/concern
INFO: [ route_check ] --START--
INFO: Run CheckRoute Behavior [ RunTime:0.004610s ]
INFO: [ route_check ] --END-- [ RunTime:0.005230s ]
INFO: [ app_begin ] --START--
INFO: Run ReadHtmlCache Behavior [ RunTime:0.002845s ]
INFO: [ app_begin ] --END-- [ RunTime:0.003440s ]
INFO: [ view_template ] --START--
INFO: Run LocationTemplate Behavior [ RunTime:0.002272s ]
INFO: [ view_template ] --END-- [ RunTime:0.003863s ]
INFO: [ view_parse ] --START--
INFO: Run ParseTemplate Behavior [ RunTime:0.029516s ]
INFO: [ view_parse ] --END-- [ RunTime:0.030132s ]
INFO: [ view_filter ] --START--
INFO: Run ContentReplace Behavior [ RunTime:0.002775s ]
INFO: Run TokenBuild Behavior [ RunTime:0.002934s ]
INFO: Run WriteHtmlCache Behavior [ RunTime:0.002254s ]
INFO: Run ShowRuntime Behavior [ RunTime:0.003415s ]
INFO: [ view_filter ] --END-- [ RunTime:0.013380s ]
INFO: [ view_end ] --START--
INFO: Run ShowPageTrace Behavior [ RunTime:0.008998s ]
INFO: [ view_end ] --END-- [ RunTime:0.009570s ]

[ 2013-05-21T19:48:51+08:00 ] 127.0.0.1 /evbeta/User/Member/concern
INFO: [ route_check ] --START--
INFO: Run CheckRoute Behavior [ RunTime:0.002337s ]
INFO: [ route_check ] --END-- [ RunTime:0.003049s ]
INFO: [ app_begin ] --START--
INFO: Run ReadHtmlCache Behavior [ RunTime:0.002437s ]
INFO: [ app_begin ] --END-- [ RunTime:0.003043s ]
INFO: [ view_template ] --START--
INFO: Run LocationTemplate Behavior [ RunTime:0.002137s ]
INFO: [ view_template ] --END-- [ RunTime:0.002806s ]
INFO: [ view_parse ] --START--
INFO: Run ParseTemplate Behavior [ RunTime:0.025928s ]
INFO: [ view_parse ] --END-- [ RunTime:0.026853s ]
INFO: [ view_filter ] --START--
INFO: Run ContentReplace Behavior [ RunTime:0.002496s ]
INFO: Run TokenBuild Behavior [ RunTime:0.002403s ]
INFO: Run WriteHtmlCache Behavior [ RunTime:0.001250s ]
INFO: Run ShowRuntime Behavior [ RunTime:0.002251s ]
INFO: [ view_filter ] --END-- [ RunTime:0.010135s ]
INFO: [ view_end ] --START--
INFO: Run ShowPageTrace Behavior [ RunTime:0.002555s ]
INFO: [ view_end ] --END-- [ RunTime:0.003243s ]

[ 2013-05-21T19:49:09+08:00 ] 127.0.0.1 /evbeta/User/Member/concern
INFO: [ route_check ] --START--
INFO: Run CheckRoute Behavior [ RunTime:0.002480s ]
INFO: [ route_check ] --END-- [ RunTime:0.003188s ]
INFO: [ app_begin ] --START--
INFO: Run ReadHtmlCache Behavior [ RunTime:0.002240s ]
INFO: [ app_begin ] --END-- [ RunTime:0.002835s ]
INFO: [ view_template ] --START--
INFO: Run LocationTemplate Behavior [ RunTime:0.001622s ]
INFO: [ view_template ] --END-- [ RunTime:0.002225s ]
INFO: [ view_parse ] --START--
INFO: Run ParseTemplate Behavior [ RunTime:0.024069s ]
INFO: [ view_parse ] --END-- [ RunTime:0.024829s ]
INFO: [ view_filter ] --START--
INFO: Run ContentReplace Behavior [ RunTime:0.003333s ]
INFO: Run TokenBuild Behavior [ RunTime:0.002180s ]
INFO: Run WriteHtmlCache Behavior [ RunTime:0.001260s ]
INFO: Run ShowRuntime Behavior [ RunTime:0.002300s ]
INFO: [ view_filter ] --END-- [ RunTime:0.010686s ]
INFO: [ view_end ] --START--
INFO: Run ShowPageTrace Behavior [ RunTime:0.002600s ]
INFO: [ view_end ] --END-- [ RunTime:0.003191s ]

[ 2013-05-21T19:49:21+08:00 ] 127.0.0.1 /evbeta/User/Member/concern
INFO: [ route_check ] --START--
INFO: Run CheckRoute Behavior [ RunTime:0.005255s ]
INFO: [ route_check ] --END-- [ RunTime:0.005936s ]
INFO: [ app_begin ] --START--
INFO: Run ReadHtmlCache Behavior [ RunTime:0.004498s ]
INFO: [ app_begin ] --END-- [ RunTime:0.005101s ]
INFO: [ view_template ] --START--
INFO: Run LocationTemplate Behavior [ RunTime:0.002720s ]
INFO: [ view_template ] --END-- [ RunTime:0.004834s ]
INFO: [ view_parse ] --START--
INFO: Run ParseTemplate Behavior [ RunTime:0.052070s ]
INFO: [ view_parse ] --END-- [ RunTime:0.052705s ]
INFO: [ view_filter ] --START--
INFO: Run ContentReplace Behavior [ RunTime:0.002992s ]
INFO: Run TokenBuild Behavior [ RunTime:0.002880s ]
INFO: Run WriteHtmlCache Behavior [ RunTime:0.002201s ]
INFO: Run ShowRuntime Behavior [ RunTime:0.003332s ]
INFO: [ view_filter ] --END-- [ RunTime:0.013111s ]
INFO: [ view_end ] --START--
INFO: Run ShowPageTrace Behavior [ RunTime:0.003241s ]
INFO: [ view_end ] --END-- [ RunTime:0.003906s ]

[ 2013-05-21T20:04:48+08:00 ] 127.0.0.1 /evbeta/User/Member/profile
INFO: [ route_check ] --START--
INFO: Run CheckRoute Behavior [ RunTime:0.004888s ]
INFO: [ route_check ] --END-- [ RunTime:0.005603s ]
INFO: [ app_begin ] --START--
INFO: Run ReadHtmlCache Behavior [ RunTime:0.004095s ]
INFO: [ app_begin ] --END-- [ RunTime:0.004880s ]
INFO: [ view_template ] --START--
INFO: Run LocationTemplate Behavior [ RunTime:0.002603s ]
INFO: [ view_template ] --END-- [ RunTime:0.003376s ]
INFO: [ view_parse ] --START--
INFO: Run ParseTemplate Behavior [ RunTime:0.031274s ]
INFO: [ view_parse ] --END-- [ RunTime:0.031893s ]
INFO: [ view_filter ] --START--
INFO: Run ContentReplace Behavior [ RunTime:0.002578s ]
INFO: Run TokenBuild Behavior [ RunTime:0.003031s ]
INFO: Run WriteHtmlCache Behavior [ RunTime:0.002623s ]
INFO: Run ShowRuntime Behavior [ RunTime:0.003136s ]
INFO: [ view_filter ] --END-- [ RunTime:0.013016s ]
INFO: [ view_end ] --START--
INFO: Run ShowPageTrace Behavior [ RunTime:0.002997s ]
INFO: [ view_end ] --END-- [ RunTime:0.003579s ]

[ 2013-05-21T20:06:23+08:00 ] 127.0.0.1 /evbeta/User/Member/concern
INFO: [ route_check ] --START--
INFO: Run CheckRoute Behavior [ RunTime:0.002401s ]
INFO: [ route_check ] --END-- [ RunTime:0.003035s ]
INFO: [ app_begin ] --START--
INFO: Run ReadHtmlCache Behavior [ RunTime:0.002629s ]
INFO: [ app_begin ] --END-- [ RunTime:0.003265s ]
INFO: [ view_template ] --START--
INFO: Run LocationTemplate Behavior [ RunTime:0.002120s ]
INFO: [ view_template ] --END-- [ RunTime:0.002738s ]
INFO: [ view_parse ] --START--
INFO: Run ParseTemplate Behavior [ RunTime:0.024534s ]
INFO: [ view_parse ] --END-- [ RunTime:0.025846s ]
INFO: [ view_filter ] --START--
INFO: Run ContentReplace Behavior [ RunTime:0.001893s ]
INFO: Run TokenBuild Behavior [ RunTime:0.002612s ]
INFO: Run WriteHtmlCache Behavior [ RunTime:0.001603s ]
INFO: Run ShowRuntime Behavior [ RunTime:0.002402s ]
INFO: [ view_filter ] --END-- [ RunTime:0.010326s ]
INFO: [ view_end ] --START--
INFO: Run ShowPageTrace Behavior [ RunTime:0.002111s ]
INFO: [ view_end ] --END-- [ RunTime:0.002693s ]

[ 2013-05-21T20:08:05+08:00 ] 127.0.0.1 /evbeta/User/Member/cert
INFO: [ route_check ] --START--
INFO: Run CheckRoute Behavior [ RunTime:0.006353s ]
INFO: [ route_check ] --END-- [ RunTime:0.007017s ]
INFO: [ app_begin ] --START--
INFO: Run ReadHtmlCache Behavior [ RunTime:0.004769s ]
INFO: [ app_begin ] --END-- [ RunTime:0.005428s ]
INFO: [ view_template ] --START--
INFO: Run LocationTemplate Behavior [ RunTime:0.002810s ]
INFO: [ view_template ] --END-- [ RunTime:0.003434s ]
INFO: [ view_parse ] --START--
INFO: Run ParseTemplate Behavior [ RunTime:0.045942s ]
INFO: [ view_parse ] --END-- [ RunTime:0.047043s ]
INFO: [ view_filter ] --START--
INFO: Run ContentReplace Behavior [ RunTime:0.002845s ]
INFO: Run TokenBuild Behavior [ RunTime:0.002601s ]
INFO: Run WriteHtmlCache Behavior [ RunTime:0.002112s ]
INFO: Run ShowRuntime Behavior [ RunTime:0.003571s ]
INFO: [ view_filter ] --END-- [ RunTime:0.012727s ]
INFO: [ view_end ] --START--
INFO: Run ShowPageTrace Behavior [ RunTime:0.003476s ]
INFO: [ view_end ] --END-- [ RunTime:0.004350s ]

[ 2013-05-21T20:08:21+08:00 ] 127.0.0.1 /evbeta/User/Member/cert
INFO: [ route_check ] --START--
INFO: Run CheckRoute Behavior [ RunTime:0.003804s ]
INFO: [ route_check ] --END-- [ RunTime:0.004497s ]
INFO: [ app_begin ] --START--
INFO: Run ReadHtmlCache Behavior [ RunTime:0.002761s ]
INFO: [ app_begin ] --END-- [ RunTime:0.003546s ]
INFO: [ view_template ] --START--
INFO: Run LocationTemplate Behavior [ RunTime:0.001762s ]
INFO: [ view_template ] --END-- [ RunTime:0.002877s ]
INFO: [ view_parse ] --START--
INFO: Run ParseTemplate Behavior [ RunTime:0.025175s ]
INFO: [ view_parse ] --END-- [ RunTime:0.025850s ]
INFO: [ view_filter ] --START--
INFO: Run ContentReplace Behavior [ RunTime:0.001739s ]
INFO: Run TokenBuild Behavior [ RunTime:0.002247s ]
INFO: Run WriteHtmlCache Behavior [ RunTime:0.001254s ]
INFO: Run ShowRuntime Behavior [ RunTime:0.003116s ]
INFO: [ view_filter ] --END-- [ RunTime:0.009972s ]
INFO: [ view_end ] --START--
INFO: Run ShowPageTrace Behavior [ RunTime:0.002427s ]
INFO: [ view_end ] --END-- [ RunTime:0.003020s ]

[ 2013-05-21T20:11:12+08:00 ] 127.0.0.1 /evbeta/User/Member/concern
INFO: [ route_check ] --START--
INFO: Run CheckRoute Behavior [ RunTime:0.004715s ]
INFO: [ route_check ] --END-- [ RunTime:0.005356s ]
INFO: [ app_begin ] --START--
INFO: Run ReadHtmlCache Behavior [ RunTime:0.003254s ]
INFO: [ app_begin ] --END-- [ RunTime:0.003891s ]
INFO: [ view_template ] --START--
INFO: Run LocationTemplate Behavior [ RunTime:0.002480s ]
INFO: [ view_template ] --END-- [ RunTime:0.003120s ]
INFO: [ view_parse ] --START--
INFO: Run ParseTemplate Behavior [ RunTime:0.031150s ]
INFO: [ view_parse ] --END-- [ RunTime:0.031747s ]
INFO: [ view_filter ] --START--
INFO: Run ContentReplace Behavior [ RunTime:0.002677s ]
INFO: Run TokenBuild Behavior [ RunTime:0.002790s ]
INFO: Run WriteHtmlCache Behavior [ RunTime:0.001989s ]
INFO: Run ShowRuntime Behavior [ RunTime:0.003661s ]
INFO: [ view_filter ] --END-- [ RunTime:0.013030s ]
INFO: [ view_end ] --START--
INFO: Run ShowPageTrace Behavior [ RunTime:0.003068s ]
INFO: [ view_end ] --END-- [ RunTime:0.003660s ]

[ 2013-05-21T20:11:25+08:00 ] 127.0.0.1 /evbeta/User/Member/concern
INFO: [ route_check ] --START--
INFO: Run CheckRoute Behavior [ RunTime:0.005393s ]
INFO: [ route_check ] --END-- [ RunTime:0.006064s ]
INFO: [ app_begin ] --START--
INFO: Run ReadHtmlCache Behavior [ RunTime:0.004046s ]
INFO: [ app_begin ] --END-- [ RunTime:0.005039s ]
INFO: [ view_template ] --START--
INFO: Run LocationTemplate Behavior [ RunTime:0.002306s ]
INFO: [ view_template ] --END-- [ RunTime:0.002912s ]
INFO: [ view_parse ] --START--
INFO: Run ParseTemplate Behavior [ RunTime:0.034700s ]
INFO: [ view_parse ] --END-- [ RunTime:0.035386s ]
INFO: [ view_filter ] --START--
INFO: Run ContentReplace Behavior [ RunTime:0.002724s ]
INFO: Run TokenBuild Behavior [ RunTime:0.002690s ]
INFO: Run WriteHtmlCache Behavior [ RunTime:0.002010s ]
INFO: Run ShowRuntime Behavior [ RunTime:0.003556s ]
INFO: [ view_filter ] --END-- [ RunTime:0.013214s ]
INFO: [ view_end ] --START--
INFO: Run ShowPageTrace Behavior [ RunTime:0.004594s ]
INFO: [ view_end ] --END-- [ RunTime:0.005367s ]

[ 2013-05-21T20:13:27+08:00 ] 127.0.0.1 /evbeta/User/Member/?page=1
INFO: [ route_check ] --START--
INFO: Run CheckRoute Behavior [ RunTime:0.008460s ]
INFO: [ route_check ] --END-- [ RunTime:0.009453s ]
INFO: [ app_begin ] --START--
INFO: Run ReadHtmlCache Behavior [ RunTime:0.003491s ]
INFO: [ app_begin ] --END-- [ RunTime:0.004138s ]
INFO: [ view_template ] --START--
INFO: Run LocationTemplate Behavior [ RunTime:0.007404s ]
INFO: [ view_template ] --END-- [ RunTime:0.008035s ]
INFO: [ view_parse ] --START--
INFO: Run ParseTemplate Behavior [ RunTime:0.034325s ]
INFO: [ view_parse ] --END-- [ RunTime:0.034934s ]
INFO: [ view_filter ] --START--
INFO: Run ContentReplace Behavior [ RunTime:0.002873s ]
INFO: Run TokenBuild Behavior [ RunTime:0.003272s ]
INFO: Run WriteHtmlCache Behavior [ RunTime:0.001967s ]
INFO: Run ShowRuntime Behavior [ RunTime:0.002968s ]
INFO: [ view_filter ] --END-- [ RunTime:0.012655s ]
INFO: [ view_end ] --START--
INFO: Run ShowPageTrace Behavior [ RunTime:0.002889s ]
INFO: [ view_end ] --END-- [ RunTime:0.003457s ]

[ 2013-05-21T20:15:41+08:00 ] 127.0.0.1 /evbeta/User/Member/card
INFO: [ route_check ] --START--
INFO: Run CheckRoute Behavior [ RunTime:0.005429s ]
INFO: [ route_check ] --END-- [ RunTime:0.006071s ]
INFO: [ app_begin ] --START--
INFO: Run ReadHtmlCache Behavior [ RunTime:0.002979s ]
INFO: [ app_begin ] --END-- [ RunTime:0.003605s ]
INFO: [ view_template ] --START--
INFO: Run LocationTemplate Behavior [ RunTime:0.002445s ]
INFO: [ view_template ] --END-- [ RunTime:0.003082s ]
INFO: [ view_parse ] --START--
INFO: Run ParseTemplate Behavior [ RunTime:0.044735s ]
INFO: [ view_parse ] --END-- [ RunTime:0.045367s ]
INFO: [ view_filter ] --START--
INFO: Run ContentReplace Behavior [ RunTime:0.002709s ]
INFO: Run TokenBuild Behavior [ RunTime:0.002995s ]
INFO: Run WriteHtmlCache Behavior [ RunTime:0.001978s ]
INFO: Run ShowRuntime Behavior [ RunTime:0.005131s ]
INFO: [ view_filter ] --END-- [ RunTime:0.014439s ]
INFO: [ view_end ] --START--
INFO: Run ShowPageTrace Behavior [ RunTime:0.003385s ]
INFO: [ view_end ] --END-- [ RunTime:0.003978s ]

[ 2013-05-21T20:15:46+08:00 ] 127.0.0.1 /evbeta/User/Member/card
INFO: [ route_check ] --START--
INFO: Run CheckRoute Behavior [ RunTime:0.003564s ]
INFO: [ route_check ] --END-- [ RunTime:0.004224s ]
INFO: [ app_begin ] --START--
INFO: Run ReadHtmlCache Behavior [ RunTime:0.002592s ]
INFO: [ app_begin ] --END-- [ RunTime:0.004205s ]
INFO: [ view_template ] --START--
INFO: Run LocationTemplate Behavior [ RunTime:0.001740s ]
INFO: [ view_template ] --END-- [ RunTime:0.008559s ]
INFO: [ view_parse ] --START--
INFO: Run ParseTemplate Behavior [ RunTime:0.034685s ]
INFO: [ view_parse ] --END-- [ RunTime:0.035421s ]
INFO: [ view_filter ] --START--
INFO: Run ContentReplace Behavior [ RunTime:0.002012s ]
INFO: Run TokenBuild Behavior [ RunTime:0.002660s ]
INFO: Run WriteHtmlCache Behavior [ RunTime:0.001553s ]
INFO: Run ShowRuntime Behavior [ RunTime:0.003809s ]
INFO: [ view_filter ] --END-- [ RunTime:0.011741s ]
INFO: [ view_end ] --START--
INFO: Run ShowPageTrace Behavior [ RunTime:0.002461s ]
INFO: [ view_end ] --END-- [ RunTime:0.003108s ]

[ 2013-05-21T20:16:21+08:00 ] 127.0.0.1 /evbeta/User/Member/cert
INFO: [ route_check ] --START--
INFO: Run CheckRoute Behavior [ RunTime:0.003324s ]
INFO: [ route_check ] --END-- [ RunTime:0.004127s ]
INFO: [ app_begin ] --START--
INFO: Run ReadHtmlCache Behavior [ RunTime:0.002469s ]
INFO: [ app_begin ] --END-- [ RunTime:0.003576s ]
INFO: [ view_template ] --START--
INFO: Run LocationTemplate Behavior [ RunTime:0.001633s ]
INFO: [ view_template ] --END-- [ RunTime:0.002365s ]
INFO: [ view_parse ] --START--
INFO: Run ParseTemplate Behavior [ RunTime:0.026043s ]
INFO: [ view_parse ] --END-- [ RunTime:0.026666s ]
INFO: [ view_filter ] --START--
INFO: Run ContentReplace Behavior [ RunTime:0.001766s ]
INFO: Run TokenBuild Behavior [ RunTime:0.001842s ]
INFO: Run WriteHtmlCache Behavior [ RunTime:0.001165s ]
INFO: Run ShowRuntime Behavior [ RunTime:0.002481s ]
INFO: [ view_filter ] --END-- [ RunTime:0.008795s ]
INFO: [ view_end ] --START--
INFO: Run ShowPageTrace Behavior [ RunTime:0.004309s ]
INFO: [ view_end ] --END-- [ RunTime:0.004918s ]

[ 2013-05-21T20:16:53+08:00 ] 127.0.0.1 /evbeta/User/Member/cert
INFO: [ route_check ] --START--
INFO: Run CheckRoute Behavior [ RunTime:0.002589s ]
INFO: [ route_check ] --END-- [ RunTime:0.003211s ]
INFO: [ app_begin ] --START--
INFO: Run ReadHtmlCache Behavior [ RunTime:0.002622s ]
INFO: [ app_begin ] --END-- [ RunTime:0.003259s ]
INFO: [ view_template ] --START--
INFO: Run LocationTemplate Behavior [ RunTime:0.001955s ]
INFO: [ view_template ] --END-- [ RunTime:0.002626s ]
INFO: [ view_parse ] --START--
INFO: Run ParseTemplate Behavior [ RunTime:0.028310s ]
INFO: [ view_parse ] --END-- [ RunTime:0.028905s ]
INFO: [ view_filter ] --START--
INFO: Run ContentReplace Behavior [ RunTime:0.001688s ]
INFO: Run TokenBuild Behavior [ RunTime:0.002910s ]
INFO: Run WriteHtmlCache Behavior [ RunTime:0.001285s ]
INFO: Run ShowRuntime Behavior [ RunTime:0.002299s ]
INFO: [ view_filter ] --END-- [ RunTime:0.010046s ]
INFO: [ view_end ] --START--
INFO: Run ShowPageTrace Behavior [ RunTime:0.002221s ]
INFO: [ view_end ] --END-- [ RunTime:0.002837s ]

[ 2013-05-21T20:25:46+08:00 ] 127.0.0.1 /evbeta/User/Member/cert
INFO: [ route_check ] --START--
INFO: Run CheckRoute Behavior [ RunTime:0.004698s ]
INFO: [ route_check ] --END-- [ RunTime:0.005317s ]
INFO: [ app_begin ] --START--
INFO: Run ReadHtmlCache Behavior [ RunTime:0.004097s ]
INFO: [ app_begin ] --END-- [ RunTime:0.004705s ]
INFO: [ view_template ] --START--
INFO: Run LocationTemplate Behavior [ RunTime:0.002387s ]
INFO: [ view_template ] --END-- [ RunTime:0.003002s ]
INFO: [ view_parse ] --START--
INFO: Run ParseTemplate Behavior [ RunTime:0.037501s ]
INFO: [ view_parse ] --END-- [ RunTime:0.038288s ]
INFO: [ view_filter ] --START--
INFO: Run ContentReplace Behavior [ RunTime:0.002787s ]
INFO: Run TokenBuild Behavior [ RunTime:0.004235s ]
INFO: Run WriteHtmlCache Behavior [ RunTime:0.002724s ]
INFO: Run ShowRuntime Behavior [ RunTime:0.004005s ]
INFO: [ view_filter ] --END-- [ RunTime:0.015479s ]
INFO: [ view_end ] --START--
INFO: Run ShowPageTrace Behavior [ RunTime:0.003700s ]
INFO: [ view_end ] --END-- [ RunTime:0.004304s ]

[ 2013-05-21T20:29:16+08:00 ] 127.0.0.1 /evbeta/User/Member/cert
INFO: [ route_check ] --START--
INFO: Run CheckRoute Behavior [ RunTime:0.005330s ]
INFO: [ route_check ] --END-- [ RunTime:0.005968s ]
INFO: [ app_begin ] --START--
INFO: Run ReadHtmlCache Behavior [ RunTime:0.003714s ]
INFO: [ app_begin ] --END-- [ RunTime:0.004360s ]
INFO: [ view_template ] --START--
INFO: Run LocationTemplate Behavior [ RunTime:0.003169s ]
INFO: [ view_template ] --END-- [ RunTime:0.003977s ]
INFO: [ view_parse ] --START--
INFO: Run ParseTemplate Behavior [ RunTime:0.035121s ]
INFO: [ view_parse ] --END-- [ RunTime:0.035844s ]
INFO: [ view_filter ] --START--
INFO: Run ContentReplace Behavior [ RunTime:0.002649s ]
INFO: Run TokenBuild Behavior [ RunTime:0.002582s ]
INFO: Run WriteHtmlCache Behavior [ RunTime:0.001878s ]
INFO: Run ShowRuntime Behavior [ RunTime:0.003419s ]
INFO: [ view_filter ] --END-- [ RunTime:0.012553s ]
INFO: [ view_end ] --START--
INFO: Run ShowPageTrace Behavior [ RunTime:0.003634s ]
INFO: [ view_end ] --END-- [ RunTime:0.004217s ]

[ 2013-05-21T20:31:08+08:00 ] 127.0.0.1 /evbeta/User/Member/cert
INFO: [ route_check ] --START--
INFO: Run CheckRoute Behavior [ RunTime:0.004683s ]
INFO: [ route_check ] --END-- [ RunTime:0.005313s ]
INFO: [ app_begin ] --START--
INFO: Run ReadHtmlCache Behavior [ RunTime:0.003386s ]
INFO: [ app_begin ] --END-- [ RunTime:0.004034s ]
INFO: [ view_template ] --START--
INFO: Run LocationTemplate Behavior [ RunTime:0.003940s ]
INFO: [ view_template ] --END-- [ RunTime:0.004563s ]
INFO: [ view_parse ] --START--
INFO: Run ParseTemplate Behavior [ RunTime:0.033659s ]
INFO: [ view_parse ] --END-- [ RunTime:0.035137s ]
INFO: [ view_filter ] --START--
INFO: Run ContentReplace Behavior [ RunTime:0.002496s ]
INFO: Run TokenBuild Behavior [ RunTime:0.003197s ]
INFO: Run WriteHtmlCache Behavior [ RunTime:0.002531s ]
INFO: Run ShowRuntime Behavior [ RunTime:0.003166s ]
INFO: [ view_filter ] --END-- [ RunTime:0.013092s ]
INFO: [ view_end ] --START--
INFO: Run ShowPageTrace Behavior [ RunTime:0.002913s ]
INFO: [ view_end ] --END-- [ RunTime:0.003483s ]

[ 2013-05-21T20:31:42+08:00 ] 127.0.0.1 /evbeta/User/Member/cert
INFO: [ route_check ] --START--
INFO: Run CheckRoute Behavior [ RunTime:0.002669s ]
INFO: [ route_check ] --END-- [ RunTime:0.003286s ]
INFO: [ app_begin ] --START--
INFO: Run ReadHtmlCache Behavior [ RunTime:0.002189s ]
INFO: [ app_begin ] --END-- [ RunTime:0.003112s ]
INFO: [ view_template ] --START--
INFO: Run LocationTemplate Behavior [ RunTime:0.001537s ]
INFO: [ view_template ] --END-- [ RunTime:0.002141s ]
INFO: [ view_parse ] --START--
INFO: Run ParseTemplate Behavior [ RunTime:0.025796s ]
INFO: [ view_parse ] --END-- [ RunTime:0.026397s ]
INFO: [ view_filter ] --START--
INFO: Run ContentReplace Behavior [ RunTime:0.001661s ]
INFO: Run TokenBuild Behavior [ RunTime:0.001791s ]
INFO: Run WriteHtmlCache Behavior [ RunTime:0.001500s ]
INFO: Run ShowRuntime Behavior [ RunTime:0.003248s ]
INFO: [ view_filter ] --END-- [ RunTime:0.012298s ]
INFO: [ view_end ] --START--
INFO: Run ShowPageTrace Behavior [ RunTime:0.002301s ]
INFO: [ view_end ] --END-- [ RunTime:0.002878s ]

[ 2013-05-21T20:31:53+08:00 ] 127.0.0.1 /evbeta/User/Member/profile
INFO: [ route_check ] --START--
INFO: Run CheckRoute Behavior [ RunTime:0.004709s ]
INFO: [ route_check ] --END-- [ RunTime:0.005413s ]
INFO: [ app_begin ] --START--
INFO: Run ReadHtmlCache Behavior [ RunTime:0.004724s ]
INFO: [ app_begin ] --END-- [ RunTime:0.005359s ]
INFO: [ view_template ] --START--
INFO: Run LocationTemplate Behavior [ RunTime:0.002734s ]
INFO: [ view_template ] --END-- [ RunTime:0.005428s ]
INFO: [ view_parse ] --START--
INFO: Run ParseTemplate Behavior [ RunTime:0.035288s ]
INFO: [ view_parse ] --END-- [ RunTime:0.036212s ]
INFO: [ view_filter ] --START--
INFO: Run ContentReplace Behavior [ RunTime:0.004404s ]
INFO: Run TokenBuild Behavior [ RunTime:0.002806s ]
INFO: Run WriteHtmlCache Behavior [ RunTime:0.002104s ]
INFO: Run ShowRuntime Behavior [ RunTime:0.003691s ]
INFO: [ view_filter ] --END-- [ RunTime:0.014886s ]
INFO: [ view_end ] --START--
INFO: Run ShowPageTrace Behavior [ RunTime:0.003534s ]
INFO: [ view_end ] --END-- [ RunTime:0.004108s ]

[ 2013-05-21T20:32:22+08:00 ] 127.0.0.1 /evbeta/User/Member/profile
INFO: [ route_check ] --START--
INFO: Run CheckRoute Behavior [ RunTime:0.002362s ]
INFO: [ route_check ] --END-- [ RunTime:0.002978s ]
INFO: [ app_begin ] --START--
INFO: Run ReadHtmlCache Behavior [ RunTime:0.002621s ]
INFO: [ app_begin ] --END-- [ RunTime:0.003233s ]
INFO: [ view_template ] --START--
INFO: Run LocationTemplate Behavior [ RunTime:0.001876s ]
INFO: [ view_template ] --END-- [ RunTime:0.002871s ]
INFO: [ view_parse ] --START--
INFO: Run ParseTemplate Behavior [ RunTime:0.026902s ]
INFO: [ view_parse ] --END-- [ RunTime:0.027535s ]
INFO: [ view_filter ] --START--
INFO: Run ContentReplace Behavior [ RunTime:0.001959s ]
INFO: Run TokenBuild Behavior [ RunTime:0.003408s ]
INFO: Run WriteHtmlCache Behavior [ RunTime:0.001844s ]
INFO: Run ShowRuntime Behavior [ RunTime:0.002598s ]
INFO: [ view_filter ] --END-- [ RunTime:0.011639s ]
INFO: [ view_end ] --START--
INFO: Run ShowPageTrace Behavior [ RunTime:0.004093s ]
INFO: [ view_end ] --END-- [ RunTime:0.004778s ]

[ 2013-05-21T20:32:35+08:00 ] 127.0.0.1 /evbeta/User/Member/card
INFO: [ route_check ] --START--
INFO: Run CheckRoute Behavior [ RunTime:0.004435s ]
INFO: [ route_check ] --END-- [ RunTime:0.005661s ]
INFO: [ app_begin ] --START--
INFO: Run ReadHtmlCache Behavior [ RunTime:0.003538s ]
INFO: [ app_begin ] --END-- [ RunTime:0.004212s ]
INFO: [ view_template ] --START--
INFO: Run LocationTemplate Behavior [ RunTime:0.003575s ]
INFO: [ view_template ] --END-- [ RunTime:0.004544s ]
INFO: [ view_parse ] --START--
INFO: Run ParseTemplate Behavior [ RunTime:0.032434s ]
INFO: [ view_parse ] --END-- [ RunTime:0.033073s ]
INFO: [ view_filter ] --START--
INFO: Run ContentReplace Behavior [ RunTime:0.003148s ]
INFO: Run TokenBuild Behavior [ RunTime:0.003045s ]
INFO: Run WriteHtmlCache Behavior [ RunTime:0.002070s ]
INFO: Run ShowRuntime Behavior [ RunTime:0.003037s ]
INFO: [ view_filter ] --END-- [ RunTime:0.012870s ]
INFO: [ view_end ] --START--
INFO: Run ShowPageTrace Behavior [ RunTime:0.003006s ]
INFO: [ view_end ] --END-- [ RunTime:0.003602s ]

[ 2013-05-21T20:32:57+08:00 ] 127.0.0.1 /evbeta/User/Member/card
INFO: [ route_check ] --START--
INFO: Run CheckRoute Behavior [ RunTime:0.002945s ]
INFO: [ route_check ] --END-- [ RunTime:0.003584s ]
INFO: [ app_begin ] --START--
INFO: Run ReadHtmlCache Behavior [ RunTime:0.002775s ]
INFO: [ app_begin ] --END-- [ RunTime:0.004392s ]
INFO: [ view_template ] --START--
INFO: Run LocationTemplate Behavior [ RunTime:0.001895s ]
INFO: [ view_template ] --END-- [ RunTime:0.002567s ]
INFO: [ view_parse ] --START--
INFO: Run ParseTemplate Behavior [ RunTime:0.023906s ]
INFO: [ view_parse ] --END-- [ RunTime:0.024563s ]
INFO: [ view_filter ] --START--
INFO: Run ContentReplace Behavior [ RunTime:0.002833s ]
INFO: Run TokenBuild Behavior [ RunTime:0.001885s ]
INFO: Run WriteHtmlCache Behavior [ RunTime:0.001223s ]
INFO: Run ShowRuntime Behavior [ RunTime:0.002475s ]
INFO: [ view_filter ] --END-- [ RunTime:0.010866s ]
INFO: [ view_end ] --START--
INFO: Run ShowPageTrace Behavior [ RunTime:0.002499s ]
INFO: [ view_end ] --END-- [ RunTime:0.003104s ]

[ 2013-05-21T20:33:16+08:00 ] 127.0.0.1 /evbeta/User/Member/card
INFO: [ route_check ] --START--
INFO: Run CheckRoute Behavior [ RunTime:0.004576s ]
INFO: [ route_check ] --END-- [ RunTime:0.005198s ]
INFO: [ app_begin ] --START--
INFO: Run ReadHtmlCache Behavior [ RunTime:0.002935s ]
INFO: [ app_begin ] --END-- [ RunTime:0.003612s ]
INFO: [ view_template ] --START--
INFO: Run LocationTemplate Behavior [ RunTime:0.002424s ]
INFO: [ view_template ] --END-- [ RunTime:0.004187s ]
INFO: [ view_parse ] --START--
INFO: Run ParseTemplate Behavior [ RunTime:0.032364s ]
INFO: [ view_parse ] --END-- [ RunTime:0.032987s ]
INFO: [ view_filter ] --START--
INFO: Run ContentReplace Behavior [ RunTime:0.002553s ]
INFO: Run TokenBuild Behavior [ RunTime:0.002514s ]
INFO: Run WriteHtmlCache Behavior [ RunTime:0.002000s ]
INFO: Run ShowRuntime Behavior [ RunTime:0.003052s ]
INFO: [ view_filter ] --END-- [ RunTime:0.011749s ]
INFO: [ view_end ] --START--
INFO: Run ShowPageTrace Behavior [ RunTime:0.002855s ]
INFO: [ view_end ] --END-- [ RunTime:0.003423s ]

[ 2013-05-21T20:33:36+08:00 ] 127.0.0.1 /evbeta/User/Member/card
INFO: [ route_check ] --START--
INFO: Run CheckRoute Behavior [ RunTime:0.007686s ]
INFO: [ route_check ] --END-- [ RunTime:0.008331s ]
INFO: [ app_begin ] --START--
INFO: Run ReadHtmlCache Behavior [ RunTime:0.011026s ]
INFO: [ app_begin ] --END-- [ RunTime:0.011691s ]
INFO: [ view_template ] --START--
INFO: Run LocationTemplate Behavior [ RunTime:0.003883s ]
INFO: [ view_template ] --END-- [ RunTime:0.004533s ]
INFO: [ view_parse ] --START--
INFO: Run ParseTemplate Behavior [ RunTime:0.045193s ]
INFO: [ view_parse ] --END-- [ RunTime:0.045943s ]
INFO: [ view_filter ] --START--
INFO: Run ContentReplace Behavior [ RunTime:0.003478s ]
INFO: Run TokenBuild Behavior [ RunTime:0.008969s ]
INFO: Run WriteHtmlCache Behavior [ RunTime:0.005554s ]
INFO: Run ShowRuntime Behavior [ RunTime:0.004351s ]
INFO: [ view_filter ] --END-- [ RunTime:0.024099s ]
INFO: [ view_end ] --START--
INFO: Run ShowPageTrace Behavior [ RunTime:0.006117s ]
INFO: [ view_end ] --END-- [ RunTime:0.007602s ]

[ 2013-05-21T20:34:42+08:00 ] 127.0.0.1 /evbeta/User/Member/card
INFO: [ route_check ] --START--
INFO: Run CheckRoute Behavior [ RunTime:0.002623s ]
INFO: [ route_check ] --END-- [ RunTime:0.003650s ]
INFO: [ app_begin ] --START--
INFO: Run ReadHtmlCache Behavior [ RunTime:0.002117s ]
INFO: [ app_begin ] --END-- [ RunTime:0.003072s ]
INFO: [ view_template ] --START--
INFO: Run LocationTemplate Behavior [ RunTime:0.001614s ]
INFO: [ view_template ] --END-- [ RunTime:0.002310s ]
INFO: [ view_parse ] --START--
INFO: Run ParseTemplate Behavior [ RunTime:0.023857s ]
INFO: [ view_parse ] --END-- [ RunTime:0.024460s ]
INFO: [ view_filter ] --START--
INFO: Run ContentReplace Behavior [ RunTime:0.001604s ]
INFO: Run TokenBuild Behavior [ RunTime:0.001795s ]
INFO: Run WriteHtmlCache Behavior [ RunTime:0.001158s ]
INFO: Run ShowRuntime Behavior [ RunTime:0.002344s ]
INFO: [ view_filter ] --END-- [ RunTime:0.008445s ]
INFO: [ view_end ] --START--
INFO: Run ShowPageTrace Behavior [ RunTime:0.002166s ]
INFO: [ view_end ] --END-- [ RunTime:0.002765s ]

[ 2013-05-21T20:43:11+08:00 ] 127.0.0.1 /evbeta/User/Member/card
INFO: [ route_check ] --START--
INFO: Run CheckRoute Behavior [ RunTime:0.004817s ]
INFO: [ route_check ] --END-- [ RunTime:0.005544s ]
INFO: [ app_begin ] --START--
INFO: Run ReadHtmlCache Behavior [ RunTime:0.003524s ]
INFO: [ app_begin ] --END-- [ RunTime:0.004270s ]
INFO: [ view_template ] --START--
INFO: Run LocationTemplate Behavior [ RunTime:0.002528s ]
INFO: [ view_template ] --END-- [ RunTime:0.003152s ]
INFO: [ view_parse ] --START--
INFO: Run ParseTemplate Behavior [ RunTime:0.033445s ]
INFO: [ view_parse ] --END-- [ RunTime:0.034043s ]
INFO: [ view_filter ] --START--
INFO: Run ContentReplace Behavior [ RunTime:0.002653s ]
INFO: Run TokenBuild Behavior [ RunTime:0.003042s ]
INFO: Run WriteHtmlCache Behavior [ RunTime:0.002049s ]
INFO: Run ShowRuntime Behavior [ RunTime:0.003376s ]
INFO: [ view_filter ] --END-- [ RunTime:0.012689s ]
INFO: [ view_end ] --START--
INFO: Run ShowPageTrace Behavior [ RunTime:0.002994s ]
INFO: [ view_end ] --END-- [ RunTime:0.003570s ]

[ 2013-05-21T20:46:32+08:00 ] 127.0.0.1 /evbeta/User/Member/profile
INFO: [ route_check ] --START--
INFO: Run CheckRoute Behavior [ RunTime:0.005894s ]
INFO: [ route_check ] --END-- [ RunTime:0.006569s ]
INFO: [ app_begin ] --START--
INFO: Run ReadHtmlCache Behavior [ RunTime:0.002821s ]
INFO: [ app_begin ] --END-- [ RunTime:0.003761s ]
INFO: [ view_template ] --START--
INFO: Run LocationTemplate Behavior [ RunTime:0.002426s ]
INFO: [ view_template ] --END-- [ RunTime:0.003055s ]
INFO: [ view_parse ] --START--
INFO: Run ParseTemplate Behavior [ RunTime:0.030699s ]
INFO: [ view_parse ] --END-- [ RunTime:0.031912s ]
INFO: [ view_filter ] --START--
INFO: Run ContentReplace Behavior [ RunTime:0.002339s ]
INFO: Run TokenBuild Behavior [ RunTime:0.002779s ]
INFO: Run WriteHtmlCache Behavior [ RunTime:0.001896s ]
INFO: Run ShowRuntime Behavior [ RunTime:0.005084s ]
INFO: [ view_filter ] --END-- [ RunTime:0.014917s ]
INFO: [ view_end ] --START--
INFO: Run ShowPageTrace Behavior [ RunTime:0.003046s ]
INFO: [ view_end ] --END-- [ RunTime:0.003624s ]

[ 2013-05-21T20:46:36+08:00 ] 127.0.0.1 /evbeta/User/Member/concern
INFO: [ route_check ] --START--
INFO: Run CheckRoute Behavior [ RunTime:0.002926s ]
INFO: [ route_check ] --END-- [ RunTime:0.003604s ]
INFO: [ app_begin ] --START--
INFO: Run ReadHtmlCache Behavior [ RunTime:0.002507s ]
INFO: [ app_begin ] --END-- [ RunTime:0.003167s ]
INFO: [ view_template ] --START--
INFO: Run LocationTemplate Behavior [ RunTime:0.001821s ]
INFO: [ view_template ] --END-- [ RunTime:0.007925s ]
INFO: [ view_parse ] --START--
INFO: Run ParseTemplate Behavior [ RunTime:0.024072s ]
INFO: [ view_parse ] --END-- [ RunTime:0.024693s ]
INFO: [ view_filter ] --START--
INFO: Run ContentReplace Behavior [ RunTime:0.002045s ]
INFO: Run TokenBuild Behavior [ RunTime:0.002114s ]
INFO: Run WriteHtmlCache Behavior [ RunTime:0.001275s ]
INFO: Run ShowRuntime Behavior [ RunTime:0.002393s ]
INFO: [ view_filter ] --END-- [ RunTime:0.009810s ]
INFO: [ view_end ] --START--
INFO: Run ShowPageTrace Behavior [ RunTime:0.003602s ]
INFO: [ view_end ] --END-- [ RunTime:0.004175s ]

[ 2013-05-21T20:46:40+08:00 ] 127.0.0.1 /evbeta/User/Member/cert
INFO: [ route_check ] --START--
INFO: Run CheckRoute Behavior [ RunTime:0.002823s ]
INFO: [ route_check ] --END-- [ RunTime:0.004013s ]
INFO: [ app_begin ] --START--
INFO: Run ReadHtmlCache Behavior [ RunTime:0.003273s ]
INFO: [ app_begin ] --END-- [ RunTime:0.003893s ]
INFO: [ view_template ] --START--
INFO: Run LocationTemplate Behavior [ RunTime:0.001724s ]
INFO: [ view_template ] --END-- [ RunTime:0.002349s ]
INFO: [ view_parse ] --START--
INFO: Run ParseTemplate Behavior [ RunTime:0.031460s ]
INFO: [ view_parse ] --END-- [ RunTime:0.032071s ]
INFO: [ view_filter ] --START--
INFO: Run ContentReplace Behavior [ RunTime:0.002012s ]
INFO: Run TokenBuild Behavior [ RunTime:0.002120s ]
INFO: Run WriteHtmlCache Behavior [ RunTime:0.013613s ]
INFO: Run ShowRuntime Behavior [ RunTime:0.003455s ]
INFO: [ view_filter ] --END-- [ RunTime:0.023315s ]
INFO: [ view_end ] --START--
INFO: Run ShowPageTrace Behavior [ RunTime:0.002805s ]
INFO: [ view_end ] --END-- [ RunTime:0.003677s ]

[ 2013-05-21T20:50:42+08:00 ] 127.0.0.1 /evbeta/User/Member/card
INFO: [ route_check ] --START--
INFO: Run CheckRoute Behavior [ RunTime:0.004900s ]
INFO: [ route_check ] --END-- [ RunTime:0.005525s ]
INFO: [ app_begin ] --START--
INFO: Run ReadHtmlCache Behavior [ RunTime:0.002997s ]
INFO: [ app_begin ] --END-- [ RunTime:0.003602s ]
INFO: [ view_template ] --START--
INFO: Run LocationTemplate Behavior [ RunTime:0.002386s ]
INFO: [ view_template ] --END-- [ RunTime:0.003025s ]
INFO: [ view_parse ] --START--
INFO: Run ParseTemplate Behavior [ RunTime:0.033358s ]
INFO: [ view_parse ] --END-- [ RunTime:0.033966s ]
INFO: [ view_filter ] --START--
INFO: Run ContentReplace Behavior [ RunTime:0.003042s ]
INFO: Run TokenBuild Behavior [ RunTime:0.002679s ]
INFO: Run WriteHtmlCache Behavior [ RunTime:0.002558s ]
INFO: Run ShowRuntime Behavior [ RunTime:0.003380s ]
INFO: [ view_filter ] --END-- [ RunTime:0.013670s ]
INFO: [ view_end ] --START--
INFO: Run ShowPageTrace Behavior [ RunTime:0.003285s ]
INFO: [ view_end ] --END-- [ RunTime:0.003868s ]

[ 2013-05-21T20:51:46+08:00 ] 127.0.0.1 /evbeta/User/Member/card
INFO: [ route_check ] --START--
INFO: Run CheckRoute Behavior [ RunTime:0.004565s ]
INFO: [ route_check ] --END-- [ RunTime:0.005300s ]
INFO: [ app_begin ] --START--
INFO: Run ReadHtmlCache Behavior [ RunTime:0.003239s ]
INFO: [ app_begin ] --END-- [ RunTime:0.003887s ]
INFO: [ view_template ] --START--
INFO: Run LocationTemplate Behavior [ RunTime:0.004143s ]
INFO: [ view_template ] --END-- [ RunTime:0.004889s ]
INFO: [ view_parse ] --START--
INFO: Run ParseTemplate Behavior [ RunTime:0.036977s ]
INFO: [ view_parse ] --END-- [ RunTime:0.037713s ]
INFO: [ view_filter ] --START--
INFO: Run ContentReplace Behavior [ RunTime:0.003503s ]
INFO: Run TokenBuild Behavior [ RunTime:0.002979s ]
INFO: Run WriteHtmlCache Behavior [ RunTime:0.001870s ]
INFO: Run ShowRuntime Behavior [ RunTime:0.002978s ]
INFO: [ view_filter ] --END-- [ RunTime:0.012993s ]
INFO: [ view_end ] --START--
INFO: Run ShowPageTrace Behavior [ RunTime:0.003381s ]
INFO: [ view_end ] --END-- [ RunTime:0.003955s ]

[ 2013-05-21T20:51:58+08:00 ] 127.0.0.1 /evbeta/User/Member/card
INFO: [ route_check ] --START--
INFO: Run CheckRoute Behavior [ RunTime:0.004678s ]
INFO: [ route_check ] --END-- [ RunTime:0.005345s ]
INFO: [ app_begin ] --START--
INFO: Run ReadHtmlCache Behavior [ RunTime:0.003202s ]
INFO: [ app_begin ] --END-- [ RunTime:0.003887s ]
INFO: [ view_template ] --START--
INFO: Run LocationTemplate Behavior [ RunTime:0.002464s ]
INFO: [ view_template ] --END-- [ RunTime:0.003386s ]
INFO: [ view_parse ] --START--
INFO: Run ParseTemplate Behavior [ RunTime:0.030279s ]
INFO: [ view_parse ] --END-- [ RunTime:0.030887s ]
INFO: [ view_filter ] --START--
INFO: Run ContentReplace Behavior [ RunTime:0.002850s ]
INFO: Run TokenBuild Behavior [ RunTime:0.002656s ]
INFO: Run WriteHtmlCache Behavior [ RunTime:0.002307s ]
INFO: Run ShowRuntime Behavior [ RunTime:0.003024s ]
INFO: [ view_filter ] --END-- [ RunTime:0.012462s ]
INFO: [ view_end ] --START--
INFO: Run ShowPageTrace Behavior [ RunTime:0.002904s ]
INFO: [ view_end ] --END-- [ RunTime:0.003875s ]

[ 2013-05-21T20:52:09+08:00 ] 127.0.0.1 /evbeta/User/Member/profile
INFO: [ route_check ] --START--
INFO: Run CheckRoute Behavior [ RunTime:0.003530s ]
INFO: [ route_check ] --END-- [ RunTime:0.004256s ]
INFO: [ app_begin ] --START--
INFO: Run ReadHtmlCache Behavior [ RunTime:0.002567s ]
INFO: [ app_begin ] --END-- [ RunTime:0.003919s ]
INFO: [ view_template ] --START--
INFO: Run LocationTemplate Behavior [ RunTime:0.002016s ]
INFO: [ view_template ] --END-- [ RunTime:0.002861s ]
INFO: [ view_parse ] --START--
INFO: Run ParseTemplate Behavior [ RunTime:0.028602s ]
INFO: [ view_parse ] --END-- [ RunTime:0.029704s ]
INFO: [ view_filter ] --START--
INFO: Run ContentReplace Behavior [ RunTime:0.002255s ]
INFO: Run TokenBuild Behavior [ RunTime:0.002370s ]
INFO: Run WriteHtmlCache Behavior [ RunTime:0.001299s ]
INFO: Run ShowRuntime Behavior [ RunTime:0.002759s ]
INFO: [ view_filter ] --END-- [ RunTime:0.011048s ]
INFO: [ view_end ] --START--
INFO: Run ShowPageTrace Behavior [ RunTime:0.002155s ]
INFO: [ view_end ] --END-- [ RunTime:0.002741s ]

[ 2013-05-21T20:52:12+08:00 ] 127.0.0.1 /evbeta/User/Member/concern
INFO: [ route_check ] --START--
INFO: Run CheckRoute Behavior [ RunTime:0.002842s ]
INFO: [ route_check ] --END-- [ RunTime:0.003558s ]
INFO: [ app_begin ] --START--
INFO: Run ReadHtmlCache Behavior [ RunTime:0.002285s ]
INFO: [ app_begin ] --END-- [ RunTime:0.002904s ]
INFO: [ view_template ] --START--
INFO: Run LocationTemplate Behavior [ RunTime:0.002173s ]
INFO: [ view_template ] --END-- [ RunTime:0.003436s ]
INFO: [ view_parse ] --START--
INFO: Run ParseTemplate Behavior [ RunTime:0.024566s ]
INFO: [ view_parse ] --END-- [ RunTime:0.026004s ]
INFO: [ view_filter ] --START--
INFO: Run ContentReplace Behavior [ RunTime:0.002588s ]
INFO: Run TokenBuild Behavior [ RunTime:0.002644s ]
INFO: Run WriteHtmlCache Behavior [ RunTime:0.001210s ]
INFO: Run ShowRuntime Behavior [ RunTime:0.002759s ]
INFO: [ view_filter ] --END-- [ RunTime:0.011332s ]
INFO: [ view_end ] --START--
INFO: Run ShowPageTrace Behavior [ RunTime:0.002802s ]
INFO: [ view_end ] --END-- [ RunTime:0.003408s ]

[ 2013-05-21T20:52:14+08:00 ] 127.0.0.1 /evbeta/User/Member/profile
INFO: [ route_check ] --START--
INFO: Run CheckRoute Behavior [ RunTime:0.003161s ]
INFO: [ route_check ] --END-- [ RunTime:0.003865s ]
INFO: [ app_begin ] --START--
INFO: Run ReadHtmlCache Behavior [ RunTime:0.002328s ]
INFO: [ app_begin ] --END-- [ RunTime:0.002950s ]
INFO: [ view_template ] --START--
INFO: Run LocationTemplate Behavior [ RunTime:0.001827s ]
INFO: [ view_template ] --END-- [ RunTime:0.002795s ]
INFO: [ view_parse ] --START--
INFO: Run ParseTemplate Behavior [ RunTime:0.026104s ]
INFO: [ view_parse ] --END-- [ RunTime:0.026704s ]
INFO: [ view_filter ] --START--
INFO: Run ContentReplace Behavior [ RunTime:0.002088s ]
INFO: Run TokenBuild Behavior [ RunTime:0.001837s ]
INFO: Run WriteHtmlCache Behavior [ RunTime:0.001469s ]
INFO: Run ShowRuntime Behavior [ RunTime:0.003535s ]
INFO: [ view_filter ] --END-- [ RunTime:0.010611s ]
INFO: [ view_end ] --START--
INFO: Run ShowPageTrace Behavior [ RunTime:0.002447s ]
INFO: [ view_end ] --END-- [ RunTime:0.003046s ]

[ 2013-05-21T20:52:56+08:00 ] 127.0.0.1 /evbeta/User/Member/card
INFO: [ route_check ] --START--
INFO: Run CheckRoute Behavior [ RunTime:0.004505s ]
INFO: [ route_check ] --END-- [ RunTime:0.005139s ]
INFO: [ app_begin ] --START--
INFO: Run ReadHtmlCache Behavior [ RunTime:0.003228s ]
INFO: [ app_begin ] --END-- [ RunTime:0.003840s ]
INFO: [ view_template ] --START--
INFO: Run LocationTemplate Behavior [ RunTime:0.002522s ]
INFO: [ view_template ] --END-- [ RunTime:0.003136s ]
INFO: [ view_parse ] --START--
INFO: Run ParseTemplate Behavior [ RunTime:0.031647s ]
INFO: [ view_parse ] --END-- [ RunTime:0.032308s ]
INFO: [ view_filter ] --START--
INFO: Run ContentReplace Behavior [ RunTime:0.002365s ]
INFO: Run TokenBuild Behavior [ RunTime:0.002899s ]
INFO: Run WriteHtmlCache Behavior [ RunTime:0.002928s ]
INFO: Run ShowRuntime Behavior [ RunTime:0.003032s ]
INFO: [ view_filter ] --END-- [ RunTime:0.012824s ]
INFO: [ view_end ] --START--
INFO: Run ShowPageTrace Behavior [ RunTime:0.003048s ]
INFO: [ view_end ] --END-- [ RunTime:0.003627s ]

[ 2013-05-21T20:54:46+08:00 ] 127.0.0.1 /evbeta/User/Member/card
INFO: [ route_check ] --START--
INFO: Run CheckRoute Behavior [ RunTime:0.005046s ]
INFO: [ route_check ] --END-- [ RunTime:0.006003s ]
INFO: [ app_begin ] --START--
INFO: Run ReadHtmlCache Behavior [ RunTime:0.002954s ]
INFO: [ app_begin ] --END-- [ RunTime:0.003610s ]
INFO: [ view_template ] --START--
INFO: Run LocationTemplate Behavior [ RunTime:0.002228s ]
INFO: [ view_template ] --END-- [ RunTime:0.002923s ]
INFO: [ view_parse ] --START--
INFO: Run ParseTemplate Behavior [ RunTime:0.033358s ]
INFO: [ view_parse ] --END-- [ RunTime:0.033973s ]
INFO: [ view_filter ] --START--
INFO: Run ContentReplace Behavior [ RunTime:0.002528s ]
INFO: Run TokenBuild Behavior [ RunTime:0.003098s ]
INFO: Run WriteHtmlCache Behavior [ RunTime:0.001905s ]
INFO: Run ShowRuntime Behavior [ RunTime:0.003031s ]
INFO: [ view_filter ] --END-- [ RunTime:0.012572s ]
INFO: [ view_end ] --START--
INFO: Run ShowPageTrace Behavior [ RunTime:0.002901s ]
INFO: [ view_end ] --END-- [ RunTime:0.003486s ]

[ 2013-05-21T21:01:27+08:00 ] 127.0.0.1 /evbeta/User/Member/profile
INFO: [ route_check ] --START--
INFO: Run CheckRoute Behavior [ RunTime:0.005627s ]
INFO: [ route_check ] --END-- [ RunTime:0.006332s ]
INFO: [ app_begin ] --START--
INFO: Run ReadHtmlCache Behavior [ RunTime:0.003446s ]
INFO: [ app_begin ] --END-- [ RunTime:0.004061s ]
INFO: [ view_template ] --START--
INFO: Run LocationTemplate Behavior [ RunTime:0.002278s ]
INFO: [ view_template ] --END-- [ RunTime:0.002889s ]
INFO: [ view_parse ] --START--
INFO: Run ParseTemplate Behavior [ RunTime:0.036315s ]
INFO: [ view_parse ] --END-- [ RunTime:0.036916s ]
INFO: [ view_filter ] --START--
INFO: Run ContentReplace Behavior [ RunTime:0.002536s ]
INFO: Run TokenBuild Behavior [ RunTime:0.002933s ]
INFO: Run WriteHtmlCache Behavior [ RunTime:0.002183s ]
INFO: Run ShowRuntime Behavior [ RunTime:0.003545s ]
INFO: [ view_filter ] --END-- [ RunTime:0.012766s ]
INFO: [ view_end ] --START--
INFO: Run ShowPageTrace Behavior [ RunTime:0.003441s ]
INFO: [ view_end ] --END-- [ RunTime:0.004046s ]

[ 2013-05-21T21:03:09+08:00 ] 127.0.0.1 /evbeta/User/Member/card
INFO: [ route_check ] --START--
INFO: Run CheckRoute Behavior [ RunTime:0.004514s ]
INFO: [ route_check ] --END-- [ RunTime:0.005141s ]
INFO: [ app_begin ] --START--
INFO: Run ReadHtmlCache Behavior [ RunTime:0.002978s ]
INFO: [ app_begin ] --END-- [ RunTime:0.003581s ]
INFO: [ view_template ] --START--
INFO: Run LocationTemplate Behavior [ RunTime:0.003092s ]
INFO: [ view_template ] --END-- [ RunTime:0.003710s ]
INFO: [ view_parse ] --START--
INFO: Run ParseTemplate Behavior [ RunTime:0.032103s ]
INFO: [ view_parse ] --END-- [ RunTime:0.032726s ]
INFO: [ view_filter ] --START--
INFO: Run ContentReplace Behavior [ RunTime:0.003560s ]
INFO: Run TokenBuild Behavior [ RunTime:0.003014s ]
INFO: Run WriteHtmlCache Behavior [ RunTime:0.002078s ]
INFO: Run ShowRuntime Behavior [ RunTime:0.004733s ]
INFO: [ view_filter ] --END-- [ RunTime:0.015078s ]
INFO: [ view_end ] --START--
INFO: Run ShowPageTrace Behavior [ RunTime:0.003905s ]
INFO: [ view_end ] --END-- [ RunTime:0.004486s ]

[ 2013-05-21T21:05:14+08:00 ] 127.0.0.1 /evbeta/User/Member/card
INFO: [ route_check ] --START--
INFO: Run CheckRoute Behavior [ RunTime:0.004709s ]
INFO: [ route_check ] --END-- [ RunTime:0.005343s ]
INFO: [ app_begin ] --START--
INFO: Run ReadHtmlCache Behavior [ RunTime:0.002801s ]
INFO: [ app_begin ] --END-- [ RunTime:0.003588s ]
INFO: [ view_template ] --START--
INFO: Run LocationTemplate Behavior [ RunTime:0.002352s ]
INFO: [ view_template ] --END-- [ RunTime:0.002978s ]
INFO: [ view_parse ] --START--
INFO: Run ParseTemplate Behavior [ RunTime:0.032049s ]
INFO: [ view_parse ] --END-- [ RunTime:0.032759s ]
INFO: [ view_filter ] --START--
INFO: Run ContentReplace Behavior [ RunTime:0.002544s ]
INFO: Run TokenBuild Behavior [ RunTime:0.002560s ]
INFO: Run WriteHtmlCache Behavior [ RunTime:0.002504s ]
INFO: Run ShowRuntime Behavior [ RunTime:0.003097s ]
INFO: [ view_filter ] --END-- [ RunTime:0.012564s ]
INFO: [ view_end ] --START--
INFO: Run ShowPageTrace Behavior [ RunTime:0.003212s ]
INFO: [ view_end ] --END-- [ RunTime:0.003790s ]

[ 2013-05-21T21:05:27+08:00 ] 127.0.0.1 /evbeta/User/Member/card
INFO: [ route_check ] --START--
INFO: Run CheckRoute Behavior [ RunTime:0.005281s ]
INFO: [ route_check ] --END-- [ RunTime:0.005928s ]
INFO: [ app_begin ] --START--
INFO: Run ReadHtmlCache Behavior [ RunTime:0.003025s ]
INFO: [ app_begin ] --END-- [ RunTime:0.003673s ]
INFO: [ view_template ] --START--
INFO: Run LocationTemplate Behavior [ RunTime:0.003878s ]
INFO: [ view_template ] --END-- [ RunTime:0.004521s ]
INFO: [ view_parse ] --START--
INFO: Run ParseTemplate Behavior [ RunTime:0.038567s ]
INFO: [ view_parse ] --END-- [ RunTime:0.039373s ]
INFO: [ view_filter ] --START--
INFO: Run ContentReplace Behavior [ RunTime:0.003336s ]
INFO: Run TokenBuild Behavior [ RunTime:0.003748s ]
INFO: Run WriteHtmlCache Behavior [ RunTime:0.003269s ]
INFO: Run ShowRuntime Behavior [ RunTime:0.004855s ]
INFO: [ view_filter ] --END-- [ RunTime:0.017054s ]
INFO: [ view_end ] --START--
INFO: Run ShowPageTrace Behavior [ RunTime:0.003801s ]
INFO: [ view_end ] --END-- [ RunTime:0.004866s ]

[ 2013-05-21T21:08:13+08:00 ] 127.0.0.1 /evbeta/User/Member/cert
INFO: [ route_check ] --START--
INFO: Run CheckRoute Behavior [ RunTime:0.004410s ]
INFO: [ route_check ] --END-- [ RunTime:0.005076s ]
INFO: [ app_begin ] --START--
INFO: Run ReadHtmlCache Behavior [ RunTime:0.005219s ]
INFO: [ app_begin ] --END-- [ RunTime:0.005868s ]
INFO: [ view_template ] --START--
INFO: Run LocationTemplate Behavior [ RunTime:0.002591s ]
INFO: [ view_template ] --END-- [ RunTime:0.003216s ]
INFO: [ view_parse ] --START--
INFO: Run ParseTemplate Behavior [ RunTime:0.030714s ]
INFO: [ view_parse ] --END-- [ RunTime:0.031310s ]
INFO: [ view_filter ] --START--
INFO: Run ContentReplace Behavior [ RunTime:0.002542s ]
INFO: Run TokenBuild Behavior [ RunTime:0.003072s ]
INFO: Run WriteHtmlCache Behavior [ RunTime:0.002001s ]
INFO: Run ShowRuntime Behavior [ RunTime:0.004387s ]
INFO: [ view_filter ] --END-- [ RunTime:0.013579s ]
INFO: [ view_end ] --START--
INFO: Run ShowPageTrace Behavior [ RunTime:0.002955s ]
INFO: [ view_end ] --END-- [ RunTime:0.003562s ]

[ 2013-05-21T21:09:19+08:00 ] 127.0.0.1 /evbeta/User/Member/cert
INFO: [ route_check ] --START--
INFO: Run CheckRoute Behavior [ RunTime:0.003696s ]
INFO: [ route_check ] --END-- [ RunTime:0.004334s ]
INFO: [ app_begin ] --START--
INFO: Run ReadHtmlCache Behavior [ RunTime:0.002133s ]
INFO: [ app_begin ] --END-- [ RunTime:0.002731s ]
INFO: [ view_template ] --START--
INFO: Run LocationTemplate Behavior [ RunTime:0.001867s ]
INFO: [ view_template ] --END-- [ RunTime:0.002471s ]
INFO: [ view_parse ] --START--
INFO: Run ParseTemplate Behavior [ RunTime:0.029605s ]
INFO: [ view_parse ] --END-- [ RunTime:0.030222s ]
INFO: [ view_filter ] --START--
INFO: Run ContentReplace Behavior [ RunTime:0.002417s ]
INFO: Run TokenBuild Behavior [ RunTime:0.001901s ]
INFO: Run WriteHtmlCache Behavior [ RunTime:0.001274s ]
INFO: Run ShowRuntime Behavior [ RunTime:0.003012s ]
INFO: [ view_filter ] --END-- [ RunTime:0.010317s ]
INFO: [ view_end ] --START--
INFO: Run ShowPageTrace Behavior [ RunTime:0.002479s ]
INFO: [ view_end ] --END-- [ RunTime:0.003041s ]

[ 2013-05-21T21:09:51+08:00 ] 127.0.0.1 /evbeta/User/Member/cert
INFO: [ route_check ] --START--
INFO: Run CheckRoute Behavior [ RunTime:0.004294s ]
INFO: [ route_check ] --END-- [ RunTime:0.004919s ]
INFO: [ app_begin ] --START--
INFO: Run ReadHtmlCache Behavior [ RunTime:0.002911s ]
INFO: [ app_begin ] --END-- [ RunTime:0.003567s ]
INFO: [ view_template ] --START--
INFO: Run LocationTemplate Behavior [ RunTime:0.002451s ]
INFO: [ view_template ] --END-- [ RunTime:0.003105s ]
INFO: [ view_parse ] --START--
INFO: Run ParseTemplate Behavior [ RunTime:0.032210s ]
INFO: [ view_parse ] --END-- [ RunTime:0.033113s ]
INFO: [ view_filter ] --START--
INFO: Run ContentReplace Behavior [ RunTime:0.002410s ]
INFO: Run TokenBuild Behavior [ RunTime:0.002730s ]
INFO: Run WriteHtmlCache Behavior [ RunTime:0.002329s ]
INFO: Run ShowRuntime Behavior [ RunTime:0.003106s ]
INFO: [ view_filter ] --END-- [ RunTime:0.012449s ]
INFO: [ view_end ] --START--
INFO: Run ShowPageTrace Behavior [ RunTime:0.002906s ]
INFO: [ view_end ] --END-- [ RunTime:0.003478s ]

[ 2013-05-21T21:13:04+08:00 ] 127.0.0.1 /evbeta/User/Member/card
INFO: [ route_check ] --START--
INFO: Run CheckRoute Behavior [ RunTime:0.005204s ]
INFO: [ route_check ] --END-- [ RunTime:0.005849s ]
INFO: [ app_begin ] --START--
INFO: Run ReadHtmlCache Behavior [ RunTime:0.003873s ]
INFO: [ app_begin ] --END-- [ RunTime:0.004586s ]
INFO: [ view_template ] --START--
INFO: Run LocationTemplate Behavior [ RunTime:0.004200s ]
INFO: [ view_template ] --END-- [ RunTime:0.004903s ]
INFO: [ view_parse ] --START--
INFO: Run ParseTemplate Behavior [ RunTime:0.031328s ]
INFO: [ view_parse ] --END-- [ RunTime:0.031928s ]
INFO: [ view_filter ] --START--
INFO: Run ContentReplace Behavior [ RunTime:0.002416s ]
INFO: Run TokenBuild Behavior [ RunTime:0.003084s ]
INFO: Run WriteHtmlCache Behavior [ RunTime:0.006473s ]
INFO: Run ShowRuntime Behavior [ RunTime:0.003355s ]
INFO: [ view_filter ] --END-- [ RunTime:0.016955s ]
INFO: [ view_end ] --START--
INFO: Run ShowPageTrace Behavior [ RunTime:0.002864s ]
INFO: [ view_end ] --END-- [ RunTime:0.003427s ]

[ 2013-05-21T21:13:05+08:00 ] 127.0.0.1 /evbeta/User/Member/cert
INFO: [ route_check ] --START--
INFO: Run CheckRoute Behavior [ RunTime:0.004866s ]
INFO: [ route_check ] --END-- [ RunTime:0.005513s ]
INFO: [ app_begin ] --START--
INFO: Run ReadHtmlCache Behavior [ RunTime:0.003039s ]
INFO: [ app_begin ] --END-- [ RunTime:0.003647s ]
INFO: [ view_template ] --START--
INFO: Run LocationTemplate Behavior [ RunTime:0.003518s ]
INFO: [ view_template ] --END-- [ RunTime:0.004214s ]
INFO: [ view_parse ] --START--
INFO: Run ParseTemplate Behavior [ RunTime:0.034501s ]
INFO: [ view_parse ] --END-- [ RunTime:0.035098s ]
INFO: [ view_filter ] --START--
INFO: Run ContentReplace Behavior [ RunTime:0.002909s ]
INFO: Run TokenBuild Behavior [ RunTime:0.002700s ]
INFO: Run WriteHtmlCache Behavior [ RunTime:0.001894s ]
INFO: Run ShowRuntime Behavior [ RunTime:0.004094s ]
INFO: [ view_filter ] --END-- [ RunTime:0.013285s ]
INFO: [ view_end ] --START--
INFO: Run ShowPageTrace Behavior [ RunTime:0.003472s ]
INFO: [ view_end ] --END-- [ RunTime:0.004045s ]

[ 2013-05-21T21:13:29+08:00 ] 127.0.0.1 /evbeta/User/Member/cert
INFO: [ route_check ] --START--
INFO: Run CheckRoute Behavior [ RunTime:0.005733s ]
INFO: [ route_check ] --END-- [ RunTime:0.006405s ]
INFO: [ app_begin ] --START--
INFO: Run ReadHtmlCache Behavior [ RunTime:0.003292s ]
INFO: [ app_begin ] --END-- [ RunTime:0.003939s ]
INFO: [ view_template ] --START--
INFO: Run LocationTemplate Behavior [ RunTime:0.004724s ]
INFO: [ view_template ] --END-- [ RunTime:0.005393s ]
INFO: [ view_parse ] --START--
INFO: Run ParseTemplate Behavior [ RunTime:0.043262s ]
INFO: [ view_parse ] --END-- [ RunTime:0.044124s ]
INFO: [ view_filter ] --START--
INFO: Run ContentReplace Behavior [ RunTime:0.003740s ]
INFO: Run TokenBuild Behavior [ RunTime:0.003382s ]
INFO: Run WriteHtmlCache Behavior [ RunTime:0.002489s ]
INFO: Run ShowRuntime Behavior [ RunTime:0.005191s ]
INFO: [ view_filter ] --END-- [ RunTime:0.016467s ]
INFO: [ view_end ] --START--
INFO: Run ShowPageTrace Behavior [ RunTime:0.003846s ]
INFO: [ view_end ] --END-- [ RunTime:0.005631s ]

[ 2013-05-21T21:29:00+08:00 ] 127.0.0.1 /evbeta/User/Member/?page=1
INFO: [ route_check ] --START--
INFO: Run CheckRoute Behavior [ RunTime:0.004794s ]
INFO: [ route_check ] --END-- [ RunTime:0.005417s ]
INFO: [ app_begin ] --START--
INFO: Run ReadHtmlCache Behavior [ RunTime:0.003766s ]
INFO: [ app_begin ] --END-- [ RunTime:0.004378s ]
INFO: [ view_template ] --START--
INFO: Run LocationTemplate Behavior [ RunTime:0.005564s ]
INFO: [ view_template ] --END-- [ RunTime:0.006176s ]
INFO: [ view_parse ] --START--
INFO: Run ParseTemplate Behavior [ RunTime:0.031435s ]
INFO: [ view_parse ] --END-- [ RunTime:0.032251s ]
INFO: [ view_filter ] --START--
INFO: Run ContentReplace Behavior [ RunTime:0.002796s ]
INFO: Run TokenBuild Behavior [ RunTime:0.003375s ]
INFO: Run WriteHtmlCache Behavior [ RunTime:0.002306s ]
INFO: Run ShowRuntime Behavior [ RunTime:0.003189s ]
INFO: [ view_filter ] --END-- [ RunTime:0.013356s ]
INFO: [ view_end ] --START--
INFO: Run ShowPageTrace Behavior [ RunTime:0.004050s ]
INFO: [ view_end ] --END-- [ RunTime:0.004876s ]

[ 2013-05-21T21:31:35+08:00 ] 127.0.0.1 /evbeta/User/Member/?page=1
INFO: [ route_check ] --START--
INFO: Run CheckRoute Behavior [ RunTime:0.005395s ]
INFO: [ route_check ] --END-- [ RunTime:0.006028s ]
INFO: [ app_begin ] --START--
INFO: Run ReadHtmlCache Behavior [ RunTime:0.003080s ]
INFO: [ app_begin ] --END-- [ RunTime:0.003705s ]
INFO: [ view_template ] --START--
INFO: Run LocationTemplate Behavior [ RunTime:0.005440s ]
INFO: [ view_template ] --END-- [ RunTime:0.006069s ]
INFO: [ view_parse ] --START--
INFO: Run ParseTemplate Behavior [ RunTime:0.031734s ]
INFO: [ view_parse ] --END-- [ RunTime:0.032393s ]
INFO: [ view_filter ] --START--
INFO: Run ContentReplace Behavior [ RunTime:0.002685s ]
INFO: Run TokenBuild Behavior [ RunTime:0.003420s ]
INFO: Run WriteHtmlCache Behavior [ RunTime:0.002735s ]
INFO: Run ShowRuntime Behavior [ RunTime:0.003208s ]
INFO: [ view_filter ] --END-- [ RunTime:0.014523s ]
INFO: [ view_end ] --START--
INFO: Run ShowPageTrace Behavior [ RunTime:0.003184s ]
INFO: [ view_end ] --END-- [ RunTime:0.003796s ]

[ 2013-05-21T21:33:22+08:00 ] 127.0.0.1 /evbeta/User/Member/?page=1
INFO: [ route_check ] --START--
INFO: Run CheckRoute Behavior [ RunTime:0.004635s ]
INFO: [ route_check ] --END-- [ RunTime:0.005262s ]
INFO: [ app_begin ] --START--
INFO: Run ReadHtmlCache Behavior [ RunTime:0.003083s ]
INFO: [ app_begin ] --END-- [ RunTime:0.003705s ]
INFO: [ view_template ] --START--
INFO: Run LocationTemplate Behavior [ RunTime:0.005331s ]
INFO: [ view_template ] --END-- [ RunTime:0.006403s ]
INFO: [ view_parse ] --START--
INFO: Run ParseTemplate Behavior [ RunTime:0.035719s ]
INFO: [ view_parse ] --END-- [ RunTime:0.036332s ]
INFO: [ view_filter ] --START--
INFO: Run ContentReplace Behavior [ RunTime:0.002681s ]
INFO: Run TokenBuild Behavior [ RunTime:0.002654s ]
INFO: Run WriteHtmlCache Behavior [ RunTime:0.002856s ]
INFO: Run ShowRuntime Behavior [ RunTime:0.003563s ]
INFO: [ view_filter ] --END-- [ RunTime:0.013358s ]
INFO: [ view_end ] --START--
INFO: Run ShowPageTrace Behavior [ RunTime:0.004081s ]
INFO: [ view_end ] --END-- [ RunTime:0.004702s ]

[ 2013-05-21T21:33:31+08:00 ] 127.0.0.1 /evbeta/User/Member/?page=1
INFO: [ route_check ] --START--
INFO: Run CheckRoute Behavior [ RunTime:0.004813s ]
INFO: [ route_check ] --END-- [ RunTime:0.005445s ]
INFO: [ app_begin ] --START--
INFO: Run ReadHtmlCache Behavior [ RunTime:0.003551s ]
INFO: [ app_begin ] --END-- [ RunTime:0.004154s ]
INFO: [ view_template ] --START--
INFO: Run LocationTemplate Behavior [ RunTime:0.005712s ]
INFO: [ view_template ] --END-- [ RunTime:0.006837s ]
INFO: [ view_parse ] --START--
INFO: Run ParseTemplate Behavior [ RunTime:0.034607s ]
INFO: [ view_parse ] --END-- [ RunTime:0.035263s ]
INFO: [ view_filter ] --START--
INFO: Run ContentReplace Behavior [ RunTime:0.003123s ]
INFO: Run TokenBuild Behavior [ RunTime:0.003160s ]
INFO: Run WriteHtmlCache Behavior [ RunTime:0.001940s ]
INFO: Run ShowRuntime Behavior [ RunTime:0.003632s ]
INFO: [ view_filter ] --END-- [ RunTime:0.014012s ]
INFO: [ view_end ] --START--
INFO: Run ShowPageTrace Behavior [ RunTime:0.002985s ]
INFO: [ view_end ] --END-- [ RunTime:0.003576s ]

[ 2013-05-21T21:34:00+08:00 ] 127.0.0.1 /evbeta/User/Member/?page=1
INFO: [ route_check ] --START--
INFO: Run CheckRoute Behavior [ RunTime:0.005758s ]
INFO: [ route_check ] --END-- [ RunTime:0.006463s ]
INFO: [ app_begin ] --START--
INFO: Run ReadHtmlCache Behavior [ RunTime:0.003535s ]
INFO: [ app_begin ] --END-- [ RunTime:0.004154s ]
INFO: [ view_template ] --START--
INFO: Run LocationTemplate Behavior [ RunTime:0.005736s ]
INFO: [ view_template ] --END-- [ RunTime:0.006355s ]
INFO: [ view_parse ] --START--
INFO: Run ParseTemplate Behavior [ RunTime:0.031322s ]
INFO: [ view_parse ] --END-- [ RunTime:0.031977s ]
INFO: [ view_filter ] --START--
INFO: Run ContentReplace Behavior [ RunTime:0.003298s ]
INFO: Run TokenBuild Behavior [ RunTime:0.002853s ]
INFO: Run WriteHtmlCache Behavior [ RunTime:0.002316s ]
INFO: Run ShowRuntime Behavior [ RunTime:0.003691s ]
INFO: [ view_filter ] --END-- [ RunTime:0.013781s ]
INFO: [ view_end ] --START--
INFO: Run ShowPageTrace Behavior [ RunTime:0.003128s ]
INFO: [ view_end ] --END-- [ RunTime:0.003722s ]

[ 2013-05-21T21:34:01+08:00 ] 127.0.0.1 /evbeta/User/Member/?page=1
INFO: [ route_check ] --START--
INFO: Run CheckRoute Behavior [ RunTime:0.004701s ]
INFO: [ route_check ] --END-- [ RunTime:0.005339s ]
INFO: [ app_begin ] --START--
INFO: Run ReadHtmlCache Behavior [ RunTime:0.002930s ]
INFO: [ app_begin ] --END-- [ RunTime:0.003560s ]
INFO: [ view_template ] --START--
INFO: Run LocationTemplate Behavior [ RunTime:0.007071s ]
INFO: [ view_template ] --END-- [ RunTime:0.007727s ]
INFO: [ view_parse ] --START--
INFO: Run ParseTemplate Behavior [ RunTime:0.032294s ]
INFO: [ view_parse ] --END-- [ RunTime:0.032909s ]
INFO: [ view_filter ] --START--
INFO: Run ContentReplace Behavior [ RunTime:0.003258s ]
INFO: Run TokenBuild Behavior [ RunTime:0.003135s ]
INFO: Run WriteHtmlCache Behavior [ RunTime:0.002147s ]
INFO: Run ShowRuntime Behavior [ RunTime:0.003078s ]
INFO: [ view_filter ] --END-- [ RunTime:0.013221s ]
INFO: [ view_end ] --START--
INFO: Run ShowPageTrace Behavior [ RunTime:0.003653s ]
INFO: [ view_end ] --END-- [ RunTime:0.004285s ]

[ 2013-05-21T21:34:17+08:00 ] 127.0.0.1 /evbeta/User/Member/?page=1
INFO: [ route_check ] --START--
INFO: Run CheckRoute Behavior [ RunTime:0.005574s ]
INFO: [ route_check ] --END-- [ RunTime:0.006536s ]
INFO: [ app_begin ] --START--
INFO: Run ReadHtmlCache Behavior [ RunTime:0.002519s ]
INFO: [ app_begin ] --END-- [ RunTime:0.003134s ]
INFO: [ view_template ] --START--
INFO: Run LocationTemplate Behavior [ RunTime:0.001755s ]
INFO: [ view_template ] --END-- [ RunTime:0.002360s ]
INFO: [ view_parse ] --START--
INFO: Run ParseTemplate Behavior [ RunTime:0.027756s ]
INFO: [ view_parse ] --END-- [ RunTime:0.028379s ]
INFO: [ view_filter ] --START--
INFO: Run ContentReplace Behavior [ RunTime:0.001930s ]
INFO: Run TokenBuild Behavior [ RunTime:0.002119s ]
INFO: Run WriteHtmlCache Behavior [ RunTime:0.001532s ]
INFO: Run ShowRuntime Behavior [ RunTime:0.003294s ]
INFO: [ view_filter ] --END-- [ RunTime:0.010440s ]
INFO: [ view_end ] --START--
INFO: Run ShowPageTrace Behavior [ RunTime:0.002466s ]
INFO: [ view_end ] --END-- [ RunTime:0.003037s ]

[ 2013-05-21T21:34:35+08:00 ] 127.0.0.1 /evbeta/User/Member/?page=1
INFO: [ route_check ] --START--
INFO: Run CheckRoute Behavior [ RunTime:0.002628s ]
INFO: [ route_check ] --END-- [ RunTime:0.003535s ]
INFO: [ app_begin ] --START--
INFO: Run ReadHtmlCache Behavior [ RunTime:0.002284s ]
INFO: [ app_begin ] --END-- [ RunTime:0.003229s ]
INFO: [ view_template ] --START--
INFO: Run LocationTemplate Behavior [ RunTime:0.002438s ]
INFO: [ view_template ] --END-- [ RunTime:0.003041s ]
INFO: [ view_parse ] --START--
INFO: Run ParseTemplate Behavior [ RunTime:0.027880s ]
INFO: [ view_parse ] --END-- [ RunTime:0.028485s ]
INFO: [ view_filter ] --START--
INFO: Run ContentReplace Behavior [ RunTime:0.001753s ]
INFO: Run TokenBuild Behavior [ RunTime:0.002063s ]
INFO: Run WriteHtmlCache Behavior [ RunTime:0.001450s ]
INFO: Run ShowRuntime Behavior [ RunTime:0.003106s ]
INFO: [ view_filter ] --END-- [ RunTime:0.010006s ]
INFO: [ view_end ] --START--
INFO: Run ShowPageTrace Behavior [ RunTime:0.002449s ]
INFO: [ view_end ] --END-- [ RunTime:0.003013s ]

[ 2013-05-21T21:35:02+08:00 ] 127.0.0.1 /evbeta/User/Member/?page=1
INFO: [ route_check ] --START--
INFO: Run CheckRoute Behavior [ RunTime:0.002548s ]
INFO: [ route_check ] --END-- [ RunTime:0.003173s ]
INFO: [ app_begin ] --START--
INFO: Run ReadHtmlCache Behavior [ RunTime:0.002877s ]
INFO: [ app_begin ] --END-- [ RunTime:0.003801s ]
INFO: [ view_template ] --START--
INFO: Run LocationTemplate Behavior [ RunTime:0.002054s ]
INFO: [ view_template ] --END-- [ RunTime:0.002678s ]
INFO: [ view_parse ] --START--
INFO: Run ParseTemplate Behavior [ RunTime:0.028227s ]
INFO: [ view_parse ] --END-- [ RunTime:0.029405s ]
INFO: [ view_filter ] --START--
INFO: Run ContentReplace Behavior [ RunTime:0.001730s ]
INFO: Run TokenBuild Behavior [ RunTime:0.002151s ]
INFO: Run WriteHtmlCache Behavior [ RunTime:0.001689s ]
INFO: Run ShowRuntime Behavior [ RunTime:0.002450s ]
INFO: [ view_filter ] --END-- [ RunTime:0.009699s ]
INFO: [ view_end ] --START--
INFO: Run ShowPageTrace Behavior [ RunTime:0.002122s ]
INFO: [ view_end ] --END-- [ RunTime:0.003026s ]

[ 2013-05-21T21:35:42+08:00 ] 127.0.0.1 /evbeta/User/Member/?page=1
INFO: [ route_check ] --START--
INFO: Run CheckRoute Behavior [ RunTime:0.006456s ]
INFO: [ route_check ] --END-- [ RunTime:0.007198s ]
INFO: [ app_begin ] --START--
INFO: Run ReadHtmlCache Behavior [ RunTime:0.003405s ]
INFO: [ app_begin ] --END-- [ RunTime:0.004026s ]
INFO: [ view_template ] --START--
INFO: Run LocationTemplate Behavior [ RunTime:0.005325s ]
INFO: [ view_template ] --END-- [ RunTime:0.005959s ]
INFO: [ view_parse ] --START--
INFO: Run ParseTemplate Behavior [ RunTime:0.033025s ]
INFO: [ view_parse ] --END-- [ RunTime:0.033642s ]
INFO: [ view_filter ] --START--
INFO: Run ContentReplace Behavior [ RunTime:0.002560s ]
INFO: Run TokenBuild Behavior [ RunTime:0.004451s ]
INFO: Run WriteHtmlCache Behavior [ RunTime:0.002173s ]
INFO: Run ShowRuntime Behavior [ RunTime:0.003316s ]
INFO: [ view_filter ] --END-- [ RunTime:0.014140s ]
INFO: [ view_end ] --START--
INFO: Run ShowPageTrace Behavior [ RunTime:0.003378s ]
INFO: [ view_end ] --END-- [ RunTime:0.003949s ]

[ 2013-05-21T21:36:13+08:00 ] 127.0.0.1 /evbeta/User/Member/?page=1
INFO: [ route_check ] --START--
INFO: Run CheckRoute Behavior [ RunTime:0.005159s ]
INFO: [ route_check ] --END-- [ RunTime:0.005799s ]
INFO: [ app_begin ] --START--
INFO: Run ReadHtmlCache Behavior [ RunTime:0.003424s ]
INFO: [ app_begin ] --END-- [ RunTime:0.004117s ]
INFO: [ view_template ] --START--
INFO: Run LocationTemplate Behavior [ RunTime:0.005810s ]
INFO: [ view_template ] --END-- [ RunTime:0.006555s ]
INFO: [ view_parse ] --START--
INFO: Run ParseTemplate Behavior [ RunTime:0.032578s ]
INFO: [ view_parse ] --END-- [ RunTime:0.033214s ]
INFO: [ view_filter ] --START--
INFO: Run ContentReplace Behavior [ RunTime:0.002781s ]
INFO: Run TokenBuild Behavior [ RunTime:0.002761s ]
INFO: Run WriteHtmlCache Behavior [ RunTime:0.002237s ]
INFO: Run ShowRuntime Behavior [ RunTime:0.003938s ]
INFO: [ view_filter ] --END-- [ RunTime:0.013439s ]
INFO: [ view_end ] --START--
INFO: Run ShowPageTrace Behavior [ RunTime:0.003395s ]
INFO: [ view_end ] --END-- [ RunTime:0.003973s ]

[ 2013-05-21T21:36:29+08:00 ] 127.0.0.1 /evbeta/User/Member/?page=1
INFO: [ route_check ] --START--
INFO: Run CheckRoute Behavior [ RunTime:0.004387s ]
INFO: [ route_check ] --END-- [ RunTime:0.005373s ]
INFO: [ app_begin ] --START--
INFO: Run ReadHtmlCache Behavior [ RunTime:0.003054s ]
INFO: [ app_begin ] --END-- [ RunTime:0.003717s ]
INFO: [ view_template ] --START--
INFO: Run LocationTemplate Behavior [ RunTime:0.005475s ]
INFO: [ view_template ] --END-- [ RunTime:0.006085s ]
INFO: [ view_parse ] --START--
INFO: Run ParseTemplate Behavior [ RunTime:0.035563s ]
INFO: [ view_parse ] --END-- [ RunTime:0.036171s ]
INFO: [ view_filter ] --START--
INFO: Run ContentReplace Behavior [ RunTime:0.002420s ]
INFO: Run TokenBuild Behavior [ RunTime:0.003044s ]
INFO: Run WriteHtmlCache Behavior [ RunTime:0.002070s ]
INFO: Run ShowRuntime Behavior [ RunTime:0.003424s ]
INFO: [ view_filter ] --END-- [ RunTime:0.012904s ]
INFO: [ view_end ] --START--
INFO: Run ShowPageTrace Behavior [ RunTime:0.003062s ]
INFO: [ view_end ] --END-- [ RunTime:0.003919s ]

[ 2013-05-21T21:37:36+08:00 ] 127.0.0.1 /evbeta/User/Member/?page=1
INFO: [ route_check ] --START--
INFO: Run CheckRoute Behavior [ RunTime:0.003467s ]
INFO: [ route_check ] --END-- [ RunTime:0.004094s ]
INFO: [ app_begin ] --START--
INFO: Run ReadHtmlCache Behavior [ RunTime:0.002324s ]
INFO: [ app_begin ] --END-- [ RunTime:0.002913s ]
INFO: [ view_template ] --START--
INFO: Run LocationTemplate Behavior [ RunTime:0.001634s ]
INFO: [ view_template ] --END-- [ RunTime:0.002527s ]
INFO: [ view_parse ] --START--
INFO: Run ParseTemplate Behavior [ RunTime:0.027449s ]
INFO: [ view_parse ] --END-- [ RunTime:0.028077s ]
INFO: [ view_filter ] --START--
INFO: Run ContentReplace Behavior [ RunTime:0.001675s ]
INFO: Run TokenBuild Behavior [ RunTime:0.002299s ]
INFO: Run WriteHtmlCache Behavior [ RunTime:0.002098s ]
INFO: Run ShowRuntime Behavior [ RunTime:0.002376s ]
INFO: [ view_filter ] --END-- [ RunTime:0.010645s ]
INFO: [ view_end ] --START--
INFO: Run ShowPageTrace Behavior [ RunTime:0.003112s ]
INFO: [ view_end ] --END-- [ RunTime:0.003716s ]

[ 2013-05-21T21:38:48+08:00 ] 127.0.0.1 /evbeta/User/Member/?page=1
INFO: [ route_check ] --START--
INFO: Run CheckRoute Behavior [ RunTime:0.004760s ]
INFO: [ route_check ] --END-- [ RunTime:0.005394s ]
INFO: [ app_begin ] --START--
INFO: Run ReadHtmlCache Behavior [ RunTime:0.002825s ]
INFO: [ app_begin ] --END-- [ RunTime:0.003438s ]
INFO: [ view_template ] --START--
INFO: Run LocationTemplate Behavior [ RunTime:0.005933s ]
INFO: [ view_template ] --END-- [ RunTime:0.006575s ]
INFO: [ view_parse ] --START--
INFO: Run ParseTemplate Behavior [ RunTime:0.033101s ]
INFO: [ view_parse ] --END-- [ RunTime:0.033731s ]
INFO: [ view_filter ] --START--
INFO: Run ContentReplace Behavior [ RunTime:0.002414s ]
INFO: Run TokenBuild Behavior [ RunTime:0.003439s ]
INFO: Run WriteHtmlCache Behavior [ RunTime:0.002475s ]
INFO: Run ShowRuntime Behavior [ RunTime:0.003560s ]
INFO: [ view_filter ] --END-- [ RunTime:0.013828s ]
INFO: [ view_end ] --START--
INFO: Run ShowPageTrace Behavior [ RunTime:0.003316s ]
INFO: [ view_end ] --END-- [ RunTime:0.003892s ]

[ 2013-05-21T21:39:00+08:00 ] 127.0.0.1 /evbeta/User/Member/?page=1
INFO: [ route_check ] --START--
INFO: Run CheckRoute Behavior [ RunTime:0.005286s ]
INFO: [ route_check ] --END-- [ RunTime:0.006025s ]
INFO: [ app_begin ] --START--
INFO: Run ReadHtmlCache Behavior [ RunTime:0.003035s ]
INFO: [ app_begin ] --END-- [ RunTime:0.003821s ]
INFO: [ view_template ] --START--
INFO: Run LocationTemplate Behavior [ RunTime:0.004909s ]
INFO: [ view_template ] --END-- [ RunTime:0.005848s ]
INFO: [ view_parse ] --START--
INFO: Run ParseTemplate Behavior [ RunTime:0.031481s ]
INFO: [ view_parse ] --END-- [ RunTime:0.032101s ]
INFO: [ view_filter ] --START--
INFO: Run ContentReplace Behavior [ RunTime:0.002386s ]
INFO: Run TokenBuild Behavior [ RunTime:0.002838s ]
INFO: Run WriteHtmlCache Behavior [ RunTime:0.002241s ]
INFO: Run ShowRuntime Behavior [ RunTime:0.003636s ]
INFO: [ view_filter ] --END-- [ RunTime:0.012737s ]
INFO: [ view_end ] --START--
INFO: Run ShowPageTrace Behavior [ RunTime:0.003472s ]
INFO: [ view_end ] --END-- [ RunTime:0.004102s ]

[ 2013-05-21T21:39:01+08:00 ] 127.0.0.1 /evbeta/User/Member/?page=1
INFO: [ route_check ] --START--
INFO: Run CheckRoute Behavior [ RunTime:0.002612s ]
INFO: [ route_check ] --END-- [ RunTime:0.003240s ]
INFO: [ app_begin ] --START--
INFO: Run ReadHtmlCache Behavior [ RunTime:0.002617s ]
INFO: [ app_begin ] --END-- [ RunTime:0.003249s ]
INFO: [ view_template ] --START--
INFO: Run LocationTemplate Behavior [ RunTime:0.002017s ]
INFO: [ view_template ] --END-- [ RunTime:0.002661s ]
INFO: [ view_parse ] --START--
INFO: Run ParseTemplate Behavior [ RunTime:0.025616s ]
INFO: [ view_parse ] --END-- [ RunTime:0.026278s ]
INFO: [ view_filter ] --START--
INFO: Run ContentReplace Behavior [ RunTime:0.004859s ]
INFO: Run TokenBuild Behavior [ RunTime:0.002539s ]
INFO: Run WriteHtmlCache Behavior [ RunTime:0.001193s ]
INFO: Run ShowRuntime Behavior [ RunTime:0.002463s ]
INFO: [ view_filter ] --END-- [ RunTime:0.013017s ]
INFO: [ view_end ] --START--
INFO: Run ShowPageTrace Behavior [ RunTime:0.002160s ]
INFO: [ view_end ] --END-- [ RunTime:0.002745s ]

[ 2013-05-21T21:39:11+08:00 ] 127.0.0.1 /evbeta/User/Member/profile
INFO: [ route_check ] --START--
INFO: Run CheckRoute Behavior [ RunTime:0.005447s ]
INFO: [ route_check ] --END-- [ RunTime:0.006964s ]
INFO: [ app_begin ] --START--
INFO: Run ReadHtmlCache Behavior [ RunTime:0.003707s ]
INFO: [ app_begin ] --END-- [ RunTime:0.004336s ]
INFO: [ view_template ] --START--
INFO: Run LocationTemplate Behavior [ RunTime:0.002684s ]
INFO: [ view_template ] --END-- [ RunTime:0.003333s ]
INFO: [ view_parse ] --START--
INFO: Run ParseTemplate Behavior [ RunTime:0.036218s ]
INFO: [ view_parse ] --END-- [ RunTime:0.036820s ]
INFO: [ view_filter ] --START--
INFO: Run ContentReplace Behavior [ RunTime:0.002700s ]
INFO: Run TokenBuild Behavior [ RunTime:0.002749s ]
INFO: Run WriteHtmlCache Behavior [ RunTime:0.002047s ]
INFO: Run ShowRuntime Behavior [ RunTime:0.003425s ]
INFO: [ view_filter ] --END-- [ RunTime:0.012599s ]
INFO: [ view_end ] --START--
INFO: Run ShowPageTrace Behavior [ RunTime:0.003755s ]
INFO: [ view_end ] --END-- [ RunTime:0.004326s ]

[ 2013-05-21T21:39:29+08:00 ] 127.0.0.1 /evbeta/User/Member/concern
INFO: [ route_check ] --START--
INFO: Run CheckRoute Behavior [ RunTime:0.002755s ]
INFO: [ route_check ] --END-- [ RunTime:0.003388s ]
INFO: [ app_begin ] --START--
INFO: Run ReadHtmlCache Behavior [ RunTime:0.002246s ]
INFO: [ app_begin ] --END-- [ RunTime:0.003361s ]
INFO: [ view_template ] --START--
INFO: Run LocationTemplate Behavior [ RunTime:0.001890s ]
INFO: [ view_template ] --END-- [ RunTime:0.002510s ]
INFO: [ view_parse ] --START--
INFO: Run ParseTemplate Behavior [ RunTime:0.026115s ]
INFO: [ view_parse ] --END-- [ RunTime:0.026768s ]
INFO: [ view_filter ] --START--
INFO: Run ContentReplace Behavior [ RunTime:0.001723s ]
INFO: Run TokenBuild Behavior [ RunTime:0.002192s ]
INFO: Run WriteHtmlCache Behavior [ RunTime:0.001240s ]
INFO: Run ShowRuntime Behavior [ RunTime:0.002647s ]
INFO: [ view_filter ] --END-- [ RunTime:0.009518s ]
INFO: [ view_end ] --START--
INFO: Run ShowPageTrace Behavior [ RunTime:0.003270s ]
INFO: [ view_end ] --END-- [ RunTime:0.003973s ]

[ 2013-05-21T21:40:03+08:00 ] 127.0.0.1 /evbeta/User/Member/?page=1
INFO: [ route_check ] --START--
INFO: Run CheckRoute Behavior [ RunTime:0.002885s ]
INFO: [ route_check ] --END-- [ RunTime:0.003504s ]
INFO: [ app_begin ] --START--
INFO: Run ReadHtmlCache Behavior [ RunTime:0.002448s ]
INFO: [ app_begin ] --END-- [ RunTime:0.003045s ]
INFO: [ view_template ] --START--
INFO: Run LocationTemplate Behavior [ RunTime:0.002304s ]
INFO: [ view_template ] --END-- [ RunTime:0.002909s ]
INFO: [ view_parse ] --START--
INFO: Run ParseTemplate Behavior [ RunTime:0.027812s ]
INFO: [ view_parse ] --END-- [ RunTime:0.028894s ]
INFO: [ view_filter ] --START--
INFO: Run ContentReplace Behavior [ RunTime:0.002070s ]
INFO: Run TokenBuild Behavior [ RunTime:0.001923s ]
INFO: Run WriteHtmlCache Behavior [ RunTime:0.001233s ]
INFO: Run ShowRuntime Behavior [ RunTime:0.002382s ]
INFO: [ view_filter ] --END-- [ RunTime:0.009643s ]
INFO: [ view_end ] --START--
INFO: Run ShowPageTrace Behavior [ RunTime:0.002668s ]
INFO: [ view_end ] --END-- [ RunTime:0.003249s ]

[ 2013-05-21T21:44:47+08:00 ] 127.0.0.1 /evbeta/User/Member/concern
INFO: [ route_check ] --START--
INFO: Run CheckRoute Behavior [ RunTime:0.005398s ]
INFO: [ route_check ] --END-- [ RunTime:0.006052s ]
INFO: [ app_begin ] --START--
INFO: Run ReadHtmlCache Behavior [ RunTime:0.002910s ]
INFO: [ app_begin ] --END-- [ RunTime:0.003518s ]
INFO: [ view_template ] --START--
INFO: Run LocationTemplate Behavior [ RunTime:0.002612s ]
INFO: [ view_template ] --END-- [ RunTime:0.003325s ]
INFO: [ view_parse ] --START--
INFO: Run ParseTemplate Behavior [ RunTime:0.030122s ]
INFO: [ view_parse ] --END-- [ RunTime:0.030965s ]
INFO: [ view_filter ] --START--
INFO: Run ContentReplace Behavior [ RunTime:0.003207s ]
INFO: Run TokenBuild Behavior [ RunTime:0.002930s ]
INFO: Run WriteHtmlCache Behavior [ RunTime:0.002011s ]
INFO: Run ShowRuntime Behavior [ RunTime:0.003141s ]
INFO: [ view_filter ] --END-- [ RunTime:0.012876s ]
INFO: [ view_end ] --START--
INFO: Run ShowPageTrace Behavior [ RunTime:0.003208s ]
INFO: [ view_end ] --END-- [ RunTime:0.003787s ]

[ 2013-05-21T21:50:47+08:00 ] 127.0.0.1 /evbeta/User/Member/
INFO: [ route_check ] --START--
INFO: Run CheckRoute Behavior [ RunTime:0.004832s ]
INFO: [ route_check ] --END-- [ RunTime:0.005465s ]
INFO: [ app_begin ] --START--
INFO: Run ReadHtmlCache Behavior [ RunTime:0.003210s ]
INFO: [ app_begin ] --END-- [ RunTime:0.003822s ]
INFO: [ view_template ] --START--
INFO: Run LocationTemplate Behavior [ RunTime:0.004747s ]
INFO: [ view_template ] --END-- [ RunTime:0.005380s ]
INFO: [ view_parse ] --START--
INFO: Run ParseTemplate Behavior [ RunTime:0.032242s ]
INFO: [ view_parse ] --END-- [ RunTime:0.032904s ]
INFO: [ view_filter ] --START--
INFO: Run ContentReplace Behavior [ RunTime:0.004575s ]
INFO: Run TokenBuild Behavior [ RunTime:0.003531s ]
INFO: Run WriteHtmlCache Behavior [ RunTime:0.002283s ]
INFO: Run ShowRuntime Behavior [ RunTime:0.003501s ]
INFO: [ view_filter ] --END-- [ RunTime:0.015517s ]
INFO: [ view_end ] --START--
INFO: Run ShowPageTrace Behavior [ RunTime:0.004019s ]
INFO: [ view_end ] --END-- [ RunTime:0.004647s ]

