[ 2013-05-17T02:59:04+08:00 ] 14.17.18.148 /evbeta/Admin/Category
INFO: [ route_check ] --START--
INFO: Run CheckRoute Behavior [ RunTime:0.000928s ]
INFO: [ route_check ] --END-- [ RunTime:0.001081s ]
INFO: [ app_begin ] --START--
INFO: Run ReadHtmlCache Behavior [ RunTime:0.000531s ]
INFO: [ app_begin ] --END-- [ RunTime:0.000639s ]
INFO: [ view_template ] --START--
INFO: Run LocationTemplate Behavior [ RunTime:0.023338s ]
INFO: [ view_template ] --END-- [ RunTime:0.023640s ]
INFO: [ view_parse ] --START--
INFO: Run ParseTemplate Behavior [ RunTime:0.013311s ]
INFO: [ view_parse ] --END-- [ RunTime:0.013515s ]
INFO: [ view_filter ] --START--
INFO: Run ContentReplace Behavior [ RunTime:0.000310s ]
INFO: Run TokenBuild Behavior [ RunTime:0.000495s ]
INFO: Run WriteHtmlCache Behavior [ RunTime:0.000235s ]
INFO: Run ShowRuntime Behavior [ RunTime:0.000516s ]
INFO: [ view_filter ] --END-- [ RunTime:0.001882s ]
INFO: [ view_end ] --START--
INFO: Run ShowPageTrace Behavior [ RunTime:0.000671s ]
INFO: [ view_end ] --END-- [ RunTime:0.000754s ]

[ 2013-05-17T04:34:55+08:00 ] 218.66.200.168 /evbeta/User/Member/
INFO: [ route_check ] --START--
INFO: Run CheckRoute Behavior [ RunTime:0.000823s ]
INFO: [ route_check ] --END-- [ RunTime:0.000933s ]
INFO: [ app_begin ] --START--
INFO: Run ReadHtmlCache Behavior [ RunTime:0.000507s ]
INFO: [ app_begin ] --END-- [ RunTime:0.000584s ]
INFO: [ view_template ] --START--
INFO: Run LocationTemplate Behavior [ RunTime:0.000257s ]
INFO: [ view_template ] --END-- [ RunTime:0.000356s ]
INFO: [ view_parse ] --START--
INFO: Run ParseTemplate Behavior [ RunTime:0.009025s ]
INFO: [ view_parse ] --END-- [ RunTime:0.009128s ]
INFO: [ view_filter ] --START--
INFO: Run ContentReplace Behavior [ RunTime:0.000363s ]
INFO: Run TokenBuild Behavior [ RunTime:0.000322s ]
INFO: Run WriteHtmlCache Behavior [ RunTime:0.000188s ]
INFO: Run ShowRuntime Behavior [ RunTime:0.000433s ]
INFO: [ view_filter ] --END-- [ RunTime:0.001516s ]
INFO: [ view_end ] --START--
INFO: Run ShowPageTrace Behavior [ RunTime:0.000555s ]
INFO: [ view_end ] --END-- [ RunTime:0.000642s ]

[ 2013-05-17T04:35:06+08:00 ] 218.66.200.168 /evbeta/User/Member/coupon
INFO: [ route_check ] --START--
INFO: Run CheckRoute Behavior [ RunTime:0.000876s ]
INFO: [ route_check ] --END-- [ RunTime:0.001001s ]
INFO: [ app_begin ] --START--
INFO: Run ReadHtmlCache Behavior [ RunTime:0.000529s ]
INFO: [ app_begin ] --END-- [ RunTime:0.000616s ]
INFO: [ view_template ] --START--
INFO: Run LocationTemplate Behavior [ RunTime:0.000258s ]
INFO: [ view_template ] --END-- [ RunTime:0.000355s ]
INFO: [ view_parse ] --START--
INFO: Run ParseTemplate Behavior [ RunTime:0.019537s ]
INFO: [ view_parse ] --END-- [ RunTime:0.019630s ]
INFO: [ view_filter ] --START--
INFO: Run ContentReplace Behavior [ RunTime:0.000318s ]
INFO: Run TokenBuild Behavior [ RunTime:0.000339s ]
INFO: Run WriteHtmlCache Behavior [ RunTime:0.000179s ]
INFO: Run ShowRuntime Behavior [ RunTime:0.000389s ]
INFO: [ view_filter ] --END-- [ RunTime:0.001426s ]
INFO: [ view_end ] --START--
INFO: Run ShowPageTrace Behavior [ RunTime:0.000539s ]
INFO: [ view_end ] --END-- [ RunTime:0.000615s ]

[ 2013-05-17T04:37:35+08:00 ] 218.66.200.168 /evbeta/User/Storer/
INFO: [ route_check ] --START--
INFO: Run CheckRoute Behavior [ RunTime:0.000883s ]
INFO: [ route_check ] --END-- [ RunTime:0.001002s ]
INFO: [ app_begin ] --START--
INFO: Run ReadHtmlCache Behavior [ RunTime:0.000496s ]
INFO: [ app_begin ] --END-- [ RunTime:0.000581s ]
INFO: [ view_template ] --START--
INFO: Run LocationTemplate Behavior [ RunTime:0.000534s ]
INFO: [ view_template ] --END-- [ RunTime:0.000829s ]
INFO: [ view_parse ] --START--
INFO: Run ParseTemplate Behavior [ RunTime:0.015200s ]
INFO: [ view_parse ] --END-- [ RunTime:0.015331s ]
INFO: [ view_filter ] --START--
INFO: Run ContentReplace Behavior [ RunTime:0.000346s ]
INFO: Run TokenBuild Behavior [ RunTime:0.000334s ]
INFO: Run WriteHtmlCache Behavior [ RunTime:0.000183s ]
INFO: Run ShowRuntime Behavior [ RunTime:0.000432s ]
INFO: [ view_filter ] --END-- [ RunTime:0.001504s ]
INFO: [ view_end ] --START--
INFO: Run ShowPageTrace Behavior [ RunTime:0.000532s ]
INFO: [ view_end ] --END-- [ RunTime:0.000605s ]

[ 2013-05-17T04:37:43+08:00 ] 218.66.200.168 /evbeta/User/Storer/cert
INFO: [ route_check ] --START--
INFO: Run CheckRoute Behavior [ RunTime:0.001190s ]
INFO: [ route_check ] --END-- [ RunTime:0.001371s ]
INFO: [ app_begin ] --START--
INFO: Run ReadHtmlCache Behavior [ RunTime:0.000699s ]
INFO: [ app_begin ] --END-- [ RunTime:0.000803s ]
INFO: [ view_template ] --START--
INFO: Run LocationTemplate Behavior [ RunTime:0.000420s ]
INFO: [ view_template ] --END-- [ RunTime:0.000530s ]
INFO: [ view_parse ] --START--
INFO: Run ParseTemplate Behavior [ RunTime:0.020509s ]
INFO: [ view_parse ] --END-- [ RunTime:0.020693s ]
INFO: [ view_filter ] --START--
INFO: Run ContentReplace Behavior [ RunTime:0.000464s ]
INFO: Run TokenBuild Behavior [ RunTime:0.000482s ]
INFO: Run WriteHtmlCache Behavior [ RunTime:0.000234s ]
INFO: Run ShowRuntime Behavior [ RunTime:0.000624s ]
INFO: [ view_filter ] --END-- [ RunTime:0.002104s ]
INFO: [ view_end ] --START--
INFO: Run ShowPageTrace Behavior [ RunTime:0.000796s ]
INFO: [ view_end ] --END-- [ RunTime:0.000892s ]

[ 2013-05-17T04:37:47+08:00 ] 218.66.200.168 /evbeta/User/Storer/client
INFO: [ route_check ] --START--
INFO: Run CheckRoute Behavior [ RunTime:0.001202s ]
INFO: [ route_check ] --END-- [ RunTime:0.001348s ]
INFO: [ app_begin ] --START--
INFO: Run ReadHtmlCache Behavior [ RunTime:0.000534s ]
INFO: [ app_begin ] --END-- [ RunTime:0.000637s ]
INFO: [ view_template ] --START--
INFO: Run LocationTemplate Behavior [ RunTime:0.000254s ]
INFO: [ view_template ] --END-- [ RunTime:0.000373s ]
INFO: [ view_parse ] --START--
INFO: Run ParseTemplate Behavior [ RunTime:0.013469s ]
INFO: [ view_parse ] --END-- [ RunTime:0.013584s ]
INFO: [ view_filter ] --START--
INFO: Run ContentReplace Behavior [ RunTime:0.000372s ]
INFO: Run TokenBuild Behavior [ RunTime:0.000364s ]
INFO: Run WriteHtmlCache Behavior [ RunTime:0.000192s ]
INFO: Run ShowRuntime Behavior [ RunTime:0.000463s ]
INFO: [ view_filter ] --END-- [ RunTime:0.001637s ]
INFO: [ view_end ] --START--
INFO: Run ShowPageTrace Behavior [ RunTime:0.000568s ]
INFO: [ view_end ] --END-- [ RunTime:0.000660s ]

[ 2013-05-17T04:38:01+08:00 ] 218.66.200.168 /evbeta/User/Storer/client
INFO: [ route_check ] --START--
INFO: Run CheckRoute Behavior [ RunTime:0.001551s ]
INFO: [ route_check ] --END-- [ RunTime:0.001734s ]
INFO: [ app_begin ] --START--
INFO: Run ReadHtmlCache Behavior [ RunTime:0.000737s ]
INFO: [ app_begin ] --END-- [ RunTime:0.000850s ]
INFO: [ view_template ] --START--
INFO: Run LocationTemplate Behavior [ RunTime:0.000384s ]
INFO: [ view_template ] --END-- [ RunTime:0.000512s ]
INFO: [ view_parse ] --START--
INFO: Run ParseTemplate Behavior [ RunTime:0.012272s ]
INFO: [ view_parse ] --END-- [ RunTime:0.012412s ]
INFO: [ view_filter ] --START--
INFO: Run ContentReplace Behavior [ RunTime:0.000482s ]
INFO: Run TokenBuild Behavior [ RunTime:0.000501s ]
INFO: Run WriteHtmlCache Behavior [ RunTime:0.000441s ]
INFO: Run ShowRuntime Behavior [ RunTime:0.000663s ]
INFO: [ view_filter ] --END-- [ RunTime:0.002409s ]
INFO: [ view_end ] --START--
INFO: Run ShowPageTrace Behavior [ RunTime:0.000847s ]
INFO: [ view_end ] --END-- [ RunTime:0.000959s ]

[ 2013-05-17T04:38:08+08:00 ] 218.66.200.168 /evbeta/User/Storer/card
INFO: [ route_check ] --START--
INFO: Run CheckRoute Behavior [ RunTime:0.001011s ]
INFO: [ route_check ] --END-- [ RunTime:0.001127s ]
INFO: [ app_begin ] --START--
INFO: Run ReadHtmlCache Behavior [ RunTime:0.000505s ]
INFO: [ app_begin ] --END-- [ RunTime:0.000604s ]
INFO: [ view_template ] --START--
INFO: Run LocationTemplate Behavior [ RunTime:0.000314s ]
INFO: [ view_template ] --END-- [ RunTime:0.000438s ]
INFO: [ view_parse ] --START--
INFO: Run ParseTemplate Behavior [ RunTime:0.008359s ]
INFO: [ view_parse ] --END-- [ RunTime:0.008484s ]
INFO: [ view_filter ] --START--
INFO: Run ContentReplace Behavior [ RunTime:0.000555s ]
INFO: Run TokenBuild Behavior [ RunTime:0.000468s ]
INFO: Run WriteHtmlCache Behavior [ RunTime:0.000299s ]
INFO: Run ShowRuntime Behavior [ RunTime:0.000563s ]
INFO: [ view_filter ] --END-- [ RunTime:0.002275s ]
INFO: [ view_end ] --START--
INFO: Run ShowPageTrace Behavior [ RunTime:0.000796s ]
INFO: [ view_end ] --END-- [ RunTime:0.000940s ]

[ 2013-05-17T04:38:18+08:00 ] 218.66.200.168 /evbeta/User/Storer/password
INFO: [ route_check ] --START--
INFO: Run CheckRoute Behavior [ RunTime:0.000958s ]
INFO: [ route_check ] --END-- [ RunTime:0.001068s ]
INFO: [ app_begin ] --START--
INFO: Run ReadHtmlCache Behavior [ RunTime:0.000585s ]
INFO: [ app_begin ] --END-- [ RunTime:0.000669s ]
INFO: [ view_template ] --START--
INFO: Run LocationTemplate Behavior [ RunTime:0.000332s ]
INFO: [ view_template ] --END-- [ RunTime:0.000437s ]
INFO: [ view_parse ] --START--
INFO: Run ParseTemplate Behavior [ RunTime:0.013245s ]
INFO: [ view_parse ] --END-- [ RunTime:0.013351s ]
INFO: [ view_filter ] --START--
INFO: Run ContentReplace Behavior [ RunTime:0.000452s ]
INFO: Run TokenBuild Behavior [ RunTime:0.000453s ]
INFO: Run WriteHtmlCache Behavior [ RunTime:0.000288s ]
INFO: Run ShowRuntime Behavior [ RunTime:0.000469s ]
INFO: [ view_filter ] --END-- [ RunTime:0.001943s ]
INFO: [ view_end ] --START--
INFO: Run ShowPageTrace Behavior [ RunTime:0.000746s ]
INFO: [ view_end ] --END-- [ RunTime:0.000876s ]

[ 2013-05-17T04:38:22+08:00 ] 218.66.200.168 /evbeta/User/Storer/password
INFO: [ route_check ] --START--
INFO: Run CheckRoute Behavior [ RunTime:0.000860s ]
INFO: [ route_check ] --END-- [ RunTime:0.000963s ]
INFO: [ app_begin ] --START--
INFO: Run ReadHtmlCache Behavior [ RunTime:0.000691s ]
INFO: [ app_begin ] --END-- [ RunTime:0.000799s ]
INFO: [ view_template ] --START--
INFO: Run LocationTemplate Behavior [ RunTime:0.000293s ]
INFO: [ view_template ] --END-- [ RunTime:0.000396s ]
INFO: [ view_parse ] --START--
INFO: Run ParseTemplate Behavior [ RunTime:0.008630s ]
INFO: [ view_parse ] --END-- [ RunTime:0.008725s ]
INFO: [ view_filter ] --START--
INFO: Run ContentReplace Behavior [ RunTime:0.000384s ]
INFO: Run TokenBuild Behavior [ RunTime:0.000311s ]
INFO: Run WriteHtmlCache Behavior [ RunTime:0.000206s ]
INFO: Run ShowRuntime Behavior [ RunTime:0.000468s ]
INFO: [ view_filter ] --END-- [ RunTime:0.001603s ]
INFO: [ view_end ] --START--
INFO: Run ShowPageTrace Behavior [ RunTime:0.000579s ]
INFO: [ view_end ] --END-- [ RunTime:0.000654s ]

[ 2013-05-17T04:40:08+08:00 ] ERR: (ThinkException) 无法加载模块:User
[ 2013-05-17T04:40:17+08:00 ] 218.66.200.168 /evbeta/User/Member/
INFO: [ route_check ] --START--
INFO: Run CheckRoute Behavior [ RunTime:0.000820s ]
INFO: [ route_check ] --END-- [ RunTime:0.000936s ]
INFO: [ app_begin ] --START--
INFO: Run ReadHtmlCache Behavior [ RunTime:0.000469s ]
INFO: [ app_begin ] --END-- [ RunTime:0.000546s ]
INFO: [ view_template ] --START--
INFO: Run LocationTemplate Behavior [ RunTime:0.000299s ]
INFO: [ view_template ] --END-- [ RunTime:0.000399s ]
INFO: [ view_parse ] --START--
INFO: Run ParseTemplate Behavior [ RunTime:0.009086s ]
INFO: [ view_parse ] --END-- [ RunTime:0.009214s ]
INFO: [ view_filter ] --START--
INFO: Run ContentReplace Behavior [ RunTime:0.000364s ]
INFO: Run TokenBuild Behavior [ RunTime:0.000431s ]
INFO: Run WriteHtmlCache Behavior [ RunTime:0.000184s ]
INFO: Run ShowRuntime Behavior [ RunTime:0.000506s ]
INFO: [ view_filter ] --END-- [ RunTime:0.001730s ]
INFO: [ view_end ] --START--
INFO: Run ShowPageTrace Behavior [ RunTime:0.000571s ]
INFO: [ view_end ] --END-- [ RunTime:0.000690s ]

[ 2013-05-17T04:40:47+08:00 ] 218.66.200.168 /evbeta/User/Storer/
INFO: [ route_check ] --START--
INFO: Run CheckRoute Behavior [ RunTime:0.000820s ]
INFO: [ route_check ] --END-- [ RunTime:0.000925s ]
INFO: [ app_begin ] --START--
INFO: Run ReadHtmlCache Behavior [ RunTime:0.000581s ]
INFO: [ app_begin ] --END-- [ RunTime:0.000668s ]
INFO: [ view_template ] --START--
INFO: Run LocationTemplate Behavior [ RunTime:0.000267s ]
INFO: [ view_template ] --END-- [ RunTime:0.000379s ]
INFO: [ view_parse ] --START--
INFO: Run ParseTemplate Behavior [ RunTime:0.010279s ]
INFO: [ view_parse ] --END-- [ RunTime:0.010396s ]
INFO: [ view_filter ] --START--
INFO: Run ContentReplace Behavior [ RunTime:0.000378s ]
INFO: Run TokenBuild Behavior [ RunTime:0.000319s ]
INFO: Run WriteHtmlCache Behavior [ RunTime:0.000247s ]
INFO: Run ShowRuntime Behavior [ RunTime:0.000449s ]
INFO: [ view_filter ] --END-- [ RunTime:0.001639s ]
INFO: [ view_end ] --START--
INFO: Run ShowPageTrace Behavior [ RunTime:0.000613s ]
INFO: [ view_end ] --END-- [ RunTime:0.000688s ]

[ 2013-05-17T04:45:44+08:00 ] 218.66.200.168 /evbeta/User/Storer/
INFO: [ route_check ] --START--
INFO: Run CheckRoute Behavior [ RunTime:0.001038s ]
INFO: [ route_check ] --END-- [ RunTime:0.001182s ]
INFO: [ app_begin ] --START--
INFO: Run ReadHtmlCache Behavior [ RunTime:0.000572s ]
INFO: [ app_begin ] --END-- [ RunTime:0.000674s ]
INFO: [ view_template ] --START--
INFO: Run LocationTemplate Behavior [ RunTime:0.000428s ]
INFO: [ view_template ] --END-- [ RunTime:0.000576s ]
INFO: [ view_parse ] --START--
INFO: Run ParseTemplate Behavior [ RunTime:0.009993s ]
INFO: [ view_parse ] --END-- [ RunTime:0.010126s ]
INFO: [ view_filter ] --START--
INFO: Run ContentReplace Behavior [ RunTime:0.000343s ]
INFO: Run TokenBuild Behavior [ RunTime:0.000356s ]
INFO: Run WriteHtmlCache Behavior [ RunTime:0.000198s ]
INFO: Run ShowRuntime Behavior [ RunTime:0.000436s ]
INFO: [ view_filter ] --END-- [ RunTime:0.001550s ]
INFO: [ view_end ] --START--
INFO: Run ShowPageTrace Behavior [ RunTime:0.000690s ]
INFO: [ view_end ] --END-- [ RunTime:0.000803s ]

[ 2013-05-17T04:45:48+08:00 ] 218.66.200.168 /evbeta/User/Storer/card
INFO: [ route_check ] --START--
INFO: Run CheckRoute Behavior [ RunTime:0.000831s ]
INFO: [ route_check ] --END-- [ RunTime:0.000934s ]
INFO: [ app_begin ] --START--
INFO: Run ReadHtmlCache Behavior [ RunTime:0.000531s ]
INFO: [ app_begin ] --END-- [ RunTime:0.000612s ]
INFO: [ view_template ] --START--
INFO: Run LocationTemplate Behavior [ RunTime:0.000293s ]
INFO: [ view_template ] --END-- [ RunTime:0.000391s ]
INFO: [ view_parse ] --START--
INFO: Run ParseTemplate Behavior [ RunTime:0.008117s ]
INFO: [ view_parse ] --END-- [ RunTime:0.008205s ]
INFO: [ view_filter ] --START--
INFO: Run ContentReplace Behavior [ RunTime:0.000323s ]
INFO: Run TokenBuild Behavior [ RunTime:0.000349s ]
INFO: Run WriteHtmlCache Behavior [ RunTime:0.000205s ]
INFO: Run ShowRuntime Behavior [ RunTime:0.000597s ]
INFO: [ view_filter ] --END-- [ RunTime:0.001905s ]
INFO: [ view_end ] --START--
INFO: Run ShowPageTrace Behavior [ RunTime:0.000607s ]
INFO: [ view_end ] --END-- [ RunTime:0.000697s ]

[ 2013-05-17T04:46:23+08:00 ] 218.66.200.168 /evbeta/User/Storer/
INFO: [ route_check ] --START--
INFO: Run CheckRoute Behavior [ RunTime:0.000883s ]
INFO: [ route_check ] --END-- [ RunTime:0.001017s ]
INFO: [ app_begin ] --START--
INFO: Run ReadHtmlCache Behavior [ RunTime:0.000532s ]
INFO: [ app_begin ] --END-- [ RunTime:0.000620s ]
INFO: [ view_template ] --START--
INFO: Run LocationTemplate Behavior [ RunTime:0.000429s ]
INFO: [ view_template ] --END-- [ RunTime:0.000552s ]
INFO: [ view_parse ] --START--
INFO: Run ParseTemplate Behavior [ RunTime:0.010645s ]
INFO: [ view_parse ] --END-- [ RunTime:0.010778s ]
INFO: [ view_filter ] --START--
INFO: Run ContentReplace Behavior [ RunTime:0.000351s ]
INFO: Run TokenBuild Behavior [ RunTime:0.000444s ]
INFO: Run WriteHtmlCache Behavior [ RunTime:0.000190s ]
INFO: Run ShowRuntime Behavior [ RunTime:0.000409s ]
INFO: [ view_filter ] --END-- [ RunTime:0.001701s ]
INFO: [ view_end ] --START--
INFO: Run ShowPageTrace Behavior [ RunTime:0.000570s ]
INFO: [ view_end ] --END-- [ RunTime:0.000650s ]

[ 2013-05-17T04:46:53+08:00 ] 218.66.200.168 /evbeta/Home/Index/rank
INFO: [ route_check ] --START--
INFO: Run CheckRoute Behavior [ RunTime:0.000878s ]
INFO: [ route_check ] --END-- [ RunTime:0.001015s ]
INFO: [ app_begin ] --START--
INFO: Run ReadHtmlCache Behavior [ RunTime:0.000584s ]
INFO: [ app_begin ] --END-- [ RunTime:0.000713s ]
NOTIC: [2048] Declaration of IndexAction::error() should be compatible with that of Action::error() /wwwroot/evbeta/Lib/Action/Home/IndexAction.class.php 第 3 行.
INFO: [ view_template ] --START--
INFO: Run LocationTemplate Behavior [ RunTime:0.000279s ]
INFO: [ view_template ] --END-- [ RunTime:0.000405s ]
INFO: [ view_parse ] --START--
INFO: Run ParseTemplate Behavior [ RunTime:0.033624s ]
INFO: [ view_parse ] --END-- [ RunTime:0.033817s ]
INFO: [ view_filter ] --START--
INFO: Run ContentReplace Behavior [ RunTime:0.000608s ]
INFO: Run TokenBuild Behavior [ RunTime:0.000447s ]
INFO: Run WriteHtmlCache Behavior [ RunTime:0.000394s ]
INFO: Run ShowRuntime Behavior [ RunTime:0.000635s ]
INFO: [ view_filter ] --END-- [ RunTime:0.002381s ]
INFO: [ view_end ] --START--
INFO: Run ShowPageTrace Behavior [ RunTime:0.000705s ]
INFO: [ view_end ] --END-- [ RunTime:0.000831s ]

[ 2013-05-17T04:48:17+08:00 ] 218.66.200.168 /evbeta/User/Storer/store
INFO: [ route_check ] --START--
INFO: Run CheckRoute Behavior [ RunTime:0.000898s ]
INFO: [ route_check ] --END-- [ RunTime:0.001012s ]
INFO: [ app_begin ] --START--
INFO: Run ReadHtmlCache Behavior [ RunTime:0.000536s ]
INFO: [ app_begin ] --END-- [ RunTime:0.000619s ]
INFO: [ view_template ] --START--
INFO: Run LocationTemplate Behavior [ RunTime:0.000310s ]
INFO: [ view_template ] --END-- [ RunTime:0.000424s ]
INFO: [ view_parse ] --START--
INFO: Run ParseTemplate Behavior [ RunTime:0.018898s ]
INFO: [ view_parse ] --END-- [ RunTime:0.019015s ]
INFO: [ view_filter ] --START--
INFO: Run ContentReplace Behavior [ RunTime:0.000518s ]
INFO: Run TokenBuild Behavior [ RunTime:0.000390s ]
INFO: Run WriteHtmlCache Behavior [ RunTime:0.000325s ]
INFO: Run ShowRuntime Behavior [ RunTime:0.000466s ]
INFO: [ view_filter ] --END-- [ RunTime:0.002010s ]
INFO: [ view_end ] --START--
INFO: Run ShowPageTrace Behavior [ RunTime:0.000639s ]
INFO: [ view_end ] --END-- [ RunTime:0.000721s ]

[ 2013-05-17T04:48:44+08:00 ] 218.66.200.168 /evbeta/User/Storer/card
INFO: [ route_check ] --START--
INFO: Run CheckRoute Behavior [ RunTime:0.000794s ]
INFO: [ route_check ] --END-- [ RunTime:0.000898s ]
INFO: [ app_begin ] --START--
INFO: Run ReadHtmlCache Behavior [ RunTime:0.000471s ]
INFO: [ app_begin ] --END-- [ RunTime:0.000562s ]
INFO: [ view_template ] --START--
INFO: Run LocationTemplate Behavior [ RunTime:0.000317s ]
INFO: [ view_template ] --END-- [ RunTime:0.000445s ]
INFO: [ view_parse ] --START--
INFO: Run ParseTemplate Behavior [ RunTime:0.008425s ]
INFO: [ view_parse ] --END-- [ RunTime:0.008540s ]
INFO: [ view_filter ] --START--
INFO: Run ContentReplace Behavior [ RunTime:0.000383s ]
INFO: Run TokenBuild Behavior [ RunTime:0.000471s ]
INFO: Run WriteHtmlCache Behavior [ RunTime:0.000315s ]
INFO: Run ShowRuntime Behavior [ RunTime:0.000627s ]
INFO: [ view_filter ] --END-- [ RunTime:0.002117s ]
INFO: [ view_end ] --START--
INFO: Run ShowPageTrace Behavior [ RunTime:0.000867s ]
INFO: [ view_end ] --END-- [ RunTime:0.001020s ]

[ 2013-05-17T04:49:59+08:00 ] 218.66.200.168 /evbeta/User/Storer/client
INFO: [ route_check ] --START--
INFO: Run CheckRoute Behavior [ RunTime:0.002055s ]
INFO: [ route_check ] --END-- [ RunTime:0.002171s ]
INFO: [ app_begin ] --START--
INFO: Run ReadHtmlCache Behavior [ RunTime:0.000517s ]
INFO: [ app_begin ] --END-- [ RunTime:0.000615s ]
INFO: [ view_template ] --START--
INFO: Run LocationTemplate Behavior [ RunTime:0.000298s ]
INFO: [ view_template ] --END-- [ RunTime:0.000421s ]
INFO: [ view_parse ] --START--
INFO: Run ParseTemplate Behavior [ RunTime:0.008817s ]
INFO: [ view_parse ] --END-- [ RunTime:0.008923s ]
INFO: [ view_filter ] --START--
INFO: Run ContentReplace Behavior [ RunTime:0.000365s ]
INFO: Run TokenBuild Behavior [ RunTime:0.000349s ]
INFO: Run WriteHtmlCache Behavior [ RunTime:0.000182s ]
INFO: Run ShowRuntime Behavior [ RunTime:0.000441s ]
INFO: [ view_filter ] --END-- [ RunTime:0.001576s ]
INFO: [ view_end ] --START--
INFO: Run ShowPageTrace Behavior [ RunTime:0.000843s ]
INFO: [ view_end ] --END-- [ RunTime:0.000946s ]

[ 2013-05-17T04:50:01+08:00 ] 218.66.200.168 /evbeta/User/Storer/cert
INFO: [ route_check ] --START--
INFO: Run CheckRoute Behavior [ RunTime:0.001234s ]
INFO: [ route_check ] --END-- [ RunTime:0.001621s ]
INFO: [ app_begin ] --START--
INFO: Run ReadHtmlCache Behavior [ RunTime:0.000778s ]
INFO: [ app_begin ] --END-- [ RunTime:0.000902s ]
INFO: [ view_template ] --START--
INFO: Run LocationTemplate Behavior [ RunTime:0.000453s ]
INFO: [ view_template ] --END-- [ RunTime:0.000605s ]
INFO: [ view_parse ] --START--
INFO: Run ParseTemplate Behavior [ RunTime:0.010387s ]
INFO: [ view_parse ] --END-- [ RunTime:0.010538s ]
INFO: [ view_filter ] --START--
INFO: Run ContentReplace Behavior [ RunTime:0.000521s ]
INFO: Run TokenBuild Behavior [ RunTime:0.000343s ]
INFO: Run WriteHtmlCache Behavior [ RunTime:0.000211s ]
INFO: Run ShowRuntime Behavior [ RunTime:0.000498s ]
INFO: [ view_filter ] --END-- [ RunTime:0.001834s ]
INFO: [ view_end ] --START--
INFO: Run ShowPageTrace Behavior [ RunTime:0.000641s ]
INFO: [ view_end ] --END-- [ RunTime:0.000717s ]

[ 2013-05-17T04:50:03+08:00 ] 218.66.200.168 /evbeta/User/Storer/news.html
INFO: [ route_check ] --START--
INFO: Run CheckRoute Behavior [ RunTime:0.000817s ]
INFO: [ route_check ] --END-- [ RunTime:0.000928s ]
INFO: [ app_begin ] --START--
INFO: Run ReadHtmlCache Behavior [ RunTime:0.000532s ]
INFO: [ app_begin ] --END-- [ RunTime:0.000612s ]
INFO: [ view_template ] --START--
INFO: Run LocationTemplate Behavior [ RunTime:0.000257s ]
INFO: [ view_template ] --END-- [ RunTime:0.000367s ]
INFO: [ view_parse ] --START--
INFO: Run ParseTemplate Behavior [ RunTime:0.010016s ]
INFO: [ view_parse ] --END-- [ RunTime:0.010105s ]
INFO: [ view_filter ] --START--
INFO: Run ContentReplace Behavior [ RunTime:0.000624s ]
INFO: Run TokenBuild Behavior [ RunTime:0.000392s ]
INFO: Run WriteHtmlCache Behavior [ RunTime:0.000202s ]
INFO: Run ShowRuntime Behavior [ RunTime:0.000468s ]
INFO: [ view_filter ] --END-- [ RunTime:0.001936s ]
INFO: [ view_end ] --START--
INFO: Run ShowPageTrace Behavior [ RunTime:0.000612s ]
INFO: [ view_end ] --END-- [ RunTime:0.000698s ]

[ 2013-05-17T04:50:05+08:00 ] 218.66.200.168 /evbeta/User/Storer/add.html
INFO: [ route_check ] --START--
INFO: Run CheckRoute Behavior [ RunTime:0.001488s ]
INFO: [ route_check ] --END-- [ RunTime:0.001732s ]
INFO: [ app_begin ] --START--
INFO: Run ReadHtmlCache Behavior [ RunTime:0.000813s ]
INFO: [ app_begin ] --END-- [ RunTime:0.001040s ]
INFO: [ view_template ] --START--
INFO: Run LocationTemplate Behavior [ RunTime:0.000467s ]
INFO: [ view_template ] --END-- [ RunTime:0.000687s ]
INFO: [ view_parse ] --START--
INFO: Run ParseTemplate Behavior [ RunTime:0.015511s ]
INFO: [ view_parse ] --END-- [ RunTime:0.015660s ]
INFO: [ view_filter ] --START--
INFO: Run ContentReplace Behavior [ RunTime:0.000415s ]
INFO: Run TokenBuild Behavior [ RunTime:0.000322s ]
INFO: Run WriteHtmlCache Behavior [ RunTime:0.000192s ]
INFO: Run ShowRuntime Behavior [ RunTime:0.000436s ]
INFO: [ view_filter ] --END-- [ RunTime:0.001577s ]
INFO: [ view_end ] --START--
INFO: Run ShowPageTrace Behavior [ RunTime:0.000585s ]
INFO: [ view_end ] --END-- [ RunTime:0.000654s ]

[ 2013-05-17T04:50:06+08:00 ] 218.66.200.168 /evbeta/User/Storer/password
INFO: [ route_check ] --START--
INFO: Run CheckRoute Behavior [ RunTime:0.001296s ]
INFO: [ route_check ] --END-- [ RunTime:0.001469s ]
INFO: [ app_begin ] --START--
INFO: Run ReadHtmlCache Behavior [ RunTime:0.000833s ]
INFO: [ app_begin ] --END-- [ RunTime:0.000964s ]
INFO: [ view_template ] --START--
INFO: Run LocationTemplate Behavior [ RunTime:0.000476s ]
INFO: [ view_template ] --END-- [ RunTime:0.000642s ]
INFO: [ view_parse ] --START--
INFO: Run ParseTemplate Behavior [ RunTime:0.008661s ]
INFO: [ view_parse ] --END-- [ RunTime:0.008768s ]
INFO: [ view_filter ] --START--
INFO: Run ContentReplace Behavior [ RunTime:0.000317s ]
INFO: Run TokenBuild Behavior [ RunTime:0.000411s ]
INFO: Run WriteHtmlCache Behavior [ RunTime:0.000188s ]
INFO: Run ShowRuntime Behavior [ RunTime:0.000517s ]
INFO: [ view_filter ] --END-- [ RunTime:0.001691s ]
INFO: [ view_end ] --START--
INFO: Run ShowPageTrace Behavior [ RunTime:0.000592s ]
INFO: [ view_end ] --END-- [ RunTime:0.000673s ]

[ 2013-05-17T04:50:08+08:00 ] 218.66.200.168 /evbeta/User/Storer/store
INFO: [ route_check ] --START--
INFO: Run CheckRoute Behavior [ RunTime:0.000813s ]
INFO: [ route_check ] --END-- [ RunTime:0.000959s ]
INFO: [ app_begin ] --START--
INFO: Run ReadHtmlCache Behavior [ RunTime:0.000489s ]
INFO: [ app_begin ] --END-- [ RunTime:0.000578s ]
INFO: [ view_template ] --START--
INFO: Run LocationTemplate Behavior [ RunTime:0.000294s ]
INFO: [ view_template ] --END-- [ RunTime:0.000396s ]
INFO: [ view_parse ] --START--
INFO: Run ParseTemplate Behavior [ RunTime:0.017095s ]
INFO: [ view_parse ] --END-- [ RunTime:0.017199s ]
INFO: [ view_filter ] --START--
INFO: Run ContentReplace Behavior [ RunTime:0.000504s ]
INFO: Run TokenBuild Behavior [ RunTime:0.000325s ]
INFO: Run WriteHtmlCache Behavior [ RunTime:0.000223s ]
INFO: Run ShowRuntime Behavior [ RunTime:0.000495s ]
INFO: [ view_filter ] --END-- [ RunTime:0.001770s ]
INFO: [ view_end ] --START--
INFO: Run ShowPageTrace Behavior [ RunTime:0.000620s ]
INFO: [ view_end ] --END-- [ RunTime:0.000699s ]

[ 2013-05-17T04:50:10+08:00 ] 218.66.200.168 /evbeta/User/Storer/info
INFO: [ route_check ] --START--
INFO: Run CheckRoute Behavior [ RunTime:0.000828s ]
INFO: [ route_check ] --END-- [ RunTime:0.000971s ]
INFO: [ app_begin ] --START--
INFO: Run ReadHtmlCache Behavior [ RunTime:0.000476s ]
INFO: [ app_begin ] --END-- [ RunTime:0.000574s ]
INFO: [ view_template ] --START--
INFO: Run LocationTemplate Behavior [ RunTime:0.000363s ]
INFO: [ view_template ] --END-- [ RunTime:0.000487s ]
INFO: [ view_parse ] --START--
INFO: Run ParseTemplate Behavior [ RunTime:0.013948s ]
INFO: [ view_parse ] --END-- [ RunTime:0.014050s ]
INFO: [ view_filter ] --START--
INFO: Run ContentReplace Behavior [ RunTime:0.000469s ]
INFO: Run TokenBuild Behavior [ RunTime:0.000354s ]
INFO: Run WriteHtmlCache Behavior [ RunTime:0.000243s ]
INFO: Run ShowRuntime Behavior [ RunTime:0.000498s ]
INFO: [ view_filter ] --END-- [ RunTime:0.001838s ]
INFO: [ view_end ] --START--
INFO: Run ShowPageTrace Behavior [ RunTime:0.000619s ]
INFO: [ view_end ] --END-- [ RunTime:0.000697s ]

[ 2013-05-17T04:50:16+08:00 ] ERR: (ThinkException) 无法加载模块:Membet
[ 2013-05-17T04:50:19+08:00 ] 218.66.200.168 /evbeta/User/Member/
INFO: [ route_check ] --START--
INFO: Run CheckRoute Behavior [ RunTime:0.000883s ]
INFO: [ route_check ] --END-- [ RunTime:0.000993s ]
INFO: [ app_begin ] --START--
INFO: Run ReadHtmlCache Behavior [ RunTime:0.000622s ]
INFO: [ app_begin ] --END-- [ RunTime:0.000709s ]
INFO: [ view_template ] --START--
INFO: Run LocationTemplate Behavior [ RunTime:0.000271s ]
INFO: [ view_template ] --END-- [ RunTime:0.000387s ]
INFO: [ view_parse ] --START--
INFO: Run ParseTemplate Behavior [ RunTime:0.009050s ]
INFO: [ view_parse ] --END-- [ RunTime:0.009205s ]
INFO: [ view_filter ] --START--
INFO: Run ContentReplace Behavior [ RunTime:0.000342s ]
INFO: Run TokenBuild Behavior [ RunTime:0.000398s ]
INFO: Run WriteHtmlCache Behavior [ RunTime:0.000213s ]
INFO: Run ShowRuntime Behavior [ RunTime:0.000398s ]
INFO: [ view_filter ] --END-- [ RunTime:0.001604s ]
INFO: [ view_end ] --START--
INFO: Run ShowPageTrace Behavior [ RunTime:0.000613s ]
INFO: [ view_end ] --END-- [ RunTime:0.000713s ]

[ 2013-05-17T04:50:21+08:00 ] 218.66.200.168 /evbeta/User/Member/profile
INFO: [ route_check ] --START--
INFO: Run CheckRoute Behavior [ RunTime:0.000942s ]
INFO: [ route_check ] --END-- [ RunTime:0.001062s ]
INFO: [ app_begin ] --START--
INFO: Run ReadHtmlCache Behavior [ RunTime:0.000602s ]
INFO: [ app_begin ] --END-- [ RunTime:0.000747s ]
INFO: [ view_template ] --START--
INFO: Run LocationTemplate Behavior [ RunTime:0.000303s ]
INFO: [ view_template ] --END-- [ RunTime:0.000401s ]
INFO: [ view_parse ] --START--
INFO: Run ParseTemplate Behavior [ RunTime:0.012560s ]
INFO: [ view_parse ] --END-- [ RunTime:0.012753s ]
INFO: [ view_filter ] --START--
INFO: Run ContentReplace Behavior [ RunTime:0.000594s ]
INFO: Run TokenBuild Behavior [ RunTime:0.000510s ]
INFO: Run WriteHtmlCache Behavior [ RunTime:0.000332s ]
INFO: Run ShowRuntime Behavior [ RunTime:0.000663s ]
INFO: [ view_filter ] --END-- [ RunTime:0.002464s ]
INFO: [ view_end ] --START--
INFO: Run ShowPageTrace Behavior [ RunTime:0.000845s ]
INFO: [ view_end ] --END-- [ RunTime:0.000971s ]

[ 2013-05-17T04:50:23+08:00 ] 218.66.200.168 /evbeta/User/Member/concern
INFO: [ route_check ] --START--
INFO: Run CheckRoute Behavior [ RunTime:0.000933s ]
INFO: [ route_check ] --END-- [ RunTime:0.001063s ]
INFO: [ app_begin ] --START--
INFO: Run ReadHtmlCache Behavior [ RunTime:0.000613s ]
INFO: [ app_begin ] --END-- [ RunTime:0.000695s ]
INFO: [ view_template ] --START--
INFO: Run LocationTemplate Behavior [ RunTime:0.000299s ]
INFO: [ view_template ] --END-- [ RunTime:0.000412s ]
INFO: [ view_parse ] --START--
INFO: Run ParseTemplate Behavior [ RunTime:0.009076s ]
INFO: [ view_parse ] --END-- [ RunTime:0.009217s ]
INFO: [ view_filter ] --START--
INFO: Run ContentReplace Behavior [ RunTime:0.000312s ]
INFO: Run TokenBuild Behavior [ RunTime:0.000321s ]
INFO: Run WriteHtmlCache Behavior [ RunTime:0.000246s ]
INFO: Run ShowRuntime Behavior [ RunTime:0.000394s ]
INFO: [ view_filter ] --END-- [ RunTime:0.001481s ]
INFO: [ view_end ] --START--
INFO: Run ShowPageTrace Behavior [ RunTime:0.000594s ]
INFO: [ view_end ] --END-- [ RunTime:0.000670s ]

[ 2013-05-17T04:50:24+08:00 ] 218.66.200.168 /evbeta/User/Member/cert
INFO: [ route_check ] --START--
INFO: Run CheckRoute Behavior [ RunTime:0.000907s ]
INFO: [ route_check ] --END-- [ RunTime:0.001029s ]
INFO: [ app_begin ] --START--
INFO: Run ReadHtmlCache Behavior [ RunTime:0.000500s ]
INFO: [ app_begin ] --END-- [ RunTime:0.000605s ]
INFO: [ view_template ] --START--
INFO: Run LocationTemplate Behavior [ RunTime:0.000267s ]
INFO: [ view_template ] --END-- [ RunTime:0.000364s ]
INFO: [ view_parse ] --START--
INFO: Run ParseTemplate Behavior [ RunTime:0.008912s ]
INFO: [ view_parse ] --END-- [ RunTime:0.009041s ]
INFO: [ view_filter ] --START--
INFO: Run ContentReplace Behavior [ RunTime:0.000408s ]
INFO: Run TokenBuild Behavior [ RunTime:0.000357s ]
INFO: Run WriteHtmlCache Behavior [ RunTime:0.000182s ]
INFO: Run ShowRuntime Behavior [ RunTime:0.000515s ]
INFO: [ view_filter ] --END-- [ RunTime:0.001721s ]
INFO: [ view_end ] --START--
INFO: Run ShowPageTrace Behavior [ RunTime:0.000634s ]
INFO: [ view_end ] --END-- [ RunTime:0.000734s ]

[ 2013-05-17T04:50:26+08:00 ] 218.66.200.168 /evbeta/User/Member/card
INFO: [ route_check ] --START--
INFO: Run CheckRoute Behavior [ RunTime:0.000916s ]
INFO: [ route_check ] --END-- [ RunTime:0.001037s ]
INFO: [ app_begin ] --START--
INFO: Run ReadHtmlCache Behavior [ RunTime:0.000507s ]
INFO: [ app_begin ] --END-- [ RunTime:0.000595s ]
INFO: [ view_template ] --START--
INFO: Run LocationTemplate Behavior [ RunTime:0.000307s ]
INFO: [ view_template ] --END-- [ RunTime:0.000442s ]
INFO: [ view_parse ] --START--
INFO: Run ParseTemplate Behavior [ RunTime:0.009427s ]
INFO: [ view_parse ] --END-- [ RunTime:0.009580s ]
INFO: [ view_filter ] --START--
INFO: Run ContentReplace Behavior [ RunTime:0.000516s ]
INFO: Run TokenBuild Behavior [ RunTime:0.000386s ]
INFO: Run WriteHtmlCache Behavior [ RunTime:0.000271s ]
INFO: Run ShowRuntime Behavior [ RunTime:0.000504s ]
INFO: [ view_filter ] --END-- [ RunTime:0.001956s ]
INFO: [ view_end ] --START--
INFO: Run ShowPageTrace Behavior [ RunTime:0.000551s ]
INFO: [ view_end ] --END-- [ RunTime:0.000685s ]

[ 2013-05-17T04:51:12+08:00 ] 218.66.200.168 /evbeta/User/Member/card
INFO: [ route_check ] --START--
INFO: Run CheckRoute Behavior [ RunTime:0.000770s ]
INFO: [ route_check ] --END-- [ RunTime:0.000899s ]
INFO: [ app_begin ] --START--
INFO: Run ReadHtmlCache Behavior [ RunTime:0.000520s ]
INFO: [ app_begin ] --END-- [ RunTime:0.000611s ]
INFO: [ view_template ] --START--
INFO: Run LocationTemplate Behavior [ RunTime:0.000270s ]
INFO: [ view_template ] --END-- [ RunTime:0.000367s ]
INFO: [ view_parse ] --START--
INFO: Run ParseTemplate Behavior [ RunTime:0.008469s ]
INFO: [ view_parse ] --END-- [ RunTime:0.008630s ]
INFO: [ view_filter ] --START--
INFO: Run ContentReplace Behavior [ RunTime:0.000344s ]
INFO: Run TokenBuild Behavior [ RunTime:0.000309s ]
INFO: Run WriteHtmlCache Behavior [ RunTime:0.000222s ]
INFO: Run ShowRuntime Behavior [ RunTime:0.000400s ]
INFO: [ view_filter ] --END-- [ RunTime:0.001498s ]
INFO: [ view_end ] --START--
INFO: Run ShowPageTrace Behavior [ RunTime:0.000577s ]
INFO: [ view_end ] --END-- [ RunTime:0.000651s ]

[ 2013-05-17T04:51:22+08:00 ] 218.66.200.168 /evbeta/User/Member/card
INFO: [ route_check ] --START--
INFO: Run CheckRoute Behavior [ RunTime:0.001006s ]
INFO: [ route_check ] --END-- [ RunTime:0.001233s ]
INFO: [ app_begin ] --START--
INFO: Run ReadHtmlCache Behavior [ RunTime:0.000522s ]
INFO: [ app_begin ] --END-- [ RunTime:0.000613s ]
INFO: [ view_template ] --START--
INFO: Run LocationTemplate Behavior [ RunTime:0.000417s ]
INFO: [ view_template ] --END-- [ RunTime:0.000558s ]
INFO: [ view_parse ] --START--
INFO: Run ParseTemplate Behavior [ RunTime:0.008698s ]
INFO: [ view_parse ] --END-- [ RunTime:0.008813s ]
INFO: [ view_filter ] --START--
INFO: Run ContentReplace Behavior [ RunTime:0.000322s ]
INFO: Run TokenBuild Behavior [ RunTime:0.000361s ]
INFO: Run WriteHtmlCache Behavior [ RunTime:0.000196s ]
INFO: Run ShowRuntime Behavior [ RunTime:0.000387s ]
INFO: [ view_filter ] --END-- [ RunTime:0.001476s ]
INFO: [ view_end ] --START--
INFO: Run ShowPageTrace Behavior [ RunTime:0.000604s ]
INFO: [ view_end ] --END-- [ RunTime:0.000680s ]

[ 2013-05-17T04:51:34+08:00 ] 218.66.200.168 /evbeta/Home/Index/rank
INFO: [ route_check ] --START--
INFO: Run CheckRoute Behavior [ RunTime:0.000957s ]
INFO: [ route_check ] --END-- [ RunTime:0.001059s ]
INFO: [ app_begin ] --START--
INFO: Run ReadHtmlCache Behavior [ RunTime:0.000809s ]
INFO: [ app_begin ] --END-- [ RunTime:0.000897s ]
NOTIC: [2048] Declaration of IndexAction::error() should be compatible with that of Action::error() /wwwroot/evbeta/Lib/Action/Home/IndexAction.class.php 第 3 行.
INFO: [ view_template ] --START--
INFO: Run LocationTemplate Behavior [ RunTime:0.000282s ]
INFO: [ view_template ] --END-- [ RunTime:0.000383s ]
INFO: [ view_parse ] --START--
INFO: Run ParseTemplate Behavior [ RunTime:0.014354s ]
INFO: [ view_parse ] --END-- [ RunTime:0.014500s ]
INFO: [ view_filter ] --START--
INFO: Run ContentReplace Behavior [ RunTime:0.000483s ]
INFO: Run TokenBuild Behavior [ RunTime:0.000368s ]
INFO: Run WriteHtmlCache Behavior [ RunTime:0.000205s ]
INFO: Run ShowRuntime Behavior [ RunTime:0.000628s ]
INFO: [ view_filter ] --END-- [ RunTime:0.001928s ]
INFO: [ view_end ] --START--
INFO: Run ShowPageTrace Behavior [ RunTime:0.000567s ]
INFO: [ view_end ] --END-- [ RunTime:0.000637s ]

[ 2013-05-17T05:12:21+08:00 ] 218.66.200.168 /evbeta/Home/Index/rank
INFO: [ route_check ] --START--
INFO: Run CheckRoute Behavior [ RunTime:0.000835s ]
INFO: [ route_check ] --END-- [ RunTime:0.000966s ]
INFO: [ app_begin ] --START--
INFO: Run ReadHtmlCache Behavior [ RunTime:0.000566s ]
INFO: [ app_begin ] --END-- [ RunTime:0.000669s ]
NOTIC: [2048] Declaration of IndexAction::error() should be compatible with that of Action::error() /wwwroot/evbeta/Lib/Action/Home/IndexAction.class.php 第 3 行.
INFO: [ view_template ] --START--
INFO: Run LocationTemplate Behavior [ RunTime:0.000385s ]
INFO: [ view_template ] --END-- [ RunTime:0.000558s ]
INFO: [ view_parse ] --START--
INFO: Run ParseTemplate Behavior [ RunTime:0.019546s ]
INFO: [ view_parse ] --END-- [ RunTime:0.019733s ]
INFO: [ view_filter ] --START--
INFO: Run ContentReplace Behavior [ RunTime:0.000646s ]
INFO: Run TokenBuild Behavior [ RunTime:0.000549s ]
INFO: Run WriteHtmlCache Behavior [ RunTime:0.000297s ]
INFO: Run ShowRuntime Behavior [ RunTime:0.000677s ]
INFO: [ view_filter ] --END-- [ RunTime:0.002530s ]
INFO: [ view_end ] --START--
INFO: Run ShowPageTrace Behavior [ RunTime:0.000863s ]
INFO: [ view_end ] --END-- [ RunTime:0.000986s ]

[ 2013-05-17T05:12:41+08:00 ] 218.66.200.168 /evbeta/Home/Index/rank
INFO: [ route_check ] --START--
INFO: Run CheckRoute Behavior [ RunTime:0.000777s ]
INFO: [ route_check ] --END-- [ RunTime:0.000906s ]
INFO: [ app_begin ] --START--
INFO: Run ReadHtmlCache Behavior [ RunTime:0.000464s ]
INFO: [ app_begin ] --END-- [ RunTime:0.000541s ]
NOTIC: [2048] Declaration of IndexAction::error() should be compatible with that of Action::error() /wwwroot/evbeta/Lib/Action/Home/IndexAction.class.php 第 3 行.
INFO: [ view_template ] --START--
INFO: Run LocationTemplate Behavior [ RunTime:0.000291s ]
INFO: [ view_template ] --END-- [ RunTime:0.000388s ]
INFO: [ view_parse ] --START--
INFO: Run ParseTemplate Behavior [ RunTime:0.016043s ]
INFO: [ view_parse ] --END-- [ RunTime:0.016217s ]
INFO: [ view_filter ] --START--
INFO: Run ContentReplace Behavior [ RunTime:0.000530s ]
INFO: Run TokenBuild Behavior [ RunTime:0.000337s ]
INFO: Run WriteHtmlCache Behavior [ RunTime:0.000193s ]
INFO: Run ShowRuntime Behavior [ RunTime:0.000481s ]
INFO: [ view_filter ] --END-- [ RunTime:0.001792s ]
INFO: [ view_end ] --START--
INFO: Run ShowPageTrace Behavior [ RunTime:0.000565s ]
INFO: [ view_end ] --END-- [ RunTime:0.000643s ]

[ 2013-05-17T05:15:09+08:00 ] 218.66.200.168 /evbeta/Home/Index/rank
INFO: [ route_check ] --START--
INFO: Run CheckRoute Behavior [ RunTime:0.000828s ]
INFO: [ route_check ] --END-- [ RunTime:0.000979s ]
INFO: [ app_begin ] --START--
INFO: Run ReadHtmlCache Behavior [ RunTime:0.001616s ]
INFO: [ app_begin ] --END-- [ RunTime:0.001888s ]
NOTIC: [2048] Declaration of IndexAction::error() should be compatible with that of Action::error() /wwwroot/evbeta/Lib/Action/Home/IndexAction.class.php 第 3 行.
INFO: [ view_template ] --START--
INFO: Run LocationTemplate Behavior [ RunTime:0.000315s ]
INFO: [ view_template ] --END-- [ RunTime:0.000428s ]
INFO: [ view_parse ] --START--
INFO: Run ParseTemplate Behavior [ RunTime:0.014591s ]
INFO: [ view_parse ] --END-- [ RunTime:0.014710s ]
INFO: [ view_filter ] --START--
INFO: Run ContentReplace Behavior [ RunTime:0.000465s ]
INFO: Run TokenBuild Behavior [ RunTime:0.000424s ]
INFO: Run WriteHtmlCache Behavior [ RunTime:0.000214s ]
INFO: Run ShowRuntime Behavior [ RunTime:0.000497s ]
INFO: [ view_filter ] --END-- [ RunTime:0.001831s ]
INFO: [ view_end ] --START--
INFO: Run ShowPageTrace Behavior [ RunTime:0.000626s ]
INFO: [ view_end ] --END-- [ RunTime:0.000698s ]

[ 2013-05-17T05:15:47+08:00 ] 218.66.200.168 /evbeta/Home/Index/rank
INFO: [ route_check ] --START--
INFO: Run CheckRoute Behavior [ RunTime:0.000830s ]
INFO: [ route_check ] --END-- [ RunTime:0.000965s ]
INFO: [ app_begin ] --START--
INFO: Run ReadHtmlCache Behavior [ RunTime:0.000480s ]
INFO: [ app_begin ] --END-- [ RunTime:0.000558s ]
NOTIC: [2048] Declaration of IndexAction::error() should be compatible with that of Action::error() /wwwroot/evbeta/Lib/Action/Home/IndexAction.class.php 第 3 行.
INFO: [ view_template ] --START--
INFO: Run LocationTemplate Behavior [ RunTime:0.000395s ]
INFO: [ view_template ] --END-- [ RunTime:0.000547s ]
INFO: [ view_parse ] --START--
INFO: Run ParseTemplate Behavior [ RunTime:0.013670s ]
INFO: [ view_parse ] --END-- [ RunTime:0.013816s ]
INFO: [ view_filter ] --START--
INFO: Run ContentReplace Behavior [ RunTime:0.000517s ]
INFO: Run TokenBuild Behavior [ RunTime:0.000325s ]
INFO: Run WriteHtmlCache Behavior [ RunTime:0.000227s ]
INFO: Run ShowRuntime Behavior [ RunTime:0.000507s ]
INFO: [ view_filter ] --END-- [ RunTime:0.001820s ]
INFO: [ view_end ] --START--
INFO: Run ShowPageTrace Behavior [ RunTime:0.000620s ]
INFO: [ view_end ] --END-- [ RunTime:0.000706s ]

[ 2013-05-17T05:15:48+08:00 ] ERR: (ThinkException) 无法加载模块:img
[ 2013-05-17T05:16:56+08:00 ] 218.66.200.168 /evbeta/Home/Index/rank
INFO: [ route_check ] --START--
INFO: Run CheckRoute Behavior [ RunTime:0.000875s ]
INFO: [ route_check ] --END-- [ RunTime:0.001015s ]
INFO: [ app_begin ] --START--
INFO: Run ReadHtmlCache Behavior [ RunTime:0.000591s ]
INFO: [ app_begin ] --END-- [ RunTime:0.000690s ]
NOTIC: [2048] Declaration of IndexAction::error() should be compatible with that of Action::error() /wwwroot/evbeta/Lib/Action/Home/IndexAction.class.php 第 3 行.
INFO: [ view_template ] --START--
INFO: Run LocationTemplate Behavior [ RunTime:0.000272s ]
INFO: [ view_template ] --END-- [ RunTime:0.000412s ]
INFO: [ view_parse ] --START--
INFO: Run ParseTemplate Behavior [ RunTime:0.013718s ]
INFO: [ view_parse ] --END-- [ RunTime:0.013860s ]
INFO: [ view_filter ] --START--
INFO: Run ContentReplace Behavior [ RunTime:0.000450s ]
INFO: Run TokenBuild Behavior [ RunTime:0.000316s ]
INFO: Run WriteHtmlCache Behavior [ RunTime:0.000254s ]
INFO: Run ShowRuntime Behavior [ RunTime:0.000440s ]
INFO: [ view_filter ] --END-- [ RunTime:0.001726s ]
INFO: [ view_end ] --START--
INFO: Run ShowPageTrace Behavior [ RunTime:0.000593s ]
INFO: [ view_end ] --END-- [ RunTime:0.000673s ]

[ 2013-05-17T05:16:56+08:00 ] ERR: (ThinkException) 无法加载模块:img
[ 2013-05-17T05:17:41+08:00 ] 218.66.200.168 /evbeta/Home/Index/rank
INFO: [ route_check ] --START--
INFO: Run CheckRoute Behavior [ RunTime:0.000791s ]
INFO: [ route_check ] --END-- [ RunTime:0.000940s ]
INFO: [ app_begin ] --START--
INFO: Run ReadHtmlCache Behavior [ RunTime:0.000495s ]
INFO: [ app_begin ] --END-- [ RunTime:0.000572s ]
NOTIC: [2048] Declaration of IndexAction::error() should be compatible with that of Action::error() /wwwroot/evbeta/Lib/Action/Home/IndexAction.class.php 第 3 行.
INFO: [ view_template ] --START--
INFO: Run LocationTemplate Behavior [ RunTime:0.000254s ]
INFO: [ view_template ] --END-- [ RunTime:0.000349s ]
INFO: [ view_parse ] --START--
INFO: Run ParseTemplate Behavior [ RunTime:0.015163s ]
INFO: [ view_parse ] --END-- [ RunTime:0.015311s ]
INFO: [ view_filter ] --START--
INFO: Run ContentReplace Behavior [ RunTime:0.000515s ]
INFO: Run TokenBuild Behavior [ RunTime:0.000328s ]
INFO: Run WriteHtmlCache Behavior [ RunTime:0.000215s ]
INFO: Run ShowRuntime Behavior [ RunTime:0.000481s ]
INFO: [ view_filter ] --END-- [ RunTime:0.001792s ]
INFO: [ view_end ] --START--
INFO: Run ShowPageTrace Behavior [ RunTime:0.000585s ]
INFO: [ view_end ] --END-- [ RunTime:0.000671s ]

[ 2013-05-17T05:17:41+08:00 ] ERR: (ThinkException) 无法加载模块:img
[ 2013-05-17T05:19:56+08:00 ] 218.66.200.168 /evbeta/Home/Index/rank
INFO: [ route_check ] --START--
INFO: Run CheckRoute Behavior [ RunTime:0.001095s ]
INFO: [ route_check ] --END-- [ RunTime:0.001236s ]
INFO: [ app_begin ] --START--
INFO: Run ReadHtmlCache Behavior [ RunTime:0.000502s ]
INFO: [ app_begin ] --END-- [ RunTime:0.000614s ]
NOTIC: [2048] Declaration of IndexAction::error() should be compatible with that of Action::error() /wwwroot/evbeta/Lib/Action/Home/IndexAction.class.php 第 3 行.
INFO: [ view_template ] --START--
INFO: Run LocationTemplate Behavior [ RunTime:0.000270s ]
INFO: [ view_template ] --END-- [ RunTime:0.000370s ]
INFO: [ view_parse ] --START--
INFO: Run ParseTemplate Behavior [ RunTime:0.013338s ]
INFO: [ view_parse ] --END-- [ RunTime:0.013467s ]
INFO: [ view_filter ] --START--
INFO: Run ContentReplace Behavior [ RunTime:0.000525s ]
INFO: Run TokenBuild Behavior [ RunTime:0.000411s ]
INFO: Run WriteHtmlCache Behavior [ RunTime:0.000193s ]
INFO: Run ShowRuntime Behavior [ RunTime:0.000452s ]
INFO: [ view_filter ] --END-- [ RunTime:0.001830s ]
INFO: [ view_end ] --START--
INFO: Run ShowPageTrace Behavior [ RunTime:0.000598s ]
INFO: [ view_end ] --END-- [ RunTime:0.000692s ]

[ 2013-05-17T05:19:56+08:00 ] ERR: (ThinkException) 无法加载模块:img
[ 2013-05-17T05:21:02+08:00 ] 218.66.200.168 /evbeta/Home/Index/rank
INFO: [ route_check ] --START--
INFO: Run CheckRoute Behavior [ RunTime:0.000854s ]
INFO: [ route_check ] --END-- [ RunTime:0.000967s ]
INFO: [ app_begin ] --START--
INFO: Run ReadHtmlCache Behavior [ RunTime:0.000503s ]
INFO: [ app_begin ] --END-- [ RunTime:0.000580s ]
NOTIC: [2048] Declaration of IndexAction::error() should be compatible with that of Action::error() /wwwroot/evbeta/Lib/Action/Home/IndexAction.class.php 第 3 行.
INFO: [ view_template ] --START--
INFO: Run LocationTemplate Behavior [ RunTime:0.000289s ]
INFO: [ view_template ] --END-- [ RunTime:0.000399s ]
INFO: [ view_parse ] --START--
INFO: Run ParseTemplate Behavior [ RunTime:0.013036s ]
INFO: [ view_parse ] --END-- [ RunTime:0.013143s ]
INFO: [ view_filter ] --START--
INFO: Run ContentReplace Behavior [ RunTime:0.000510s ]
INFO: Run TokenBuild Behavior [ RunTime:0.000326s ]
INFO: Run WriteHtmlCache Behavior [ RunTime:0.000235s ]
INFO: Run ShowRuntime Behavior [ RunTime:0.000439s ]
INFO: [ view_filter ] --END-- [ RunTime:0.001725s ]
INFO: [ view_end ] --START--
INFO: Run ShowPageTrace Behavior [ RunTime:0.000653s ]
INFO: [ view_end ] --END-- [ RunTime:0.000734s ]

[ 2013-05-17T05:21:02+08:00 ] ERR: (ThinkException) 无法加载模块:img
[ 2013-05-17T05:21:09+08:00 ] 218.66.200.168 /evbeta/Home/Index/rank
INFO: [ route_check ] --START--
INFO: Run CheckRoute Behavior [ RunTime:0.000850s ]
INFO: [ route_check ] --END-- [ RunTime:0.000999s ]
INFO: [ app_begin ] --START--
INFO: Run ReadHtmlCache Behavior [ RunTime:0.000570s ]
INFO: [ app_begin ] --END-- [ RunTime:0.000666s ]
NOTIC: [2048] Declaration of IndexAction::error() should be compatible with that of Action::error() /wwwroot/evbeta/Lib/Action/Home/IndexAction.class.php 第 3 行.
INFO: [ view_template ] --START--
INFO: Run LocationTemplate Behavior [ RunTime:0.000309s ]
INFO: [ view_template ] --END-- [ RunTime:0.000409s ]
INFO: [ view_parse ] --START--
INFO: Run ParseTemplate Behavior [ RunTime:0.013781s ]
INFO: [ view_parse ] --END-- [ RunTime:0.013946s ]
INFO: [ view_filter ] --START--
INFO: Run ContentReplace Behavior [ RunTime:0.000446s ]
INFO: Run TokenBuild Behavior [ RunTime:0.000370s ]
INFO: Run WriteHtmlCache Behavior [ RunTime:0.000233s ]
INFO: Run ShowRuntime Behavior [ RunTime:0.000525s ]
INFO: [ view_filter ] --END-- [ RunTime:0.001843s ]
INFO: [ view_end ] --START--
INFO: Run ShowPageTrace Behavior [ RunTime:0.000657s ]
INFO: [ view_end ] --END-- [ RunTime:0.000759s ]

[ 2013-05-17T05:21:09+08:00 ] ERR: (ThinkException) 无法加载模块:img
[ 2013-05-17T05:24:31+08:00 ] 218.66.200.168 /evbeta/Home/Register/login
INFO: [ route_check ] --START--
INFO: Run CheckRoute Behavior [ RunTime:0.000862s ]
INFO: [ route_check ] --END-- [ RunTime:0.001006s ]
INFO: [ app_begin ] --START--
INFO: Run ReadHtmlCache Behavior [ RunTime:0.000563s ]
INFO: [ app_begin ] --END-- [ RunTime:0.000651s ]
INFO: [ view_template ] --START--
INFO: Run LocationTemplate Behavior [ RunTime:0.000347s ]
INFO: [ view_template ] --END-- [ RunTime:0.000474s ]
INFO: [ view_parse ] --START--
INFO: Run ParseTemplate Behavior [ RunTime:0.015970s ]
INFO: [ view_parse ] --END-- [ RunTime:0.016105s ]
INFO: [ view_filter ] --START--
INFO: Run ContentReplace Behavior [ RunTime:0.000505s ]
INFO: Run TokenBuild Behavior [ RunTime:0.000449s ]
INFO: Run WriteHtmlCache Behavior [ RunTime:0.000212s ]
INFO: Run ShowRuntime Behavior [ RunTime:0.000500s ]
INFO: [ view_filter ] --END-- [ RunTime:0.001895s ]
INFO: [ view_end ] --START--
INFO: Run ShowPageTrace Behavior [ RunTime:0.000586s ]
INFO: [ view_end ] --END-- [ RunTime:0.000676s ]

[ 2013-05-17T05:24:42+08:00 ] 218.66.200.168 /evbeta/Home/Register/login
INFO: [ route_check ] --START--
INFO: Run CheckRoute Behavior [ RunTime:0.000839s ]
INFO: [ route_check ] --END-- [ RunTime:0.000980s ]
INFO: [ app_begin ] --START--
INFO: Run ReadHtmlCache Behavior [ RunTime:0.000552s ]
INFO: [ app_begin ] --END-- [ RunTime:0.000641s ]
INFO: [ view_template ] --START--
INFO: Run LocationTemplate Behavior [ RunTime:0.000310s ]
INFO: [ view_template ] --END-- [ RunTime:0.000410s ]
INFO: [ view_parse ] --START--
INFO: Run ParseTemplate Behavior [ RunTime:0.013842s ]
INFO: [ view_parse ] --END-- [ RunTime:0.013956s ]
INFO: [ view_filter ] --START--
INFO: Run ContentReplace Behavior [ RunTime:0.000426s ]
INFO: Run TokenBuild Behavior [ RunTime:0.000459s ]
INFO: Run WriteHtmlCache Behavior [ RunTime:0.000185s ]
INFO: Run ShowRuntime Behavior [ RunTime:0.000420s ]
INFO: [ view_filter ] --END-- [ RunTime:0.001702s ]
INFO: [ view_end ] --START--
INFO: Run ShowPageTrace Behavior [ RunTime:0.000537s ]
INFO: [ view_end ] --END-- [ RunTime:0.000672s ]

[ 2013-05-17T05:25:41+08:00 ] 218.66.200.168 /evbeta/Home/Register/login
INFO: [ route_check ] --START--
INFO: Run CheckRoute Behavior [ RunTime:0.000895s ]
INFO: [ route_check ] --END-- [ RunTime:0.001003s ]
INFO: [ app_begin ] --START--
INFO: Run ReadHtmlCache Behavior [ RunTime:0.000559s ]
INFO: [ app_begin ] --END-- [ RunTime:0.000637s ]
INFO: [ view_template ] --START--
INFO: Run LocationTemplate Behavior [ RunTime:0.000325s ]
INFO: [ view_template ] --END-- [ RunTime:0.000410s ]
INFO: [ view_parse ] --START--
INFO: Run ParseTemplate Behavior [ RunTime:0.014458s ]
INFO: [ view_parse ] --END-- [ RunTime:0.014569s ]
INFO: [ view_filter ] --START--
INFO: Run ContentReplace Behavior [ RunTime:0.000504s ]
INFO: Run TokenBuild Behavior [ RunTime:0.000451s ]
INFO: Run WriteHtmlCache Behavior [ RunTime:0.000194s ]
INFO: Run ShowRuntime Behavior [ RunTime:0.000506s ]
INFO: [ view_filter ] --END-- [ RunTime:0.001985s ]
INFO: [ view_end ] --START--
INFO: Run ShowPageTrace Behavior [ RunTime:0.000627s ]
INFO: [ view_end ] --END-- [ RunTime:0.000741s ]

[ 2013-05-17T05:27:35+08:00 ] 218.66.200.168 /evbeta/Home/Register/login
INFO: [ route_check ] --START--
INFO: Run CheckRoute Behavior [ RunTime:0.000908s ]
INFO: [ route_check ] --END-- [ RunTime:0.001047s ]
INFO: [ app_begin ] --START--
INFO: Run ReadHtmlCache Behavior [ RunTime:0.000508s ]
INFO: [ app_begin ] --END-- [ RunTime:0.000610s ]
INFO: [ view_template ] --START--
INFO: Run LocationTemplate Behavior [ RunTime:0.000308s ]
INFO: [ view_template ] --END-- [ RunTime:0.000412s ]
INFO: [ view_parse ] --START--
INFO: Run ParseTemplate Behavior [ RunTime:0.012858s ]
INFO: [ view_parse ] --END-- [ RunTime:0.013014s ]
INFO: [ view_filter ] --START--
INFO: Run ContentReplace Behavior [ RunTime:0.000596s ]
INFO: Run TokenBuild Behavior [ RunTime:0.000526s ]
INFO: Run WriteHtmlCache Behavior [ RunTime:0.000297s ]
INFO: Run ShowRuntime Behavior [ RunTime:0.000555s ]
INFO: [ view_filter ] --END-- [ RunTime:0.002349s ]
INFO: [ view_end ] --START--
INFO: Run ShowPageTrace Behavior [ RunTime:0.000771s ]
INFO: [ view_end ] --END-- [ RunTime:0.001119s ]

[ 2013-05-17T05:28:45+08:00 ] 218.66.200.168 /evbeta/Home/Register/login
INFO: [ route_check ] --START--
INFO: Run CheckRoute Behavior [ RunTime:0.001814s ]
INFO: [ route_check ] --END-- [ RunTime:0.002006s ]
INFO: [ app_begin ] --START--
INFO: Run ReadHtmlCache Behavior [ RunTime:0.001509s ]
INFO: [ app_begin ] --END-- [ RunTime:0.001660s ]
INFO: [ view_template ] --START--
INFO: Run LocationTemplate Behavior [ RunTime:0.000499s ]
INFO: [ view_template ] --END-- [ RunTime:0.000657s ]
INFO: [ view_parse ] --START--
INFO: Run ParseTemplate Behavior [ RunTime:0.018498s ]
INFO: [ view_parse ] --END-- [ RunTime:0.018654s ]
INFO: [ view_filter ] --START--
INFO: Run ContentReplace Behavior [ RunTime:0.000540s ]
INFO: Run TokenBuild Behavior [ RunTime:0.000464s ]
INFO: Run WriteHtmlCache Behavior [ RunTime:0.000599s ]
INFO: Run ShowRuntime Behavior [ RunTime:0.000603s ]
INFO: [ view_filter ] --END-- [ RunTime:0.002570s ]
INFO: [ view_end ] --START--
INFO: Run ShowPageTrace Behavior [ RunTime:0.001084s ]
INFO: [ view_end ] --END-- [ RunTime:0.001196s ]

[ 2013-05-17T05:28:50+08:00 ] 218.66.200.168 /evbeta/Home/Register/login
INFO: [ route_check ] --START--
INFO: Run CheckRoute Behavior [ RunTime:0.001130s ]
INFO: [ route_check ] --END-- [ RunTime:0.001280s ]
INFO: [ app_begin ] --START--
INFO: Run ReadHtmlCache Behavior [ RunTime:0.000680s ]
INFO: [ app_begin ] --END-- [ RunTime:0.000830s ]
INFO: [ view_template ] --START--
INFO: Run LocationTemplate Behavior [ RunTime:0.000426s ]
INFO: [ view_template ] --END-- [ RunTime:0.000547s ]
INFO: [ view_parse ] --START--
INFO: Run ParseTemplate Behavior [ RunTime:0.012556s ]
INFO: [ view_parse ] --END-- [ RunTime:0.012725s ]
INFO: [ view_filter ] --START--
INFO: Run ContentReplace Behavior [ RunTime:0.000457s ]
INFO: Run TokenBuild Behavior [ RunTime:0.000484s ]
INFO: Run WriteHtmlCache Behavior [ RunTime:0.000268s ]
INFO: Run ShowRuntime Behavior [ RunTime:0.000625s ]
INFO: [ view_filter ] --END-- [ RunTime:0.002149s ]
INFO: [ view_end ] --START--
INFO: Run ShowPageTrace Behavior [ RunTime:0.000808s ]
INFO: [ view_end ] --END-- [ RunTime:0.000923s ]

[ 2013-05-17T05:28:56+08:00 ] 218.66.200.168 /evbeta/Home/Register/login
INFO: [ route_check ] --START--
INFO: Run CheckRoute Behavior [ RunTime:0.000909s ]
INFO: [ route_check ] --END-- [ RunTime:0.001048s ]
INFO: [ app_begin ] --START--
INFO: Run ReadHtmlCache Behavior [ RunTime:0.000696s ]
INFO: [ app_begin ] --END-- [ RunTime:0.000822s ]
INFO: [ view_template ] --START--
INFO: Run LocationTemplate Behavior [ RunTime:0.000348s ]
INFO: [ view_template ] --END-- [ RunTime:0.000453s ]
INFO: [ view_parse ] --START--
INFO: Run ParseTemplate Behavior [ RunTime:0.010824s ]
INFO: [ view_parse ] --END-- [ RunTime:0.011008s ]
INFO: [ view_filter ] --START--
INFO: Run ContentReplace Behavior [ RunTime:0.000455s ]
INFO: Run TokenBuild Behavior [ RunTime:0.000367s ]
INFO: Run WriteHtmlCache Behavior [ RunTime:0.000219s ]
INFO: Run ShowRuntime Behavior [ RunTime:0.000625s ]
INFO: [ view_filter ] --END-- [ RunTime:0.002023s ]
INFO: [ view_end ] --START--
INFO: Run ShowPageTrace Behavior [ RunTime:0.000804s ]
INFO: [ view_end ] --END-- [ RunTime:0.000924s ]

[ 2013-05-17T05:29:10+08:00 ] 218.66.200.168 /evbeta/Home/Register/login
INFO: [ route_check ] --START--
INFO: Run CheckRoute Behavior [ RunTime:0.001120s ]
INFO: [ route_check ] --END-- [ RunTime:0.001278s ]
INFO: [ app_begin ] --START--
INFO: Run ReadHtmlCache Behavior [ RunTime:0.000561s ]
INFO: [ app_begin ] --END-- [ RunTime:0.000654s ]
INFO: [ view_template ] --START--
INFO: Run LocationTemplate Behavior [ RunTime:0.000361s ]
INFO: [ view_template ] --END-- [ RunTime:0.000499s ]
INFO: [ view_parse ] --START--
INFO: Run ParseTemplate Behavior [ RunTime:0.011985s ]
INFO: [ view_parse ] --END-- [ RunTime:0.012151s ]
INFO: [ view_filter ] --START--
INFO: Run ContentReplace Behavior [ RunTime:0.000483s ]
INFO: Run TokenBuild Behavior [ RunTime:0.000462s ]
INFO: Run WriteHtmlCache Behavior [ RunTime:0.000225s ]
INFO: Run ShowRuntime Behavior [ RunTime:0.000555s ]
INFO: [ view_filter ] --END-- [ RunTime:0.002008s ]
INFO: [ view_end ] --START--
INFO: Run ShowPageTrace Behavior [ RunTime:0.000812s ]
INFO: [ view_end ] --END-- [ RunTime:0.000907s ]

[ 2013-05-17T05:29:36+08:00 ] 218.66.200.168 /evbeta/Home/Register/login
INFO: [ route_check ] --START--
INFO: Run CheckRoute Behavior [ RunTime:0.001294s ]
INFO: [ route_check ] --END-- [ RunTime:0.001476s ]
INFO: [ app_begin ] --START--
INFO: Run ReadHtmlCache Behavior [ RunTime:0.005563s ]
INFO: [ app_begin ] --END-- [ RunTime:0.005754s ]
INFO: [ view_template ] --START--
INFO: Run LocationTemplate Behavior [ RunTime:0.000476s ]
INFO: [ view_template ] --END-- [ RunTime:0.000673s ]
INFO: [ view_parse ] --START--
INFO: Run ParseTemplate Behavior [ RunTime:0.012123s ]
INFO: [ view_parse ] --END-- [ RunTime:0.012299s ]
INFO: [ view_filter ] --START--
INFO: Run ContentReplace Behavior [ RunTime:0.000541s ]
INFO: Run TokenBuild Behavior [ RunTime:0.000484s ]
INFO: Run WriteHtmlCache Behavior [ RunTime:0.000305s ]
INFO: Run ShowRuntime Behavior [ RunTime:0.000582s ]
INFO: [ view_filter ] --END-- [ RunTime:0.002245s ]
INFO: [ view_end ] --START--
INFO: Run ShowPageTrace Behavior [ RunTime:0.002514s ]
INFO: [ view_end ] --END-- [ RunTime:0.002709s ]

[ 2013-05-17T05:29:50+08:00 ] 218.66.200.168 /evbeta/Home/Register/login
INFO: [ route_check ] --START--
INFO: Run CheckRoute Behavior [ RunTime:0.000853s ]
INFO: [ route_check ] --END-- [ RunTime:0.001003s ]
INFO: [ app_begin ] --START--
INFO: Run ReadHtmlCache Behavior [ RunTime:0.000477s ]
INFO: [ app_begin ] --END-- [ RunTime:0.000564s ]
INFO: [ view_template ] --START--
INFO: Run LocationTemplate Behavior [ RunTime:0.000273s ]
INFO: [ view_template ] --END-- [ RunTime:0.000371s ]
INFO: [ view_parse ] --START--
INFO: Run ParseTemplate Behavior [ RunTime:0.009175s ]
INFO: [ view_parse ] --END-- [ RunTime:0.009316s ]
INFO: [ view_filter ] --START--
INFO: Run ContentReplace Behavior [ RunTime:0.000382s ]
INFO: Run TokenBuild Behavior [ RunTime:0.000308s ]
INFO: Run WriteHtmlCache Behavior [ RunTime:0.000325s ]
INFO: Run ShowRuntime Behavior [ RunTime:0.000624s ]
INFO: [ view_filter ] --END-- [ RunTime:0.001936s ]
INFO: [ view_end ] --START--
INFO: Run ShowPageTrace Behavior [ RunTime:0.000570s ]
INFO: [ view_end ] --END-- [ RunTime:0.000656s ]

[ 2013-05-17T05:30:13+08:00 ] 218.66.200.168 /evbeta/Home/Register/login
INFO: [ route_check ] --START--
INFO: Run CheckRoute Behavior [ RunTime:0.000836s ]
INFO: [ route_check ] --END-- [ RunTime:0.000982s ]
INFO: [ app_begin ] --START--
INFO: Run ReadHtmlCache Behavior [ RunTime:0.000579s ]
INFO: [ app_begin ] --END-- [ RunTime:0.000686s ]
INFO: [ view_template ] --START--
INFO: Run LocationTemplate Behavior [ RunTime:0.000318s ]
INFO: [ view_template ] --END-- [ RunTime:0.000493s ]
INFO: [ view_parse ] --START--
INFO: Run ParseTemplate Behavior [ RunTime:0.009066s ]
INFO: [ view_parse ] --END-- [ RunTime:0.009160s ]
INFO: [ view_filter ] --START--
INFO: Run ContentReplace Behavior [ RunTime:0.000378s ]
INFO: Run TokenBuild Behavior [ RunTime:0.000321s ]
INFO: Run WriteHtmlCache Behavior [ RunTime:0.000183s ]
INFO: Run ShowRuntime Behavior [ RunTime:0.000479s ]
INFO: [ view_filter ] --END-- [ RunTime:0.001591s ]
INFO: [ view_end ] --START--
INFO: Run ShowPageTrace Behavior [ RunTime:0.000590s ]
INFO: [ view_end ] --END-- [ RunTime:0.000663s ]

[ 2013-05-17T05:30:24+08:00 ] 218.66.200.168 /evbeta/Home/Register/login
INFO: [ route_check ] --START--
INFO: Run CheckRoute Behavior [ RunTime:0.000808s ]
INFO: [ route_check ] --END-- [ RunTime:0.000923s ]
INFO: [ app_begin ] --START--
INFO: Run ReadHtmlCache Behavior [ RunTime:0.000574s ]
INFO: [ app_begin ] --END-- [ RunTime:0.000677s ]
INFO: [ view_template ] --START--
INFO: Run LocationTemplate Behavior [ RunTime:0.000314s ]
INFO: [ view_template ] --END-- [ RunTime:0.000419s ]
INFO: [ view_parse ] --START--
INFO: Run ParseTemplate Behavior [ RunTime:0.009189s ]
INFO: [ view_parse ] --END-- [ RunTime:0.009313s ]
INFO: [ view_filter ] --START--
INFO: Run ContentReplace Behavior [ RunTime:0.000336s ]
INFO: Run TokenBuild Behavior [ RunTime:0.000380s ]
INFO: Run WriteHtmlCache Behavior [ RunTime:0.000186s ]
INFO: Run ShowRuntime Behavior [ RunTime:0.000421s ]
INFO: [ view_filter ] --END-- [ RunTime:0.001552s ]
INFO: [ view_end ] --START--
INFO: Run ShowPageTrace Behavior [ RunTime:0.000566s ]
INFO: [ view_end ] --END-- [ RunTime:0.000658s ]

[ 2013-05-17T05:30:32+08:00 ] 218.66.200.168 /evbeta/Home/Register/login
INFO: [ route_check ] --START--
INFO: Run CheckRoute Behavior [ RunTime:0.000905s ]
INFO: [ route_check ] --END-- [ RunTime:0.001035s ]
INFO: [ app_begin ] --START--
INFO: Run ReadHtmlCache Behavior [ RunTime:0.000495s ]
INFO: [ app_begin ] --END-- [ RunTime:0.000581s ]
INFO: [ view_template ] --START--
INFO: Run LocationTemplate Behavior [ RunTime:0.000272s ]
INFO: [ view_template ] --END-- [ RunTime:0.000373s ]
INFO: [ view_parse ] --START--
INFO: Run ParseTemplate Behavior [ RunTime:0.009946s ]
INFO: [ view_parse ] --END-- [ RunTime:0.010064s ]
INFO: [ view_filter ] --START--
INFO: Run ContentReplace Behavior [ RunTime:0.000403s ]
INFO: Run TokenBuild Behavior [ RunTime:0.000305s ]
INFO: Run WriteHtmlCache Behavior [ RunTime:0.000221s ]
INFO: Run ShowRuntime Behavior [ RunTime:0.000429s ]
INFO: [ view_filter ] --END-- [ RunTime:0.001631s ]
INFO: [ view_end ] --START--
INFO: Run ShowPageTrace Behavior [ RunTime:0.000725s ]
INFO: [ view_end ] --END-- [ RunTime:0.000840s ]

[ 2013-05-17T05:32:52+08:00 ] 218.66.200.168 /evbeta/Home/Register/login
INFO: [ route_check ] --START--
INFO: Run CheckRoute Behavior [ RunTime:0.001287s ]
INFO: [ route_check ] --END-- [ RunTime:0.001489s ]
INFO: [ app_begin ] --START--
INFO: Run ReadHtmlCache Behavior [ RunTime:0.000835s ]
INFO: [ app_begin ] --END-- [ RunTime:0.000973s ]
INFO: [ view_template ] --START--
INFO: Run LocationTemplate Behavior [ RunTime:0.000469s ]
INFO: [ view_template ] --END-- [ RunTime:0.000625s ]
INFO: [ view_parse ] --START--
INFO: Run ParseTemplate Behavior [ RunTime:0.012842s ]
INFO: [ view_parse ] --END-- [ RunTime:0.012981s ]
INFO: [ view_filter ] --START--
INFO: Run ContentReplace Behavior [ RunTime:0.000330s ]
INFO: Run TokenBuild Behavior [ RunTime:0.000345s ]
INFO: Run WriteHtmlCache Behavior [ RunTime:0.000187s ]
INFO: Run ShowRuntime Behavior [ RunTime:0.000401s ]
INFO: [ view_filter ] --END-- [ RunTime:0.001468s ]
INFO: [ view_end ] --START--
INFO: Run ShowPageTrace Behavior [ RunTime:0.000526s ]
INFO: [ view_end ] --END-- [ RunTime:0.000617s ]

[ 2013-05-17T05:32:52+08:00 ] ERR: (ThinkException) 非法操作:css
[ 2013-05-17T05:33:31+08:00 ] 218.66.200.168 /evbeta/Home/Register/login
INFO: [ route_check ] --START--
INFO: Run CheckRoute Behavior [ RunTime:0.000986s ]
INFO: [ route_check ] --END-- [ RunTime:0.001098s ]
INFO: [ app_begin ] --START--
INFO: Run ReadHtmlCache Behavior [ RunTime:0.001142s ]
INFO: [ app_begin ] --END-- [ RunTime:0.001251s ]
INFO: [ view_template ] --START--
INFO: Run LocationTemplate Behavior [ RunTime:0.000311s ]
INFO: [ view_template ] --END-- [ RunTime:0.000437s ]
INFO: [ view_parse ] --START--
INFO: Run ParseTemplate Behavior [ RunTime:0.010490s ]
INFO: [ view_parse ] --END-- [ RunTime:0.010641s ]
INFO: [ view_filter ] --START--
INFO: Run ContentReplace Behavior [ RunTime:0.000364s ]
INFO: Run TokenBuild Behavior [ RunTime:0.000494s ]
INFO: Run WriteHtmlCache Behavior [ RunTime:0.000216s ]
INFO: Run ShowRuntime Behavior [ RunTime:0.000540s ]
INFO: [ view_filter ] --END-- [ RunTime:0.001910s ]
INFO: [ view_end ] --START--
INFO: Run ShowPageTrace Behavior [ RunTime:0.001021s ]
INFO: [ view_end ] --END-- [ RunTime:0.001129s ]

[ 2013-05-17T05:33:32+08:00 ] ERR: (ThinkException) 非法操作:css
[ 2013-05-17T05:33:32+08:00 ] ERR: (ThinkException) 非法操作:css
[ 2013-05-17T05:33:32+08:00 ] ERR: (ThinkException) 非法操作:css
[ 2013-05-17T05:33:32+08:00 ] ERR: (ThinkException) 非法操作:css
[ 2013-05-17T05:42:51+08:00 ] 218.66.200.168 /evbeta/Home/Register/plogin
INFO: [ route_check ] --START--
INFO: Run CheckRoute Behavior [ RunTime:0.001805s ]
INFO: [ route_check ] --END-- [ RunTime:0.001979s ]
INFO: [ app_begin ] --START--
INFO: Run ReadHtmlCache Behavior [ RunTime:0.001019s ]
INFO: [ app_begin ] --END-- [ RunTime:0.001286s ]
INFO: [ view_template ] --START--
INFO: Run LocationTemplate Behavior [ RunTime:0.000455s ]
INFO: [ view_template ] --END-- [ RunTime:0.000605s ]
INFO: [ view_parse ] --START--
INFO: Run ParseTemplate Behavior [ RunTime:0.013089s ]
INFO: [ view_parse ] --END-- [ RunTime:0.013319s ]
INFO: [ view_filter ] --START--
INFO: Run ContentReplace Behavior [ RunTime:0.000479s ]
INFO: Run TokenBuild Behavior [ RunTime:0.000487s ]
INFO: Run WriteHtmlCache Behavior [ RunTime:0.000251s ]
INFO: Run ShowRuntime Behavior [ RunTime:0.000629s ]
INFO: [ view_filter ] --END-- [ RunTime:0.002134s ]
INFO: [ view_end ] --START--
INFO: Run ShowPageTrace Behavior [ RunTime:0.000859s ]
INFO: [ view_end ] --END-- [ RunTime:0.000967s ]

[ 2013-05-17T05:42:52+08:00 ] ERR: (ThinkException) 非法操作:css
[ 2013-05-17T05:42:52+08:00 ] ERR: (ThinkException) 非法操作:css
[ 2013-05-17T05:43:14+08:00 ] 218.66.200.168 /evbeta/Home/Register/plogin
INFO: [ route_check ] --START--
INFO: Run CheckRoute Behavior [ RunTime:0.001225s ]
INFO: [ route_check ] --END-- [ RunTime:0.001393s ]
INFO: [ app_begin ] --START--
INFO: Run ReadHtmlCache Behavior [ RunTime:0.000716s ]
INFO: [ app_begin ] --END-- [ RunTime:0.000882s ]
INFO: [ view_template ] --START--
INFO: Run LocationTemplate Behavior [ RunTime:0.000463s ]
INFO: [ view_template ] --END-- [ RunTime:0.000636s ]
INFO: [ view_parse ] --START--
INFO: Run ParseTemplate Behavior [ RunTime:0.013335s ]
INFO: [ view_parse ] --END-- [ RunTime:0.013512s ]
INFO: [ view_filter ] --START--
INFO: Run ContentReplace Behavior [ RunTime:0.000471s ]
INFO: Run TokenBuild Behavior [ RunTime:0.000503s ]
INFO: Run WriteHtmlCache Behavior [ RunTime:0.000269s ]
INFO: Run ShowRuntime Behavior [ RunTime:0.000646s ]
INFO: [ view_filter ] --END-- [ RunTime:0.002208s ]
INFO: [ view_end ] --START--
INFO: Run ShowPageTrace Behavior [ RunTime:0.000838s ]
INFO: [ view_end ] --END-- [ RunTime:0.000950s ]

[ 2013-05-17T05:43:14+08:00 ] ERR: (ThinkException) 非法操作:css
[ 2013-05-17T05:43:14+08:00 ] ERR: (ThinkException) 非法操作:css
[ 2013-05-17T05:43:14+08:00 ] ERR: (ThinkException) 非法操作:css
[ 2013-05-17T05:49:38+08:00 ] 218.66.200.168 /evbeta/Home/Index/news
INFO: [ route_check ] --START--
INFO: Run CheckRoute Behavior [ RunTime:0.000888s ]
INFO: [ route_check ] --END-- [ RunTime:0.001035s ]
INFO: [ app_begin ] --START--
INFO: Run ReadHtmlCache Behavior [ RunTime:0.000570s ]
INFO: [ app_begin ] --END-- [ RunTime:0.000657s ]
NOTIC: [2048] Declaration of IndexAction::error() should be compatible with that of Action::error() /wwwroot/evbeta/Lib/Action/Home/IndexAction.class.php 第 3 行.
INFO: [ view_template ] --START--
INFO: Run LocationTemplate Behavior [ RunTime:0.000311s ]
INFO: [ view_template ] --END-- [ RunTime:0.000413s ]
INFO: [ view_parse ] --START--
INFO: Run ParseTemplate Behavior [ RunTime:0.009875s ]
INFO: [ view_parse ] --END-- [ RunTime:0.009988s ]
INFO: [ view_filter ] --START--
INFO: Run ContentReplace Behavior [ RunTime:0.000485s ]
INFO: Run TokenBuild Behavior [ RunTime:0.000325s ]
INFO: Run WriteHtmlCache Behavior [ RunTime:0.000238s ]
INFO: Run ShowRuntime Behavior [ RunTime:0.000423s ]
INFO: [ view_filter ] --END-- [ RunTime:0.001700s ]
INFO: [ view_end ] --START--
INFO: Run ShowPageTrace Behavior [ RunTime:0.000606s ]
INFO: [ view_end ] --END-- [ RunTime:0.000686s ]

[ 2013-05-17T05:49:38+08:00 ] ERR: (ThinkException) 无法加载模块:img
[ 2013-05-17T05:51:46+08:00 ] 218.66.200.168 /evbeta/Home/Index/rank
INFO: [ route_check ] --START--
INFO: Run CheckRoute Behavior [ RunTime:0.000835s ]
INFO: [ route_check ] --END-- [ RunTime:0.000961s ]
INFO: [ app_begin ] --START--
INFO: Run ReadHtmlCache Behavior [ RunTime:0.000798s ]
INFO: [ app_begin ] --END-- [ RunTime:0.000941s ]
NOTIC: [2048] Declaration of IndexAction::error() should be compatible with that of Action::error() /wwwroot/evbeta/Lib/Action/Home/IndexAction.class.php 第 3 行.
INFO: [ view_template ] --START--
INFO: Run LocationTemplate Behavior [ RunTime:0.000415s ]
INFO: [ view_template ] --END-- [ RunTime:0.000592s ]
INFO: [ view_parse ] --START--
INFO: Run ParseTemplate Behavior [ RunTime:0.020198s ]
INFO: [ view_parse ] --END-- [ RunTime:0.020428s ]
INFO: [ view_filter ] --START--
INFO: Run ContentReplace Behavior [ RunTime:0.000736s ]
INFO: Run TokenBuild Behavior [ RunTime:0.000554s ]
INFO: Run WriteHtmlCache Behavior [ RunTime:0.000305s ]
INFO: Run ShowRuntime Behavior [ RunTime:0.000717s ]
INFO: [ view_filter ] --END-- [ RunTime:0.002667s ]
INFO: [ view_end ] --START--
INFO: Run ShowPageTrace Behavior [ RunTime:0.000659s ]
INFO: [ view_end ] --END-- [ RunTime:0.000764s ]

[ 2013-05-17T05:51:56+08:00 ] ERR: (ThinkException) 无法加载模块:img
[ 2013-05-17T22:19:20+08:00 ] 218.66.197.60 /evbeta/Admin/Index
INFO: [ route_check ] --START--
INFO: Run CheckRoute Behavior [ RunTime:0.000836s ]
INFO: [ route_check ] --END-- [ RunTime:0.000992s ]
INFO: [ app_begin ] --START--
INFO: Run ReadHtmlCache Behavior [ RunTime:0.000555s ]
INFO: [ app_begin ] --END-- [ RunTime:0.000664s ]
INFO: [ view_parse ] --START--
INFO: Run ParseTemplate Behavior [ RunTime:0.000946s ]
INFO: [ view_parse ] --END-- [ RunTime:0.001048s ]
INFO: [ view_filter ] --START--
INFO: Run ContentReplace Behavior [ RunTime:0.000275s ]
INFO: Run TokenBuild Behavior [ RunTime:0.000364s ]
INFO: Run WriteHtmlCache Behavior [ RunTime:0.000186s ]
INFO: Run ShowRuntime Behavior [ RunTime:0.000388s ]
INFO: [ view_filter ] --END-- [ RunTime:0.001426s ]
INFO: [ view_end ] --START--
INFO: Run ShowPageTrace Behavior [ RunTime:0.000640s ]
INFO: [ view_end ] --END-- [ RunTime:0.000728s ]

[ 2013-05-17T22:19:28+08:00 ] 218.66.197.60 /evbeta/Home/Index
INFO: [ route_check ] --START--
INFO: Run CheckRoute Behavior [ RunTime:0.000955s ]
INFO: [ route_check ] --END-- [ RunTime:0.001072s ]
INFO: [ app_begin ] --START--
INFO: Run ReadHtmlCache Behavior [ RunTime:0.000617s ]
INFO: [ app_begin ] --END-- [ RunTime:0.000699s ]
NOTIC: [2048] Declaration of IndexAction::error() should be compatible with that of Action::error() /wwwroot/evbeta/Lib/Action/Home/IndexAction.class.php 第 3 行.
INFO: [ view_template ] --START--
INFO: Run LocationTemplate Behavior [ RunTime:0.000306s ]
INFO: [ view_template ] --END-- [ RunTime:0.000451s ]
INFO: [ view_parse ] --START--
INFO: Run ParseTemplate Behavior [ RunTime:0.012039s ]
INFO: [ view_parse ] --END-- [ RunTime:0.012169s ]
INFO: [ view_filter ] --START--
INFO: Run ContentReplace Behavior [ RunTime:0.000390s ]
INFO: Run TokenBuild Behavior [ RunTime:0.000389s ]
INFO: Run WriteHtmlCache Behavior [ RunTime:0.000186s ]
INFO: Run ShowRuntime Behavior [ RunTime:0.000483s ]
INFO: [ view_filter ] --END-- [ RunTime:0.001706s ]
INFO: [ view_end ] --START--
INFO: Run ShowPageTrace Behavior [ RunTime:0.000579s ]
INFO: [ view_end ] --END-- [ RunTime:0.000651s ]

[ 2013-05-17T22:20:04+08:00 ] 218.66.197.60 /evbeta/User/Index
INFO: [ route_check ] --START--
INFO: Run CheckRoute Behavior [ RunTime:0.000824s ]
INFO: [ route_check ] --END-- [ RunTime:0.000926s ]
INFO: [ app_begin ] --START--
INFO: Run ReadHtmlCache Behavior [ RunTime:0.000504s ]
INFO: [ app_begin ] --END-- [ RunTime:0.000581s ]

[ 2013-05-17T22:20:13+08:00 ] 218.66.197.60 /evbeta/User/Member
INFO: [ route_check ] --START--
INFO: Run CheckRoute Behavior [ RunTime:0.003636s ]
INFO: [ route_check ] --END-- [ RunTime:0.003842s ]
INFO: [ app_begin ] --START--
INFO: Run ReadHtmlCache Behavior [ RunTime:0.000607s ]
INFO: [ app_begin ] --END-- [ RunTime:0.000715s ]
INFO: [ view_template ] --START--
INFO: Run LocationTemplate Behavior [ RunTime:0.000334s ]
INFO: [ view_template ] --END-- [ RunTime:0.000444s ]
INFO: [ view_parse ] --START--
INFO: Run ParseTemplate Behavior [ RunTime:0.010246s ]
INFO: [ view_parse ] --END-- [ RunTime:0.010395s ]
INFO: [ view_filter ] --START--
INFO: Run ContentReplace Behavior [ RunTime:0.000423s ]
INFO: Run TokenBuild Behavior [ RunTime:0.000450s ]
INFO: Run WriteHtmlCache Behavior [ RunTime:0.000272s ]
INFO: Run ShowRuntime Behavior [ RunTime:0.000512s ]
INFO: [ view_filter ] --END-- [ RunTime:0.001909s ]
INFO: [ view_end ] --START--
INFO: Run ShowPageTrace Behavior [ RunTime:0.000698s ]
INFO: [ view_end ] --END-- [ RunTime:0.000793s ]

[ 2013-05-17T22:20:32+08:00 ] 218.66.197.60 /evbeta/User/Storer
INFO: [ route_check ] --START--
INFO: Run CheckRoute Behavior [ RunTime:0.001366s ]
INFO: [ route_check ] --END-- [ RunTime:0.001542s ]
INFO: [ app_begin ] --START--
INFO: Run ReadHtmlCache Behavior [ RunTime:0.000847s ]
INFO: [ app_begin ] --END-- [ RunTime:0.001043s ]
INFO: [ view_template ] --START--
INFO: Run LocationTemplate Behavior [ RunTime:0.000440s ]
INFO: [ view_template ] --END-- [ RunTime:0.000592s ]
INFO: [ view_parse ] --START--
INFO: Run ParseTemplate Behavior [ RunTime:0.019257s ]
INFO: [ view_parse ] --END-- [ RunTime:0.019499s ]
INFO: [ view_filter ] --START--
INFO: Run ContentReplace Behavior [ RunTime:0.000724s ]
INFO: Run TokenBuild Behavior [ RunTime:0.001031s ]
INFO: Run WriteHtmlCache Behavior [ RunTime:0.000286s ]
INFO: Run ShowRuntime Behavior [ RunTime:0.000998s ]
INFO: [ view_filter ] --END-- [ RunTime:0.003474s ]
INFO: [ view_end ] --START--
INFO: Run ShowPageTrace Behavior [ RunTime:0.001030s ]
INFO: [ view_end ] --END-- [ RunTime:0.001255s ]

[ 2013-05-17T22:32:16+08:00 ] 218.66.197.60 /evbeta/User/Storer/info
INFO: [ route_check ] --START--
INFO: Run CheckRoute Behavior [ RunTime:0.001242s ]
INFO: [ route_check ] --END-- [ RunTime:0.001406s ]
INFO: [ app_begin ] --START--
INFO: Run ReadHtmlCache Behavior [ RunTime:0.000741s ]
INFO: [ app_begin ] --END-- [ RunTime:0.000860s ]
INFO: [ view_template ] --START--
INFO: Run LocationTemplate Behavior [ RunTime:0.000380s ]
INFO: [ view_template ] --END-- [ RunTime:0.000523s ]
INFO: [ view_parse ] --START--
INFO: Run ParseTemplate Behavior [ RunTime:0.018148s ]
INFO: [ view_parse ] --END-- [ RunTime:0.018327s ]
INFO: [ view_filter ] --START--
INFO: Run ContentReplace Behavior [ RunTime:0.000589s ]
INFO: Run TokenBuild Behavior [ RunTime:0.000497s ]
INFO: Run WriteHtmlCache Behavior [ RunTime:0.000274s ]
INFO: Run ShowRuntime Behavior [ RunTime:0.000636s ]
INFO: [ view_filter ] --END-- [ RunTime:0.002341s ]
INFO: [ view_end ] --START--
INFO: Run ShowPageTrace Behavior [ RunTime:0.000843s ]
INFO: [ view_end ] --END-- [ RunTime:0.000970s ]

[ 2013-05-17T23:17:57+08:00 ] 218.66.197.60 /evbeta/User/Storer/info
INFO: [ route_check ] --START--
INFO: Run CheckRoute Behavior [ RunTime:0.001893s ]
INFO: [ route_check ] --END-- [ RunTime:0.002073s ]
INFO: [ app_begin ] --START--
INFO: Run ReadHtmlCache Behavior [ RunTime:0.001083s ]
INFO: [ app_begin ] --END-- [ RunTime:0.001215s ]
INFO: [ view_template ] --START--
INFO: Run LocationTemplate Behavior [ RunTime:0.000632s ]
INFO: [ view_template ] --END-- [ RunTime:0.000823s ]
INFO: [ view_parse ] --START--
INFO: Run ParseTemplate Behavior [ RunTime:0.022604s ]
INFO: [ view_parse ] --END-- [ RunTime:0.022782s ]
INFO: [ view_filter ] --START--
INFO: Run ContentReplace Behavior [ RunTime:0.000703s ]
INFO: Run TokenBuild Behavior [ RunTime:0.000494s ]
INFO: Run WriteHtmlCache Behavior [ RunTime:0.000410s ]
INFO: Run ShowRuntime Behavior [ RunTime:0.000666s ]
INFO: [ view_filter ] --END-- [ RunTime:0.002683s ]
INFO: [ view_end ] --START--
INFO: Run ShowPageTrace Behavior [ RunTime:0.000954s ]
INFO: [ view_end ] --END-- [ RunTime:0.001272s ]

[ 2013-05-17T23:18:01+08:00 ] 218.66.197.60 /evbeta/User/Storer/store
INFO: [ route_check ] --START--
INFO: Run CheckRoute Behavior [ RunTime:0.001853s ]
INFO: [ route_check ] --END-- [ RunTime:0.002042s ]
INFO: [ app_begin ] --START--
INFO: Run ReadHtmlCache Behavior [ RunTime:0.000746s ]
INFO: [ app_begin ] --END-- [ RunTime:0.000898s ]
INFO: [ view_template ] --START--
INFO: Run LocationTemplate Behavior [ RunTime:0.000454s ]
INFO: [ view_template ] --END-- [ RunTime:0.000825s ]
INFO: [ view_parse ] --START--
INFO: Run ParseTemplate Behavior [ RunTime:0.047327s ]
INFO: [ view_parse ] --END-- [ RunTime:0.047523s ]
INFO: [ view_filter ] --START--
INFO: Run ContentReplace Behavior [ RunTime:0.000713s ]
INFO: Run TokenBuild Behavior [ RunTime:0.000518s ]
INFO: Run WriteHtmlCache Behavior [ RunTime:0.000297s ]
INFO: Run ShowRuntime Behavior [ RunTime:0.000689s ]
INFO: [ view_filter ] --END-- [ RunTime:0.002532s ]
INFO: [ view_end ] --START--
INFO: Run ShowPageTrace Behavior [ RunTime:0.000846s ]
INFO: [ view_end ] --END-- [ RunTime:0.000977s ]

[ 2013-05-17T23:18:03+08:00 ] 218.66.197.60 /evbeta/User/Storer/news.html
INFO: [ route_check ] --START--
INFO: Run CheckRoute Behavior [ RunTime:0.001337s ]
INFO: [ route_check ] --END-- [ RunTime:0.001598s ]
INFO: [ app_begin ] --START--
INFO: Run ReadHtmlCache Behavior [ RunTime:0.000782s ]
INFO: [ app_begin ] --END-- [ RunTime:0.000908s ]
INFO: [ view_template ] --START--
INFO: Run LocationTemplate Behavior [ RunTime:0.000401s ]
INFO: [ view_template ] --END-- [ RunTime:0.000551s ]
INFO: [ view_parse ] --START--
INFO: Run ParseTemplate Behavior [ RunTime:0.015522s ]
INFO: [ view_parse ] --END-- [ RunTime:0.015713s ]
INFO: [ view_filter ] --START--
INFO: Run ContentReplace Behavior [ RunTime:0.000555s ]
INFO: Run TokenBuild Behavior [ RunTime:0.000522s ]
INFO: Run WriteHtmlCache Behavior [ RunTime:0.000282s ]
INFO: Run ShowRuntime Behavior [ RunTime:0.000627s ]
INFO: [ view_filter ] --END-- [ RunTime:0.002349s ]
INFO: [ view_end ] --START--
INFO: Run ShowPageTrace Behavior [ RunTime:0.000815s ]
INFO: [ view_end ] --END-- [ RunTime:0.000932s ]

[ 2013-05-17T23:18:06+08:00 ] 218.66.197.60 /evbeta/User/Storer/add.html
INFO: [ route_check ] --START--
INFO: Run CheckRoute Behavior [ RunTime:0.001048s ]
INFO: [ route_check ] --END-- [ RunTime:0.001188s ]
INFO: [ app_begin ] --START--
INFO: Run ReadHtmlCache Behavior [ RunTime:0.000617s ]
INFO: [ app_begin ] --END-- [ RunTime:0.000768s ]
INFO: [ view_template ] --START--
INFO: Run LocationTemplate Behavior [ RunTime:0.000379s ]
INFO: [ view_template ] --END-- [ RunTime:0.000522s ]
INFO: [ view_parse ] --START--
INFO: Run ParseTemplate Behavior [ RunTime:0.015073s ]
INFO: [ view_parse ] --END-- [ RunTime:0.015258s ]
INFO: [ view_filter ] --START--
INFO: Run ContentReplace Behavior [ RunTime:0.000534s ]
INFO: Run TokenBuild Behavior [ RunTime:0.000708s ]
INFO: Run WriteHtmlCache Behavior [ RunTime:0.000321s ]
INFO: Run ShowRuntime Behavior [ RunTime:0.000562s ]
INFO: [ view_filter ] --END-- [ RunTime:0.002473s ]
INFO: [ view_end ] --START--
INFO: Run ShowPageTrace Behavior [ RunTime:0.000779s ]
INFO: [ view_end ] --END-- [ RunTime:0.000888s ]

[ 2013-05-17T23:18:10+08:00 ] 218.66.197.60 /evbeta/User/Storer/add.html
INFO: [ route_check ] --START--
INFO: Run CheckRoute Behavior [ RunTime:0.000835s ]
INFO: [ route_check ] --END-- [ RunTime:0.000976s ]
INFO: [ app_begin ] --START--
INFO: Run ReadHtmlCache Behavior [ RunTime:0.000567s ]
INFO: [ app_begin ] --END-- [ RunTime:0.000660s ]
INFO: [ view_template ] --START--
INFO: Run LocationTemplate Behavior [ RunTime:0.000237s ]
INFO: [ view_template ] --END-- [ RunTime:0.000322s ]
INFO: [ view_parse ] --START--
INFO: Run ParseTemplate Behavior [ RunTime:0.014021s ]
INFO: [ view_parse ] --END-- [ RunTime:0.014219s ]
INFO: [ view_filter ] --START--
INFO: Run ContentReplace Behavior [ RunTime:0.000417s ]
INFO: Run TokenBuild Behavior [ RunTime:0.000288s ]
INFO: Run WriteHtmlCache Behavior [ RunTime:0.000252s ]
INFO: Run ShowRuntime Behavior [ RunTime:0.000397s ]
INFO: [ view_filter ] --END-- [ RunTime:0.001586s ]
INFO: [ view_end ] --START--
INFO: Run ShowPageTrace Behavior [ RunTime:0.000620s ]
INFO: [ view_end ] --END-- [ RunTime:0.000685s ]

[ 2013-05-17T23:18:18+08:00 ] 218.66.197.60 /evbeta/User/Storer/cert
INFO: [ route_check ] --START--
INFO: Run CheckRoute Behavior [ RunTime:0.000848s ]
INFO: [ route_check ] --END-- [ RunTime:0.000964s ]
INFO: [ app_begin ] --START--
INFO: Run ReadHtmlCache Behavior [ RunTime:0.000491s ]
INFO: [ app_begin ] --END-- [ RunTime:0.000583s ]
INFO: [ view_template ] --START--
INFO: Run LocationTemplate Behavior [ RunTime:0.000311s ]
INFO: [ view_template ] --END-- [ RunTime:0.000425s ]
INFO: [ view_parse ] --START--
INFO: Run ParseTemplate Behavior [ RunTime:0.008914s ]
INFO: [ view_parse ] --END-- [ RunTime:0.009006s ]
INFO: [ view_filter ] --START--
INFO: Run ContentReplace Behavior [ RunTime:0.000339s ]
INFO: Run TokenBuild Behavior [ RunTime:0.000338s ]
INFO: Run WriteHtmlCache Behavior [ RunTime:0.000183s ]
INFO: Run ShowRuntime Behavior [ RunTime:0.000433s ]
INFO: [ view_filter ] --END-- [ RunTime:0.001553s ]
INFO: [ view_end ] --START--
INFO: Run ShowPageTrace Behavior [ RunTime:0.000544s ]
INFO: [ view_end ] --END-- [ RunTime:0.000626s ]

[ 2013-05-17T23:18:21+08:00 ] 218.66.197.60 /evbeta/User/Storer/news.html
INFO: [ route_check ] --START--
INFO: Run CheckRoute Behavior [ RunTime:0.001077s ]
INFO: [ route_check ] --END-- [ RunTime:0.001259s ]
INFO: [ app_begin ] --START--
INFO: Run ReadHtmlCache Behavior [ RunTime:0.000663s ]
INFO: [ app_begin ] --END-- [ RunTime:0.000785s ]
INFO: [ view_template ] --START--
INFO: Run LocationTemplate Behavior [ RunTime:0.000365s ]
INFO: [ view_template ] --END-- [ RunTime:0.000505s ]
INFO: [ view_parse ] --START--
INFO: Run ParseTemplate Behavior [ RunTime:0.012184s ]
INFO: [ view_parse ] --END-- [ RunTime:0.012335s ]
INFO: [ view_filter ] --START--
INFO: Run ContentReplace Behavior [ RunTime:0.000546s ]
INFO: Run TokenBuild Behavior [ RunTime:0.000426s ]
INFO: Run WriteHtmlCache Behavior [ RunTime:0.000283s ]
INFO: Run ShowRuntime Behavior [ RunTime:0.000609s ]
INFO: [ view_filter ] --END-- [ RunTime:0.002227s ]
INFO: [ view_end ] --START--
INFO: Run ShowPageTrace Behavior [ RunTime:0.000665s ]
INFO: [ view_end ] --END-- [ RunTime:0.000790s ]

[ 2013-05-17T23:37:25+08:00 ] 218.66.197.60 /evbeta/User/Storer/password
INFO: [ route_check ] --START--
INFO: Run CheckRoute Behavior [ RunTime:0.000897s ]
INFO: [ route_check ] --END-- [ RunTime:0.001011s ]
INFO: [ app_begin ] --START--
INFO: Run ReadHtmlCache Behavior [ RunTime:0.000575s ]
INFO: [ app_begin ] --END-- [ RunTime:0.000655s ]
INFO: [ view_template ] --START--
INFO: Run LocationTemplate Behavior [ RunTime:0.000267s ]
INFO: [ view_template ] --END-- [ RunTime:0.000350s ]
INFO: [ view_parse ] --START--
INFO: Run ParseTemplate Behavior [ RunTime:0.008883s ]
INFO: [ view_parse ] --END-- [ RunTime:0.009004s ]
INFO: [ view_filter ] --START--
INFO: Run ContentReplace Behavior [ RunTime:0.000385s ]
INFO: Run TokenBuild Behavior [ RunTime:0.000328s ]
INFO: Run WriteHtmlCache Behavior [ RunTime:0.000241s ]
INFO: Run ShowRuntime Behavior [ RunTime:0.000447s ]
INFO: [ view_filter ] --END-- [ RunTime:0.001665s ]
INFO: [ view_end ] --START--
INFO: Run ShowPageTrace Behavior [ RunTime:0.000660s ]
INFO: [ view_end ] --END-- [ RunTime:0.000737s ]

[ 2013-05-17T23:37:29+08:00 ] 218.66.197.60 /evbeta/User/Storer/cert
INFO: [ route_check ] --START--
INFO: Run CheckRoute Behavior [ RunTime:0.001030s ]
INFO: [ route_check ] --END-- [ RunTime:0.001160s ]
INFO: [ app_begin ] --START--
INFO: Run ReadHtmlCache Behavior [ RunTime:0.000538s ]
INFO: [ app_begin ] --END-- [ RunTime:0.000631s ]
INFO: [ view_template ] --START--
INFO: Run LocationTemplate Behavior [ RunTime:0.000275s ]
INFO: [ view_template ] --END-- [ RunTime:0.000403s ]
INFO: [ view_parse ] --START--
INFO: Run ParseTemplate Behavior [ RunTime:0.010044s ]
INFO: [ view_parse ] --END-- [ RunTime:0.010181s ]
INFO: [ view_filter ] --START--
INFO: Run ContentReplace Behavior [ RunTime:0.000416s ]
INFO: Run TokenBuild Behavior [ RunTime:0.000337s ]
INFO: Run WriteHtmlCache Behavior [ RunTime:0.000261s ]
INFO: Run ShowRuntime Behavior [ RunTime:0.000481s ]
INFO: [ view_filter ] --END-- [ RunTime:0.001730s ]
INFO: [ view_end ] --START--
INFO: Run ShowPageTrace Behavior [ RunTime:0.000663s ]
INFO: [ view_end ] --END-- [ RunTime:0.000746s ]

