[ 2013-04-23T20:16:00+08:00 ] 127.0.0.1 /
INFO: [ app_begin ] --START--
INFO: Run ReadHtmlCache Behavior [ RunTime:0.001250s ]
INFO: [ app_begin ] --END-- [ RunTime:0.001441s ]
INFO: [ view_parse ] --START--
INFO: Run ParseTemplate Behavior [ RunTime:0.002167s ]
INFO: [ view_parse ] --END-- [ RunTime:0.002411s ]
INFO: [ view_filter ] --START--
INFO: Run ContentReplace Behavior [ RunTime:0.000951s ]
INFO: Run TokenBuild Behavior [ RunTime:0.000628s ]
INFO: Run WriteHtmlCache Behavior [ RunTime:0.000471s ]
INFO: Run ShowRuntime Behavior [ RunTime:0.000797s ]
INFO: [ view_filter ] --END-- [ RunTime:0.003108s ]
INFO: [ view_end ] --START--
INFO: Run ShowPageTrace Behavior [ RunTime:0.000945s ]
INFO: [ view_end ] --END-- [ RunTime:0.001025s ]
INFO: [ view_template ] --START--
INFO: Run LocationTemplate Behavior [ RunTime:0.000825s ]
INFO: [ view_template ] --END-- [ RunTime:0.000911s ]
INFO: [ view_parse ] --START--
INFO: Run ParseTemplate Behavior [ RunTime:0.009964s ]
INFO: [ view_parse ] --END-- [ RunTime:-0.005403s ]
INFO: [ view_filter ] --START--
INFO: Run ContentReplace Behavior [ RunTime:0.000036s ]
INFO: Run TokenBuild Behavior [ RunTime:0.000027s ]
INFO: Run WriteHtmlCache Behavior [ RunTime:0.000012s ]
INFO: Run ShowRuntime Behavior [ RunTime:0.000045s ]
INFO: [ view_filter ] --END-- [ RunTime:-0.012252s ]
INFO: [ view_end ] --START--
INFO: Run ShowPageTrace Behavior [ RunTime:0.000032s ]
INFO: [ view_end ] --END-- [ RunTime:-0.011430s ]

[ 2013-04-23T21:48:10+08:00 ] 127.0.0.1 /
INFO: [ app_begin ] --START--
INFO: Run ReadHtmlCache Behavior [ RunTime:0.000668s ]
INFO: [ app_begin ] --END-- [ RunTime:0.000753s ]
INFO: [ view_parse ] --START--
INFO: Run ParseTemplate Behavior [ RunTime:0.000957s ]
INFO: [ view_parse ] --END-- [ RunTime:0.001086s ]
INFO: [ view_filter ] --START--
INFO: Run ContentReplace Behavior [ RunTime:0.000428s ]
INFO: Run TokenBuild Behavior [ RunTime:0.000437s ]
INFO: Run WriteHtmlCache Behavior [ RunTime:0.000380s ]
INFO: Run ShowRuntime Behavior [ RunTime:0.000483s ]
INFO: [ view_filter ] --END-- [ RunTime:0.001821s ]
INFO: [ view_end ] --START--
INFO: Run ShowPageTrace Behavior [ RunTime:0.000614s ]
INFO: [ view_end ] --END-- [ RunTime:0.000649s ]
INFO: [ view_template ] --START--
INFO: Run LocationTemplate Behavior [ RunTime:0.000416s ]
INFO: [ view_template ] --END-- [ RunTime:0.000452s ]
INFO: [ view_parse ] --START--
INFO: Run ParseTemplate Behavior [ RunTime:0.004868s ]
INFO: [ view_parse ] --END-- [ RunTime:-0.003051s ]
INFO: [ view_filter ] --START--
INFO: Run ContentReplace Behavior [ RunTime:0.000028s ]
INFO: Run TokenBuild Behavior [ RunTime:0.000019s ]
INFO: Run WriteHtmlCache Behavior [ RunTime:0.000004s ]
INFO: Run ShowRuntime Behavior [ RunTime:0.000028s ]
INFO: [ view_filter ] --END-- [ RunTime:-0.006148s ]
INFO: [ view_end ] --START--
INFO: Run ShowPageTrace Behavior [ RunTime:0.000017s ]
INFO: [ view_end ] --END-- [ RunTime:-0.005656s ]

[ 2013-04-23T21:48:51+08:00 ] 127.0.0.1 /
INFO: [ app_begin ] --START--
INFO: Run ReadHtmlCache Behavior [ RunTime:0.000325s ]
INFO: [ app_begin ] --END-- [ RunTime:0.000397s ]
INFO: [ view_parse ] --START--
INFO: Run ParseTemplate Behavior [ RunTime:0.000362s ]
INFO: [ view_parse ] --END-- [ RunTime:0.000413s ]
INFO: [ view_filter ] --START--
INFO: Run ContentReplace Behavior [ RunTime:0.000132s ]
INFO: Run TokenBuild Behavior [ RunTime:0.000145s ]
INFO: Run WriteHtmlCache Behavior [ RunTime:0.000088s ]
INFO: Run ShowRuntime Behavior [ RunTime:0.000193s ]
INFO: [ view_filter ] --END-- [ RunTime:0.000647s ]
INFO: [ view_end ] --START--
INFO: Run ShowPageTrace Behavior [ RunTime:0.000272s ]
INFO: [ view_end ] --END-- [ RunTime:0.000304s ]
INFO: [ view_template ] --START--
INFO: Run LocationTemplate Behavior [ RunTime:0.000148s ]
INFO: [ view_template ] --END-- [ RunTime:0.000186s ]
INFO: [ view_parse ] --START--
INFO: Run ParseTemplate Behavior [ RunTime:0.003126s ]
INFO: [ view_parse ] --END-- [ RunTime:-0.001255s ]
INFO: [ view_filter ] --START--
INFO: Run ContentReplace Behavior [ RunTime:0.000029s ]
INFO: Run TokenBuild Behavior [ RunTime:0.000020s ]
INFO: Run WriteHtmlCache Behavior [ RunTime:0.000006s ]
INFO: Run ShowRuntime Behavior [ RunTime:0.000038s ]
INFO: [ view_filter ] --END-- [ RunTime:-0.003781s ]
INFO: [ view_end ] --START--
INFO: Run ShowPageTrace Behavior [ RunTime:0.000018s ]
INFO: [ view_end ] --END-- [ RunTime:-0.003643s ]

[ 2013-04-23T21:48:52+08:00 ] 127.0.0.1 /
INFO: [ app_begin ] --START--
INFO: Run ReadHtmlCache Behavior [ RunTime:0.000271s ]
INFO: [ app_begin ] --END-- [ RunTime:0.000332s ]
INFO: [ view_parse ] --START--
INFO: Run ParseTemplate Behavior [ RunTime:0.000331s ]
INFO: [ view_parse ] --END-- [ RunTime:0.000378s ]
INFO: [ view_filter ] --START--
INFO: Run ContentReplace Behavior [ RunTime:0.000133s ]
INFO: Run TokenBuild Behavior [ RunTime:0.000148s ]
INFO: Run WriteHtmlCache Behavior [ RunTime:0.000087s ]
INFO: Run ShowRuntime Behavior [ RunTime:0.000193s ]
INFO: [ view_filter ] --END-- [ RunTime:0.000656s ]
INFO: [ view_end ] --START--
INFO: Run ShowPageTrace Behavior [ RunTime:0.000286s ]
INFO: [ view_end ] --END-- [ RunTime:0.000319s ]
INFO: [ view_template ] --START--
INFO: Run LocationTemplate Behavior [ RunTime:0.000124s ]
INFO: [ view_template ] --END-- [ RunTime:0.000158s ]
INFO: [ view_parse ] --START--
INFO: Run ParseTemplate Behavior [ RunTime:0.002871s ]
INFO: [ view_parse ] --END-- [ RunTime:-0.001248s ]
INFO: [ view_filter ] --START--
INFO: Run ContentReplace Behavior [ RunTime:0.000027s ]
INFO: Run TokenBuild Behavior [ RunTime:0.000028s ]
INFO: Run WriteHtmlCache Behavior [ RunTime:0.000005s ]
INFO: Run ShowRuntime Behavior [ RunTime:0.000028s ]
INFO: [ view_filter ] --END-- [ RunTime:-0.003503s ]
INFO: [ view_end ] --START--
INFO: Run ShowPageTrace Behavior [ RunTime:0.000015s ]
INFO: [ view_end ] --END-- [ RunTime:-0.003346s ]

[ 2013-04-23T21:49:06+08:00 ] 127.0.0.1 /
INFO: [ app_begin ] --START--
INFO: Run ReadHtmlCache Behavior [ RunTime:0.000335s ]
INFO: [ app_begin ] --END-- [ RunTime:0.000426s ]
INFO: [ view_parse ] --START--
INFO: Run ParseTemplate Behavior [ RunTime:0.000819s ]
INFO: [ view_parse ] --END-- [ RunTime:0.001033s ]
INFO: [ view_filter ] --START--
INFO: Run ContentReplace Behavior [ RunTime:0.000263s ]
INFO: Run TokenBuild Behavior [ RunTime:0.000194s ]
INFO: Run WriteHtmlCache Behavior [ RunTime:0.000155s ]
INFO: Run ShowRuntime Behavior [ RunTime:0.000293s ]
INFO: [ view_filter ] --END-- [ RunTime:0.001039s ]
INFO: [ view_end ] --START--
INFO: Run ShowPageTrace Behavior [ RunTime:0.000408s ]
INFO: [ view_end ] --END-- [ RunTime:0.000464s ]
INFO: [ view_template ] --START--
INFO: Run LocationTemplate Behavior [ RunTime:0.000174s ]
INFO: [ view_template ] --END-- [ RunTime:0.000212s ]
INFO: [ view_parse ] --START--
INFO: Run ParseTemplate Behavior [ RunTime:0.003099s ]
INFO: [ view_parse ] --END-- [ RunTime:-0.001912s ]
INFO: [ view_filter ] --START--
INFO: Run ContentReplace Behavior [ RunTime:0.000030s ]
INFO: Run TokenBuild Behavior [ RunTime:0.000021s ]
INFO: Run WriteHtmlCache Behavior [ RunTime:0.000006s ]
INFO: Run ShowRuntime Behavior [ RunTime:0.000029s ]
INFO: [ view_filter ] --END-- [ RunTime:-0.004003s ]
INFO: [ view_end ] --START--
INFO: Run ShowPageTrace Behavior [ RunTime:0.000016s ]
INFO: [ view_end ] --END-- [ RunTime:-0.003663s ]

[ 2013-04-23T21:49:08+08:00 ] 127.0.0.1 /
INFO: [ app_begin ] --START--
INFO: Run ReadHtmlCache Behavior [ RunTime:0.000513s ]
INFO: [ app_begin ] --END-- [ RunTime:0.000661s ]
INFO: [ view_parse ] --START--
INFO: Run ParseTemplate Behavior [ RunTime:0.000629s ]
INFO: [ view_parse ] --END-- [ RunTime:0.000940s ]
INFO: [ view_filter ] --START--
INFO: Run ContentReplace Behavior [ RunTime:0.000283s ]
INFO: Run TokenBuild Behavior [ RunTime:0.000253s ]
INFO: Run WriteHtmlCache Behavior [ RunTime:0.000144s ]
INFO: Run ShowRuntime Behavior [ RunTime:0.000354s ]
INFO: [ view_filter ] --END-- [ RunTime:0.001216s ]
INFO: [ view_end ] --START--
INFO: Run ShowPageTrace Behavior [ RunTime:0.000324s ]
INFO: [ view_end ] --END-- [ RunTime:0.000361s ]
INFO: [ view_template ] --START--
INFO: Run LocationTemplate Behavior [ RunTime:0.000131s ]
INFO: [ view_template ] --END-- [ RunTime:0.000167s ]
INFO: [ view_parse ] --START--
INFO: Run ParseTemplate Behavior [ RunTime:0.002884s ]
INFO: [ view_parse ] --END-- [ RunTime:-0.001904s ]
INFO: [ view_filter ] --START--
INFO: Run ContentReplace Behavior [ RunTime:0.000029s ]
INFO: Run TokenBuild Behavior [ RunTime:0.000021s ]
INFO: Run WriteHtmlCache Behavior [ RunTime:0.000005s ]
INFO: Run ShowRuntime Behavior [ RunTime:0.000029s ]
INFO: [ view_filter ] --END-- [ RunTime:-0.003597s ]
INFO: [ view_end ] --START--
INFO: Run ShowPageTrace Behavior [ RunTime:0.000016s ]
INFO: [ view_end ] --END-- [ RunTime:-0.003380s ]

[ 2013-04-23T21:49:09+08:00 ] 127.0.0.1 /
INFO: [ app_begin ] --START--
INFO: Run ReadHtmlCache Behavior [ RunTime:0.000239s ]
INFO: [ app_begin ] --END-- [ RunTime:0.000291s ]
INFO: [ view_parse ] --START--
INFO: Run ParseTemplate Behavior [ RunTime:0.000322s ]
INFO: [ view_parse ] --END-- [ RunTime:0.000401s ]
INFO: [ view_filter ] --START--
INFO: Run ContentReplace Behavior [ RunTime:0.000129s ]
INFO: Run TokenBuild Behavior [ RunTime:0.000148s ]
INFO: Run WriteHtmlCache Behavior [ RunTime:0.000086s ]
INFO: Run ShowRuntime Behavior [ RunTime:0.000185s ]
INFO: [ view_filter ] --END-- [ RunTime:0.000638s ]
INFO: [ view_end ] --START--
INFO: Run ShowPageTrace Behavior [ RunTime:0.000269s ]
INFO: [ view_end ] --END-- [ RunTime:0.000300s ]
INFO: [ view_template ] --START--
INFO: Run LocationTemplate Behavior [ RunTime:0.000119s ]
INFO: [ view_template ] --END-- [ RunTime:0.000151s ]
INFO: [ view_parse ] --START--
INFO: Run ParseTemplate Behavior [ RunTime:0.002912s ]
INFO: [ view_parse ] --END-- [ RunTime:-0.001204s ]
INFO: [ view_filter ] --START--
INFO: Run ContentReplace Behavior [ RunTime:0.000026s ]
INFO: Run TokenBuild Behavior [ RunTime:0.000020s ]
INFO: Run WriteHtmlCache Behavior [ RunTime:0.000005s ]
INFO: Run ShowRuntime Behavior [ RunTime:0.000028s ]
INFO: [ view_filter ] --END-- [ RunTime:-0.003515s ]
INFO: [ view_end ] --START--
INFO: Run ShowPageTrace Behavior [ RunTime:0.000015s ]
INFO: [ view_end ] --END-- [ RunTime:-0.003358s ]

[ 2013-04-23T21:49:09+08:00 ] 127.0.0.1 /
INFO: [ app_begin ] --START--
INFO: Run ReadHtmlCache Behavior [ RunTime:0.000241s ]
INFO: [ app_begin ] --END-- [ RunTime:0.000295s ]
INFO: [ view_parse ] --START--
INFO: Run ParseTemplate Behavior [ RunTime:0.000297s ]
INFO: [ view_parse ] --END-- [ RunTime:0.000340s ]
INFO: [ view_filter ] --START--
INFO: Run ContentReplace Behavior [ RunTime:0.000122s ]
INFO: Run TokenBuild Behavior [ RunTime:0.000137s ]
INFO: Run WriteHtmlCache Behavior [ RunTime:0.000079s ]
INFO: Run ShowRuntime Behavior [ RunTime:0.000174s ]
INFO: [ view_filter ] --END-- [ RunTime:0.000593s ]
INFO: [ view_end ] --START--
INFO: Run ShowPageTrace Behavior [ RunTime:0.000252s ]
INFO: [ view_end ] --END-- [ RunTime:0.000281s ]
INFO: [ view_template ] --START--
INFO: Run LocationTemplate Behavior [ RunTime:0.000131s ]
INFO: [ view_template ] --END-- [ RunTime:0.000162s ]
INFO: [ view_parse ] --START--
INFO: Run ParseTemplate Behavior [ RunTime:0.003018s ]
INFO: [ view_parse ] --END-- [ RunTime:-0.001143s ]
INFO: [ view_filter ] --START--
INFO: Run ContentReplace Behavior [ RunTime:0.000117s ]
INFO: Run TokenBuild Behavior [ RunTime:0.000070s ]
INFO: Run WriteHtmlCache Behavior [ RunTime:0.000017s ]
INFO: Run ShowRuntime Behavior [ RunTime:0.000079s ]
INFO: [ view_filter ] --END-- [ RunTime:-0.003793s ]
INFO: [ view_end ] --START--
INFO: Run ShowPageTrace Behavior [ RunTime:0.000046s ]
INFO: [ view_end ] --END-- [ RunTime:-0.004069s ]

[ 2013-04-23T21:49:26+08:00 ] 127.0.0.1 /
INFO: [ app_begin ] --START--
INFO: Run ReadHtmlCache Behavior [ RunTime:0.000301s ]
INFO: [ app_begin ] --END-- [ RunTime:0.000376s ]
INFO: [ view_parse ] --START--
INFO: Run ParseTemplate Behavior [ RunTime:0.000328s ]
INFO: [ view_parse ] --END-- [ RunTime:0.000378s ]
INFO: [ view_filter ] --START--
INFO: Run ContentReplace Behavior [ RunTime:0.000130s ]
INFO: Run TokenBuild Behavior [ RunTime:0.000163s ]
INFO: Run WriteHtmlCache Behavior [ RunTime:0.000089s ]
INFO: Run ShowRuntime Behavior [ RunTime:0.000189s ]
INFO: [ view_filter ] --END-- [ RunTime:0.000730s ]
INFO: [ view_end ] --START--
INFO: Run ShowPageTrace Behavior [ RunTime:0.000275s ]
INFO: [ view_end ] --END-- [ RunTime:0.000307s ]
INFO: [ view_template ] --START--
INFO: Run LocationTemplate Behavior [ RunTime:0.000119s ]
INFO: [ view_template ] --END-- [ RunTime:0.000151s ]
INFO: [ view_parse ] --START--
INFO: Run ParseTemplate Behavior [ RunTime:0.003076s ]
INFO: [ view_parse ] --END-- [ RunTime:-0.001304s ]
INFO: [ view_filter ] --START--
INFO: Run ContentReplace Behavior [ RunTime:0.000027s ]
INFO: Run TokenBuild Behavior [ RunTime:0.000021s ]
INFO: Run WriteHtmlCache Behavior [ RunTime:0.000005s ]
INFO: Run ShowRuntime Behavior [ RunTime:0.000029s ]
INFO: [ view_filter ] --END-- [ RunTime:-0.003694s ]
INFO: [ view_end ] --START--
INFO: Run ShowPageTrace Behavior [ RunTime:0.000016s ]
INFO: [ view_end ] --END-- [ RunTime:-0.003533s ]

[ 2013-04-23T21:56:19+08:00 ] 127.0.0.1 /
INFO: [ app_begin ] --START--
INFO: Run ReadHtmlCache Behavior [ RunTime:0.000297s ]
INFO: [ app_begin ] --END-- [ RunTime:0.000365s ]
INFO: [ view_parse ] --START--
INFO: Run ParseTemplate Behavior [ RunTime:0.003455s ]
INFO: [ view_parse ] --END-- [ RunTime:0.003531s ]
INFO: [ view_filter ] --START--
INFO: Run ContentReplace Behavior [ RunTime:0.000180s ]
INFO: Run TokenBuild Behavior [ RunTime:0.000169s ]
INFO: Run WriteHtmlCache Behavior [ RunTime:0.000099s ]
INFO: Run ShowRuntime Behavior [ RunTime:0.000270s ]
INFO: [ view_filter ] --END-- [ RunTime:0.000867s ]
INFO: [ view_end ] --START--
INFO: Run ShowPageTrace Behavior [ RunTime:0.000776s ]
INFO: [ view_end ] --END-- [ RunTime:0.000871s ]
INFO: [ view_template ] --START--
INFO: Run LocationTemplate Behavior [ RunTime:0.000158s ]
INFO: [ view_template ] --END-- [ RunTime:0.000192s ]
INFO: [ view_parse ] --START--
INFO: Run ParseTemplate Behavior [ RunTime:0.000593s ]
INFO: [ view_parse ] --END-- [ RunTime:-0.002170s ]
INFO: [ view_filter ] --START--
INFO: Run ContentReplace Behavior [ RunTime:0.000028s ]
INFO: Run TokenBuild Behavior [ RunTime:0.000020s ]
INFO: Run WriteHtmlCache Behavior [ RunTime:0.000005s ]
INFO: Run ShowRuntime Behavior [ RunTime:0.000028s ]
INFO: [ view_filter ] --END-- [ RunTime:-0.001931s ]
INFO: [ view_end ] --START--
INFO: Run ShowPageTrace Behavior [ RunTime:0.000016s ]
INFO: [ view_end ] --END-- [ RunTime:-0.001155s ]

[ 2013-04-23T21:58:14+08:00 ] 127.0.0.1 /
INFO: [ app_begin ] --START--
INFO: Run ReadHtmlCache Behavior [ RunTime:0.000289s ]
INFO: [ app_begin ] --END-- [ RunTime:0.000356s ]
INFO: [ view_parse ] --START--
INFO: Run ParseTemplate Behavior [ RunTime:0.000323s ]
INFO: [ view_parse ] --END-- [ RunTime:0.000374s ]
INFO: [ view_filter ] --START--
INFO: Run ContentReplace Behavior [ RunTime:0.000130s ]
INFO: Run TokenBuild Behavior [ RunTime:0.000142s ]
INFO: Run WriteHtmlCache Behavior [ RunTime:0.000098s ]
INFO: Run ShowRuntime Behavior [ RunTime:0.000202s ]
INFO: [ view_filter ] --END-- [ RunTime:0.000668s ]
INFO: [ view_end ] --START--
INFO: Run ShowPageTrace Behavior [ RunTime:0.000353s ]
INFO: [ view_end ] --END-- [ RunTime:0.000393s ]
INFO: [ view_template ] --START--
INFO: Run LocationTemplate Behavior [ RunTime:0.000141s ]
INFO: [ view_template ] --END-- [ RunTime:0.000177s ]
INFO: [ view_parse ] --START--
INFO: Run ParseTemplate Behavior [ RunTime:0.003800s ]
INFO: [ view_parse ] --END-- [ RunTime:-0.001380s ]
INFO: [ view_filter ] --START--
INFO: Run ContentReplace Behavior [ RunTime:0.000030s ]
INFO: Run TokenBuild Behavior [ RunTime:0.000021s ]
INFO: Run WriteHtmlCache Behavior [ RunTime:0.000006s ]
INFO: Run ShowRuntime Behavior [ RunTime:0.000029s ]
INFO: [ view_filter ] --END-- [ RunTime:-0.004565s ]
INFO: [ view_end ] --START--
INFO: Run ShowPageTrace Behavior [ RunTime:0.000016s ]
INFO: [ view_end ] --END-- [ RunTime:-0.004325s ]

[ 2013-04-23T21:59:20+08:00 ] 127.0.0.1 /
INFO: [ app_begin ] --START--
INFO: Run ReadHtmlCache Behavior [ RunTime:0.000394s ]
INFO: [ app_begin ] --END-- [ RunTime:0.000487s ]
INFO: [ view_parse ] --START--
INFO: Run ParseTemplate Behavior [ RunTime:0.000625s ]
INFO: [ view_parse ] --END-- [ RunTime:0.000880s ]
INFO: [ view_filter ] --START--
INFO: Run ContentReplace Behavior [ RunTime:0.000152s ]
INFO: Run TokenBuild Behavior [ RunTime:0.000156s ]
INFO: Run WriteHtmlCache Behavior [ RunTime:0.000095s ]
INFO: Run ShowRuntime Behavior [ RunTime:0.000205s ]
INFO: [ view_filter ] --END-- [ RunTime:0.000703s ]
INFO: [ view_end ] --START--
INFO: Run ShowPageTrace Behavior [ RunTime:0.000279s ]
INFO: [ view_end ] --END-- [ RunTime:0.000311s ]
INFO: [ view_template ] --START--
INFO: Run LocationTemplate Behavior [ RunTime:0.000143s ]
INFO: [ view_template ] --END-- [ RunTime:0.000176s ]
INFO: [ view_parse ] --START--
INFO: Run ParseTemplate Behavior [ RunTime:0.003117s ]
INFO: [ view_parse ] --END-- [ RunTime:-0.001342s ]
INFO: [ view_filter ] --START--
INFO: Run ContentReplace Behavior [ RunTime:0.000028s ]
INFO: Run TokenBuild Behavior [ RunTime:0.000020s ]
INFO: Run WriteHtmlCache Behavior [ RunTime:0.000005s ]
INFO: Run ShowRuntime Behavior [ RunTime:0.000028s ]
INFO: [ view_filter ] --END-- [ RunTime:-0.003795s ]
INFO: [ view_end ] --START--
INFO: Run ShowPageTrace Behavior [ RunTime:0.000016s ]
INFO: [ view_end ] --END-- [ RunTime:-0.003625s ]

