[ 2013-06-04T19:22:47+08:00 ] 127.0.0.1 /evbeta/Home/Index/
INFO: [ route_check ] --START--
INFO: Run CheckRoute Behavior [ RunTime:0.005926s ]
INFO: [ route_check ] --END-- [ RunTime:0.006590s ]
INFO: [ app_begin ] --START--
INFO: Run ReadHtmlCache Behavior [ RunTime:0.016417s ]
INFO: [ app_begin ] --END-- [ RunTime:0.017034s ]
NOTIC: [2048] Declaration of IndexAction::error() should be compatible with Action::error($message, $jumpUrl = '', $ajax = false) C:\Program Files\EasyPHP-12.1\www\evbeta\Lib\Action\Home\IndexAction.class.php 第 3 行.
INFO: [ view_template ] --START--
INFO: Run LocationTemplate Behavior [ RunTime:0.027685s ]
INFO: [ view_template ] --END-- [ RunTime:0.029244s ]
INFO: [ view_parse ] --START--
INFO: Run ParseTemplate Behavior [ RunTime:0.138846s ]
INFO: [ view_parse ] --END-- [ RunTime:0.139474s ]
INFO: [ view_filter ] --START--
INFO: Run ContentReplace Behavior [ RunTime:0.003253s ]
INFO: Run TokenBuild Behavior [ RunTime:0.004105s ]
INFO: Run WriteHtmlCache Behavior [ RunTime:0.003043s ]
INFO: Run ShowRuntime Behavior [ RunTime:0.003954s ]
INFO: [ view_filter ] --END-- [ RunTime:0.016035s ]
INFO: [ view_end ] --START--
INFO: Run ShowPageTrace Behavior [ RunTime:0.003476s ]
INFO: [ view_end ] --END-- [ RunTime:0.004098s ]

[ 2013-06-04T19:22:48+08:00 ] ERR: (ThinkException) 无法加载模块:img
[ 2013-06-04T19:34:43+08:00 ] 127.0.0.1 /evbeta/Home/Index/
INFO: [ route_check ] --START--
INFO: Run CheckRoute Behavior [ RunTime:0.004671s ]
INFO: [ route_check ] --END-- [ RunTime:0.005369s ]
INFO: [ app_begin ] --START--
INFO: Run ReadHtmlCache Behavior [ RunTime:0.002989s ]
INFO: [ app_begin ] --END-- [ RunTime:0.003864s ]
NOTIC: [2048] Declaration of IndexAction::error() should be compatible with Action::error($message, $jumpUrl = '', $ajax = false) C:\Program Files\EasyPHP-12.1\www\evbeta\Lib\Action\Home\IndexAction.class.php 第 3 行.
INFO: [ view_template ] --START--
INFO: Run LocationTemplate Behavior [ RunTime:0.005202s ]
INFO: [ view_template ] --END-- [ RunTime:0.005817s ]
INFO: [ view_parse ] --START--
INFO: Run ParseTemplate Behavior [ RunTime:0.038679s ]
INFO: [ view_parse ] --END-- [ RunTime:0.039290s ]
INFO: [ view_filter ] --START--
INFO: Run ContentReplace Behavior [ RunTime:0.003661s ]
INFO: Run TokenBuild Behavior [ RunTime:0.003433s ]
INFO: Run WriteHtmlCache Behavior [ RunTime:0.002026s ]
INFO: Run ShowRuntime Behavior [ RunTime:0.003031s ]
INFO: [ view_filter ] --END-- [ RunTime:0.013692s ]
INFO: [ view_end ] --START--
INFO: Run ShowPageTrace Behavior [ RunTime:0.004357s ]
INFO: [ view_end ] --END-- [ RunTime:0.004925s ]

[ 2013-06-04T19:34:43+08:00 ] ERR: (ThinkException) 无法加载模块:img
[ 2013-06-04T19:35:01+08:00 ] 127.0.0.1 /evbeta/Home/Index/
INFO: [ route_check ] --START--
INFO: Run CheckRoute Behavior [ RunTime:0.003048s ]
INFO: [ route_check ] --END-- [ RunTime:0.004109s ]
INFO: [ app_begin ] --START--
INFO: Run ReadHtmlCache Behavior [ RunTime:0.002626s ]
INFO: [ app_begin ] --END-- [ RunTime:0.003225s ]
NOTIC: [2048] Declaration of IndexAction::error() should be compatible with Action::error($message, $jumpUrl = '', $ajax = false) C:\Program Files\EasyPHP-12.1\www\evbeta\Lib\Action\Home\IndexAction.class.php 第 3 行.
INFO: [ view_template ] --START--
INFO: Run LocationTemplate Behavior [ RunTime:0.001734s ]
INFO: [ view_template ] --END-- [ RunTime:0.002305s ]
INFO: [ view_parse ] --START--
INFO: Run ParseTemplate Behavior [ RunTime:0.036343s ]
INFO: [ view_parse ] --END-- [ RunTime:0.038082s ]
INFO: [ view_filter ] --START--
INFO: Run ContentReplace Behavior [ RunTime:0.001874s ]
INFO: Run TokenBuild Behavior [ RunTime:0.002348s ]
INFO: Run WriteHtmlCache Behavior [ RunTime:0.001609s ]
INFO: Run ShowRuntime Behavior [ RunTime:0.002526s ]
INFO: [ view_filter ] --END-- [ RunTime:0.010207s ]
INFO: [ view_end ] --START--
INFO: Run ShowPageTrace Behavior [ RunTime:0.002648s ]
INFO: [ view_end ] --END-- [ RunTime:0.003574s ]

[ 2013-06-04T19:35:01+08:00 ] ERR: (ThinkException) 无法加载模块:img
[ 2013-06-04T19:35:15+08:00 ] 127.0.0.1 /evbeta/Home/Index/
INFO: [ route_check ] --START--
INFO: Run CheckRoute Behavior [ RunTime:0.003038s ]
INFO: [ route_check ] --END-- [ RunTime:0.003654s ]
INFO: [ app_begin ] --START--
INFO: Run ReadHtmlCache Behavior [ RunTime:0.002197s ]
INFO: [ app_begin ] --END-- [ RunTime:0.003236s ]
NOTIC: [2048] Declaration of IndexAction::error() should be compatible with Action::error($message, $jumpUrl = '', $ajax = false) C:\Program Files\EasyPHP-12.1\www\evbeta\Lib\Action\Home\IndexAction.class.php 第 3 行.
INFO: [ view_template ] --START--
INFO: Run LocationTemplate Behavior [ RunTime:0.004999s ]
INFO: [ view_template ] --END-- [ RunTime:0.005603s ]
INFO: [ view_parse ] --START--
INFO: Run ParseTemplate Behavior [ RunTime:0.039583s ]
INFO: [ view_parse ] --END-- [ RunTime:0.040176s ]
INFO: [ view_filter ] --START--
INFO: Run ContentReplace Behavior [ RunTime:0.002482s ]
INFO: Run TokenBuild Behavior [ RunTime:0.003030s ]
INFO: Run WriteHtmlCache Behavior [ RunTime:0.002614s ]
INFO: Run ShowRuntime Behavior [ RunTime:0.004775s ]
INFO: [ view_filter ] --END-- [ RunTime:0.014628s ]
INFO: [ view_end ] --START--
INFO: Run ShowPageTrace Behavior [ RunTime:0.003240s ]
INFO: [ view_end ] --END-- [ RunTime:0.003846s ]

[ 2013-06-04T19:35:15+08:00 ] ERR: (ThinkException) 无法加载模块:img
[ 2013-06-04T19:35:53+08:00 ] 127.0.0.1 /evbeta/Home/Index/
INFO: [ route_check ] --START--
INFO: Run CheckRoute Behavior [ RunTime:0.002311s ]
INFO: [ route_check ] --END-- [ RunTime:0.003000s ]
INFO: [ app_begin ] --START--
INFO: Run ReadHtmlCache Behavior [ RunTime:0.002074s ]
INFO: [ app_begin ] --END-- [ RunTime:0.002654s ]
NOTIC: [2048] Declaration of IndexAction::error() should be compatible with Action::error($message, $jumpUrl = '', $ajax = false) C:\Program Files\EasyPHP-12.1\www\evbeta\Lib\Action\Home\IndexAction.class.php 第 3 行.
INFO: [ view_template ] --START--
INFO: Run LocationTemplate Behavior [ RunTime:0.003668s ]
INFO: [ view_template ] --END-- [ RunTime:0.004263s ]
INFO: [ view_parse ] --START--
INFO: Run ParseTemplate Behavior [ RunTime:0.029944s ]
INFO: [ view_parse ] --END-- [ RunTime:0.030589s ]
INFO: [ view_filter ] --START--
INFO: Run ContentReplace Behavior [ RunTime:0.002135s ]
INFO: Run TokenBuild Behavior [ RunTime:0.003162s ]
INFO: Run WriteHtmlCache Behavior [ RunTime:0.001241s ]
INFO: Run ShowRuntime Behavior [ RunTime:0.002306s ]
INFO: [ view_filter ] --END-- [ RunTime:0.010369s ]
INFO: [ view_end ] --START--
INFO: Run ShowPageTrace Behavior [ RunTime:0.002083s ]
INFO: [ view_end ] --END-- [ RunTime:0.002638s ]

[ 2013-06-04T19:35:53+08:00 ] ERR: (ThinkException) 无法加载模块:img
[ 2013-06-04T19:36:02+08:00 ] 127.0.0.1 /evbeta/Home/Index/
INFO: [ route_check ] --START--
INFO: Run CheckRoute Behavior [ RunTime:0.004639s ]
INFO: [ route_check ] --END-- [ RunTime:0.005272s ]
INFO: [ app_begin ] --START--
INFO: Run ReadHtmlCache Behavior [ RunTime:0.003201s ]
INFO: [ app_begin ] --END-- [ RunTime:0.003835s ]
NOTIC: [2048] Declaration of IndexAction::error() should be compatible with Action::error($message, $jumpUrl = '', $ajax = false) C:\Program Files\EasyPHP-12.1\www\evbeta\Lib\Action\Home\IndexAction.class.php 第 3 行.
INFO: [ view_template ] --START--
INFO: Run LocationTemplate Behavior [ RunTime:0.005205s ]
INFO: [ view_template ] --END-- [ RunTime:0.005843s ]
INFO: [ view_parse ] --START--
INFO: Run ParseTemplate Behavior [ RunTime:0.038630s ]
INFO: [ view_parse ] --END-- [ RunTime:0.039338s ]
INFO: [ view_filter ] --START--
INFO: Run ContentReplace Behavior [ RunTime:0.003149s ]
INFO: Run TokenBuild Behavior [ RunTime:0.002958s ]
INFO: Run WriteHtmlCache Behavior [ RunTime:0.002138s ]
INFO: Run ShowRuntime Behavior [ RunTime:0.003177s ]
INFO: [ view_filter ] --END-- [ RunTime:0.013345s ]
INFO: [ view_end ] --START--
INFO: Run ShowPageTrace Behavior [ RunTime:0.002898s ]
INFO: [ view_end ] --END-- [ RunTime:0.003509s ]

[ 2013-06-04T19:36:03+08:00 ] ERR: (ThinkException) 无法加载模块:img
[ 2013-06-04T19:37:19+08:00 ] 127.0.0.1 /evbeta/Home/Index/
INFO: [ route_check ] --START--
INFO: Run CheckRoute Behavior [ RunTime:0.003312s ]
INFO: [ route_check ] --END-- [ RunTime:0.003956s ]
INFO: [ app_begin ] --START--
INFO: Run ReadHtmlCache Behavior [ RunTime:0.002986s ]
INFO: [ app_begin ] --END-- [ RunTime:0.003592s ]
NOTIC: [2048] Declaration of IndexAction::error() should be compatible with Action::error($message, $jumpUrl = '', $ajax = false) C:\Program Files\EasyPHP-12.1\www\evbeta\Lib\Action\Home\IndexAction.class.php 第 3 行.
INFO: [ view_template ] --START--
INFO: Run LocationTemplate Behavior [ RunTime:0.001909s ]
INFO: [ view_template ] --END-- [ RunTime:0.002497s ]
INFO: [ view_parse ] --START--
INFO: Run ParseTemplate Behavior [ RunTime:0.037206s ]
INFO: [ view_parse ] --END-- [ RunTime:0.037812s ]
INFO: [ view_filter ] --START--
INFO: Run ContentReplace Behavior [ RunTime:0.001855s ]
INFO: Run TokenBuild Behavior [ RunTime:0.003463s ]
INFO: Run WriteHtmlCache Behavior [ RunTime:0.001411s ]
INFO: Run ShowRuntime Behavior [ RunTime:0.003913s ]
INFO: [ view_filter ] --END-- [ RunTime:0.012266s ]
INFO: [ view_end ] --START--
INFO: Run ShowPageTrace Behavior [ RunTime:0.003244s ]
INFO: [ view_end ] --END-- [ RunTime:0.003810s ]

[ 2013-06-04T19:37:20+08:00 ] ERR: (ThinkException) 无法加载模块:img
[ 2013-06-04T19:37:47+08:00 ] 127.0.0.1 /evbeta/Home/Index/
INFO: [ route_check ] --START--
INFO: Run CheckRoute Behavior [ RunTime:0.004438s ]
INFO: [ route_check ] --END-- [ RunTime:0.005342s ]
INFO: [ app_begin ] --START--
INFO: Run ReadHtmlCache Behavior [ RunTime:0.002899s ]
INFO: [ app_begin ] --END-- [ RunTime:0.003550s ]
NOTIC: [2048] Declaration of IndexAction::error() should be compatible with Action::error($message, $jumpUrl = '', $ajax = false) C:\Program Files\EasyPHP-12.1\www\evbeta\Lib\Action\Home\IndexAction.class.php 第 3 行.
INFO: [ view_template ] --START--
INFO: Run LocationTemplate Behavior [ RunTime:0.005083s ]
INFO: [ view_template ] --END-- [ RunTime:0.005663s ]
INFO: [ view_parse ] --START--
INFO: Run ParseTemplate Behavior [ RunTime:0.041690s ]
INFO: [ view_parse ] --END-- [ RunTime:0.042390s ]
INFO: [ view_filter ] --START--
INFO: Run ContentReplace Behavior [ RunTime:0.002988s ]
INFO: Run TokenBuild Behavior [ RunTime:0.003159s ]
INFO: Run WriteHtmlCache Behavior [ RunTime:0.002128s ]
INFO: Run ShowRuntime Behavior [ RunTime:0.003572s ]
INFO: [ view_filter ] --END-- [ RunTime:0.014395s ]
INFO: [ view_end ] --START--
INFO: Run ShowPageTrace Behavior [ RunTime:0.003242s ]
INFO: [ view_end ] --END-- [ RunTime:0.003799s ]

[ 2013-06-04T19:37:48+08:00 ] ERR: (ThinkException) 无法加载模块:img
[ 2013-06-04T19:38:33+08:00 ] 127.0.0.1 /evbeta/Home/Index/
INFO: [ route_check ] --START--
INFO: Run CheckRoute Behavior [ RunTime:0.003196s ]
INFO: [ route_check ] --END-- [ RunTime:0.003869s ]
INFO: [ app_begin ] --START--
INFO: Run ReadHtmlCache Behavior [ RunTime:0.002748s ]
INFO: [ app_begin ] --END-- [ RunTime:0.003394s ]
NOTIC: [2048] Declaration of IndexAction::error() should be compatible with Action::error($message, $jumpUrl = '', $ajax = false) C:\Program Files\EasyPHP-12.1\www\evbeta\Lib\Action\Home\IndexAction.class.php 第 3 行.
INFO: [ view_template ] --START--
INFO: Run LocationTemplate Behavior [ RunTime:0.007369s ]
INFO: [ view_template ] --END-- [ RunTime:0.007998s ]
INFO: [ view_parse ] --START--
INFO: Run ParseTemplate Behavior [ RunTime:0.052719s ]
INFO: [ view_parse ] --END-- [ RunTime:0.053941s ]
INFO: [ view_filter ] --START--
INFO: Run ContentReplace Behavior [ RunTime:0.002723s ]
INFO: Run TokenBuild Behavior [ RunTime:0.003021s ]
INFO: Run WriteHtmlCache Behavior [ RunTime:0.002241s ]
INFO: Run ShowRuntime Behavior [ RunTime:0.003797s ]
INFO: [ view_filter ] --END-- [ RunTime:0.013846s ]
INFO: [ view_end ] --START--
INFO: Run ShowPageTrace Behavior [ RunTime:0.003416s ]
INFO: [ view_end ] --END-- [ RunTime:0.004005s ]

[ 2013-06-04T19:38:34+08:00 ] ERR: (ThinkException) 无法加载模块:img
[ 2013-06-04T19:40:25+08:00 ] 127.0.0.1 /evbeta/Home/Index/
INFO: [ route_check ] --START--
INFO: Run CheckRoute Behavior [ RunTime:0.002324s ]
INFO: [ route_check ] --END-- [ RunTime:0.003180s ]
INFO: [ app_begin ] --START--
INFO: Run ReadHtmlCache Behavior [ RunTime:0.003206s ]
INFO: [ app_begin ] --END-- [ RunTime:0.003804s ]
NOTIC: [2048] Declaration of IndexAction::error() should be compatible with Action::error($message, $jumpUrl = '', $ajax = false) C:\Program Files\EasyPHP-12.1\www\evbeta\Lib\Action\Home\IndexAction.class.php 第 3 行.
INFO: [ view_template ] --START--
INFO: Run LocationTemplate Behavior [ RunTime:0.006840s ]
INFO: [ view_template ] --END-- [ RunTime:0.007606s ]
INFO: [ view_parse ] --START--
INFO: Run ParseTemplate Behavior [ RunTime:0.040861s ]
INFO: [ view_parse ] --END-- [ RunTime:0.041766s ]
INFO: [ view_filter ] --START--
INFO: Run ContentReplace Behavior [ RunTime:0.002662s ]
INFO: Run TokenBuild Behavior [ RunTime:0.002549s ]
INFO: Run WriteHtmlCache Behavior [ RunTime:0.002091s ]
INFO: Run ShowRuntime Behavior [ RunTime:0.003749s ]
INFO: [ view_filter ] --END-- [ RunTime:0.012612s ]
INFO: [ view_end ] --START--
INFO: Run ShowPageTrace Behavior [ RunTime:0.003325s ]
INFO: [ view_end ] --END-- [ RunTime:0.003905s ]

[ 2013-06-04T19:40:26+08:00 ] ERR: (ThinkException) 非法操作:img
[ 2013-06-04T19:40:26+08:00 ] ERR: (ThinkException) 无法加载模块:img
[ 2013-06-04T19:41:04+08:00 ] 127.0.0.1 /evbeta/Home/Index/
INFO: [ route_check ] --START--
INFO: Run CheckRoute Behavior [ RunTime:0.002682s ]
INFO: [ route_check ] --END-- [ RunTime:0.003305s ]
INFO: [ app_begin ] --START--
INFO: Run ReadHtmlCache Behavior [ RunTime:0.002245s ]
INFO: [ app_begin ] --END-- [ RunTime:0.004098s ]
NOTIC: [2048] Declaration of IndexAction::error() should be compatible with Action::error($message, $jumpUrl = '', $ajax = false) C:\Program Files\EasyPHP-12.1\www\evbeta\Lib\Action\Home\IndexAction.class.php 第 3 行.
INFO: [ view_template ] --START--
INFO: Run LocationTemplate Behavior [ RunTime:0.005032s ]
INFO: [ view_template ] --END-- [ RunTime:0.005612s ]
INFO: [ view_parse ] --START--
INFO: Run ParseTemplate Behavior [ RunTime:0.040747s ]
INFO: [ view_parse ] --END-- [ RunTime:0.041462s ]
INFO: [ view_filter ] --START--
INFO: Run ContentReplace Behavior [ RunTime:0.003210s ]
INFO: Run TokenBuild Behavior [ RunTime:0.002982s ]
INFO: Run WriteHtmlCache Behavior [ RunTime:0.002129s ]
INFO: Run ShowRuntime Behavior [ RunTime:0.005019s ]
INFO: [ view_filter ] --END-- [ RunTime:0.015146s ]
INFO: [ view_end ] --START--
INFO: Run ShowPageTrace Behavior [ RunTime:0.003457s ]
INFO: [ view_end ] --END-- [ RunTime:0.004070s ]

[ 2013-06-04T19:41:05+08:00 ] ERR: (ThinkException) 无法加载模块:img
[ 2013-06-04T19:41:50+08:00 ] 127.0.0.1 /evbeta/Home/Index/
INFO: [ route_check ] --START--
INFO: Run CheckRoute Behavior [ RunTime:0.002942s ]
INFO: [ route_check ] --END-- [ RunTime:0.003581s ]
INFO: [ app_begin ] --START--
INFO: Run ReadHtmlCache Behavior [ RunTime:0.002448s ]
INFO: [ app_begin ] --END-- [ RunTime:0.003071s ]
NOTIC: [2048] Declaration of IndexAction::error() should be compatible with Action::error($message, $jumpUrl = '', $ajax = false) C:\Program Files\EasyPHP-12.1\www\evbeta\Lib\Action\Home\IndexAction.class.php 第 3 行.
INFO: [ view_template ] --START--
INFO: Run LocationTemplate Behavior [ RunTime:0.001717s ]
INFO: [ view_template ] --END-- [ RunTime:0.002301s ]
INFO: [ view_parse ] --START--
INFO: Run ParseTemplate Behavior [ RunTime:0.033283s ]
INFO: [ view_parse ] --END-- [ RunTime:0.034256s ]
INFO: [ view_filter ] --START--
INFO: Run ContentReplace Behavior [ RunTime:0.001787s ]
INFO: Run TokenBuild Behavior [ RunTime:0.001886s ]
INFO: Run WriteHtmlCache Behavior [ RunTime:0.001378s ]
INFO: Run ShowRuntime Behavior [ RunTime:0.002457s ]
INFO: [ view_filter ] --END-- [ RunTime:0.011537s ]
INFO: [ view_end ] --START--
INFO: Run ShowPageTrace Behavior [ RunTime:0.002272s ]
INFO: [ view_end ] --END-- [ RunTime:0.002915s ]

[ 2013-06-04T19:41:51+08:00 ] ERR: (ThinkException) 无法加载模块:img
[ 2013-06-04T19:41:58+08:00 ] 127.0.0.1 /evbeta/Home/Index/
INFO: [ route_check ] --START--
INFO: Run CheckRoute Behavior [ RunTime:0.002693s ]
INFO: [ route_check ] --END-- [ RunTime:0.003820s ]
INFO: [ app_begin ] --START--
INFO: Run ReadHtmlCache Behavior [ RunTime:0.002176s ]
INFO: [ app_begin ] --END-- [ RunTime:0.002782s ]
NOTIC: [2048] Declaration of IndexAction::error() should be compatible with Action::error($message, $jumpUrl = '', $ajax = false) C:\Program Files\EasyPHP-12.1\www\evbeta\Lib\Action\Home\IndexAction.class.php 第 3 行.
INFO: [ view_template ] --START--
INFO: Run LocationTemplate Behavior [ RunTime:0.007152s ]
INFO: [ view_template ] --END-- [ RunTime:0.007912s ]
INFO: [ view_parse ] --START--
INFO: Run ParseTemplate Behavior [ RunTime:0.043234s ]
INFO: [ view_parse ] --END-- [ RunTime:0.043932s ]
INFO: [ view_filter ] --START--
INFO: Run ContentReplace Behavior [ RunTime:0.004590s ]
INFO: Run TokenBuild Behavior [ RunTime:0.003695s ]
INFO: Run WriteHtmlCache Behavior [ RunTime:0.003551s ]
INFO: Run ShowRuntime Behavior [ RunTime:0.005549s ]
INFO: [ view_filter ] --END-- [ RunTime:0.019112s ]
INFO: [ view_end ] --START--
INFO: Run ShowPageTrace Behavior [ RunTime:0.004273s ]
INFO: [ view_end ] --END-- [ RunTime:0.004904s ]

[ 2013-06-04T19:41:59+08:00 ] ERR: (ThinkException) 无法加载模块:img
[ 2013-06-04T19:52:06+08:00 ] 127.0.0.1 /evbeta/Home/Index/
INFO: [ route_check ] --START--
INFO: Run CheckRoute Behavior [ RunTime:0.005317s ]
INFO: [ route_check ] --END-- [ RunTime:0.005959s ]
INFO: [ app_begin ] --START--
INFO: Run ReadHtmlCache Behavior [ RunTime:0.004445s ]
INFO: [ app_begin ] --END-- [ RunTime:0.005037s ]
NOTIC: [2048] Declaration of IndexAction::error() should be compatible with Action::error($message, $jumpUrl = '', $ajax = false) C:\Program Files\EasyPHP-12.1\www\evbeta\Lib\Action\Home\IndexAction.class.php 第 3 行.
INFO: [ view_template ] --START--
INFO: Run LocationTemplate Behavior [ RunTime:0.005104s ]
INFO: [ view_template ] --END-- [ RunTime:0.005787s ]
INFO: [ view_parse ] --START--
INFO: Run ParseTemplate Behavior [ RunTime:0.040743s ]
INFO: [ view_parse ] --END-- [ RunTime:0.041397s ]
INFO: [ view_filter ] --START--
INFO: Run ContentReplace Behavior [ RunTime:0.002732s ]
INFO: Run TokenBuild Behavior [ RunTime:0.003117s ]
INFO: Run WriteHtmlCache Behavior [ RunTime:0.001971s ]
INFO: Run ShowRuntime Behavior [ RunTime:0.004074s ]
INFO: [ view_filter ] --END-- [ RunTime:0.013824s ]
INFO: [ view_end ] --START--
INFO: Run ShowPageTrace Behavior [ RunTime:0.003411s ]
INFO: [ view_end ] --END-- [ RunTime:0.004024s ]

[ 2013-06-04T19:52:07+08:00 ] ERR: (ThinkException) 无法加载模块:img
[ 2013-06-04T19:52:25+08:00 ] 127.0.0.1 /evbeta/Home/Index/
INFO: [ route_check ] --START--
INFO: Run CheckRoute Behavior [ RunTime:0.002791s ]
INFO: [ route_check ] --END-- [ RunTime:0.003561s ]
INFO: [ app_begin ] --START--
INFO: Run ReadHtmlCache Behavior [ RunTime:0.002501s ]
INFO: [ app_begin ] --END-- [ RunTime:0.003105s ]
NOTIC: [2048] Declaration of IndexAction::error() should be compatible with Action::error($message, $jumpUrl = '', $ajax = false) C:\Program Files\EasyPHP-12.1\www\evbeta\Lib\Action\Home\IndexAction.class.php 第 3 行.
INFO: [ view_template ] --START--
INFO: Run LocationTemplate Behavior [ RunTime:0.005316s ]
INFO: [ view_template ] --END-- [ RunTime:0.005904s ]
INFO: [ view_parse ] --START--
INFO: Run ParseTemplate Behavior [ RunTime:0.042966s ]
INFO: [ view_parse ] --END-- [ RunTime:0.043620s ]
INFO: [ view_filter ] --START--
INFO: Run ContentReplace Behavior [ RunTime:0.004004s ]
INFO: Run TokenBuild Behavior [ RunTime:0.003032s ]
INFO: Run WriteHtmlCache Behavior [ RunTime:0.003499s ]
INFO: Run ShowRuntime Behavior [ RunTime:0.004449s ]
INFO: [ view_filter ] --END-- [ RunTime:0.016796s ]
INFO: [ view_end ] --START--
INFO: Run ShowPageTrace Behavior [ RunTime:0.003332s ]
INFO: [ view_end ] --END-- [ RunTime:0.003914s ]

[ 2013-06-04T19:52:26+08:00 ] ERR: (ThinkException) 无法加载模块:img
[ 2013-06-04T19:53:01+08:00 ] 127.0.0.1 /evbeta/Home/Index/
INFO: [ route_check ] --START--
INFO: Run CheckRoute Behavior [ RunTime:0.002399s ]
INFO: [ route_check ] --END-- [ RunTime:0.003341s ]
INFO: [ app_begin ] --START--
INFO: Run ReadHtmlCache Behavior [ RunTime:0.002725s ]
INFO: [ app_begin ] --END-- [ RunTime:0.003393s ]
NOTIC: [2048] Declaration of IndexAction::error() should be compatible with Action::error($message, $jumpUrl = '', $ajax = false) C:\Program Files\EasyPHP-12.1\www\evbeta\Lib\Action\Home\IndexAction.class.php 第 3 行.
INFO: [ view_template ] --START--
INFO: Run LocationTemplate Behavior [ RunTime:0.001882s ]
INFO: [ view_template ] --END-- [ RunTime:0.002471s ]
INFO: [ view_parse ] --START--
INFO: Run ParseTemplate Behavior [ RunTime:0.033975s ]
INFO: [ view_parse ] --END-- [ RunTime:0.034600s ]
INFO: [ view_filter ] --START--
INFO: Run ContentReplace Behavior [ RunTime:0.002053s ]
INFO: Run TokenBuild Behavior [ RunTime:0.002452s ]
INFO: Run WriteHtmlCache Behavior [ RunTime:0.001285s ]
INFO: Run ShowRuntime Behavior [ RunTime:0.003146s ]
INFO: [ view_filter ] --END-- [ RunTime:0.010842s ]
INFO: [ view_end ] --START--
INFO: Run ShowPageTrace Behavior [ RunTime:0.002521s ]
INFO: [ view_end ] --END-- [ RunTime:0.003091s ]

[ 2013-06-04T19:53:01+08:00 ] ERR: (ThinkException) 无法加载模块:img
[ 2013-06-04T19:53:44+08:00 ] 127.0.0.1 /evbeta/Home/Index/
INFO: [ route_check ] --START--
INFO: Run CheckRoute Behavior [ RunTime:0.002857s ]
INFO: [ route_check ] --END-- [ RunTime:0.003482s ]
INFO: [ app_begin ] --START--
INFO: Run ReadHtmlCache Behavior [ RunTime:0.002210s ]
INFO: [ app_begin ] --END-- [ RunTime:0.002789s ]
NOTIC: [2048] Declaration of IndexAction::error() should be compatible with Action::error($message, $jumpUrl = '', $ajax = false) C:\Program Files\EasyPHP-12.1\www\evbeta\Lib\Action\Home\IndexAction.class.php 第 3 行.
INFO: [ view_template ] --START--
INFO: Run LocationTemplate Behavior [ RunTime:0.005120s ]
INFO: [ view_template ] --END-- [ RunTime:0.005715s ]
INFO: [ view_parse ] --START--
INFO: Run ParseTemplate Behavior [ RunTime:0.042973s ]
INFO: [ view_parse ] --END-- [ RunTime:0.043583s ]
INFO: [ view_filter ] --START--
INFO: Run ContentReplace Behavior [ RunTime:0.002553s ]
INFO: Run TokenBuild Behavior [ RunTime:0.002795s ]
INFO: Run WriteHtmlCache Behavior [ RunTime:0.001919s ]
INFO: Run ShowRuntime Behavior [ RunTime:0.003688s ]
INFO: [ view_filter ] --END-- [ RunTime:0.013205s ]
INFO: [ view_end ] --START--
INFO: Run ShowPageTrace Behavior [ RunTime:0.002887s ]
INFO: [ view_end ] --END-- [ RunTime:0.003469s ]

[ 2013-06-04T19:53:45+08:00 ] ERR: (ThinkException) 无法加载模块:img
[ 2013-06-04T19:58:23+08:00 ] 127.0.0.1 /evbeta/Home/Index/
INFO: [ route_check ] --START--
INFO: Run CheckRoute Behavior [ RunTime:0.004732s ]
INFO: [ route_check ] --END-- [ RunTime:0.005372s ]
INFO: [ app_begin ] --START--
INFO: Run ReadHtmlCache Behavior [ RunTime:0.003371s ]
INFO: [ app_begin ] --END-- [ RunTime:0.003976s ]
NOTIC: [2048] Declaration of IndexAction::error() should be compatible with Action::error($message, $jumpUrl = '', $ajax = false) C:\Program Files\EasyPHP-12.1\www\evbeta\Lib\Action\Home\IndexAction.class.php 第 3 行.
INFO: [ view_template ] --START--
INFO: Run LocationTemplate Behavior [ RunTime:0.005091s ]
INFO: [ view_template ] --END-- [ RunTime:0.005699s ]
INFO: [ view_parse ] --START--
INFO: Run ParseTemplate Behavior [ RunTime:0.040002s ]
INFO: [ view_parse ] --END-- [ RunTime:0.040699s ]
INFO: [ view_filter ] --START--
INFO: Run ContentReplace Behavior [ RunTime:0.002794s ]
INFO: Run TokenBuild Behavior [ RunTime:0.003089s ]
INFO: Run WriteHtmlCache Behavior [ RunTime:0.002364s ]
INFO: Run ShowRuntime Behavior [ RunTime:0.003589s ]
INFO: [ view_filter ] --END-- [ RunTime:0.014219s ]
INFO: [ view_end ] --START--
INFO: Run ShowPageTrace Behavior [ RunTime:0.003211s ]
INFO: [ view_end ] --END-- [ RunTime:0.003791s ]

[ 2013-06-04T19:58:24+08:00 ] ERR: (ThinkException) 无法加载模块:img
[ 2013-06-04T20:01:40+08:00 ] 127.0.0.1 /evbeta/Home/Index/
INFO: [ route_check ] --START--
INFO: Run CheckRoute Behavior [ RunTime:0.004307s ]
INFO: [ route_check ] --END-- [ RunTime:0.005124s ]
INFO: [ app_begin ] --START--
INFO: Run ReadHtmlCache Behavior [ RunTime:0.002912s ]
INFO: [ app_begin ] --END-- [ RunTime:0.003514s ]
NOTIC: [2048] Declaration of IndexAction::error() should be compatible with Action::error($message, $jumpUrl = '', $ajax = false) C:\Program Files\EasyPHP-12.1\www\evbeta\Lib\Action\Home\IndexAction.class.php 第 3 行.
INFO: [ view_template ] --START--
INFO: Run LocationTemplate Behavior [ RunTime:0.006110s ]
INFO: [ view_template ] --END-- [ RunTime:0.006748s ]
INFO: [ view_parse ] --START--
INFO: Run ParseTemplate Behavior [ RunTime:0.040537s ]
INFO: [ view_parse ] --END-- [ RunTime:0.041134s ]
INFO: [ view_filter ] --START--
INFO: Run ContentReplace Behavior [ RunTime:0.002679s ]
INFO: Run TokenBuild Behavior [ RunTime:0.002918s ]
INFO: Run WriteHtmlCache Behavior [ RunTime:0.002131s ]
INFO: Run ShowRuntime Behavior [ RunTime:0.003097s ]
INFO: [ view_filter ] --END-- [ RunTime:0.012402s ]
INFO: [ view_end ] --START--
INFO: Run ShowPageTrace Behavior [ RunTime:0.003357s ]
INFO: [ view_end ] --END-- [ RunTime:0.003927s ]

[ 2013-06-04T20:01:41+08:00 ] ERR: (ThinkException) 无法加载模块:img
[ 2013-06-04T20:05:17+08:00 ] 127.0.0.1 /evbeta/Home/Index/
INFO: [ route_check ] --START--
INFO: Run CheckRoute Behavior [ RunTime:0.004512s ]
INFO: [ route_check ] --END-- [ RunTime:0.005176s ]
INFO: [ app_begin ] --START--
INFO: Run ReadHtmlCache Behavior [ RunTime:0.003550s ]
INFO: [ app_begin ] --END-- [ RunTime:0.004171s ]
NOTIC: [2048] Declaration of IndexAction::error() should be compatible with Action::error($message, $jumpUrl = '', $ajax = false) C:\Program Files\EasyPHP-12.1\www\evbeta\Lib\Action\Home\IndexAction.class.php 第 3 行.
INFO: [ view_template ] --START--
INFO: Run LocationTemplate Behavior [ RunTime:0.007313s ]
INFO: [ view_template ] --END-- [ RunTime:0.007959s ]
INFO: [ view_parse ] --START--
INFO: Run ParseTemplate Behavior [ RunTime:0.038934s ]
INFO: [ view_parse ] --END-- [ RunTime:0.039534s ]
INFO: [ view_filter ] --START--
INFO: Run ContentReplace Behavior [ RunTime:0.002640s ]
INFO: Run TokenBuild Behavior [ RunTime:0.002592s ]
INFO: Run WriteHtmlCache Behavior [ RunTime:0.002556s ]
INFO: Run ShowRuntime Behavior [ RunTime:0.003235s ]
INFO: [ view_filter ] --END-- [ RunTime:0.012686s ]
INFO: [ view_end ] --START--
INFO: Run ShowPageTrace Behavior [ RunTime:0.003809s ]
INFO: [ view_end ] --END-- [ RunTime:0.004392s ]

[ 2013-06-04T20:05:18+08:00 ] ERR: (ThinkException) 无法加载模块:img
[ 2013-06-04T20:05:45+08:00 ] 127.0.0.1 /evbeta/Home/Index/
INFO: [ route_check ] --START--
INFO: Run CheckRoute Behavior [ RunTime:0.002528s ]
INFO: [ route_check ] --END-- [ RunTime:0.003288s ]
INFO: [ app_begin ] --START--
INFO: Run ReadHtmlCache Behavior [ RunTime:0.003087s ]
INFO: [ app_begin ] --END-- [ RunTime:0.003878s ]
NOTIC: [2048] Declaration of IndexAction::error() should be compatible with Action::error($message, $jumpUrl = '', $ajax = false) C:\Program Files\EasyPHP-12.1\www\evbeta\Lib\Action\Home\IndexAction.class.php 第 3 行.
INFO: [ view_template ] --START--
INFO: Run LocationTemplate Behavior [ RunTime:0.005332s ]
INFO: [ view_template ] --END-- [ RunTime:0.005968s ]
INFO: [ view_parse ] --START--
INFO: Run ParseTemplate Behavior [ RunTime:0.041547s ]
INFO: [ view_parse ] --END-- [ RunTime:0.042180s ]
INFO: [ view_filter ] --START--
INFO: Run ContentReplace Behavior [ RunTime:0.002649s ]
INFO: Run TokenBuild Behavior [ RunTime:0.002748s ]
INFO: Run WriteHtmlCache Behavior [ RunTime:0.002397s ]
INFO: Run ShowRuntime Behavior [ RunTime:0.003895s ]
INFO: [ view_filter ] --END-- [ RunTime:0.013266s ]
INFO: [ view_end ] --START--
INFO: Run ShowPageTrace Behavior [ RunTime:0.002819s ]
INFO: [ view_end ] --END-- [ RunTime:0.003437s ]

[ 2013-06-04T20:05:46+08:00 ] ERR: (ThinkException) 无法加载模块:img
[ 2013-06-04T20:06:56+08:00 ] 127.0.0.1 /evbeta/Home/Index/
INFO: [ route_check ] --START--
INFO: Run CheckRoute Behavior [ RunTime:0.002525s ]
INFO: [ route_check ] --END-- [ RunTime:0.003962s ]
INFO: [ app_begin ] --START--
INFO: Run ReadHtmlCache Behavior [ RunTime:0.002232s ]
INFO: [ app_begin ] --END-- [ RunTime:0.002831s ]
NOTIC: [2048] Declaration of IndexAction::error() should be compatible with Action::error($message, $jumpUrl = '', $ajax = false) C:\Program Files\EasyPHP-12.1\www\evbeta\Lib\Action\Home\IndexAction.class.php 第 3 行.
INFO: [ view_template ] --START--
INFO: Run LocationTemplate Behavior [ RunTime:0.001618s ]
INFO: [ view_template ] --END-- [ RunTime:0.002211s ]
INFO: [ view_parse ] --START--
INFO: Run ParseTemplate Behavior [ RunTime:0.031357s ]
INFO: [ view_parse ] --END-- [ RunTime:0.032023s ]
INFO: [ view_filter ] --START--
INFO: Run ContentReplace Behavior [ RunTime:0.002376s ]
INFO: Run TokenBuild Behavior [ RunTime:0.003255s ]
INFO: Run WriteHtmlCache Behavior [ RunTime:0.003446s ]
INFO: Run ShowRuntime Behavior [ RunTime:0.002970s ]
INFO: [ view_filter ] --END-- [ RunTime:0.014457s ]
INFO: [ view_end ] --START--
INFO: Run ShowPageTrace Behavior [ RunTime:0.002329s ]
INFO: [ view_end ] --END-- [ RunTime:0.002981s ]

[ 2013-06-04T20:06:57+08:00 ] ERR: (ThinkException) 无法加载模块:img
[ 2013-06-04T20:08:20+08:00 ] 127.0.0.1 /evbeta/Home/Index/
INFO: [ route_check ] --START--
INFO: Run CheckRoute Behavior [ RunTime:0.003280s ]
INFO: [ route_check ] --END-- [ RunTime:0.003951s ]
INFO: [ app_begin ] --START--
INFO: Run ReadHtmlCache Behavior [ RunTime:0.003196s ]
INFO: [ app_begin ] --END-- [ RunTime:0.003844s ]
NOTIC: [2048] Declaration of IndexAction::error() should be compatible with Action::error($message, $jumpUrl = '', $ajax = false) C:\Program Files\EasyPHP-12.1\www\evbeta\Lib\Action\Home\IndexAction.class.php 第 3 行.
INFO: [ view_template ] --START--
INFO: Run LocationTemplate Behavior [ RunTime:0.007843s ]
INFO: [ view_template ] --END-- [ RunTime:0.008538s ]
INFO: [ view_parse ] --START--
INFO: Run ParseTemplate Behavior [ RunTime:0.048157s ]
INFO: [ view_parse ] --END-- [ RunTime:0.048768s ]
INFO: [ view_filter ] --START--
INFO: Run ContentReplace Behavior [ RunTime:0.002757s ]
INFO: Run TokenBuild Behavior [ RunTime:0.003767s ]
INFO: Run WriteHtmlCache Behavior [ RunTime:0.002390s ]
INFO: Run ShowRuntime Behavior [ RunTime:0.003732s ]
INFO: [ view_filter ] --END-- [ RunTime:0.014295s ]
INFO: [ view_end ] --START--
INFO: Run ShowPageTrace Behavior [ RunTime:0.003494s ]
INFO: [ view_end ] --END-- [ RunTime:0.004449s ]

[ 2013-06-04T20:08:21+08:00 ] ERR: (ThinkException) 无法加载模块:img
[ 2013-06-04T20:08:32+08:00 ] 127.0.0.1 /evbeta/Home/Index/
INFO: [ route_check ] --START--
INFO: Run CheckRoute Behavior [ RunTime:0.006870s ]
INFO: [ route_check ] --END-- [ RunTime:0.007503s ]
INFO: [ app_begin ] --START--
INFO: Run ReadHtmlCache Behavior [ RunTime:0.002730s ]
INFO: [ app_begin ] --END-- [ RunTime:0.003351s ]
NOTIC: [2048] Declaration of IndexAction::error() should be compatible with Action::error($message, $jumpUrl = '', $ajax = false) C:\Program Files\EasyPHP-12.1\www\evbeta\Lib\Action\Home\IndexAction.class.php 第 3 行.
INFO: [ view_template ] --START--
INFO: Run LocationTemplate Behavior [ RunTime:0.006626s ]
INFO: [ view_template ] --END-- [ RunTime:0.007263s ]
INFO: [ view_parse ] --START--
INFO: Run ParseTemplate Behavior [ RunTime:0.037957s ]
INFO: [ view_parse ] --END-- [ RunTime:0.038568s ]
INFO: [ view_filter ] --START--
INFO: Run ContentReplace Behavior [ RunTime:0.003364s ]
INFO: Run TokenBuild Behavior [ RunTime:0.003091s ]
INFO: Run WriteHtmlCache Behavior [ RunTime:0.002076s ]
INFO: Run ShowRuntime Behavior [ RunTime:0.003673s ]
INFO: [ view_filter ] --END-- [ RunTime:0.013772s ]
INFO: [ view_end ] --START--
INFO: Run ShowPageTrace Behavior [ RunTime:0.002999s ]
INFO: [ view_end ] --END-- [ RunTime:0.003869s ]

[ 2013-06-04T20:08:33+08:00 ] ERR: (ThinkException) 无法加载模块:img
[ 2013-06-04T20:09:28+08:00 ] 127.0.0.1 /evbeta/Home/Index/
INFO: [ route_check ] --START--
INFO: Run CheckRoute Behavior [ RunTime:0.004623s ]
INFO: [ route_check ] --END-- [ RunTime:0.005555s ]
INFO: [ app_begin ] --START--
INFO: Run ReadHtmlCache Behavior [ RunTime:0.003214s ]
INFO: [ app_begin ] --END-- [ RunTime:0.003826s ]
NOTIC: [2048] Declaration of IndexAction::error() should be compatible with Action::error($message, $jumpUrl = '', $ajax = false) C:\Program Files\EasyPHP-12.1\www\evbeta\Lib\Action\Home\IndexAction.class.php 第 3 行.
INFO: [ view_template ] --START--
INFO: Run LocationTemplate Behavior [ RunTime:0.005016s ]
INFO: [ view_template ] --END-- [ RunTime:0.005651s ]
INFO: [ view_parse ] --START--
INFO: Run ParseTemplate Behavior [ RunTime:0.039185s ]
INFO: [ view_parse ] --END-- [ RunTime:0.039848s ]
INFO: [ view_filter ] --START--
INFO: Run ContentReplace Behavior [ RunTime:0.002831s ]
INFO: Run TokenBuild Behavior [ RunTime:0.002585s ]
INFO: Run WriteHtmlCache Behavior [ RunTime:0.002096s ]
INFO: Run ShowRuntime Behavior [ RunTime:0.005261s ]
INFO: [ view_filter ] --END-- [ RunTime:0.014321s ]
INFO: [ view_end ] --START--
INFO: Run ShowPageTrace Behavior [ RunTime:0.003478s ]
INFO: [ view_end ] --END-- [ RunTime:0.004129s ]

[ 2013-06-04T20:09:29+08:00 ] ERR: (ThinkException) 无法加载模块:img
[ 2013-06-04T20:09:48+08:00 ] 127.0.0.1 /evbeta/Home/Index/
INFO: [ route_check ] --START--
INFO: Run CheckRoute Behavior [ RunTime:0.002727s ]
INFO: [ route_check ] --END-- [ RunTime:0.003460s ]
INFO: [ app_begin ] --START--
INFO: Run ReadHtmlCache Behavior [ RunTime:0.003103s ]
INFO: [ app_begin ] --END-- [ RunTime:0.003720s ]
NOTIC: [2048] Declaration of IndexAction::error() should be compatible with Action::error($message, $jumpUrl = '', $ajax = false) C:\Program Files\EasyPHP-12.1\www\evbeta\Lib\Action\Home\IndexAction.class.php 第 3 行.
INFO: [ view_template ] --START--
INFO: Run LocationTemplate Behavior [ RunTime:0.005148s ]
INFO: [ view_template ] --END-- [ RunTime:0.005780s ]
INFO: [ view_parse ] --START--
INFO: Run ParseTemplate Behavior [ RunTime:0.042749s ]
INFO: [ view_parse ] --END-- [ RunTime:0.043356s ]
INFO: [ view_filter ] --START--
INFO: Run ContentReplace Behavior [ RunTime:0.002879s ]
INFO: Run TokenBuild Behavior [ RunTime:0.003025s ]
INFO: Run WriteHtmlCache Behavior [ RunTime:0.001992s ]
INFO: Run ShowRuntime Behavior [ RunTime:0.003590s ]
INFO: [ view_filter ] --END-- [ RunTime:0.013844s ]
INFO: [ view_end ] --START--
INFO: Run ShowPageTrace Behavior [ RunTime:0.003271s ]
INFO: [ view_end ] --END-- [ RunTime:0.003853s ]

[ 2013-06-04T20:09:48+08:00 ] ERR: (ThinkException) 无法加载模块:img
[ 2013-06-04T20:13:29+08:00 ] 127.0.0.1 /evbeta/Home/Index/
INFO: [ route_check ] --START--
INFO: Run CheckRoute Behavior [ RunTime:0.006695s ]
INFO: [ route_check ] --END-- [ RunTime:0.007414s ]
INFO: [ app_begin ] --START--
INFO: Run ReadHtmlCache Behavior [ RunTime:0.004316s ]
INFO: [ app_begin ] --END-- [ RunTime:0.005004s ]
NOTIC: [2048] Declaration of IndexAction::error() should be compatible with Action::error($message, $jumpUrl = '', $ajax = false) C:\Program Files\EasyPHP-12.1\www\evbeta\Lib\Action\Home\IndexAction.class.php 第 3 行.
INFO: [ view_template ] --START--
INFO: Run LocationTemplate Behavior [ RunTime:0.006405s ]
INFO: [ view_template ] --END-- [ RunTime:0.007460s ]
INFO: [ view_parse ] --START--
INFO: Run ParseTemplate Behavior [ RunTime:0.044104s ]
INFO: [ view_parse ] --END-- [ RunTime:0.044782s ]
INFO: [ view_filter ] --START--
INFO: Run ContentReplace Behavior [ RunTime:0.002757s ]
INFO: Run TokenBuild Behavior [ RunTime:0.004180s ]
INFO: Run WriteHtmlCache Behavior [ RunTime:0.003091s ]
INFO: Run ShowRuntime Behavior [ RunTime:0.005281s ]
INFO: [ view_filter ] --END-- [ RunTime:0.017030s ]
INFO: [ view_end ] --START--
INFO: Run ShowPageTrace Behavior [ RunTime:0.006846s ]
INFO: [ view_end ] --END-- [ RunTime:0.007629s ]

[ 2013-06-04T20:13:30+08:00 ] ERR: (ThinkException) 无法加载模块:img
[ 2013-06-04T20:13:52+08:00 ] 127.0.0.1 /evbeta/Home/Index/
INFO: [ route_check ] --START--
INFO: Run CheckRoute Behavior [ RunTime:0.002663s ]
INFO: [ route_check ] --END-- [ RunTime:0.003339s ]
INFO: [ app_begin ] --START--
INFO: Run ReadHtmlCache Behavior [ RunTime:0.002751s ]
INFO: [ app_begin ] --END-- [ RunTime:0.003350s ]
NOTIC: [2048] Declaration of IndexAction::error() should be compatible with Action::error($message, $jumpUrl = '', $ajax = false) C:\Program Files\EasyPHP-12.1\www\evbeta\Lib\Action\Home\IndexAction.class.php 第 3 行.
INFO: [ view_template ] --START--
INFO: Run LocationTemplate Behavior [ RunTime:0.006108s ]
INFO: [ view_template ] --END-- [ RunTime:0.006735s ]
INFO: [ view_parse ] --START--
INFO: Run ParseTemplate Behavior [ RunTime:0.044612s ]
INFO: [ view_parse ] --END-- [ RunTime:0.045447s ]
INFO: [ view_filter ] --START--
INFO: Run ContentReplace Behavior [ RunTime:0.002580s ]
INFO: Run TokenBuild Behavior [ RunTime:0.003130s ]
INFO: Run WriteHtmlCache Behavior [ RunTime:0.001938s ]
INFO: Run ShowRuntime Behavior [ RunTime:0.003103s ]
INFO: [ view_filter ] --END-- [ RunTime:0.012652s ]
INFO: [ view_end ] --START--
INFO: Run ShowPageTrace Behavior [ RunTime:0.004001s ]
INFO: [ view_end ] --END-- [ RunTime:0.004573s ]

[ 2013-06-04T20:13:53+08:00 ] ERR: (ThinkException) 无法加载模块:img
[ 2013-06-04T20:14:00+08:00 ] 127.0.0.1 /evbeta/Home/Index/
INFO: [ route_check ] --START--
INFO: Run CheckRoute Behavior [ RunTime:0.011575s ]
INFO: [ route_check ] --END-- [ RunTime:0.012230s ]
INFO: [ app_begin ] --START--
INFO: Run ReadHtmlCache Behavior [ RunTime:0.003582s ]
INFO: [ app_begin ] --END-- [ RunTime:0.004329s ]
NOTIC: [2048] Declaration of IndexAction::error() should be compatible with Action::error($message, $jumpUrl = '', $ajax = false) C:\Program Files\EasyPHP-12.1\www\evbeta\Lib\Action\Home\IndexAction.class.php 第 3 行.
INFO: [ view_template ] --START--
INFO: Run LocationTemplate Behavior [ RunTime:0.005934s ]
INFO: [ view_template ] --END-- [ RunTime:0.006543s ]
INFO: [ view_parse ] --START--
INFO: Run ParseTemplate Behavior [ RunTime:0.069914s ]
INFO: [ view_parse ] --END-- [ RunTime:0.070771s ]
INFO: [ view_filter ] --START--
INFO: Run ContentReplace Behavior [ RunTime:0.002854s ]
INFO: Run TokenBuild Behavior [ RunTime:0.004906s ]
INFO: Run WriteHtmlCache Behavior [ RunTime:0.002525s ]
INFO: Run ShowRuntime Behavior [ RunTime:0.005070s ]
INFO: [ view_filter ] --END-- [ RunTime:0.017347s ]
INFO: [ view_end ] --START--
INFO: Run ShowPageTrace Behavior [ RunTime:0.004152s ]
INFO: [ view_end ] --END-- [ RunTime:0.004826s ]

[ 2013-06-04T20:14:01+08:00 ] ERR: (ThinkException) 无法加载模块:img
[ 2013-06-04T20:14:17+08:00 ] 127.0.0.1 /evbeta/Home/Index/
INFO: [ route_check ] --START--
INFO: Run CheckRoute Behavior [ RunTime:0.002727s ]
INFO: [ route_check ] --END-- [ RunTime:0.003388s ]
INFO: [ app_begin ] --START--
INFO: Run ReadHtmlCache Behavior [ RunTime:0.002897s ]
INFO: [ app_begin ] --END-- [ RunTime:0.003768s ]
NOTIC: [2048] Declaration of IndexAction::error() should be compatible with Action::error($message, $jumpUrl = '', $ajax = false) C:\Program Files\EasyPHP-12.1\www\evbeta\Lib\Action\Home\IndexAction.class.php 第 3 行.
INFO: [ view_template ] --START--
INFO: Run LocationTemplate Behavior [ RunTime:0.006879s ]
INFO: [ view_template ] --END-- [ RunTime:0.008096s ]
INFO: [ view_parse ] --START--
INFO: Run ParseTemplate Behavior [ RunTime:0.043492s ]
INFO: [ view_parse ] --END-- [ RunTime:0.044572s ]
INFO: [ view_filter ] --START--
INFO: Run ContentReplace Behavior [ RunTime:0.003951s ]
INFO: Run TokenBuild Behavior [ RunTime:0.002799s ]
INFO: Run WriteHtmlCache Behavior [ RunTime:0.001951s ]
INFO: Run ShowRuntime Behavior [ RunTime:0.003264s ]
INFO: [ view_filter ] --END-- [ RunTime:0.013604s ]
INFO: [ view_end ] --START--
INFO: Run ShowPageTrace Behavior [ RunTime:0.003202s ]
INFO: [ view_end ] --END-- [ RunTime:0.003781s ]

[ 2013-06-04T20:14:18+08:00 ] ERR: (ThinkException) 无法加载模块:img
[ 2013-06-04T20:17:51+08:00 ] 127.0.0.1 /evbeta/Home/Index/
INFO: [ route_check ] --START--
INFO: Run CheckRoute Behavior [ RunTime:0.004770s ]
INFO: [ route_check ] --END-- [ RunTime:0.005420s ]
INFO: [ app_begin ] --START--
INFO: Run ReadHtmlCache Behavior [ RunTime:0.003334s ]
INFO: [ app_begin ] --END-- [ RunTime:0.003945s ]
NOTIC: [2048] Declaration of IndexAction::error() should be compatible with Action::error($message, $jumpUrl = '', $ajax = false) C:\Program Files\EasyPHP-12.1\www\evbeta\Lib\Action\Home\IndexAction.class.php 第 3 行.
INFO: [ view_template ] --START--
INFO: Run LocationTemplate Behavior [ RunTime:0.005516s ]
INFO: [ view_template ] --END-- [ RunTime:0.006121s ]
INFO: [ view_parse ] --START--
INFO: Run ParseTemplate Behavior [ RunTime:0.043700s ]
INFO: [ view_parse ] --END-- [ RunTime:0.044621s ]
INFO: [ view_filter ] --START--
INFO: Run ContentReplace Behavior [ RunTime:0.004160s ]
INFO: Run TokenBuild Behavior [ RunTime:0.003133s ]
INFO: Run WriteHtmlCache Behavior [ RunTime:0.002493s ]
INFO: Run ShowRuntime Behavior [ RunTime:0.003765s ]
INFO: [ view_filter ] --END-- [ RunTime:0.015672s ]
INFO: [ view_end ] --START--
INFO: Run ShowPageTrace Behavior [ RunTime:0.003998s ]
INFO: [ view_end ] --END-- [ RunTime:0.005401s ]

[ 2013-06-04T20:17:52+08:00 ] ERR: (ThinkException) 无法加载模块:img
[ 2013-06-04T20:18:13+08:00 ] 127.0.0.1 /evbeta/Home/Index/
INFO: [ route_check ] --START--
INFO: Run CheckRoute Behavior [ RunTime:0.002592s ]
INFO: [ route_check ] --END-- [ RunTime:0.003784s ]
INFO: [ app_begin ] --START--
INFO: Run ReadHtmlCache Behavior [ RunTime:0.002388s ]
INFO: [ app_begin ] --END-- [ RunTime:0.003021s ]
NOTIC: [2048] Declaration of IndexAction::error() should be compatible with Action::error($message, $jumpUrl = '', $ajax = false) C:\Program Files\EasyPHP-12.1\www\evbeta\Lib\Action\Home\IndexAction.class.php 第 3 行.
INFO: [ view_template ] --START--
INFO: Run LocationTemplate Behavior [ RunTime:0.005962s ]
INFO: [ view_template ] --END-- [ RunTime:0.006602s ]
INFO: [ view_parse ] --START--
INFO: Run ParseTemplate Behavior [ RunTime:0.040267s ]
INFO: [ view_parse ] --END-- [ RunTime:0.040897s ]
INFO: [ view_filter ] --START--
INFO: Run ContentReplace Behavior [ RunTime:0.003148s ]
INFO: Run TokenBuild Behavior [ RunTime:0.002932s ]
INFO: Run WriteHtmlCache Behavior [ RunTime:0.001974s ]
INFO: Run ShowRuntime Behavior [ RunTime:0.004007s ]
INFO: [ view_filter ] --END-- [ RunTime:0.013654s ]
INFO: [ view_end ] --START--
INFO: Run ShowPageTrace Behavior [ RunTime:0.003253s ]
INFO: [ view_end ] --END-- [ RunTime:0.003924s ]

[ 2013-06-04T20:18:14+08:00 ] ERR: (ThinkException) 无法加载模块:img
[ 2013-06-04T20:18:38+08:00 ] 127.0.0.1 /evbeta/Home/Index/
INFO: [ route_check ] --START--
INFO: Run CheckRoute Behavior [ RunTime:0.002353s ]
INFO: [ route_check ] --END-- [ RunTime:0.002982s ]
INFO: [ app_begin ] --START--
INFO: Run ReadHtmlCache Behavior [ RunTime:0.003789s ]
INFO: [ app_begin ] --END-- [ RunTime:0.004382s ]
NOTIC: [2048] Declaration of IndexAction::error() should be compatible with Action::error($message, $jumpUrl = '', $ajax = false) C:\Program Files\EasyPHP-12.1\www\evbeta\Lib\Action\Home\IndexAction.class.php 第 3 行.
INFO: [ view_template ] --START--
INFO: Run LocationTemplate Behavior [ RunTime:0.006239s ]
INFO: [ view_template ] --END-- [ RunTime:0.006924s ]
INFO: [ view_parse ] --START--
INFO: Run ParseTemplate Behavior [ RunTime:0.041179s ]
INFO: [ view_parse ] --END-- [ RunTime:0.041878s ]
INFO: [ view_filter ] --START--
INFO: Run ContentReplace Behavior [ RunTime:0.002760s ]
INFO: Run TokenBuild Behavior [ RunTime:0.003116s ]
INFO: Run WriteHtmlCache Behavior [ RunTime:0.002454s ]
INFO: Run ShowRuntime Behavior [ RunTime:0.003185s ]
INFO: [ view_filter ] --END-- [ RunTime:0.013087s ]
INFO: [ view_end ] --START--
INFO: Run ShowPageTrace Behavior [ RunTime:0.002950s ]
INFO: [ view_end ] --END-- [ RunTime:0.003539s ]

[ 2013-06-04T20:18:39+08:00 ] ERR: (ThinkException) 无法加载模块:img
[ 2013-06-04T20:18:50+08:00 ] 127.0.0.1 /evbeta/Home/Index/
INFO: [ route_check ] --START--
INFO: Run CheckRoute Behavior [ RunTime:0.003141s ]
INFO: [ route_check ] --END-- [ RunTime:0.003886s ]
INFO: [ app_begin ] --START--
INFO: Run ReadHtmlCache Behavior [ RunTime:0.003468s ]
INFO: [ app_begin ] --END-- [ RunTime:0.004079s ]
NOTIC: [2048] Declaration of IndexAction::error() should be compatible with Action::error($message, $jumpUrl = '', $ajax = false) C:\Program Files\EasyPHP-12.1\www\evbeta\Lib\Action\Home\IndexAction.class.php 第 3 行.
INFO: [ view_template ] --START--
INFO: Run LocationTemplate Behavior [ RunTime:0.002605s ]
INFO: [ view_template ] --END-- [ RunTime:0.003237s ]
INFO: [ view_parse ] --START--
INFO: Run ParseTemplate Behavior [ RunTime:0.032317s ]
INFO: [ view_parse ] --END-- [ RunTime:0.032962s ]
INFO: [ view_filter ] --START--
INFO: Run ContentReplace Behavior [ RunTime:0.001907s ]
INFO: Run TokenBuild Behavior [ RunTime:0.001911s ]
INFO: Run WriteHtmlCache Behavior [ RunTime:0.001312s ]
INFO: Run ShowRuntime Behavior [ RunTime:0.002512s ]
INFO: [ view_filter ] --END-- [ RunTime:0.010029s ]
INFO: [ view_end ] --START--
INFO: Run ShowPageTrace Behavior [ RunTime:0.002294s ]
INFO: [ view_end ] --END-- [ RunTime:0.002862s ]

[ 2013-06-04T20:18:51+08:00 ] ERR: (ThinkException) 无法加载模块:img
[ 2013-06-04T20:19:08+08:00 ] 127.0.0.1 /evbeta/Home/Index/
INFO: [ route_check ] --START--
INFO: Run CheckRoute Behavior [ RunTime:0.002671s ]
INFO: [ route_check ] --END-- [ RunTime:0.003362s ]
INFO: [ app_begin ] --START--
INFO: Run ReadHtmlCache Behavior [ RunTime:0.002446s ]
INFO: [ app_begin ] --END-- [ RunTime:0.003028s ]
NOTIC: [2048] Declaration of IndexAction::error() should be compatible with Action::error($message, $jumpUrl = '', $ajax = false) C:\Program Files\EasyPHP-12.1\www\evbeta\Lib\Action\Home\IndexAction.class.php 第 3 行.
INFO: [ view_template ] --START--
INFO: Run LocationTemplate Behavior [ RunTime:0.004892s ]
INFO: [ view_template ] --END-- [ RunTime:0.005559s ]
INFO: [ view_parse ] --START--
INFO: Run ParseTemplate Behavior [ RunTime:0.046423s ]
INFO: [ view_parse ] --END-- [ RunTime:0.047216s ]
INFO: [ view_filter ] --START--
INFO: Run ContentReplace Behavior [ RunTime:0.002612s ]
INFO: Run TokenBuild Behavior [ RunTime:0.002641s ]
INFO: Run WriteHtmlCache Behavior [ RunTime:0.001899s ]
INFO: Run ShowRuntime Behavior [ RunTime:0.003649s ]
INFO: [ view_filter ] --END-- [ RunTime:0.012351s ]
INFO: [ view_end ] --START--
INFO: Run ShowPageTrace Behavior [ RunTime:0.004383s ]
INFO: [ view_end ] --END-- [ RunTime:0.004960s ]

[ 2013-06-04T20:19:09+08:00 ] ERR: (ThinkException) 无法加载模块:img
[ 2013-06-04T20:19:14+08:00 ] 127.0.0.1 /evbeta/Home/Index/
INFO: [ route_check ] --START--
INFO: Run CheckRoute Behavior [ RunTime:0.004029s ]
INFO: [ route_check ] --END-- [ RunTime:0.004673s ]
INFO: [ app_begin ] --START--
INFO: Run ReadHtmlCache Behavior [ RunTime:0.002369s ]
INFO: [ app_begin ] --END-- [ RunTime:0.002984s ]
NOTIC: [2048] Declaration of IndexAction::error() should be compatible with Action::error($message, $jumpUrl = '', $ajax = false) C:\Program Files\EasyPHP-12.1\www\evbeta\Lib\Action\Home\IndexAction.class.php 第 3 行.
INFO: [ view_template ] --START--
INFO: Run LocationTemplate Behavior [ RunTime:0.001921s ]
INFO: [ view_template ] --END-- [ RunTime:0.002659s ]
INFO: [ view_parse ] --START--
INFO: Run ParseTemplate Behavior [ RunTime:0.037143s ]
INFO: [ view_parse ] --END-- [ RunTime:0.037787s ]
INFO: [ view_filter ] --START--
INFO: Run ContentReplace Behavior [ RunTime:0.002096s ]
INFO: Run TokenBuild Behavior [ RunTime:0.001997s ]
INFO: Run WriteHtmlCache Behavior [ RunTime:0.001282s ]
INFO: Run ShowRuntime Behavior [ RunTime:0.002518s ]
INFO: [ view_filter ] --END-- [ RunTime:0.009837s ]
INFO: [ view_end ] --START--
INFO: Run ShowPageTrace Behavior [ RunTime:0.002722s ]
INFO: [ view_end ] --END-- [ RunTime:0.003880s ]

[ 2013-06-04T20:19:14+08:00 ] ERR: (ThinkException) 无法加载模块:img
[ 2013-06-04T20:19:26+08:00 ] 127.0.0.1 /evbeta/Home/Index/
INFO: [ route_check ] --START--
INFO: Run CheckRoute Behavior [ RunTime:0.003356s ]
INFO: [ route_check ] --END-- [ RunTime:0.004006s ]
INFO: [ app_begin ] --START--
INFO: Run ReadHtmlCache Behavior [ RunTime:0.002340s ]
INFO: [ app_begin ] --END-- [ RunTime:0.002953s ]
NOTIC: [2048] Declaration of IndexAction::error() should be compatible with Action::error($message, $jumpUrl = '', $ajax = false) C:\Program Files\EasyPHP-12.1\www\evbeta\Lib\Action\Home\IndexAction.class.php 第 3 行.
INFO: [ view_template ] --START--
INFO: Run LocationTemplate Behavior [ RunTime:0.008242s ]
INFO: [ view_template ] --END-- [ RunTime:0.008852s ]
INFO: [ view_parse ] --START--
INFO: Run ParseTemplate Behavior [ RunTime:0.039025s ]
INFO: [ view_parse ] --END-- [ RunTime:0.039638s ]
INFO: [ view_filter ] --START--
INFO: Run ContentReplace Behavior [ RunTime:0.003045s ]
INFO: Run TokenBuild Behavior [ RunTime:0.003027s ]
INFO: Run WriteHtmlCache Behavior [ RunTime:0.002029s ]
INFO: Run ShowRuntime Behavior [ RunTime:0.003253s ]
INFO: [ view_filter ] --END-- [ RunTime:0.012934s ]
INFO: [ view_end ] --START--
INFO: Run ShowPageTrace Behavior [ RunTime:0.002893s ]
INFO: [ view_end ] --END-- [ RunTime:0.003455s ]

[ 2013-06-04T20:19:27+08:00 ] ERR: (ThinkException) 无法加载模块:img
[ 2013-06-04T20:19:40+08:00 ] 127.0.0.1 /evbeta/Home/Index/
INFO: [ route_check ] --START--
INFO: Run CheckRoute Behavior [ RunTime:0.002809s ]
INFO: [ route_check ] --END-- [ RunTime:0.003485s ]
INFO: [ app_begin ] --START--
INFO: Run ReadHtmlCache Behavior [ RunTime:0.002134s ]
INFO: [ app_begin ] --END-- [ RunTime:0.002781s ]
NOTIC: [2048] Declaration of IndexAction::error() should be compatible with Action::error($message, $jumpUrl = '', $ajax = false) C:\Program Files\EasyPHP-12.1\www\evbeta\Lib\Action\Home\IndexAction.class.php 第 3 行.
INFO: [ view_template ] --START--
INFO: Run LocationTemplate Behavior [ RunTime:0.001589s ]
INFO: [ view_template ] --END-- [ RunTime:0.002323s ]
INFO: [ view_parse ] --START--
INFO: Run ParseTemplate Behavior [ RunTime:0.031529s ]
INFO: [ view_parse ] --END-- [ RunTime:0.032157s ]
INFO: [ view_filter ] --START--
INFO: Run ContentReplace Behavior [ RunTime:0.001852s ]
INFO: Run TokenBuild Behavior [ RunTime:0.003232s ]
INFO: Run WriteHtmlCache Behavior [ RunTime:0.001459s ]
INFO: Run ShowRuntime Behavior [ RunTime:0.002840s ]
INFO: [ view_filter ] --END-- [ RunTime:0.011313s ]
INFO: [ view_end ] --START--
INFO: Run ShowPageTrace Behavior [ RunTime:0.003027s ]
INFO: [ view_end ] --END-- [ RunTime:0.003903s ]

[ 2013-06-04T20:19:41+08:00 ] ERR: (ThinkException) 无法加载模块:img
[ 2013-06-04T20:21:58+08:00 ] 127.0.0.1 /evbeta/Home/Index/
INFO: [ route_check ] --START--
INFO: Run CheckRoute Behavior [ RunTime:0.004799s ]
INFO: [ route_check ] --END-- [ RunTime:0.005444s ]
INFO: [ app_begin ] --START--
INFO: Run ReadHtmlCache Behavior [ RunTime:0.003515s ]
INFO: [ app_begin ] --END-- [ RunTime:0.004510s ]
NOTIC: [2048] Declaration of IndexAction::error() should be compatible with Action::error($message, $jumpUrl = '', $ajax = false) C:\Program Files\EasyPHP-12.1\www\evbeta\Lib\Action\Home\IndexAction.class.php 第 3 行.
INFO: [ view_template ] --START--
INFO: Run LocationTemplate Behavior [ RunTime:0.005429s ]
INFO: [ view_template ] --END-- [ RunTime:0.006061s ]
INFO: [ view_parse ] --START--
INFO: Run ParseTemplate Behavior [ RunTime:0.042738s ]
INFO: [ view_parse ] --END-- [ RunTime:0.043353s ]
INFO: [ view_filter ] --START--
INFO: Run ContentReplace Behavior [ RunTime:0.002836s ]
INFO: Run TokenBuild Behavior [ RunTime:0.003545s ]
INFO: Run WriteHtmlCache Behavior [ RunTime:0.002692s ]
INFO: Run ShowRuntime Behavior [ RunTime:0.003461s ]
INFO: [ view_filter ] --END-- [ RunTime:0.014126s ]
INFO: [ view_end ] --START--
INFO: Run ShowPageTrace Behavior [ RunTime:0.002998s ]
INFO: [ view_end ] --END-- [ RunTime:0.003562s ]

[ 2013-06-04T20:21:58+08:00 ] ERR: (ThinkException) 无法加载模块:img
[ 2013-06-04T20:23:21+08:00 ] 127.0.0.1 /evbeta/Home/Index/
INFO: [ route_check ] --START--
INFO: Run CheckRoute Behavior [ RunTime:0.003049s ]
INFO: [ route_check ] --END-- [ RunTime:0.003680s ]
INFO: [ app_begin ] --START--
INFO: Run ReadHtmlCache Behavior [ RunTime:0.002323s ]
INFO: [ app_begin ] --END-- [ RunTime:0.003015s ]
NOTIC: [2048] Declaration of IndexAction::error() should be compatible with Action::error($message, $jumpUrl = '', $ajax = false) C:\Program Files\EasyPHP-12.1\www\evbeta\Lib\Action\Home\IndexAction.class.php 第 3 行.
INFO: [ view_template ] --START--
INFO: Run LocationTemplate Behavior [ RunTime:0.004619s ]
INFO: [ view_template ] --END-- [ RunTime:0.005319s ]
INFO: [ view_parse ] --START--
INFO: Run ParseTemplate Behavior [ RunTime:0.040030s ]
INFO: [ view_parse ] --END-- [ RunTime:0.040762s ]
INFO: [ view_filter ] --START--
INFO: Run ContentReplace Behavior [ RunTime:0.003399s ]
INFO: Run TokenBuild Behavior [ RunTime:0.003124s ]
INFO: Run WriteHtmlCache Behavior [ RunTime:0.002351s ]
INFO: Run ShowRuntime Behavior [ RunTime:0.004292s ]
INFO: [ view_filter ] --END-- [ RunTime:0.015169s ]
INFO: [ view_end ] --START--
INFO: Run ShowPageTrace Behavior [ RunTime:0.003263s ]
INFO: [ view_end ] --END-- [ RunTime:0.003964s ]

[ 2013-06-04T20:23:22+08:00 ] ERR: (ThinkException) 无法加载模块:img
[ 2013-06-04T20:23:42+08:00 ] 127.0.0.1 /evbeta/Home/Index/
INFO: [ route_check ] --START--
INFO: Run CheckRoute Behavior [ RunTime:0.002646s ]
INFO: [ route_check ] --END-- [ RunTime:0.003299s ]
INFO: [ app_begin ] --START--
INFO: Run ReadHtmlCache Behavior [ RunTime:0.002998s ]
INFO: [ app_begin ] --END-- [ RunTime:0.003610s ]
NOTIC: [2048] Declaration of IndexAction::error() should be compatible with Action::error($message, $jumpUrl = '', $ajax = false) C:\Program Files\EasyPHP-12.1\www\evbeta\Lib\Action\Home\IndexAction.class.php 第 3 行.
INFO: [ view_template ] --START--
INFO: Run LocationTemplate Behavior [ RunTime:0.005028s ]
INFO: [ view_template ] --END-- [ RunTime:0.005697s ]
INFO: [ view_parse ] --START--
INFO: Run ParseTemplate Behavior [ RunTime:0.043114s ]
INFO: [ view_parse ] --END-- [ RunTime:0.043719s ]
INFO: [ view_filter ] --START--
INFO: Run ContentReplace Behavior [ RunTime:0.002819s ]
INFO: Run TokenBuild Behavior [ RunTime:0.003335s ]
INFO: Run WriteHtmlCache Behavior [ RunTime:0.002577s ]
INFO: Run ShowRuntime Behavior [ RunTime:0.003587s ]
INFO: [ view_filter ] --END-- [ RunTime:0.013888s ]
INFO: [ view_end ] --START--
INFO: Run ShowPageTrace Behavior [ RunTime:0.003515s ]
INFO: [ view_end ] --END-- [ RunTime:0.004074s ]

[ 2013-06-04T20:23:43+08:00 ] ERR: (ThinkException) 无法加载模块:img
[ 2013-06-04T20:24:24+08:00 ] 127.0.0.1 /evbeta/Home/Index/
INFO: [ route_check ] --START--
INFO: Run CheckRoute Behavior [ RunTime:0.005705s ]
INFO: [ route_check ] --END-- [ RunTime:0.006349s ]
INFO: [ app_begin ] --START--
INFO: Run ReadHtmlCache Behavior [ RunTime:0.002931s ]
INFO: [ app_begin ] --END-- [ RunTime:0.003537s ]
NOTIC: [2048] Declaration of IndexAction::error() should be compatible with Action::error($message, $jumpUrl = '', $ajax = false) C:\Program Files\EasyPHP-12.1\www\evbeta\Lib\Action\Home\IndexAction.class.php 第 3 行.
INFO: [ view_template ] --START--
INFO: Run LocationTemplate Behavior [ RunTime:0.005124s ]
INFO: [ view_template ] --END-- [ RunTime:0.005867s ]
INFO: [ view_parse ] --START--
INFO: Run ParseTemplate Behavior [ RunTime:0.040572s ]
INFO: [ view_parse ] --END-- [ RunTime:0.041179s ]
INFO: [ view_filter ] --START--
INFO: Run ContentReplace Behavior [ RunTime:0.002885s ]
INFO: Run TokenBuild Behavior [ RunTime:0.002777s ]
INFO: Run WriteHtmlCache Behavior [ RunTime:0.002331s ]
INFO: Run ShowRuntime Behavior [ RunTime:0.003871s ]
INFO: [ view_filter ] --END-- [ RunTime:0.013457s ]
INFO: [ view_end ] --START--
INFO: Run ShowPageTrace Behavior [ RunTime:0.003003s ]
INFO: [ view_end ] --END-- [ RunTime:0.003609s ]

[ 2013-06-04T20:24:25+08:00 ] ERR: (ThinkException) 无法加载模块:img
[ 2013-06-04T20:24:50+08:00 ] 127.0.0.1 /evbeta/Home/Index/
INFO: [ route_check ] --START--
INFO: Run CheckRoute Behavior [ RunTime:0.002646s ]
INFO: [ route_check ] --END-- [ RunTime:0.003396s ]
INFO: [ app_begin ] --START--
INFO: Run ReadHtmlCache Behavior [ RunTime:0.002260s ]
INFO: [ app_begin ] --END-- [ RunTime:0.002852s ]
NOTIC: [2048] Declaration of IndexAction::error() should be compatible with Action::error($message, $jumpUrl = '', $ajax = false) C:\Program Files\EasyPHP-12.1\www\evbeta\Lib\Action\Home\IndexAction.class.php 第 3 行.
INFO: [ view_template ] --START--
INFO: Run LocationTemplate Behavior [ RunTime:0.005429s ]
INFO: [ view_template ] --END-- [ RunTime:0.006529s ]
INFO: [ view_parse ] --START--
INFO: Run ParseTemplate Behavior [ RunTime:0.042812s ]
INFO: [ view_parse ] --END-- [ RunTime:0.043541s ]
INFO: [ view_filter ] --START--
INFO: Run ContentReplace Behavior [ RunTime:0.002653s ]
INFO: Run TokenBuild Behavior [ RunTime:0.003544s ]
INFO: Run WriteHtmlCache Behavior [ RunTime:0.002115s ]
INFO: Run ShowRuntime Behavior [ RunTime:0.003345s ]
INFO: [ view_filter ] --END-- [ RunTime:0.013264s ]
INFO: [ view_end ] --START--
INFO: Run ShowPageTrace Behavior [ RunTime:0.002952s ]
INFO: [ view_end ] --END-- [ RunTime:0.003566s ]

[ 2013-06-04T20:24:51+08:00 ] ERR: (ThinkException) 无法加载模块:img
[ 2013-06-04T20:25:27+08:00 ] 127.0.0.1 /evbeta/Home/Index/
INFO: [ route_check ] --START--
INFO: Run CheckRoute Behavior [ RunTime:0.002555s ]
INFO: [ route_check ] --END-- [ RunTime:0.004156s ]
INFO: [ app_begin ] --START--
INFO: Run ReadHtmlCache Behavior [ RunTime:0.002952s ]
INFO: [ app_begin ] --END-- [ RunTime:0.003837s ]
NOTIC: [2048] Declaration of IndexAction::error() should be compatible with Action::error($message, $jumpUrl = '', $ajax = false) C:\Program Files\EasyPHP-12.1\www\evbeta\Lib\Action\Home\IndexAction.class.php 第 3 行.
INFO: [ view_template ] --START--
INFO: Run LocationTemplate Behavior [ RunTime:0.005125s ]
INFO: [ view_template ] --END-- [ RunTime:0.005795s ]
INFO: [ view_parse ] --START--
INFO: Run ParseTemplate Behavior [ RunTime:0.041746s ]
INFO: [ view_parse ] --END-- [ RunTime:0.042379s ]
INFO: [ view_filter ] --START--
INFO: Run ContentReplace Behavior [ RunTime:0.003443s ]
INFO: Run TokenBuild Behavior [ RunTime:0.003011s ]
INFO: Run WriteHtmlCache Behavior [ RunTime:0.001970s ]
INFO: Run ShowRuntime Behavior [ RunTime:0.003499s ]
INFO: [ view_filter ] --END-- [ RunTime:0.013810s ]
INFO: [ view_end ] --START--
INFO: Run ShowPageTrace Behavior [ RunTime:0.002821s ]
INFO: [ view_end ] --END-- [ RunTime:0.003381s ]

[ 2013-06-04T20:25:28+08:00 ] ERR: (ThinkException) 无法加载模块:img
[ 2013-06-04T20:25:44+08:00 ] 127.0.0.1 /evbeta/Home/Index/
INFO: [ route_check ] --START--
INFO: Run CheckRoute Behavior [ RunTime:0.002741s ]
INFO: [ route_check ] --END-- [ RunTime:0.003393s ]
INFO: [ app_begin ] --START--
INFO: Run ReadHtmlCache Behavior [ RunTime:0.002780s ]
INFO: [ app_begin ] --END-- [ RunTime:0.003405s ]
NOTIC: [2048] Declaration of IndexAction::error() should be compatible with Action::error($message, $jumpUrl = '', $ajax = false) C:\Program Files\EasyPHP-12.1\www\evbeta\Lib\Action\Home\IndexAction.class.php 第 3 行.
INFO: [ view_template ] --START--
INFO: Run LocationTemplate Behavior [ RunTime:0.005518s ]
INFO: [ view_template ] --END-- [ RunTime:0.006128s ]
INFO: [ view_parse ] --START--
INFO: Run ParseTemplate Behavior [ RunTime:0.042881s ]
INFO: [ view_parse ] --END-- [ RunTime:0.043492s ]
INFO: [ view_filter ] --START--
INFO: Run ContentReplace Behavior [ RunTime:0.003936s ]
INFO: Run TokenBuild Behavior [ RunTime:0.003150s ]
INFO: Run WriteHtmlCache Behavior [ RunTime:0.002026s ]
INFO: Run ShowRuntime Behavior [ RunTime:0.003477s ]
INFO: [ view_filter ] --END-- [ RunTime:0.014179s ]
INFO: [ view_end ] --START--
INFO: Run ShowPageTrace Behavior [ RunTime:0.003479s ]
INFO: [ view_end ] --END-- [ RunTime:0.004104s ]

[ 2013-06-04T20:25:45+08:00 ] ERR: (ThinkException) 无法加载模块:img
[ 2013-06-04T20:26:07+08:00 ] 127.0.0.1 /evbeta/Home/Index/
INFO: [ route_check ] --START--
INFO: Run CheckRoute Behavior [ RunTime:0.003081s ]
INFO: [ route_check ] --END-- [ RunTime:0.004005s ]
INFO: [ app_begin ] --START--
INFO: Run ReadHtmlCache Behavior [ RunTime:0.002518s ]
INFO: [ app_begin ] --END-- [ RunTime:0.003110s ]
NOTIC: [2048] Declaration of IndexAction::error() should be compatible with Action::error($message, $jumpUrl = '', $ajax = false) C:\Program Files\EasyPHP-12.1\www\evbeta\Lib\Action\Home\IndexAction.class.php 第 3 行.
INFO: [ view_template ] --START--
INFO: Run LocationTemplate Behavior [ RunTime:0.005670s ]
INFO: [ view_template ] --END-- [ RunTime:0.006407s ]
INFO: [ view_parse ] --START--
INFO: Run ParseTemplate Behavior [ RunTime:0.039623s ]
INFO: [ view_parse ] --END-- [ RunTime:0.040284s ]
INFO: [ view_filter ] --START--
INFO: Run ContentReplace Behavior [ RunTime:0.002830s ]
INFO: Run TokenBuild Behavior [ RunTime:0.003147s ]
INFO: Run WriteHtmlCache Behavior [ RunTime:0.002030s ]
INFO: Run ShowRuntime Behavior [ RunTime:0.004408s ]
INFO: [ view_filter ] --END-- [ RunTime:0.014225s ]
INFO: [ view_end ] --START--
INFO: Run ShowPageTrace Behavior [ RunTime:0.003134s ]
INFO: [ view_end ] --END-- [ RunTime:0.003706s ]

[ 2013-06-04T20:26:08+08:00 ] ERR: (ThinkException) 无法加载模块:img
[ 2013-06-04T20:26:17+08:00 ] 127.0.0.1 /evbeta/Home/Index/
INFO: [ route_check ] --START--
INFO: Run CheckRoute Behavior [ RunTime:0.002691s ]
INFO: [ route_check ] --END-- [ RunTime:0.003340s ]
INFO: [ app_begin ] --START--
INFO: Run ReadHtmlCache Behavior [ RunTime:0.002533s ]
INFO: [ app_begin ] --END-- [ RunTime:0.003168s ]
NOTIC: [2048] Declaration of IndexAction::error() should be compatible with Action::error($message, $jumpUrl = '', $ajax = false) C:\Program Files\EasyPHP-12.1\www\evbeta\Lib\Action\Home\IndexAction.class.php 第 3 行.
INFO: [ view_template ] --START--
INFO: Run LocationTemplate Behavior [ RunTime:0.001666s ]
INFO: [ view_template ] --END-- [ RunTime:0.002332s ]
INFO: [ view_parse ] --START--
INFO: Run ParseTemplate Behavior [ RunTime:0.034918s ]
INFO: [ view_parse ] --END-- [ RunTime:0.035527s ]
INFO: [ view_filter ] --START--
INFO: Run ContentReplace Behavior [ RunTime:0.002337s ]
INFO: Run TokenBuild Behavior [ RunTime:0.002034s ]
INFO: Run WriteHtmlCache Behavior [ RunTime:0.001407s ]
INFO: Run ShowRuntime Behavior [ RunTime:0.002557s ]
INFO: [ view_filter ] --END-- [ RunTime:0.010076s ]
INFO: [ view_end ] --START--
INFO: Run ShowPageTrace Behavior [ RunTime:0.002127s ]
INFO: [ view_end ] --END-- [ RunTime:0.003540s ]

[ 2013-06-04T20:26:18+08:00 ] ERR: (ThinkException) 无法加载模块:img
[ 2013-06-04T20:27:11+08:00 ] 127.0.0.1 /evbeta/Home/Index/
INFO: [ route_check ] --START--
INFO: Run CheckRoute Behavior [ RunTime:0.002912s ]
INFO: [ route_check ] --END-- [ RunTime:0.003552s ]
INFO: [ app_begin ] --START--
INFO: Run ReadHtmlCache Behavior [ RunTime:0.002283s ]
INFO: [ app_begin ] --END-- [ RunTime:0.002879s ]
NOTIC: [2048] Declaration of IndexAction::error() should be compatible with Action::error($message, $jumpUrl = '', $ajax = false) C:\Program Files\EasyPHP-12.1\www\evbeta\Lib\Action\Home\IndexAction.class.php 第 3 行.
INFO: [ view_template ] --START--
INFO: Run LocationTemplate Behavior [ RunTime:0.005614s ]
INFO: [ view_template ] --END-- [ RunTime:0.006244s ]
INFO: [ view_parse ] --START--
INFO: Run ParseTemplate Behavior [ RunTime:0.040438s ]
INFO: [ view_parse ] --END-- [ RunTime:0.041042s ]
INFO: [ view_filter ] --START--
INFO: Run ContentReplace Behavior [ RunTime:0.002752s ]
INFO: Run TokenBuild Behavior [ RunTime:0.003047s ]
INFO: Run WriteHtmlCache Behavior [ RunTime:0.001981s ]
INFO: Run ShowRuntime Behavior [ RunTime:0.003170s ]
INFO: [ view_filter ] --END-- [ RunTime:0.012552s ]
INFO: [ view_end ] --START--
INFO: Run ShowPageTrace Behavior [ RunTime:0.003324s ]
INFO: [ view_end ] --END-- [ RunTime:0.003954s ]

[ 2013-06-04T20:27:12+08:00 ] ERR: (ThinkException) 无法加载模块:img
[ 2013-06-04T20:28:35+08:00 ] 127.0.0.1 /evbeta/Home/Index/
INFO: [ route_check ] --START--
INFO: Run CheckRoute Behavior [ RunTime:0.003508s ]
INFO: [ route_check ] --END-- [ RunTime:0.004238s ]
INFO: [ app_begin ] --START--
INFO: Run ReadHtmlCache Behavior [ RunTime:0.002373s ]
INFO: [ app_begin ] --END-- [ RunTime:0.002973s ]
NOTIC: [2048] Declaration of IndexAction::error() should be compatible with Action::error($message, $jumpUrl = '', $ajax = false) C:\Program Files\EasyPHP-12.1\www\evbeta\Lib\Action\Home\IndexAction.class.php 第 3 行.
INFO: [ view_template ] --START--
INFO: Run LocationTemplate Behavior [ RunTime:0.005120s ]
INFO: [ view_template ] --END-- [ RunTime:0.005746s ]
INFO: [ view_parse ] --START--
INFO: Run ParseTemplate Behavior [ RunTime:0.043060s ]
INFO: [ view_parse ] --END-- [ RunTime:0.043977s ]
INFO: [ view_filter ] --START--
INFO: Run ContentReplace Behavior [ RunTime:0.003026s ]
INFO: Run TokenBuild Behavior [ RunTime:0.002670s ]
INFO: Run WriteHtmlCache Behavior [ RunTime:0.002362s ]
INFO: Run ShowRuntime Behavior [ RunTime:0.003540s ]
INFO: [ view_filter ] --END-- [ RunTime:0.013181s ]
INFO: [ view_end ] --START--
INFO: Run ShowPageTrace Behavior [ RunTime:0.003836s ]
INFO: [ view_end ] --END-- [ RunTime:0.004435s ]

[ 2013-06-04T20:28:36+08:00 ] ERR: (ThinkException) 无法加载模块:img
[ 2013-06-04T20:29:43+08:00 ] 127.0.0.1 /evbeta/Home/Index/
INFO: [ route_check ] --START--
INFO: Run CheckRoute Behavior [ RunTime:0.002372s ]
INFO: [ route_check ] --END-- [ RunTime:0.003002s ]
INFO: [ app_begin ] --START--
INFO: Run ReadHtmlCache Behavior [ RunTime:0.002611s ]
INFO: [ app_begin ] --END-- [ RunTime:0.003223s ]
NOTIC: [2048] Declaration of IndexAction::error() should be compatible with Action::error($message, $jumpUrl = '', $ajax = false) C:\Program Files\EasyPHP-12.1\www\evbeta\Lib\Action\Home\IndexAction.class.php 第 3 行.
INFO: [ view_template ] --START--
INFO: Run LocationTemplate Behavior [ RunTime:0.005163s ]
INFO: [ view_template ] --END-- [ RunTime:0.005788s ]
INFO: [ view_parse ] --START--
INFO: Run ParseTemplate Behavior [ RunTime:0.042241s ]
INFO: [ view_parse ] --END-- [ RunTime:0.042857s ]
INFO: [ view_filter ] --START--
INFO: Run ContentReplace Behavior [ RunTime:0.003307s ]
INFO: Run TokenBuild Behavior [ RunTime:0.003148s ]
INFO: Run WriteHtmlCache Behavior [ RunTime:0.002063s ]
INFO: Run ShowRuntime Behavior [ RunTime:0.003307s ]
INFO: [ view_filter ] --END-- [ RunTime:0.014038s ]
INFO: [ view_end ] --START--
INFO: Run ShowPageTrace Behavior [ RunTime:0.003509s ]
INFO: [ view_end ] --END-- [ RunTime:0.004084s ]

[ 2013-06-04T20:29:44+08:00 ] ERR: (ThinkException) 无法加载模块:img
[ 2013-06-04T20:29:56+08:00 ] 127.0.0.1 /evbeta/Home/Index/
INFO: [ route_check ] --START--
INFO: Run CheckRoute Behavior [ RunTime:0.002676s ]
INFO: [ route_check ] --END-- [ RunTime:0.003543s ]
INFO: [ app_begin ] --START--
INFO: Run ReadHtmlCache Behavior [ RunTime:0.002166s ]
INFO: [ app_begin ] --END-- [ RunTime:0.002774s ]
NOTIC: [2048] Declaration of IndexAction::error() should be compatible with Action::error($message, $jumpUrl = '', $ajax = false) C:\Program Files\EasyPHP-12.1\www\evbeta\Lib\Action\Home\IndexAction.class.php 第 3 行.
INFO: [ view_template ] --START--
INFO: Run LocationTemplate Behavior [ RunTime:0.007839s ]
INFO: [ view_template ] --END-- [ RunTime:0.008741s ]
INFO: [ view_parse ] --START--
INFO: Run ParseTemplate Behavior [ RunTime:0.041755s ]
INFO: [ view_parse ] --END-- [ RunTime:0.042434s ]
INFO: [ view_filter ] --START--
INFO: Run ContentReplace Behavior [ RunTime:0.002857s ]
INFO: Run TokenBuild Behavior [ RunTime:0.002772s ]
INFO: Run WriteHtmlCache Behavior [ RunTime:0.002307s ]
INFO: Run ShowRuntime Behavior [ RunTime:0.003225s ]
INFO: [ view_filter ] --END-- [ RunTime:0.012791s ]
INFO: [ view_end ] --START--
INFO: Run ShowPageTrace Behavior [ RunTime:0.003458s ]
INFO: [ view_end ] --END-- [ RunTime:0.004032s ]

[ 2013-06-04T20:29:57+08:00 ] ERR: (ThinkException) 无法加载模块:img
[ 2013-06-04T20:31:03+08:00 ] 127.0.0.1 /evbeta/Home/Index/
INFO: [ route_check ] --START--
INFO: Run CheckRoute Behavior [ RunTime:0.005656s ]
INFO: [ route_check ] --END-- [ RunTime:0.006600s ]
INFO: [ app_begin ] --START--
INFO: Run ReadHtmlCache Behavior [ RunTime:0.003437s ]
INFO: [ app_begin ] --END-- [ RunTime:0.004088s ]
NOTIC: [2048] Declaration of IndexAction::error() should be compatible with Action::error($message, $jumpUrl = '', $ajax = false) C:\Program Files\EasyPHP-12.1\www\evbeta\Lib\Action\Home\IndexAction.class.php 第 3 行.
INFO: [ view_template ] --START--
INFO: Run LocationTemplate Behavior [ RunTime:0.008543s ]
INFO: [ view_template ] --END-- [ RunTime:0.009153s ]
INFO: [ view_parse ] --START--
INFO: Run ParseTemplate Behavior [ RunTime:0.041721s ]
INFO: [ view_parse ] --END-- [ RunTime:0.042327s ]
INFO: [ view_filter ] --START--
INFO: Run ContentReplace Behavior [ RunTime:0.002988s ]
INFO: Run TokenBuild Behavior [ RunTime:0.002810s ]
INFO: Run WriteHtmlCache Behavior [ RunTime:0.002009s ]
INFO: Run ShowRuntime Behavior [ RunTime:0.003927s ]
INFO: [ view_filter ] --END-- [ RunTime:0.013629s ]
INFO: [ view_end ] --START--
INFO: Run ShowPageTrace Behavior [ RunTime:0.003047s ]
INFO: [ view_end ] --END-- [ RunTime:0.004030s ]

[ 2013-06-04T20:31:04+08:00 ] ERR: (ThinkException) 无法加载模块:img
[ 2013-06-04T20:31:33+08:00 ] 127.0.0.1 /evbeta/Home/Index/
INFO: [ route_check ] --START--
INFO: Run CheckRoute Behavior [ RunTime:0.002781s ]
INFO: [ route_check ] --END-- [ RunTime:0.003462s ]
INFO: [ app_begin ] --START--
INFO: Run ReadHtmlCache Behavior [ RunTime:0.002604s ]
INFO: [ app_begin ] --END-- [ RunTime:0.003202s ]
NOTIC: [2048] Declaration of IndexAction::error() should be compatible with Action::error($message, $jumpUrl = '', $ajax = false) C:\Program Files\EasyPHP-12.1\www\evbeta\Lib\Action\Home\IndexAction.class.php 第 3 行.
INFO: [ view_template ] --START--
INFO: Run LocationTemplate Behavior [ RunTime:0.005546s ]
INFO: [ view_template ] --END-- [ RunTime:0.006156s ]
INFO: [ view_parse ] --START--
INFO: Run ParseTemplate Behavior [ RunTime:0.040777s ]
INFO: [ view_parse ] --END-- [ RunTime:0.041512s ]
INFO: [ view_filter ] --START--
INFO: Run ContentReplace Behavior [ RunTime:0.002917s ]
INFO: Run TokenBuild Behavior [ RunTime:0.003756s ]
INFO: Run WriteHtmlCache Behavior [ RunTime:0.002099s ]
INFO: Run ShowRuntime Behavior [ RunTime:0.003624s ]
INFO: [ view_filter ] --END-- [ RunTime:0.014191s ]
INFO: [ view_end ] --START--
INFO: Run ShowPageTrace Behavior [ RunTime:0.003329s ]
INFO: [ view_end ] --END-- [ RunTime:0.003915s ]

[ 2013-06-04T20:31:33+08:00 ] ERR: (ThinkException) 无法加载模块:img
[ 2013-06-04T20:31:52+08:00 ] 127.0.0.1 /evbeta/Home/Index/
INFO: [ route_check ] --START--
INFO: Run CheckRoute Behavior [ RunTime:0.002438s ]
INFO: [ route_check ] --END-- [ RunTime:0.003072s ]
INFO: [ app_begin ] --START--
INFO: Run ReadHtmlCache Behavior [ RunTime:0.002365s ]
INFO: [ app_begin ] --END-- [ RunTime:0.002959s ]
NOTIC: [2048] Declaration of IndexAction::error() should be compatible with Action::error($message, $jumpUrl = '', $ajax = false) C:\Program Files\EasyPHP-12.1\www\evbeta\Lib\Action\Home\IndexAction.class.php 第 3 行.
INFO: [ view_template ] --START--
INFO: Run LocationTemplate Behavior [ RunTime:0.001879s ]
INFO: [ view_template ] --END-- [ RunTime:0.002458s ]
INFO: [ view_parse ] --START--
INFO: Run ParseTemplate Behavior [ RunTime:0.032800s ]
INFO: [ view_parse ] --END-- [ RunTime:0.033399s ]
INFO: [ view_filter ] --START--
INFO: Run ContentReplace Behavior [ RunTime:0.002428s ]
INFO: Run TokenBuild Behavior [ RunTime:0.001896s ]
INFO: Run WriteHtmlCache Behavior [ RunTime:0.001764s ]
INFO: Run ShowRuntime Behavior [ RunTime:0.002339s ]
INFO: [ view_filter ] --END-- [ RunTime:0.010029s ]
INFO: [ view_end ] --START--
INFO: Run ShowPageTrace Behavior [ RunTime:0.002154s ]
INFO: [ view_end ] --END-- [ RunTime:0.002749s ]

[ 2013-06-04T20:31:53+08:00 ] ERR: (ThinkException) 无法加载模块:img
[ 2013-06-04T20:33:16+08:00 ] 127.0.0.1 /evbeta/Home/Index/
INFO: [ route_check ] --START--
INFO: Run CheckRoute Behavior [ RunTime:0.003410s ]
INFO: [ route_check ] --END-- [ RunTime:0.004059s ]
INFO: [ app_begin ] --START--
INFO: Run ReadHtmlCache Behavior [ RunTime:0.002520s ]
INFO: [ app_begin ] --END-- [ RunTime:0.003195s ]
NOTIC: [2048] Declaration of IndexAction::error() should be compatible with Action::error($message, $jumpUrl = '', $ajax = false) C:\Program Files\EasyPHP-12.1\www\evbeta\Lib\Action\Home\IndexAction.class.php 第 3 行.
INFO: [ view_template ] --START--
INFO: Run LocationTemplate Behavior [ RunTime:0.008137s ]
INFO: [ view_template ] --END-- [ RunTime:0.008836s ]
INFO: [ view_parse ] --START--
INFO: Run ParseTemplate Behavior [ RunTime:0.042469s ]
INFO: [ view_parse ] --END-- [ RunTime:0.043087s ]
INFO: [ view_filter ] --START--
INFO: Run ContentReplace Behavior [ RunTime:0.002889s ]
INFO: Run TokenBuild Behavior [ RunTime:0.003655s ]
INFO: Run WriteHtmlCache Behavior [ RunTime:0.003259s ]
INFO: Run ShowRuntime Behavior [ RunTime:0.004490s ]
INFO: [ view_filter ] --END-- [ RunTime:0.015911s ]
INFO: [ view_end ] --START--
INFO: Run ShowPageTrace Behavior [ RunTime:0.006443s ]
INFO: [ view_end ] --END-- [ RunTime:0.007025s ]

[ 2013-06-04T20:33:17+08:00 ] ERR: (ThinkException) 无法加载模块:img
[ 2013-06-04T20:34:12+08:00 ] 127.0.0.1 /evbeta/Home/Index/
INFO: [ route_check ] --START--
INFO: Run CheckRoute Behavior [ RunTime:0.002321s ]
INFO: [ route_check ] --END-- [ RunTime:0.002946s ]
INFO: [ app_begin ] --START--
INFO: Run ReadHtmlCache Behavior [ RunTime:0.002309s ]
INFO: [ app_begin ] --END-- [ RunTime:0.002888s ]
NOTIC: [2048] Declaration of IndexAction::error() should be compatible with Action::error($message, $jumpUrl = '', $ajax = false) C:\Program Files\EasyPHP-12.1\www\evbeta\Lib\Action\Home\IndexAction.class.php 第 3 行.
INFO: [ view_template ] --START--
INFO: Run LocationTemplate Behavior [ RunTime:0.005382s ]
INFO: [ view_template ] --END-- [ RunTime:0.006008s ]
INFO: [ view_parse ] --START--
INFO: Run ParseTemplate Behavior [ RunTime:0.066149s ]
INFO: [ view_parse ] --END-- [ RunTime:0.066757s ]
INFO: [ view_filter ] --START--
INFO: Run ContentReplace Behavior [ RunTime:0.003141s ]
INFO: Run TokenBuild Behavior [ RunTime:0.003057s ]
INFO: Run WriteHtmlCache Behavior [ RunTime:0.002269s ]
INFO: Run ShowRuntime Behavior [ RunTime:0.003558s ]
INFO: [ view_filter ] --END-- [ RunTime:0.014734s ]
INFO: [ view_end ] --START--
INFO: Run ShowPageTrace Behavior [ RunTime:0.003303s ]
INFO: [ view_end ] --END-- [ RunTime:0.003976s ]

[ 2013-06-04T20:34:12+08:00 ] ERR: (ThinkException) 无法加载模块:img
