[ 2013-05-29T20:54:18+08:00 ] 127.0.0.1 /evbeta/User/Storer/
INFO: [ route_check ] --START--
INFO: Run CheckRoute Behavior [ RunTime:0.006436s ]
INFO: [ route_check ] --END-- [ RunTime:0.007075s ]
INFO: [ app_begin ] --START--
INFO: Run ReadHtmlCache Behavior [ RunTime:0.020303s ]
INFO: [ app_begin ] --END-- [ RunTime:0.021066s ]
SQL: SHOW COLUMNS FROM `business` [ RunTime:0.026381s ]
SQL: SELECT * FROM `business` WHERE ( `userid` = null )  [ RunTime:0.025220s ]
INFO: [ view_template ] --START--
INFO: Run LocationTemplate Behavior [ RunTime:0.053928s ]
INFO: [ view_template ] --END-- [ RunTime:0.054538s ]
INFO: [ view_parse ] --START--
INFO: Run ParseTemplate Behavior [ RunTime:0.151589s ]
INFO: [ view_parse ] --END-- [ RunTime:0.152697s ]
INFO: [ view_filter ] --START--
INFO: Run ContentReplace Behavior [ RunTime:0.024428s ]
INFO: Run TokenBuild Behavior [ RunTime:0.035547s ]
INFO: Run WriteHtmlCache Behavior [ RunTime:0.002506s ]
INFO: Run ShowRuntime Behavior [ RunTime:0.004958s ]
INFO: [ view_filter ] --END-- [ RunTime:0.069028s ]
INFO: [ view_end ] --START--
INFO: Run ShowPageTrace Behavior [ RunTime:0.004192s ]
INFO: [ view_end ] --END-- [ RunTime:0.004764s ]

[ 2013-05-29T20:54:38+08:00 ] 127.0.0.1 /evbeta/User/Storer/
INFO: [ route_check ] --START--
INFO: Run CheckRoute Behavior [ RunTime:0.004643s ]
INFO: [ route_check ] --END-- [ RunTime:0.005260s ]
INFO: [ app_begin ] --START--
INFO: Run ReadHtmlCache Behavior [ RunTime:0.003316s ]
INFO: [ app_begin ] --END-- [ RunTime:0.003921s ]
SQL: SHOW COLUMNS FROM `business` [ RunTime:0.027618s ]
SQL: SELECT * FROM `business` WHERE ( `userid` = null )  [ RunTime:0.025158s ]
INFO: [ view_template ] --START--
INFO: Run LocationTemplate Behavior [ RunTime:0.005165s ]
INFO: [ view_template ] --END-- [ RunTime:0.005764s ]
INFO: [ view_parse ] --START--
INFO: Run ParseTemplate Behavior [ RunTime:0.035712s ]
INFO: [ view_parse ] --END-- [ RunTime:0.036462s ]
INFO: [ view_filter ] --START--
INFO: Run ContentReplace Behavior [ RunTime:0.002920s ]
INFO: Run TokenBuild Behavior [ RunTime:0.003488s ]
INFO: Run WriteHtmlCache Behavior [ RunTime:0.003067s ]
INFO: Run ShowRuntime Behavior [ RunTime:0.005042s ]
INFO: [ view_filter ] --END-- [ RunTime:0.016144s ]
INFO: [ view_end ] --START--
INFO: Run ShowPageTrace Behavior [ RunTime:0.004804s ]
INFO: [ view_end ] --END-- [ RunTime:0.005551s ]

[ 2013-05-29T20:54:39+08:00 ] ERR: (ThinkException) 非法操作:img
[ 2013-05-29T20:54:39+08:00 ] ERR: (ThinkException) 非法操作:img
[ 2013-05-29T20:54:50+08:00 ] 127.0.0.1 /evbeta/User/Storer/add.html
INFO: [ route_check ] --START--
INFO: Run CheckRoute Behavior [ RunTime:0.002366s ]
INFO: [ route_check ] --END-- [ RunTime:0.003067s ]
INFO: [ app_begin ] --START--
INFO: Run ReadHtmlCache Behavior [ RunTime:0.002193s ]
INFO: [ app_begin ] --END-- [ RunTime:0.002776s ]
INFO: [ view_template ] --START--
INFO: Run LocationTemplate Behavior [ RunTime:0.002509s ]
INFO: [ view_template ] --END-- [ RunTime:0.003128s ]
INFO: [ view_parse ] --START--
INFO: Run ParseTemplate Behavior [ RunTime:0.061593s ]
INFO: [ view_parse ] --END-- [ RunTime:0.062233s ]
INFO: [ view_filter ] --START--
INFO: Run ContentReplace Behavior [ RunTime:0.002791s ]
INFO: Run TokenBuild Behavior [ RunTime:0.002717s ]
INFO: Run WriteHtmlCache Behavior [ RunTime:0.002078s ]
INFO: Run ShowRuntime Behavior [ RunTime:0.003421s ]
INFO: [ view_filter ] --END-- [ RunTime:0.012599s ]
INFO: [ view_end ] --START--
INFO: Run ShowPageTrace Behavior [ RunTime:0.003580s ]
INFO: [ view_end ] --END-- [ RunTime:0.004159s ]

[ 2013-05-29T20:54:50+08:00 ] ERR: (ThinkException) 非法操作:img
[ 2013-05-29T20:54:51+08:00 ] 127.0.0.1 /evbeta/User/Storer/news.html
INFO: [ route_check ] --START--
INFO: Run CheckRoute Behavior [ RunTime:0.002408s ]
INFO: [ route_check ] --END-- [ RunTime:0.003047s ]
INFO: [ app_begin ] --START--
INFO: Run ReadHtmlCache Behavior [ RunTime:0.002101s ]
INFO: [ app_begin ] --END-- [ RunTime:0.002686s ]
INFO: [ view_template ] --START--
INFO: Run LocationTemplate Behavior [ RunTime:0.001549s ]
INFO: [ view_template ] --END-- [ RunTime:0.002153s ]
INFO: [ view_parse ] --START--
INFO: Run ParseTemplate Behavior [ RunTime:0.061443s ]
INFO: [ view_parse ] --END-- [ RunTime:0.062033s ]
INFO: [ view_filter ] --START--
INFO: Run ContentReplace Behavior [ RunTime:0.002647s ]
INFO: Run TokenBuild Behavior [ RunTime:0.002129s ]
INFO: Run WriteHtmlCache Behavior [ RunTime:0.002318s ]
INFO: Run ShowRuntime Behavior [ RunTime:0.002610s ]
INFO: [ view_filter ] --END-- [ RunTime:0.011402s ]
INFO: [ view_end ] --START--
INFO: Run ShowPageTrace Behavior [ RunTime:0.002431s ]
INFO: [ view_end ] --END-- [ RunTime:0.003005s ]

[ 2013-05-29T20:54:51+08:00 ] ERR: (ThinkException) 非法操作:img
[ 2013-05-29T20:54:52+08:00 ] 127.0.0.1 /evbeta/User/Storer/client
INFO: [ route_check ] --START--
INFO: Run CheckRoute Behavior [ RunTime:0.002620s ]
INFO: [ route_check ] --END-- [ RunTime:0.003264s ]
INFO: [ app_begin ] --START--
INFO: Run ReadHtmlCache Behavior [ RunTime:0.002187s ]
INFO: [ app_begin ] --END-- [ RunTime:0.002775s ]
INFO: [ view_template ] --START--
INFO: Run LocationTemplate Behavior [ RunTime:0.001963s ]
INFO: [ view_template ] --END-- [ RunTime:0.002592s ]
INFO: [ view_parse ] --START--
INFO: Run ParseTemplate Behavior [ RunTime:0.037850s ]
INFO: [ view_parse ] --END-- [ RunTime:0.038440s ]
INFO: [ view_filter ] --START--
INFO: Run ContentReplace Behavior [ RunTime:0.001713s ]
INFO: Run TokenBuild Behavior [ RunTime:0.002276s ]
INFO: Run WriteHtmlCache Behavior [ RunTime:0.001327s ]
INFO: Run ShowRuntime Behavior [ RunTime:0.002600s ]
INFO: [ view_filter ] --END-- [ RunTime:0.009570s ]
INFO: [ view_end ] --START--
INFO: Run ShowPageTrace Behavior [ RunTime:0.002566s ]
INFO: [ view_end ] --END-- [ RunTime:0.003121s ]

[ 2013-05-29T20:54:52+08:00 ] ERR: (ThinkException) 非法操作:img
[ 2013-05-29T20:54:53+08:00 ] 127.0.0.1 /evbeta/User/Storer/add.html
INFO: [ route_check ] --START--
INFO: Run CheckRoute Behavior [ RunTime:0.002381s ]
INFO: [ route_check ] --END-- [ RunTime:0.003000s ]
INFO: [ app_begin ] --START--
INFO: Run ReadHtmlCache Behavior [ RunTime:0.003006s ]
INFO: [ app_begin ] --END-- [ RunTime:0.003594s ]
INFO: [ view_template ] --START--
INFO: Run LocationTemplate Behavior [ RunTime:0.001678s ]
INFO: [ view_template ] --END-- [ RunTime:0.002290s ]
INFO: [ view_parse ] --START--
INFO: Run ParseTemplate Behavior [ RunTime:0.026878s ]
INFO: [ view_parse ] --END-- [ RunTime:0.027628s ]
INFO: [ view_filter ] --START--
INFO: Run ContentReplace Behavior [ RunTime:0.002874s ]
INFO: Run TokenBuild Behavior [ RunTime:0.002014s ]
INFO: Run WriteHtmlCache Behavior [ RunTime:0.001209s ]
INFO: Run ShowRuntime Behavior [ RunTime:0.002840s ]
INFO: [ view_filter ] --END-- [ RunTime:0.010513s ]
INFO: [ view_end ] --START--
INFO: Run ShowPageTrace Behavior [ RunTime:0.002496s ]
INFO: [ view_end ] --END-- [ RunTime:0.003055s ]

[ 2013-05-29T20:54:53+08:00 ] ERR: (ThinkException) 非法操作:img
[ 2013-05-29T20:54:54+08:00 ] 127.0.0.1 /evbeta/User/Storer/news.html
INFO: [ route_check ] --START--
INFO: Run CheckRoute Behavior [ RunTime:0.002415s ]
INFO: [ route_check ] --END-- [ RunTime:0.003076s ]
INFO: [ app_begin ] --START--
INFO: Run ReadHtmlCache Behavior [ RunTime:0.002445s ]
INFO: [ app_begin ] --END-- [ RunTime:0.003035s ]
INFO: [ view_template ] --START--
INFO: Run LocationTemplate Behavior [ RunTime:0.002890s ]
INFO: [ view_template ] --END-- [ RunTime:0.003580s ]
INFO: [ view_parse ] --START--
INFO: Run ParseTemplate Behavior [ RunTime:0.032613s ]
INFO: [ view_parse ] --END-- [ RunTime:0.033212s ]
INFO: [ view_filter ] --START--
INFO: Run ContentReplace Behavior [ RunTime:0.002976s ]
INFO: Run TokenBuild Behavior [ RunTime:0.002877s ]
INFO: Run WriteHtmlCache Behavior [ RunTime:0.002088s ]
INFO: Run ShowRuntime Behavior [ RunTime:0.003372s ]
INFO: [ view_filter ] --END-- [ RunTime:0.012891s ]
INFO: [ view_end ] --START--
INFO: Run ShowPageTrace Behavior [ RunTime:0.003483s ]
INFO: [ view_end ] --END-- [ RunTime:0.004062s ]

[ 2013-05-29T20:54:54+08:00 ] ERR: (ThinkException) 非法操作:img
[ 2013-05-29T20:54:55+08:00 ] 127.0.0.1 /evbeta/User/Storer/add.html
INFO: [ route_check ] --START--
INFO: Run CheckRoute Behavior [ RunTime:0.002934s ]
INFO: [ route_check ] --END-- [ RunTime:0.003567s ]
INFO: [ app_begin ] --START--
INFO: Run ReadHtmlCache Behavior [ RunTime:0.002558s ]
INFO: [ app_begin ] --END-- [ RunTime:0.003199s ]
INFO: [ view_template ] --START--
INFO: Run LocationTemplate Behavior [ RunTime:0.001680s ]
INFO: [ view_template ] --END-- [ RunTime:0.002284s ]
INFO: [ view_parse ] --START--
INFO: Run ParseTemplate Behavior [ RunTime:0.027601s ]
INFO: [ view_parse ] --END-- [ RunTime:0.028548s ]
INFO: [ view_filter ] --START--
INFO: Run ContentReplace Behavior [ RunTime:0.002422s ]
INFO: Run TokenBuild Behavior [ RunTime:0.002303s ]
INFO: Run WriteHtmlCache Behavior [ RunTime:0.001335s ]
INFO: Run ShowRuntime Behavior [ RunTime:0.002464s ]
INFO: [ view_filter ] --END-- [ RunTime:0.010175s ]
INFO: [ view_end ] --START--
INFO: Run ShowPageTrace Behavior [ RunTime:0.002509s ]
INFO: [ view_end ] --END-- [ RunTime:0.003172s ]

[ 2013-05-29T20:54:55+08:00 ] ERR: (ThinkException) 非法操作:img
[ 2013-05-29T20:58:44+08:00 ] 127.0.0.1 /evbeta/User/Storer/add.html
INFO: [ route_check ] --START--
INFO: Run CheckRoute Behavior [ RunTime:0.004676s ]
INFO: [ route_check ] --END-- [ RunTime:0.005330s ]
INFO: [ app_begin ] --START--
INFO: Run ReadHtmlCache Behavior [ RunTime:0.002937s ]
INFO: [ app_begin ] --END-- [ RunTime:0.003570s ]
INFO: [ view_template ] --START--
INFO: Run LocationTemplate Behavior [ RunTime:0.002582s ]
INFO: [ view_template ] --END-- [ RunTime:0.003489s ]
INFO: [ view_parse ] --START--
INFO: Run ParseTemplate Behavior [ RunTime:0.034041s ]
INFO: [ view_parse ] --END-- [ RunTime:0.034642s ]
INFO: [ view_filter ] --START--
INFO: Run ContentReplace Behavior [ RunTime:0.002444s ]
INFO: Run TokenBuild Behavior [ RunTime:0.002616s ]
INFO: Run WriteHtmlCache Behavior [ RunTime:0.002161s ]
INFO: Run ShowRuntime Behavior [ RunTime:0.003050s ]
INFO: [ view_filter ] --END-- [ RunTime:0.011834s ]
INFO: [ view_end ] --START--
INFO: Run ShowPageTrace Behavior [ RunTime:0.002986s ]
INFO: [ view_end ] --END-- [ RunTime:0.003545s ]

[ 2013-05-29T20:58:45+08:00 ] ERR: (ThinkException) 非法操作:img
[ 2013-05-29T20:58:54+08:00 ] 127.0.0.1 /evbeta/User/Storer/news.html
INFO: [ route_check ] --START--
INFO: Run CheckRoute Behavior [ RunTime:0.002413s ]
INFO: [ route_check ] --END-- [ RunTime:0.003055s ]
INFO: [ app_begin ] --START--
INFO: Run ReadHtmlCache Behavior [ RunTime:0.002310s ]
INFO: [ app_begin ] --END-- [ RunTime:0.002902s ]
INFO: [ view_template ] --START--
INFO: Run LocationTemplate Behavior [ RunTime:0.002358s ]
INFO: [ view_template ] --END-- [ RunTime:0.002999s ]
INFO: [ view_parse ] --START--
INFO: Run ParseTemplate Behavior [ RunTime:0.030718s ]
INFO: [ view_parse ] --END-- [ RunTime:0.031309s ]
INFO: [ view_filter ] --START--
INFO: Run ContentReplace Behavior [ RunTime:0.004913s ]
INFO: Run TokenBuild Behavior [ RunTime:0.003682s ]
INFO: Run WriteHtmlCache Behavior [ RunTime:0.002184s ]
INFO: Run ShowRuntime Behavior [ RunTime:0.003033s ]
INFO: [ view_filter ] --END-- [ RunTime:0.015412s ]
INFO: [ view_end ] --START--
INFO: Run ShowPageTrace Behavior [ RunTime:0.003348s ]
INFO: [ view_end ] --END-- [ RunTime:0.003952s ]

[ 2013-05-29T20:58:54+08:00 ] ERR: (ThinkException) 非法操作:img
[ 2013-05-29T20:58:55+08:00 ] 127.0.0.1 /evbeta/User/Storer/client
INFO: [ route_check ] --START--
INFO: Run CheckRoute Behavior [ RunTime:0.002496s ]
INFO: [ route_check ] --END-- [ RunTime:0.003135s ]
INFO: [ app_begin ] --START--
INFO: Run ReadHtmlCache Behavior [ RunTime:0.002143s ]
INFO: [ app_begin ] --END-- [ RunTime:0.002727s ]
INFO: [ view_template ] --START--
INFO: Run LocationTemplate Behavior [ RunTime:0.001882s ]
INFO: [ view_template ] --END-- [ RunTime:0.002496s ]
INFO: [ view_parse ] --START--
INFO: Run ParseTemplate Behavior [ RunTime:0.025789s ]
INFO: [ view_parse ] --END-- [ RunTime:0.026399s ]
INFO: [ view_filter ] --START--
INFO: Run ContentReplace Behavior [ RunTime:0.001666s ]
INFO: Run TokenBuild Behavior [ RunTime:0.002225s ]
INFO: Run WriteHtmlCache Behavior [ RunTime:0.001339s ]
INFO: Run ShowRuntime Behavior [ RunTime:0.002904s ]
INFO: [ view_filter ] --END-- [ RunTime:0.009709s ]
INFO: [ view_end ] --START--
INFO: Run ShowPageTrace Behavior [ RunTime:0.002355s ]
INFO: [ view_end ] --END-- [ RunTime:0.003069s ]

[ 2013-05-29T20:58:55+08:00 ] ERR: (ThinkException) 非法操作:img
[ 2013-05-29T20:59:20+08:00 ] 127.0.0.1 /evbeta/User/Storer/store
INFO: [ route_check ] --START--
INFO: Run CheckRoute Behavior [ RunTime:0.002693s ]
INFO: [ route_check ] --END-- [ RunTime:0.003310s ]
INFO: [ app_begin ] --START--
INFO: Run ReadHtmlCache Behavior [ RunTime:0.003181s ]
INFO: [ app_begin ] --END-- [ RunTime:0.003788s ]
SQL: SHOW COLUMNS FROM `business` [ RunTime:0.038442s ]
SQL: SELECT * FROM `business` WHERE ( `userid` = null )  [ RunTime:0.023554s ]
INFO: [ view_template ] --START--
INFO: Run LocationTemplate Behavior [ RunTime:0.018506s ]
INFO: [ view_template ] --END-- [ RunTime:0.019118s ]
INFO: [ view_parse ] --START--
INFO: Run ParseTemplate Behavior [ RunTime:0.040986s ]
INFO: [ view_parse ] --END-- [ RunTime:0.041581s ]
INFO: [ view_filter ] --START--
INFO: Run ContentReplace Behavior [ RunTime:0.002076s ]
INFO: Run TokenBuild Behavior [ RunTime:0.002023s ]
INFO: Run WriteHtmlCache Behavior [ RunTime:0.001320s ]
INFO: Run ShowRuntime Behavior [ RunTime:0.002828s ]
INFO: [ view_filter ] --END-- [ RunTime:0.010265s ]
INFO: [ view_end ] --START--
INFO: Run ShowPageTrace Behavior [ RunTime:0.002446s ]
INFO: [ view_end ] --END-- [ RunTime:0.003012s ]

[ 2013-05-29T20:59:41+08:00 ] 127.0.0.1 /evbeta/User/Storer/card
INFO: [ route_check ] --START--
INFO: Run CheckRoute Behavior [ RunTime:0.004589s ]
INFO: [ route_check ] --END-- [ RunTime:0.005204s ]
INFO: [ app_begin ] --START--
INFO: Run ReadHtmlCache Behavior [ RunTime:0.003176s ]
INFO: [ app_begin ] --END-- [ RunTime:0.003758s ]
INFO: [ view_template ] --START--
INFO: Run LocationTemplate Behavior [ RunTime:0.002504s ]
INFO: [ view_template ] --END-- [ RunTime:0.003111s ]
INFO: [ view_parse ] --START--
INFO: Run ParseTemplate Behavior [ RunTime:0.080829s ]
INFO: [ view_parse ] --END-- [ RunTime:0.081599s ]
INFO: [ view_filter ] --START--
INFO: Run ContentReplace Behavior [ RunTime:0.002968s ]
INFO: Run TokenBuild Behavior [ RunTime:0.003007s ]
INFO: Run WriteHtmlCache Behavior [ RunTime:0.002263s ]
INFO: Run ShowRuntime Behavior [ RunTime:0.004995s ]
INFO: [ view_filter ] --END-- [ RunTime:0.015518s ]
INFO: [ view_end ] --START--
INFO: Run ShowPageTrace Behavior [ RunTime:0.002892s ]
INFO: [ view_end ] --END-- [ RunTime:0.003464s ]

[ 2013-05-29T20:59:41+08:00 ] ERR: (ThinkException) 非法操作:img
[ 2013-05-29T21:20:34+08:00 ] 127.0.0.1 /evbeta/User/Member/
INFO: [ route_check ] --START--
INFO: Run CheckRoute Behavior [ RunTime:0.004442s ]
INFO: [ route_check ] --END-- [ RunTime:0.005069s ]
INFO: [ app_begin ] --START--
INFO: Run ReadHtmlCache Behavior [ RunTime:0.003160s ]
INFO: [ app_begin ] --END-- [ RunTime:0.003875s ]
INFO: [ view_template ] --START--
INFO: Run LocationTemplate Behavior [ RunTime:0.192730s ]
INFO: [ view_template ] --END-- [ RunTime:0.193354s ]
INFO: [ view_parse ] --START--
INFO: Run ParseTemplate Behavior [ RunTime:0.067794s ]
INFO: [ view_parse ] --END-- [ RunTime:0.068410s ]
INFO: [ view_filter ] --START--
INFO: Run ContentReplace Behavior [ RunTime:0.002721s ]
INFO: Run TokenBuild Behavior [ RunTime:0.002963s ]
INFO: Run WriteHtmlCache Behavior [ RunTime:0.004694s ]
INFO: Run ShowRuntime Behavior [ RunTime:0.004736s ]
INFO: [ view_filter ] --END-- [ RunTime:0.016871s ]
INFO: [ view_end ] --START--
INFO: Run ShowPageTrace Behavior [ RunTime:0.002982s ]
INFO: [ view_end ] --END-- [ RunTime:0.003864s ]

[ 2013-05-29T21:20:37+08:00 ] 127.0.0.1 /evbeta/User/Member/concern
INFO: [ route_check ] --START--
INFO: Run CheckRoute Behavior [ RunTime:0.004915s ]
INFO: [ route_check ] --END-- [ RunTime:0.005843s ]
INFO: [ app_begin ] --START--
INFO: Run ReadHtmlCache Behavior [ RunTime:0.003058s ]
INFO: [ app_begin ] --END-- [ RunTime:0.003674s ]
INFO: [ view_template ] --START--
INFO: Run LocationTemplate Behavior [ RunTime:0.003046s ]
INFO: [ view_template ] --END-- [ RunTime:0.003949s ]
INFO: [ view_parse ] --START--
INFO: Run ParseTemplate Behavior [ RunTime:0.047038s ]
INFO: [ view_parse ] --END-- [ RunTime:0.047737s ]
INFO: [ view_filter ] --START--
INFO: Run ContentReplace Behavior [ RunTime:0.002328s ]
INFO: Run TokenBuild Behavior [ RunTime:0.003117s ]
INFO: Run WriteHtmlCache Behavior [ RunTime:0.001992s ]
INFO: Run ShowRuntime Behavior [ RunTime:0.003828s ]
INFO: [ view_filter ] --END-- [ RunTime:0.013309s ]
INFO: [ view_end ] --START--
INFO: Run ShowPageTrace Behavior [ RunTime:0.003162s ]
INFO: [ view_end ] --END-- [ RunTime:0.003745s ]

[ 2013-05-29T21:28:32+08:00 ] 127.0.0.1 /evbeta/Home/Index/
INFO: [ route_check ] --START--
INFO: Run CheckRoute Behavior [ RunTime:0.004668s ]
INFO: [ route_check ] --END-- [ RunTime:0.005291s ]
INFO: [ app_begin ] --START--
INFO: Run ReadHtmlCache Behavior [ RunTime:0.003264s ]
INFO: [ app_begin ] --END-- [ RunTime:0.003908s ]
NOTIC: [2048] Declaration of IndexAction::error() should be compatible with Action::error($message, $jumpUrl = '', $ajax = false) C:\Program Files\EasyPHP-12.1\www\evbeta\Lib\Action\Home\IndexAction.class.php 第 3 行.
INFO: [ view_template ] --START--
INFO: Run LocationTemplate Behavior [ RunTime:0.050036s ]
INFO: [ view_template ] --END-- [ RunTime:0.050635s ]
INFO: [ view_parse ] --START--
INFO: Run ParseTemplate Behavior [ RunTime:0.300997s ]
INFO: [ view_parse ] --END-- [ RunTime:0.302749s ]
INFO: [ view_filter ] --START--
INFO: Run ContentReplace Behavior [ RunTime:0.002547s ]
INFO: Run TokenBuild Behavior [ RunTime:0.003128s ]
INFO: Run WriteHtmlCache Behavior [ RunTime:0.001982s ]
INFO: Run ShowRuntime Behavior [ RunTime:0.004231s ]
INFO: [ view_filter ] --END-- [ RunTime:0.013507s ]
INFO: [ view_end ] --START--
INFO: Run ShowPageTrace Behavior [ RunTime:0.002815s ]
INFO: [ view_end ] --END-- [ RunTime:0.003382s ]

[ 2013-05-29T21:28:33+08:00 ] ERR: (ThinkException) 无法加载模块:img
[ 2013-05-29T21:28:34+08:00 ] 127.0.0.1 /evbeta/Home/Index/news_list
INFO: [ route_check ] --START--
INFO: Run CheckRoute Behavior [ RunTime:0.004409s ]
INFO: [ route_check ] --END-- [ RunTime:0.005034s ]
INFO: [ app_begin ] --START--
INFO: Run ReadHtmlCache Behavior [ RunTime:0.003039s ]
INFO: [ app_begin ] --END-- [ RunTime:0.003747s ]
NOTIC: [2048] Declaration of IndexAction::error() should be compatible with Action::error($message, $jumpUrl = '', $ajax = false) C:\Program Files\EasyPHP-12.1\www\evbeta\Lib\Action\Home\IndexAction.class.php 第 3 行.
INFO: [ view_template ] --START--
INFO: Run LocationTemplate Behavior [ RunTime:0.006381s ]
INFO: [ view_template ] --END-- [ RunTime:0.007002s ]
INFO: [ view_parse ] --START--
INFO: Run ParseTemplate Behavior [ RunTime:0.071215s ]
INFO: [ view_parse ] --END-- [ RunTime:0.071826s ]
INFO: [ view_filter ] --START--
INFO: Run ContentReplace Behavior [ RunTime:0.002992s ]
INFO: Run TokenBuild Behavior [ RunTime:0.003042s ]
INFO: Run WriteHtmlCache Behavior [ RunTime:0.002021s ]
INFO: Run ShowRuntime Behavior [ RunTime:0.004413s ]
INFO: [ view_filter ] --END-- [ RunTime:0.014019s ]
INFO: [ view_end ] --START--
INFO: Run ShowPageTrace Behavior [ RunTime:0.003319s ]
INFO: [ view_end ] --END-- [ RunTime:0.003880s ]

[ 2013-05-29T21:28:34+08:00 ] ERR: (ThinkException) 非法操作:二维码开发
[ 2013-05-29T21:28:34+08:00 ] ERR: (ThinkException) 无法加载模块:img
[ 2013-05-29T21:28:36+08:00 ] ERR: (ThinkException) 无法加载模块:img
[ 2013-05-29T21:28:37+08:00 ] ERR: (ThinkException) 非法操作:activity
[ 2013-05-29T21:28:38+08:00 ] ERR: (ThinkException) 无法加载模块:img
[ 2013-05-29T21:28:39+08:00 ] 127.0.0.1 /evbeta/Home/mall/
INFO: [ route_check ] --START--
INFO: Run CheckRoute Behavior [ RunTime:0.002733s ]
INFO: [ route_check ] --END-- [ RunTime:0.003787s ]
INFO: [ app_begin ] --START--
INFO: Run ReadHtmlCache Behavior [ RunTime:0.002635s ]
INFO: [ app_begin ] --END-- [ RunTime:0.003235s ]
INFO: [ view_template ] --START--
INFO: Run LocationTemplate Behavior [ RunTime:0.011695s ]
INFO: [ view_template ] --END-- [ RunTime:0.012341s ]
INFO: [ view_parse ] --START--
INFO: Run ParseTemplate Behavior [ RunTime:0.054829s ]
INFO: [ view_parse ] --END-- [ RunTime:0.055428s ]
INFO: [ view_filter ] --START--
INFO: Run ContentReplace Behavior [ RunTime:0.003019s ]
INFO: Run TokenBuild Behavior [ RunTime:0.003679s ]
INFO: Run WriteHtmlCache Behavior [ RunTime:0.002116s ]
INFO: Run ShowRuntime Behavior [ RunTime:0.003999s ]
INFO: [ view_filter ] --END-- [ RunTime:0.014644s ]
INFO: [ view_end ] --START--
INFO: Run ShowPageTrace Behavior [ RunTime:0.003696s ]
INFO: [ view_end ] --END-- [ RunTime:0.004294s ]

[ 2013-05-29T21:28:40+08:00 ] ERR: (ThinkException) 无法加载模块:img
[ 2013-05-29T21:28:40+08:00 ] ERR: (ThinkException) 无法加载模块:img
[ 2013-05-29T21:28:42+08:00 ] ERR: (ThinkException) 无法加载模块:img
[ 2013-05-29T21:31:08+08:00 ] 127.0.0.1 /evbeta/Home/mall/
INFO: [ route_check ] --START--
INFO: Run CheckRoute Behavior [ RunTime:0.005209s ]
INFO: [ route_check ] --END-- [ RunTime:0.005822s ]
INFO: [ app_begin ] --START--
INFO: Run ReadHtmlCache Behavior [ RunTime:0.003081s ]
INFO: [ app_begin ] --END-- [ RunTime:0.003681s ]
INFO: [ view_template ] --START--
INFO: Run LocationTemplate Behavior [ RunTime:0.007193s ]
INFO: [ view_template ] --END-- [ RunTime:0.008171s ]
INFO: [ view_parse ] --START--
INFO: Run ParseTemplate Behavior [ RunTime:0.043884s ]
INFO: [ view_parse ] --END-- [ RunTime:0.044478s ]
INFO: [ view_filter ] --START--
INFO: Run ContentReplace Behavior [ RunTime:0.002519s ]
INFO: Run TokenBuild Behavior [ RunTime:0.002764s ]
INFO: Run WriteHtmlCache Behavior [ RunTime:0.002315s ]
INFO: Run ShowRuntime Behavior [ RunTime:0.004107s ]
INFO: [ view_filter ] --END-- [ RunTime:0.013305s ]
INFO: [ view_end ] --START--
INFO: Run ShowPageTrace Behavior [ RunTime:0.003405s ]
INFO: [ view_end ] --END-- [ RunTime:0.004016s ]

[ 2013-05-29T21:31:09+08:00 ] ERR: (ThinkException) 无法加载模块:img
[ 2013-05-29T21:31:09+08:00 ] ERR: (ThinkException) 无法加载模块:img
[ 2013-05-29T21:31:11+08:00 ] 127.0.0.1 /evbeta/Home/Index/
INFO: [ route_check ] --START--
INFO: Run CheckRoute Behavior [ RunTime:0.002496s ]
INFO: [ route_check ] --END-- [ RunTime:0.003124s ]
INFO: [ app_begin ] --START--
INFO: Run ReadHtmlCache Behavior [ RunTime:0.002188s ]
INFO: [ app_begin ] --END-- [ RunTime:0.002784s ]
NOTIC: [2048] Declaration of IndexAction::error() should be compatible with Action::error($message, $jumpUrl = '', $ajax = false) C:\Program Files\EasyPHP-12.1\www\evbeta\Lib\Action\Home\IndexAction.class.php 第 3 行.
INFO: [ view_template ] --START--
INFO: Run LocationTemplate Behavior [ RunTime:0.005985s ]
INFO: [ view_template ] --END-- [ RunTime:0.006595s ]
INFO: [ view_parse ] --START--
INFO: Run ParseTemplate Behavior [ RunTime:0.042292s ]
INFO: [ view_parse ] --END-- [ RunTime:0.042912s ]
INFO: [ view_filter ] --START--
INFO: Run ContentReplace Behavior [ RunTime:0.003269s ]
INFO: Run TokenBuild Behavior [ RunTime:0.002843s ]
INFO: Run WriteHtmlCache Behavior [ RunTime:0.002188s ]
INFO: Run ShowRuntime Behavior [ RunTime:0.004294s ]
INFO: [ view_filter ] --END-- [ RunTime:0.014243s ]
INFO: [ view_end ] --START--
INFO: Run ShowPageTrace Behavior [ RunTime:0.003398s ]
INFO: [ view_end ] --END-- [ RunTime:0.003970s ]

[ 2013-05-29T21:31:11+08:00 ] ERR: (ThinkException) 无法加载模块:img
[ 2013-05-29T21:31:21+08:00 ] 127.0.0.1 /evbeta/Home/mall/
INFO: [ route_check ] --START--
INFO: Run CheckRoute Behavior [ RunTime:0.002532s ]
INFO: [ route_check ] --END-- [ RunTime:0.003778s ]
INFO: [ app_begin ] --START--
INFO: Run ReadHtmlCache Behavior [ RunTime:0.002154s ]
INFO: [ app_begin ] --END-- [ RunTime:0.003102s ]
INFO: [ view_template ] --START--
INFO: Run LocationTemplate Behavior [ RunTime:0.003887s ]
INFO: [ view_template ] --END-- [ RunTime:0.004490s ]
INFO: [ view_parse ] --START--
INFO: Run ParseTemplate Behavior [ RunTime:0.038925s ]
INFO: [ view_parse ] --END-- [ RunTime:0.039572s ]
INFO: [ view_filter ] --START--
INFO: Run ContentReplace Behavior [ RunTime:0.001854s ]
INFO: Run TokenBuild Behavior [ RunTime:0.001984s ]
INFO: Run WriteHtmlCache Behavior [ RunTime:0.002717s ]
INFO: Run ShowRuntime Behavior [ RunTime:0.005086s ]
INFO: [ view_filter ] --END-- [ RunTime:0.013369s ]
INFO: [ view_end ] --START--
INFO: Run ShowPageTrace Behavior [ RunTime:0.002239s ]
INFO: [ view_end ] --END-- [ RunTime:0.002909s ]

[ 2013-05-29T21:31:22+08:00 ] ERR: (ThinkException) 无法加载模块:img
[ 2013-05-29T21:31:22+08:00 ] ERR: (ThinkException) 无法加载模块:img
[ 2013-05-29T21:31:23+08:00 ] 127.0.0.1 /evbeta/Home/Index/
INFO: [ route_check ] --START--
INFO: Run CheckRoute Behavior [ RunTime:0.002452s ]
INFO: [ route_check ] --END-- [ RunTime:0.003208s ]
INFO: [ app_begin ] --START--
INFO: Run ReadHtmlCache Behavior [ RunTime:0.002128s ]
INFO: [ app_begin ] --END-- [ RunTime:0.002722s ]
NOTIC: [2048] Declaration of IndexAction::error() should be compatible with Action::error($message, $jumpUrl = '', $ajax = false) C:\Program Files\EasyPHP-12.1\www\evbeta\Lib\Action\Home\IndexAction.class.php 第 3 行.
INFO: [ view_template ] --START--
INFO: Run LocationTemplate Behavior [ RunTime:0.006199s ]
INFO: [ view_template ] --END-- [ RunTime:0.006795s ]
INFO: [ view_parse ] --START--
INFO: Run ParseTemplate Behavior [ RunTime:0.039489s ]
INFO: [ view_parse ] --END-- [ RunTime:0.040098s ]
INFO: [ view_filter ] --START--
INFO: Run ContentReplace Behavior [ RunTime:0.001744s ]
INFO: Run TokenBuild Behavior [ RunTime:0.001811s ]
INFO: Run WriteHtmlCache Behavior [ RunTime:0.001170s ]
INFO: Run ShowRuntime Behavior [ RunTime:0.003784s ]
INFO: [ view_filter ] --END-- [ RunTime:0.010038s ]
INFO: [ view_end ] --START--
INFO: Run ShowPageTrace Behavior [ RunTime:0.064634s ]
INFO: [ view_end ] --END-- [ RunTime:0.065739s ]

[ 2013-05-29T21:31:23+08:00 ] ERR: (ThinkException) 无法加载模块:img
[ 2013-05-29T21:31:49+08:00 ] 127.0.0.1 /evbeta/Home/Index/
INFO: [ route_check ] --START--
INFO: Run CheckRoute Behavior [ RunTime:0.002554s ]
INFO: [ route_check ] --END-- [ RunTime:0.003191s ]
INFO: [ app_begin ] --START--
INFO: Run ReadHtmlCache Behavior [ RunTime:0.002159s ]
INFO: [ app_begin ] --END-- [ RunTime:0.002738s ]
NOTIC: [2048] Declaration of IndexAction::error() should be compatible with Action::error($message, $jumpUrl = '', $ajax = false) C:\Program Files\EasyPHP-12.1\www\evbeta\Lib\Action\Home\IndexAction.class.php 第 3 行.
INFO: [ view_template ] --START--
INFO: Run LocationTemplate Behavior [ RunTime:0.006467s ]
INFO: [ view_template ] --END-- [ RunTime:0.007061s ]
INFO: [ view_parse ] --START--
INFO: Run ParseTemplate Behavior [ RunTime:0.037369s ]
INFO: [ view_parse ] --END-- [ RunTime:0.037989s ]
INFO: [ view_filter ] --START--
INFO: Run ContentReplace Behavior [ RunTime:0.002098s ]
INFO: Run TokenBuild Behavior [ RunTime:0.001871s ]
INFO: Run WriteHtmlCache Behavior [ RunTime:0.001742s ]
INFO: Run ShowRuntime Behavior [ RunTime:0.003992s ]
INFO: [ view_filter ] --END-- [ RunTime:0.011279s ]
INFO: [ view_end ] --START--
INFO: Run ShowPageTrace Behavior [ RunTime:0.002157s ]
INFO: [ view_end ] --END-- [ RunTime:0.002720s ]

[ 2013-05-29T21:31:49+08:00 ] ERR: (ThinkException) 无法加载模块:img
[ 2013-05-29T21:31:50+08:00 ] 127.0.0.1 /evbeta/Home/mall/
INFO: [ route_check ] --START--
INFO: Run CheckRoute Behavior [ RunTime:0.002485s ]
INFO: [ route_check ] --END-- [ RunTime:0.003109s ]
INFO: [ app_begin ] --START--
INFO: Run ReadHtmlCache Behavior [ RunTime:0.003361s ]
INFO: [ app_begin ] --END-- [ RunTime:0.004255s ]
INFO: [ view_template ] --START--
INFO: Run LocationTemplate Behavior [ RunTime:0.007194s ]
INFO: [ view_template ] --END-- [ RunTime:0.007966s ]
INFO: [ view_parse ] --START--
INFO: Run ParseTemplate Behavior [ RunTime:0.041971s ]
INFO: [ view_parse ] --END-- [ RunTime:0.042588s ]
INFO: [ view_filter ] --START--
INFO: Run ContentReplace Behavior [ RunTime:0.002240s ]
INFO: Run TokenBuild Behavior [ RunTime:0.002037s ]
INFO: Run WriteHtmlCache Behavior [ RunTime:0.001179s ]
INFO: Run ShowRuntime Behavior [ RunTime:0.004153s ]
INFO: [ view_filter ] --END-- [ RunTime:0.011340s ]
INFO: [ view_end ] --START--
INFO: Run ShowPageTrace Behavior [ RunTime:0.002560s ]
INFO: [ view_end ] --END-- [ RunTime:0.003178s ]

[ 2013-05-29T21:31:51+08:00 ] ERR: (ThinkException) 无法加载模块:img
[ 2013-05-29T21:31:51+08:00 ] ERR: (ThinkException) 无法加载模块:img
[ 2013-05-29T21:31:55+08:00 ] 127.0.0.1 /evbeta/Home/Index/
INFO: [ route_check ] --START--
INFO: Run CheckRoute Behavior [ RunTime:0.002320s ]
INFO: [ route_check ] --END-- [ RunTime:0.002936s ]
INFO: [ app_begin ] --START--
INFO: Run ReadHtmlCache Behavior [ RunTime:0.002818s ]
INFO: [ app_begin ] --END-- [ RunTime:0.004094s ]
NOTIC: [2048] Declaration of IndexAction::error() should be compatible with Action::error($message, $jumpUrl = '', $ajax = false) C:\Program Files\EasyPHP-12.1\www\evbeta\Lib\Action\Home\IndexAction.class.php 第 3 行.
INFO: [ view_template ] --START--
INFO: Run LocationTemplate Behavior [ RunTime:0.006255s ]
INFO: [ view_template ] --END-- [ RunTime:0.006916s ]
INFO: [ view_parse ] --START--
INFO: Run ParseTemplate Behavior [ RunTime:0.039581s ]
INFO: [ view_parse ] --END-- [ RunTime:0.040196s ]
INFO: [ view_filter ] --START--
INFO: Run ContentReplace Behavior [ RunTime:0.002745s ]
INFO: Run TokenBuild Behavior [ RunTime:0.002022s ]
INFO: Run WriteHtmlCache Behavior [ RunTime:0.001279s ]
INFO: Run ShowRuntime Behavior [ RunTime:0.003871s ]
INFO: [ view_filter ] --END-- [ RunTime:0.011780s ]
INFO: [ view_end ] --START--
INFO: Run ShowPageTrace Behavior [ RunTime:0.003081s ]
INFO: [ view_end ] --END-- [ RunTime:0.003809s ]

[ 2013-05-29T21:31:55+08:00 ] ERR: (ThinkException) 无法加载模块:img
[ 2013-05-29T21:31:57+08:00 ] ERR: (ThinkException) 非法操作:brand
[ 2013-05-29T21:31:58+08:00 ] ERR: (ThinkException) 无法加载模块:img
[ 2013-05-29T21:31:59+08:00 ] ERR: (ThinkException) 非法操作:code
[ 2013-05-29T21:32:01+08:00 ] ERR: (ThinkException) 无法加载模块:img
[ 2013-05-29T21:32:01+08:00 ] ERR: (ThinkException) 非法操作:about
[ 2013-05-29T21:32:04+08:00 ] ERR: (ThinkException) 无法加载模块:img
[ 2013-05-29T21:38:26+08:00 ] 127.0.0.1 /evbeta/User/Storer/add.html
INFO: [ route_check ] --START--
INFO: Run CheckRoute Behavior [ RunTime:0.004421s ]
INFO: [ route_check ] --END-- [ RunTime:0.005046s ]
INFO: [ app_begin ] --START--
INFO: Run ReadHtmlCache Behavior [ RunTime:0.003594s ]
INFO: [ app_begin ] --END-- [ RunTime:0.004202s ]
INFO: [ view_template ] --START--
INFO: Run LocationTemplate Behavior [ RunTime:0.005530s ]
INFO: [ view_template ] --END-- [ RunTime:0.006589s ]
INFO: [ view_parse ] --START--
INFO: Run ParseTemplate Behavior [ RunTime:0.038059s ]
INFO: [ view_parse ] --END-- [ RunTime:0.038694s ]
INFO: [ view_filter ] --START--
INFO: Run ContentReplace Behavior [ RunTime:0.002382s ]
INFO: Run TokenBuild Behavior [ RunTime:0.003003s ]
INFO: Run WriteHtmlCache Behavior [ RunTime:0.002014s ]
INFO: Run ShowRuntime Behavior [ RunTime:0.004677s ]
INFO: [ view_filter ] --END-- [ RunTime:0.013629s ]
INFO: [ view_end ] --START--
INFO: Run ShowPageTrace Behavior [ RunTime:0.003737s ]
INFO: [ view_end ] --END-- [ RunTime:0.004295s ]

[ 2013-05-29T21:38:26+08:00 ] ERR: (ThinkException) 非法操作:img
[ 2013-05-29T21:38:31+08:00 ] 127.0.0.1 /evbeta/User/Storer/news.html
INFO: [ route_check ] --START--
INFO: Run CheckRoute Behavior [ RunTime:0.002438s ]
INFO: [ route_check ] --END-- [ RunTime:0.003124s ]
INFO: [ app_begin ] --START--
INFO: Run ReadHtmlCache Behavior [ RunTime:0.002204s ]
INFO: [ app_begin ] --END-- [ RunTime:0.002808s ]
INFO: [ view_template ] --START--
INFO: Run LocationTemplate Behavior [ RunTime:0.004119s ]
INFO: [ view_template ] --END-- [ RunTime:0.004744s ]
INFO: [ view_parse ] --START--
INFO: Run ParseTemplate Behavior [ RunTime:0.035279s ]
INFO: [ view_parse ] --END-- [ RunTime:0.035886s ]
INFO: [ view_filter ] --START--
INFO: Run ContentReplace Behavior [ RunTime:0.002372s ]
INFO: Run TokenBuild Behavior [ RunTime:0.002559s ]
INFO: Run WriteHtmlCache Behavior [ RunTime:0.001901s ]
INFO: Run ShowRuntime Behavior [ RunTime:0.004239s ]
INFO: [ view_filter ] --END-- [ RunTime:0.013041s ]
INFO: [ view_end ] --START--
INFO: Run ShowPageTrace Behavior [ RunTime:0.003431s ]
INFO: [ view_end ] --END-- [ RunTime:0.004487s ]

[ 2013-05-29T21:38:31+08:00 ] ERR: (ThinkException) 非法操作:img
[ 2013-05-29T21:38:32+08:00 ] 127.0.0.1 /evbeta/User/Storer/client
INFO: [ route_check ] --START--
INFO: Run CheckRoute Behavior [ RunTime:0.002483s ]
INFO: [ route_check ] --END-- [ RunTime:0.003409s ]
INFO: [ app_begin ] --START--
INFO: Run ReadHtmlCache Behavior [ RunTime:0.003500s ]
INFO: [ app_begin ] --END-- [ RunTime:0.004132s ]
INFO: [ view_template ] --START--
INFO: Run LocationTemplate Behavior [ RunTime:0.003111s ]
INFO: [ view_template ] --END-- [ RunTime:0.003743s ]
INFO: [ view_parse ] --START--
INFO: Run ParseTemplate Behavior [ RunTime:0.027395s ]
INFO: [ view_parse ] --END-- [ RunTime:0.027992s ]
INFO: [ view_filter ] --START--
INFO: Run ContentReplace Behavior [ RunTime:0.001808s ]
INFO: Run TokenBuild Behavior [ RunTime:0.005202s ]
INFO: Run WriteHtmlCache Behavior [ RunTime:0.001317s ]
INFO: Run ShowRuntime Behavior [ RunTime:0.003911s ]
INFO: [ view_filter ] --END-- [ RunTime:0.013860s ]
INFO: [ view_end ] --START--
INFO: Run ShowPageTrace Behavior [ RunTime:0.002156s ]
INFO: [ view_end ] --END-- [ RunTime:0.002718s ]

[ 2013-05-29T21:38:32+08:00 ] ERR: (ThinkException) 非法操作:img
[ 2013-05-29T21:38:33+08:00 ] 127.0.0.1 /evbeta/User/Storer/client
INFO: [ route_check ] --START--
INFO: Run CheckRoute Behavior [ RunTime:0.002410s ]
INFO: [ route_check ] --END-- [ RunTime:0.003051s ]
INFO: [ app_begin ] --START--
INFO: Run ReadHtmlCache Behavior [ RunTime:0.002141s ]
INFO: [ app_begin ] --END-- [ RunTime:0.002771s ]
INFO: [ view_template ] --START--
INFO: Run LocationTemplate Behavior [ RunTime:0.003180s ]
INFO: [ view_template ] --END-- [ RunTime:0.003875s ]
INFO: [ view_parse ] --START--
INFO: Run ParseTemplate Behavior [ RunTime:0.026526s ]
INFO: [ view_parse ] --END-- [ RunTime:0.027164s ]
INFO: [ view_filter ] --START--
INFO: Run ContentReplace Behavior [ RunTime:0.001980s ]
INFO: Run TokenBuild Behavior [ RunTime:0.002756s ]
INFO: Run WriteHtmlCache Behavior [ RunTime:0.001398s ]
INFO: Run ShowRuntime Behavior [ RunTime:0.004401s ]
INFO: [ view_filter ] --END-- [ RunTime:0.012404s ]
INFO: [ view_end ] --START--
INFO: Run ShowPageTrace Behavior [ RunTime:0.002264s ]
INFO: [ view_end ] --END-- [ RunTime:0.003069s ]

[ 2013-05-29T21:38:33+08:00 ] ERR: (ThinkException) 非法操作:img
[ 2013-05-29T21:38:34+08:00 ] 127.0.0.1 /evbeta/User/Storer/news.html
INFO: [ route_check ] --START--
INFO: Run CheckRoute Behavior [ RunTime:0.002618s ]
INFO: [ route_check ] --END-- [ RunTime:0.003307s ]
INFO: [ app_begin ] --START--
INFO: Run ReadHtmlCache Behavior [ RunTime:0.003078s ]
INFO: [ app_begin ] --END-- [ RunTime:0.003798s ]
INFO: [ view_template ] --START--
INFO: Run LocationTemplate Behavior [ RunTime:0.003549s ]
INFO: [ view_template ] --END-- [ RunTime:0.004172s ]
INFO: [ view_parse ] --START--
INFO: Run ParseTemplate Behavior [ RunTime:0.027563s ]
INFO: [ view_parse ] --END-- [ RunTime:0.028369s ]
INFO: [ view_filter ] --START--
INFO: Run ContentReplace Behavior [ RunTime:0.002020s ]
INFO: Run TokenBuild Behavior [ RunTime:0.002470s ]
INFO: Run WriteHtmlCache Behavior [ RunTime:0.001493s ]
INFO: Run ShowRuntime Behavior [ RunTime:0.003806s ]
INFO: [ view_filter ] --END-- [ RunTime:0.011888s ]
INFO: [ view_end ] --START--
INFO: Run ShowPageTrace Behavior [ RunTime:0.002096s ]
INFO: [ view_end ] --END-- [ RunTime:0.002655s ]

[ 2013-05-29T21:38:34+08:00 ] ERR: (ThinkException) 非法操作:img
[ 2013-05-29T21:38:55+08:00 ] 127.0.0.1 /evbeta/User/Storer/store
INFO: [ route_check ] --START--
INFO: Run CheckRoute Behavior [ RunTime:0.003808s ]
INFO: [ route_check ] --END-- [ RunTime:0.004477s ]
INFO: [ app_begin ] --START--
INFO: Run ReadHtmlCache Behavior [ RunTime:0.003530s ]
INFO: [ app_begin ] --END-- [ RunTime:0.004338s ]
SQL: SHOW COLUMNS FROM `business` [ RunTime:0.023121s ]
SQL: SELECT * FROM `business` WHERE ( `userid` = null )  [ RunTime:0.022854s ]
INFO: [ view_template ] --START--
INFO: Run LocationTemplate Behavior [ RunTime:0.006413s ]
INFO: [ view_template ] --END-- [ RunTime:0.007046s ]
INFO: [ view_parse ] --START--
INFO: Run ParseTemplate Behavior [ RunTime:0.039836s ]
INFO: [ view_parse ] --END-- [ RunTime:0.040442s ]
INFO: [ view_filter ] --START--
INFO: Run ContentReplace Behavior [ RunTime:0.001897s ]
INFO: Run TokenBuild Behavior [ RunTime:0.001860s ]
INFO: Run WriteHtmlCache Behavior [ RunTime:0.001411s ]
INFO: Run ShowRuntime Behavior [ RunTime:0.003453s ]
INFO: [ view_filter ] --END-- [ RunTime:0.010855s ]
INFO: [ view_end ] --START--
INFO: Run ShowPageTrace Behavior [ RunTime:0.002091s ]
INFO: [ view_end ] --END-- [ RunTime:0.002668s ]

[ 2013-05-29T21:39:16+08:00 ] 127.0.0.1 /evbeta/User/Storer/card
INFO: [ route_check ] --START--
INFO: Run CheckRoute Behavior [ RunTime:0.004446s ]
INFO: [ route_check ] --END-- [ RunTime:0.005642s ]
INFO: [ app_begin ] --START--
INFO: Run ReadHtmlCache Behavior [ RunTime:0.002810s ]
INFO: [ app_begin ] --END-- [ RunTime:0.003386s ]
INFO: [ view_template ] --START--
INFO: Run LocationTemplate Behavior [ RunTime:0.002694s ]
INFO: [ view_template ] --END-- [ RunTime:0.003319s ]
INFO: [ view_parse ] --START--
INFO: Run ParseTemplate Behavior [ RunTime:0.033088s ]
INFO: [ view_parse ] --END-- [ RunTime:0.033739s ]
INFO: [ view_filter ] --START--
INFO: Run ContentReplace Behavior [ RunTime:0.002348s ]
INFO: Run TokenBuild Behavior [ RunTime:0.002622s ]
INFO: Run WriteHtmlCache Behavior [ RunTime:0.001941s ]
INFO: Run ShowRuntime Behavior [ RunTime:0.003674s ]
INFO: [ view_filter ] --END-- [ RunTime:0.012286s ]
INFO: [ view_end ] --START--
INFO: Run ShowPageTrace Behavior [ RunTime:0.002947s ]
INFO: [ view_end ] --END-- [ RunTime:0.003527s ]

[ 2013-05-29T21:39:16+08:00 ] ERR: (ThinkException) 非法操作:img
[ 2013-05-29T21:51:52+08:00 ] 127.0.0.1 /evbeta/User/Storer/scene
INFO: [ route_check ] --START--
INFO: Run CheckRoute Behavior [ RunTime:0.004208s ]
INFO: [ route_check ] --END-- [ RunTime:0.005237s ]
INFO: [ app_begin ] --START--
INFO: Run ReadHtmlCache Behavior [ RunTime:0.002970s ]
INFO: [ app_begin ] --END-- [ RunTime:0.003619s ]
INFO: [ view_template ] --START--
INFO: Run LocationTemplate Behavior [ RunTime:0.003096s ]
INFO: [ view_template ] --END-- [ RunTime:0.003747s ]
INFO: [ view_parse ] --START--
INFO: Run ParseTemplate Behavior [ RunTime:0.032194s ]
INFO: [ view_parse ] --END-- [ RunTime:0.032808s ]
INFO: [ view_filter ] --START--
INFO: Run ContentReplace Behavior [ RunTime:0.002461s ]
INFO: Run TokenBuild Behavior [ RunTime:0.003093s ]
INFO: Run WriteHtmlCache Behavior [ RunTime:0.003534s ]
INFO: Run ShowRuntime Behavior [ RunTime:0.003270s ]
INFO: [ view_filter ] --END-- [ RunTime:0.014318s ]
INFO: [ view_end ] --START--
INFO: Run ShowPageTrace Behavior [ RunTime:0.003011s ]
INFO: [ view_end ] --END-- [ RunTime:0.003579s ]

[ 2013-05-29T21:51:52+08:00 ] ERR: (ThinkException) 非法操作:img
[ 2013-05-29T21:51:52+08:00 ] ERR: (ThinkException) 非法操作:img
[ 2013-05-29T21:51:53+08:00 ] 127.0.0.1 /evbeta/User/Storer/cert_info
INFO: [ route_check ] --START--
INFO: Run CheckRoute Behavior [ RunTime:0.002578s ]
INFO: [ route_check ] --END-- [ RunTime:0.003241s ]
INFO: [ app_begin ] --START--
INFO: Run ReadHtmlCache Behavior [ RunTime:0.002665s ]
INFO: [ app_begin ] --END-- [ RunTime:0.003272s ]
INFO: [ view_template ] --START--
INFO: Run LocationTemplate Behavior [ RunTime:0.002690s ]
INFO: [ view_template ] --END-- [ RunTime:0.003313s ]
INFO: [ view_parse ] --START--
INFO: Run ParseTemplate Behavior [ RunTime:0.058072s ]
INFO: [ view_parse ] --END-- [ RunTime:0.058699s ]
INFO: [ view_filter ] --START--
INFO: Run ContentReplace Behavior [ RunTime:0.002675s ]
INFO: Run TokenBuild Behavior [ RunTime:0.003508s ]
INFO: Run WriteHtmlCache Behavior [ RunTime:0.002300s ]
INFO: Run ShowRuntime Behavior [ RunTime:0.003288s ]
INFO: [ view_filter ] --END-- [ RunTime:0.013394s ]
INFO: [ view_end ] --START--
INFO: Run ShowPageTrace Behavior [ RunTime:0.003267s ]
INFO: [ view_end ] --END-- [ RunTime:0.003865s ]

[ 2013-05-29T21:51:54+08:00 ] ERR: (ThinkException) 非法操作:img
[ 2013-05-29T21:51:54+08:00 ] ERR: (ThinkException) 非法操作:img
[ 2013-05-29T21:51:56+08:00 ] 127.0.0.1 /evbeta/User/Storer/password
INFO: [ route_check ] --START--
INFO: Run CheckRoute Behavior [ RunTime:0.003041s ]
INFO: [ route_check ] --END-- [ RunTime:0.003730s ]
INFO: [ app_begin ] --START--
INFO: Run ReadHtmlCache Behavior [ RunTime:0.002909s ]
INFO: [ app_begin ] --END-- [ RunTime:0.003586s ]
INFO: [ view_template ] --START--
INFO: Run LocationTemplate Behavior [ RunTime:0.001671s ]
INFO: [ view_template ] --END-- [ RunTime:0.002316s ]
INFO: [ view_parse ] --START--
INFO: Run ParseTemplate Behavior [ RunTime:0.042316s ]
INFO: [ view_parse ] --END-- [ RunTime:0.043640s ]
INFO: [ view_filter ] --START--
INFO: Run ContentReplace Behavior [ RunTime:0.002276s ]
INFO: Run TokenBuild Behavior [ RunTime:0.003389s ]
INFO: Run WriteHtmlCache Behavior [ RunTime:0.002218s ]
INFO: Run ShowRuntime Behavior [ RunTime:0.002944s ]
INFO: [ view_filter ] --END-- [ RunTime:0.013361s ]
INFO: [ view_end ] --START--
INFO: Run ShowPageTrace Behavior [ RunTime:0.008685s ]
INFO: [ view_end ] --END-- [ RunTime:0.010167s ]

[ 2013-05-29T21:51:56+08:00 ] ERR: (ThinkException) 非法操作:img
[ 2013-05-29T21:51:57+08:00 ] 127.0.0.1 /evbeta/User/Storer/cert
INFO: [ route_check ] --START--
INFO: Run CheckRoute Behavior [ RunTime:0.003544s ]
INFO: [ route_check ] --END-- [ RunTime:0.004181s ]
INFO: [ app_begin ] --START--
INFO: Run ReadHtmlCache Behavior [ RunTime:0.002821s ]
INFO: [ app_begin ] --END-- [ RunTime:0.003499s ]
INFO: [ view_template ] --START--
INFO: Run LocationTemplate Behavior [ RunTime:0.001617s ]
INFO: [ view_template ] --END-- [ RunTime:0.002246s ]
INFO: [ view_parse ] --START--
INFO: Run ParseTemplate Behavior [ RunTime:0.031934s ]
INFO: [ view_parse ] --END-- [ RunTime:0.032922s ]
INFO: [ view_filter ] --START--
INFO: Run ContentReplace Behavior [ RunTime:0.002744s ]
INFO: Run TokenBuild Behavior [ RunTime:0.002300s ]
INFO: Run WriteHtmlCache Behavior [ RunTime:0.001522s ]
INFO: Run ShowRuntime Behavior [ RunTime:0.003315s ]
INFO: [ view_filter ] --END-- [ RunTime:0.012069s ]
INFO: [ view_end ] --START--
INFO: Run ShowPageTrace Behavior [ RunTime:0.002267s ]
INFO: [ view_end ] --END-- [ RunTime:0.002866s ]

[ 2013-05-29T21:51:57+08:00 ] ERR: (ThinkException) 非法操作:img
[ 2013-05-29T21:52:15+08:00 ] 127.0.0.1 /evbeta/User/Storer/store
INFO: [ route_check ] --START--
INFO: Run CheckRoute Behavior [ RunTime:0.002852s ]
INFO: [ route_check ] --END-- [ RunTime:0.003571s ]
INFO: [ app_begin ] --START--
INFO: Run ReadHtmlCache Behavior [ RunTime:0.004424s ]
INFO: [ app_begin ] --END-- [ RunTime:0.005058s ]
SQL: SHOW COLUMNS FROM `business` [ RunTime:0.023755s ]
SQL: SELECT * FROM `business` WHERE ( `userid` = null )  [ RunTime:0.022452s ]
INFO: [ view_template ] --START--
INFO: Run LocationTemplate Behavior [ RunTime:0.003151s ]
INFO: [ view_template ] --END-- [ RunTime:0.004439s ]
INFO: [ view_parse ] --START--
INFO: Run ParseTemplate Behavior [ RunTime:0.044924s ]
INFO: [ view_parse ] --END-- [ RunTime:0.045552s ]
INFO: [ view_filter ] --START--
INFO: Run ContentReplace Behavior [ RunTime:0.002546s ]
INFO: Run TokenBuild Behavior [ RunTime:0.006325s ]
INFO: Run WriteHtmlCache Behavior [ RunTime:0.001378s ]
INFO: Run ShowRuntime Behavior [ RunTime:0.002527s ]
INFO: [ view_filter ] --END-- [ RunTime:0.014579s ]
INFO: [ view_end ] --START--
INFO: Run ShowPageTrace Behavior [ RunTime:0.003013s ]
INFO: [ view_end ] --END-- [ RunTime:0.004037s ]

[ 2013-05-29T21:52:16+08:00 ] 127.0.0.1 /evbeta/User/Storer/news.html
INFO: [ route_check ] --START--
INFO: Run CheckRoute Behavior [ RunTime:0.002560s ]
INFO: [ route_check ] --END-- [ RunTime:0.003291s ]
INFO: [ app_begin ] --START--
INFO: Run ReadHtmlCache Behavior [ RunTime:0.003064s ]
INFO: [ app_begin ] --END-- [ RunTime:0.004610s ]
INFO: [ view_template ] --START--
INFO: Run LocationTemplate Behavior [ RunTime:0.001814s ]
INFO: [ view_template ] --END-- [ RunTime:0.002486s ]
INFO: [ view_parse ] --START--
INFO: Run ParseTemplate Behavior [ RunTime:0.033608s ]
INFO: [ view_parse ] --END-- [ RunTime:0.034258s ]
INFO: [ view_filter ] --START--
INFO: Run ContentReplace Behavior [ RunTime:0.002581s ]
INFO: Run TokenBuild Behavior [ RunTime:0.003070s ]
INFO: Run WriteHtmlCache Behavior [ RunTime:0.002176s ]
INFO: Run ShowRuntime Behavior [ RunTime:0.002778s ]
INFO: [ view_filter ] --END-- [ RunTime:0.012285s ]
INFO: [ view_end ] --START--
INFO: Run ShowPageTrace Behavior [ RunTime:0.004008s ]
INFO: [ view_end ] --END-- [ RunTime:0.004635s ]

[ 2013-05-29T21:52:16+08:00 ] 127.0.0.1 /evbeta/User/Storer/add.html
INFO: [ route_check ] --START--
INFO: Run CheckRoute Behavior [ RunTime:0.004517s ]
INFO: [ route_check ] --END-- [ RunTime:0.005146s ]
INFO: [ app_begin ] --START--
INFO: Run ReadHtmlCache Behavior [ RunTime:0.002823s ]
INFO: [ app_begin ] --END-- [ RunTime:0.003437s ]
INFO: [ view_template ] --START--
INFO: Run LocationTemplate Behavior [ RunTime:0.003260s ]
INFO: [ view_template ] --END-- [ RunTime:0.003891s ]
INFO: [ view_parse ] --START--
INFO: Run ParseTemplate Behavior [ RunTime:0.046955s ]
INFO: [ view_parse ] --END-- [ RunTime:0.047587s ]
INFO: [ view_filter ] --START--
INFO: Run ContentReplace Behavior [ RunTime:0.003284s ]
INFO: Run TokenBuild Behavior [ RunTime:0.003853s ]
INFO: Run WriteHtmlCache Behavior [ RunTime:0.002354s ]
INFO: Run ShowRuntime Behavior [ RunTime:0.004103s ]
INFO: [ view_filter ] --END-- [ RunTime:0.015261s ]
INFO: [ view_end ] --START--
INFO: Run ShowPageTrace Behavior [ RunTime:0.004817s ]
INFO: [ view_end ] --END-- [ RunTime:0.005431s ]

[ 2013-05-29T21:52:16+08:00 ] ERR: (ThinkException) 非法操作:img
[ 2013-05-29T22:05:00+08:00 ] 127.0.0.1 /evbeta/User/Storer/news.html
INFO: [ route_check ] --START--
INFO: Run CheckRoute Behavior [ RunTime:0.004671s ]
INFO: [ route_check ] --END-- [ RunTime:0.005340s ]
INFO: [ app_begin ] --START--
INFO: Run ReadHtmlCache Behavior [ RunTime:0.002820s ]
INFO: [ app_begin ] --END-- [ RunTime:0.003423s ]
INFO: [ view_template ] --START--
INFO: Run LocationTemplate Behavior [ RunTime:0.002941s ]
INFO: [ view_template ] --END-- [ RunTime:0.003571s ]
INFO: [ view_parse ] --START--
INFO: Run ParseTemplate Behavior [ RunTime:0.031234s ]
INFO: [ view_parse ] --END-- [ RunTime:0.032748s ]
INFO: [ view_filter ] --START--
INFO: Run ContentReplace Behavior [ RunTime:0.002730s ]
INFO: Run TokenBuild Behavior [ RunTime:0.003055s ]
INFO: Run WriteHtmlCache Behavior [ RunTime:0.002521s ]
INFO: Run ShowRuntime Behavior [ RunTime:0.003572s ]
INFO: [ view_filter ] --END-- [ RunTime:0.014034s ]
INFO: [ view_end ] --START--
INFO: Run ShowPageTrace Behavior [ RunTime:0.003287s ]
INFO: [ view_end ] --END-- [ RunTime:0.004176s ]

[ 2013-05-29T22:05:00+08:00 ] ERR: (ThinkException) 非法操作:img
[ 2013-05-29T22:25:01+08:00 ] 127.0.0.1 /evbeta/User/Member/
INFO: [ route_check ] --START--
INFO: Run CheckRoute Behavior [ RunTime:0.004678s ]
INFO: [ route_check ] --END-- [ RunTime:0.005350s ]
INFO: [ app_begin ] --START--
INFO: Run ReadHtmlCache Behavior [ RunTime:0.003052s ]
INFO: [ app_begin ] --END-- [ RunTime:0.003716s ]
INFO: [ view_template ] --START--
INFO: Run LocationTemplate Behavior [ RunTime:0.004642s ]
INFO: [ view_template ] --END-- [ RunTime:0.005436s ]
INFO: [ view_parse ] --START--
INFO: Run ParseTemplate Behavior [ RunTime:0.031073s ]
INFO: [ view_parse ] --END-- [ RunTime:0.031721s ]
INFO: [ view_filter ] --START--
INFO: Run ContentReplace Behavior [ RunTime:0.002371s ]
INFO: Run TokenBuild Behavior [ RunTime:0.002884s ]
INFO: Run WriteHtmlCache Behavior [ RunTime:0.001940s ]
INFO: Run ShowRuntime Behavior [ RunTime:0.004469s ]
INFO: [ view_filter ] --END-- [ RunTime:0.013257s ]
INFO: [ view_end ] --START--
INFO: Run ShowPageTrace Behavior [ RunTime:0.003651s ]
INFO: [ view_end ] --END-- [ RunTime:0.004234s ]

[ 2013-05-29T22:25:03+08:00 ] 127.0.0.1 /evbeta/User/Member/concern
INFO: [ route_check ] --START--
INFO: Run CheckRoute Behavior [ RunTime:0.002844s ]
INFO: [ route_check ] --END-- [ RunTime:0.003532s ]
INFO: [ app_begin ] --START--
INFO: Run ReadHtmlCache Behavior [ RunTime:0.002516s ]
INFO: [ app_begin ] --END-- [ RunTime:0.003140s ]
INFO: [ view_template ] --START--
INFO: Run LocationTemplate Behavior [ RunTime:0.002107s ]
INFO: [ view_template ] --END-- [ RunTime:0.002771s ]
INFO: [ view_parse ] --START--
INFO: Run ParseTemplate Behavior [ RunTime:0.027659s ]
INFO: [ view_parse ] --END-- [ RunTime:0.028293s ]
INFO: [ view_filter ] --START--
INFO: Run ContentReplace Behavior [ RunTime:0.002101s ]
INFO: Run TokenBuild Behavior [ RunTime:0.002094s ]
INFO: Run WriteHtmlCache Behavior [ RunTime:0.001313s ]
INFO: Run ShowRuntime Behavior [ RunTime:0.004152s ]
INFO: [ view_filter ] --END-- [ RunTime:0.011716s ]
INFO: [ view_end ] --START--
INFO: Run ShowPageTrace Behavior [ RunTime:0.002758s ]
INFO: [ view_end ] --END-- [ RunTime:0.003500s ]

