[ 2013-04-18T10:04:58+08:00 ] 127.0.0.1 /
INFO: [ app_begin ] --START--
INFO: Run ReadHtmlCache Behavior [ RunTime:0.000273s ]
INFO: [ app_begin ] --END-- [ RunTime:0.000329s ]
INFO: [ view_parse ] --START--
INFO: Run ParseTemplate Behavior [ RunTime:0.004605s ]
INFO: [ view_parse ] --END-- [ RunTime:0.004653s ]
INFO: [ view_filter ] --START--
INFO: Run ContentReplace Behavior [ RunTime:0.000152s ]
INFO: Run TokenBuild Behavior [ RunTime:0.000160s ]
INFO: Run WriteHtmlCache Behavior [ RunTime:0.000091s ]
INFO: Run ShowRuntime Behavior [ RunTime:0.000205s ]
INFO: [ view_filter ] --END-- [ RunTime:0.000692s ]
INFO: [ view_end ] --START--
INFO: Run ShowPageTrace Behavior [ RunTime:0.000295s ]
INFO: [ view_end ] --END-- [ RunTime:0.000327s ]

[ 2013-04-18T10:06:15+08:00 ] 127.0.0.1 /
INFO: [ app_begin ] --START--
INFO: Run ReadHtmlCache Behavior [ RunTime:0.000328s ]
INFO: [ app_begin ] --END-- [ RunTime:0.000401s ]
INFO: [ view_parse ] --START--
INFO: Run ParseTemplate Behavior [ RunTime:0.000401s ]
INFO: [ view_parse ] --END-- [ RunTime:0.000463s ]
INFO: [ view_filter ] --START--
INFO: Run ContentReplace Behavior [ RunTime:0.000301s ]
INFO: Run TokenBuild Behavior [ RunTime:0.000282s ]
INFO: Run WriteHtmlCache Behavior [ RunTime:0.000159s ]
INFO: Run ShowRuntime Behavior [ RunTime:0.000299s ]
INFO: [ view_filter ] --END-- [ RunTime:0.001250s ]
INFO: [ view_end ] --START--
INFO: Run ShowPageTrace Behavior [ RunTime:0.000334s ]
INFO: [ view_end ] --END-- [ RunTime:0.000373s ]

[ 2013-04-18T10:18:39+08:00 ] 127.0.0.1 /
INFO: [ app_begin ] --START--
INFO: Run ReadHtmlCache Behavior [ RunTime:0.000407s ]
INFO: [ app_begin ] --END-- [ RunTime:0.000487s ]
INFO: [ view_parse ] --START--
INFO: Run ParseTemplate Behavior [ RunTime:0.000397s ]
INFO: [ view_parse ] --END-- [ RunTime:0.000445s ]
INFO: [ view_filter ] --START--
INFO: Run ContentReplace Behavior [ RunTime:0.000158s ]
INFO: Run TokenBuild Behavior [ RunTime:0.000179s ]
INFO: Run WriteHtmlCache Behavior [ RunTime:0.000101s ]
INFO: Run ShowRuntime Behavior [ RunTime:0.000254s ]
INFO: [ view_filter ] --END-- [ RunTime:0.000788s ]
INFO: [ view_end ] --START--
INFO: Run ShowPageTrace Behavior [ RunTime:0.000456s ]
INFO: [ view_end ] --END-- [ RunTime:0.000495s ]

[ 2013-04-18T10:40:20+08:00 ] 127.0.0.1 /
INFO: [ app_begin ] --START--
INFO: Run ReadHtmlCache Behavior [ RunTime:0.000262s ]
INFO: [ app_begin ] --END-- [ RunTime:0.000317s ]
INFO: [ view_parse ] --START--
INFO: Run ParseTemplate Behavior [ RunTime:0.000337s ]
INFO: [ view_parse ] --END-- [ RunTime:0.000382s ]
INFO: [ view_filter ] --START--
INFO: Run ContentReplace Behavior [ RunTime:0.000147s ]
INFO: Run TokenBuild Behavior [ RunTime:0.000169s ]
INFO: Run WriteHtmlCache Behavior [ RunTime:0.000097s ]
INFO: Run ShowRuntime Behavior [ RunTime:0.000293s ]
INFO: [ view_filter ] --END-- [ RunTime:0.000820s ]
INFO: [ view_end ] --START--
INFO: Run ShowPageTrace Behavior [ RunTime:0.000659s ]
INFO: [ view_end ] --END-- [ RunTime:0.000762s ]

[ 2013-04-18T10:40:41+08:00 ] 127.0.0.1 /
INFO: [ app_begin ] --START--
INFO: Run ReadHtmlCache Behavior [ RunTime:0.000930s ]
INFO: [ app_begin ] --END-- [ RunTime:0.001113s ]
INFO: [ view_parse ] --START--
INFO: Run ParseTemplate Behavior [ RunTime:0.000386s ]
INFO: [ view_parse ] --END-- [ RunTime:0.000428s ]
INFO: [ view_filter ] --START--
INFO: Run ContentReplace Behavior [ RunTime:0.000150s ]
INFO: Run TokenBuild Behavior [ RunTime:0.000166s ]
INFO: Run WriteHtmlCache Behavior [ RunTime:0.000095s ]
INFO: Run ShowRuntime Behavior [ RunTime:0.000212s ]
INFO: [ view_filter ] --END-- [ RunTime:0.000713s ]
INFO: [ view_end ] --START--
INFO: Run ShowPageTrace Behavior [ RunTime:0.000313s ]
INFO: [ view_end ] --END-- [ RunTime:0.000346s ]
INFO: [ view_template ] --START--
INFO: Run LocationTemplate Behavior [ RunTime:0.000144s ]
INFO: [ view_template ] --END-- [ RunTime:0.000176s ]
INFO: [ view_parse ] --START--
INFO: Run ParseTemplate Behavior [ RunTime:0.004287s ]
INFO: [ view_parse ] --END-- [ RunTime:-0.001346s ]
INFO: [ view_filter ] --START--
INFO: Run ContentReplace Behavior [ RunTime:0.000031s ]
INFO: Run TokenBuild Behavior [ RunTime:0.000023s ]
INFO: Run WriteHtmlCache Behavior [ RunTime:0.000006s ]
INFO: Run ShowRuntime Behavior [ RunTime:0.000034s ]
INFO: [ view_filter ] --END-- [ RunTime:-0.004965s ]
INFO: [ view_end ] --START--
INFO: Run ShowPageTrace Behavior [ RunTime:0.000018s ]
INFO: [ view_end ] --END-- [ RunTime:-0.004784s ]

[ 2013-04-18T11:00:51+08:00 ] 127.0.0.1 /
INFO: [ app_begin ] --START--
INFO: Run ReadHtmlCache Behavior [ RunTime:0.000320s ]
INFO: [ app_begin ] --END-- [ RunTime:0.000380s ]
INFO: [ view_parse ] --START--
INFO: Run ParseTemplate Behavior [ RunTime:0.000340s ]
INFO: [ view_parse ] --END-- [ RunTime:0.000376s ]
INFO: [ view_filter ] --START--
INFO: Run ContentReplace Behavior [ RunTime:0.000136s ]
INFO: Run TokenBuild Behavior [ RunTime:0.000153s ]
INFO: Run WriteHtmlCache Behavior [ RunTime:0.000085s ]
INFO: Run ShowRuntime Behavior [ RunTime:0.000199s ]
INFO: [ view_filter ] --END-- [ RunTime:0.000656s ]
INFO: [ view_end ] --START--
INFO: Run ShowPageTrace Behavior [ RunTime:0.000292s ]
INFO: [ view_end ] --END-- [ RunTime:0.000322s ]
INFO: [ view_template ] --START--
INFO: Run LocationTemplate Behavior [ RunTime:0.000126s ]
INFO: [ view_template ] --END-- [ RunTime:0.000154s ]
INFO: [ view_parse ] --START--
INFO: Run ParseTemplate Behavior [ RunTime:0.004356s ]
INFO: [ view_parse ] --END-- [ RunTime:-0.001237s ]
INFO: [ view_filter ] --START--
INFO: Run ContentReplace Behavior [ RunTime:0.000037s ]
INFO: Run TokenBuild Behavior [ RunTime:0.000021s ]
INFO: Run WriteHtmlCache Behavior [ RunTime:0.000004s ]
INFO: Run ShowRuntime Behavior [ RunTime:0.000032s ]
INFO: [ view_filter ] --END-- [ RunTime:-0.004980s ]
INFO: [ view_end ] --START--
INFO: Run ShowPageTrace Behavior [ RunTime:0.000017s ]
INFO: [ view_end ] --END-- [ RunTime:-0.004820s ]

[ 2013-04-18T11:01:08+08:00 ] 127.0.0.1 /
INFO: [ app_begin ] --START--
INFO: Run ReadHtmlCache Behavior [ RunTime:0.000295s ]
INFO: [ app_begin ] --END-- [ RunTime:0.000358s ]
INFO: [ view_parse ] --START--
INFO: Run ParseTemplate Behavior [ RunTime:0.000389s ]
INFO: [ view_parse ] --END-- [ RunTime:0.000430s ]
INFO: [ view_filter ] --START--
INFO: Run ContentReplace Behavior [ RunTime:0.000151s ]
INFO: Run TokenBuild Behavior [ RunTime:0.000158s ]
INFO: Run WriteHtmlCache Behavior [ RunTime:0.000090s ]
INFO: Run ShowRuntime Behavior [ RunTime:0.000202s ]
INFO: [ view_filter ] --END-- [ RunTime:0.000692s ]
INFO: [ view_end ] --START--
INFO: Run ShowPageTrace Behavior [ RunTime:0.000323s ]
INFO: [ view_end ] --END-- [ RunTime:0.000360s ]
INFO: [ view_template ] --START--
INFO: Run LocationTemplate Behavior [ RunTime:0.000145s ]
INFO: [ view_template ] --END-- [ RunTime:0.000177s ]
INFO: [ view_parse ] --START--
INFO: Run ParseTemplate Behavior [ RunTime:0.005186s ]
INFO: [ view_parse ] --END-- [ RunTime:-0.001354s ]
INFO: [ view_filter ] --START--
INFO: Run ContentReplace Behavior [ RunTime:0.000037s ]
INFO: Run TokenBuild Behavior [ RunTime:0.000025s ]
INFO: Run WriteHtmlCache Behavior [ RunTime:0.000005s ]
INFO: Run ShowRuntime Behavior [ RunTime:0.000036s ]
INFO: [ view_filter ] --END-- [ RunTime:-0.005902s ]
INFO: [ view_end ] --START--
INFO: Run ShowPageTrace Behavior [ RunTime:0.000019s ]
INFO: [ view_end ] --END-- [ RunTime:-0.005718s ]

[ 2013-04-18T11:01:52+08:00 ] 127.0.0.1 /
INFO: [ app_begin ] --START--
INFO: Run ReadHtmlCache Behavior [ RunTime:0.000304s ]
INFO: [ app_begin ] --END-- [ RunTime:0.000393s ]
INFO: [ view_parse ] --START--
INFO: Run ParseTemplate Behavior [ RunTime:0.000414s ]
INFO: [ view_parse ] --END-- [ RunTime:0.000468s ]
INFO: [ view_filter ] --START--
INFO: Run ContentReplace Behavior [ RunTime:0.000143s ]
INFO: Run TokenBuild Behavior [ RunTime:0.000156s ]
INFO: Run WriteHtmlCache Behavior [ RunTime:0.000089s ]
INFO: Run ShowRuntime Behavior [ RunTime:0.000204s ]
INFO: [ view_filter ] --END-- [ RunTime:0.000677s ]
INFO: [ view_end ] --START--
INFO: Run ShowPageTrace Behavior [ RunTime:0.000297s ]
INFO: [ view_end ] --END-- [ RunTime:0.000327s ]
INFO: [ view_template ] --START--
INFO: Run LocationTemplate Behavior [ RunTime:0.000126s ]
INFO: [ view_template ] --END-- [ RunTime:0.000153s ]
INFO: [ view_parse ] --START--
INFO: Run ParseTemplate Behavior [ RunTime:0.004494s ]
INFO: [ view_parse ] --END-- [ RunTime:-0.001265s ]
INFO: [ view_filter ] --START--
INFO: Run ContentReplace Behavior [ RunTime:0.000030s ]
INFO: Run TokenBuild Behavior [ RunTime:0.000024s ]
INFO: Run WriteHtmlCache Behavior [ RunTime:0.000005s ]
INFO: Run ShowRuntime Behavior [ RunTime:0.000035s ]
INFO: [ view_filter ] --END-- [ RunTime:-0.005145s ]
INFO: [ view_end ] --START--
INFO: Run ShowPageTrace Behavior [ RunTime:0.000018s ]
INFO: [ view_end ] --END-- [ RunTime:-0.004983s ]

[ 2013-04-18T11:11:38+08:00 ] 127.0.0.1 /
INFO: [ app_begin ] --START--
INFO: Run ReadHtmlCache Behavior [ RunTime:0.000285s ]
INFO: [ app_begin ] --END-- [ RunTime:0.000345s ]
INFO: [ view_parse ] --START--
INFO: Run ParseTemplate Behavior [ RunTime:0.000338s ]
INFO: [ view_parse ] --END-- [ RunTime:0.000374s ]
INFO: [ view_filter ] --START--
INFO: Run ContentReplace Behavior [ RunTime:0.000138s ]
INFO: Run TokenBuild Behavior [ RunTime:0.000156s ]
INFO: Run WriteHtmlCache Behavior [ RunTime:0.000088s ]
INFO: Run ShowRuntime Behavior [ RunTime:0.000200s ]
INFO: [ view_filter ] --END-- [ RunTime:0.000662s ]
INFO: [ view_end ] --START--
INFO: Run ShowPageTrace Behavior [ RunTime:0.000289s ]
INFO: [ view_end ] --END-- [ RunTime:0.000319s ]
INFO: [ view_template ] --START--
INFO: Run LocationTemplate Behavior [ RunTime:0.000122s ]
INFO: [ view_template ] --END-- [ RunTime:0.000151s ]
INFO: [ view_parse ] --START--
INFO: Run ParseTemplate Behavior [ RunTime:0.004918s ]
INFO: [ view_parse ] --END-- [ RunTime:-0.001236s ]
INFO: [ view_filter ] --START--
INFO: Run ContentReplace Behavior [ RunTime:0.000033s ]
INFO: Run TokenBuild Behavior [ RunTime:0.000023s ]
INFO: Run WriteHtmlCache Behavior [ RunTime:0.000005s ]
INFO: Run ShowRuntime Behavior [ RunTime:0.000034s ]
INFO: [ view_filter ] --END-- [ RunTime:-0.005564s ]
INFO: [ view_end ] --START--
INFO: Run ShowPageTrace Behavior [ RunTime:0.000019s ]
INFO: [ view_end ] --END-- [ RunTime:-0.005411s ]

[ 2013-04-18T11:13:45+08:00 ] 127.0.0.1 /
INFO: [ app_begin ] --START--
INFO: Run ReadHtmlCache Behavior [ RunTime:0.000395s ]
INFO: [ app_begin ] --END-- [ RunTime:0.000501s ]
INFO: [ view_parse ] --START--
INFO: Run ParseTemplate Behavior [ RunTime:0.000378s ]
INFO: [ view_parse ] --END-- [ RunTime:0.000424s ]
INFO: [ view_filter ] --START--
INFO: Run ContentReplace Behavior [ RunTime:0.000140s ]
INFO: Run TokenBuild Behavior [ RunTime:0.000155s ]
INFO: Run WriteHtmlCache Behavior [ RunTime:0.000097s ]
INFO: Run ShowRuntime Behavior [ RunTime:0.000218s ]
INFO: [ view_filter ] --END-- [ RunTime:0.000700s ]
INFO: [ view_end ] --START--
INFO: Run ShowPageTrace Behavior [ RunTime:0.000296s ]
INFO: [ view_end ] --END-- [ RunTime:0.000327s ]
INFO: [ view_template ] --START--
INFO: Run LocationTemplate Behavior [ RunTime:0.000128s ]
INFO: [ view_template ] --END-- [ RunTime:0.000156s ]
INFO: [ view_parse ] --START--
INFO: Run ParseTemplate Behavior [ RunTime:0.004272s ]
INFO: [ view_parse ] --END-- [ RunTime:-0.001290s ]
INFO: [ view_filter ] --START--
INFO: Run ContentReplace Behavior [ RunTime:0.000038s ]
INFO: Run TokenBuild Behavior [ RunTime:0.000022s ]
INFO: Run WriteHtmlCache Behavior [ RunTime:0.000005s ]
INFO: Run ShowRuntime Behavior [ RunTime:0.000033s ]
INFO: [ view_filter ] --END-- [ RunTime:-0.004913s ]
INFO: [ view_end ] --START--
INFO: Run ShowPageTrace Behavior [ RunTime:0.000018s ]
INFO: [ view_end ] --END-- [ RunTime:-0.004748s ]

[ 2013-04-18T22:27:06+08:00 ] 127.0.0.1 /
INFO: [ app_begin ] --START--
INFO: Run ReadHtmlCache Behavior [ RunTime:0.000628s ]
INFO: [ app_begin ] --END-- [ RunTime:0.000752s ]
INFO: [ view_parse ] --START--
INFO: Run ParseTemplate Behavior [ RunTime:0.000922s ]
INFO: [ view_parse ] --END-- [ RunTime:0.000996s ]
INFO: [ view_filter ] --START--
INFO: Run ContentReplace Behavior [ RunTime:0.000431s ]
INFO: Run TokenBuild Behavior [ RunTime:0.000449s ]
INFO: Run WriteHtmlCache Behavior [ RunTime:0.000425s ]
INFO: Run ShowRuntime Behavior [ RunTime:0.000591s ]
INFO: [ view_filter ] --END-- [ RunTime:0.001984s ]
INFO: [ view_end ] --START--
INFO: Run ShowPageTrace Behavior [ RunTime:0.000722s ]
INFO: [ view_end ] --END-- [ RunTime:0.000758s ]
INFO: [ view_template ] --START--
INFO: Run LocationTemplate Behavior [ RunTime:0.000433s ]
INFO: [ view_template ] --END-- [ RunTime:0.000462s ]
INFO: [ view_parse ] --START--
INFO: Run ParseTemplate Behavior [ RunTime:0.006789s ]
INFO: [ view_parse ] --END-- [ RunTime:-0.003334s ]
INFO: [ view_filter ] --START--
INFO: Run ContentReplace Behavior [ RunTime:0.000053s ]
INFO: Run TokenBuild Behavior [ RunTime:0.000041s ]
INFO: Run WriteHtmlCache Behavior [ RunTime:0.000006s ]
INFO: Run ShowRuntime Behavior [ RunTime:0.000037s ]
INFO: [ view_filter ] --END-- [ RunTime:-0.008224s ]
INFO: [ view_end ] --START--
INFO: Run ShowPageTrace Behavior [ RunTime:0.000027s ]
INFO: [ view_end ] --END-- [ RunTime:-0.007711s ]

[ 2013-04-18T22:27:33+08:00 ] 192.168.1.103 /
INFO: [ app_begin ] --START--
INFO: Run ReadHtmlCache Behavior [ RunTime:0.000305s ]
INFO: [ app_begin ] --END-- [ RunTime:0.000369s ]
INFO: [ view_parse ] --START--
INFO: Run ParseTemplate Behavior [ RunTime:0.000545s ]
INFO: [ view_parse ] --END-- [ RunTime:0.000608s ]
INFO: [ view_filter ] --START--
INFO: Run ContentReplace Behavior [ RunTime:0.000217s ]
INFO: Run TokenBuild Behavior [ RunTime:0.000234s ]
INFO: Run WriteHtmlCache Behavior [ RunTime:0.000113s ]
INFO: Run ShowRuntime Behavior [ RunTime:0.000223s ]
INFO: [ view_filter ] --END-- [ RunTime:0.000907s ]
INFO: [ view_end ] --START--
INFO: Run ShowPageTrace Behavior [ RunTime:0.000320s ]
INFO: [ view_end ] --END-- [ RunTime:0.000354s ]
INFO: [ view_template ] --START--
INFO: Run LocationTemplate Behavior [ RunTime:0.000138s ]
INFO: [ view_template ] --END-- [ RunTime:0.000169s ]
INFO: [ view_parse ] --START--
INFO: Run ParseTemplate Behavior [ RunTime:0.004419s ]
INFO: [ view_parse ] --END-- [ RunTime:-0.001566s ]
INFO: [ view_filter ] --START--
INFO: Run ContentReplace Behavior [ RunTime:0.000035s ]
INFO: Run TokenBuild Behavior [ RunTime:0.000023s ]
INFO: Run WriteHtmlCache Behavior [ RunTime:0.000005s ]
INFO: Run ShowRuntime Behavior [ RunTime:0.000035s ]
INFO: [ view_filter ] --END-- [ RunTime:-0.005123s ]
INFO: [ view_end ] --START--
INFO: Run ShowPageTrace Behavior [ RunTime:0.000018s ]
INFO: [ view_end ] --END-- [ RunTime:-0.004937s ]

[ 2013-04-18T22:27:55+08:00 ] 192.168.1.104 /
INFO: [ app_begin ] --START--
INFO: Run ReadHtmlCache Behavior [ RunTime:0.000257s ]
INFO: [ app_begin ] --END-- [ RunTime:0.000308s ]
INFO: [ view_parse ] --START--
INFO: Run ParseTemplate Behavior [ RunTime:0.000333s ]
INFO: [ view_parse ] --END-- [ RunTime:0.000370s ]
INFO: [ view_filter ] --START--
INFO: Run ContentReplace Behavior [ RunTime:0.000136s ]
INFO: Run TokenBuild Behavior [ RunTime:0.000150s ]
INFO: Run WriteHtmlCache Behavior [ RunTime:0.000092s ]
INFO: Run ShowRuntime Behavior [ RunTime:0.000223s ]
INFO: [ view_filter ] --END-- [ RunTime:0.000690s ]
INFO: [ view_end ] --START--
INFO: Run ShowPageTrace Behavior [ RunTime:0.000299s ]
INFO: [ view_end ] --END-- [ RunTime:0.000329s ]
INFO: [ view_template ] --START--
INFO: Run LocationTemplate Behavior [ RunTime:0.000124s ]
INFO: [ view_template ] --END-- [ RunTime:0.000152s ]
INFO: [ view_parse ] --START--
INFO: Run ParseTemplate Behavior [ RunTime:0.004225s ]
INFO: [ view_parse ] --END-- [ RunTime:-0.001277s ]
INFO: [ view_filter ] --START--
INFO: Run ContentReplace Behavior [ RunTime:0.000030s ]
INFO: Run TokenBuild Behavior [ RunTime:0.000021s ]
INFO: Run WriteHtmlCache Behavior [ RunTime:0.000005s ]
INFO: Run ShowRuntime Behavior [ RunTime:0.000035s ]
INFO: [ view_filter ] --END-- [ RunTime:-0.004857s ]
INFO: [ view_end ] --START--
INFO: Run ShowPageTrace Behavior [ RunTime:0.000017s ]
INFO: [ view_end ] --END-- [ RunTime:-0.004688s ]

[ 2013-04-18T22:28:58+08:00 ] 192.168.1.103 /
INFO: [ app_begin ] --START--
INFO: Run ReadHtmlCache Behavior [ RunTime:0.000287s ]
INFO: [ app_begin ] --END-- [ RunTime:0.000347s ]
INFO: [ view_parse ] --START--
INFO: Run ParseTemplate Behavior [ RunTime:0.000416s ]
INFO: [ view_parse ] --END-- [ RunTime:0.000460s ]
INFO: [ view_filter ] --START--
INFO: Run ContentReplace Behavior [ RunTime:0.000154s ]
INFO: Run TokenBuild Behavior [ RunTime:0.000154s ]
INFO: Run WriteHtmlCache Behavior [ RunTime:0.000086s ]
INFO: Run ShowRuntime Behavior [ RunTime:0.000199s ]
INFO: [ view_filter ] --END-- [ RunTime:0.000675s ]
INFO: [ view_end ] --START--
INFO: Run ShowPageTrace Behavior [ RunTime:0.000292s ]
INFO: [ view_end ] --END-- [ RunTime:0.000322s ]
INFO: [ view_template ] --START--
INFO: Run LocationTemplate Behavior [ RunTime:0.000128s ]
INFO: [ view_template ] --END-- [ RunTime:0.000156s ]
INFO: [ view_parse ] --START--
INFO: Run ParseTemplate Behavior [ RunTime:0.004598s ]
INFO: [ view_parse ] --END-- [ RunTime:-0.001269s ]
INFO: [ view_filter ] --START--
INFO: Run ContentReplace Behavior [ RunTime:0.000033s ]
INFO: Run TokenBuild Behavior [ RunTime:0.000022s ]
INFO: Run WriteHtmlCache Behavior [ RunTime:0.000005s ]
INFO: Run ShowRuntime Behavior [ RunTime:0.000032s ]
INFO: [ view_filter ] --END-- [ RunTime:-0.005242s ]
INFO: [ view_end ] --START--
INFO: Run ShowPageTrace Behavior [ RunTime:0.000020s ]
INFO: [ view_end ] --END-- [ RunTime:-0.005081s ]

[ 2013-04-18T22:29:00+08:00 ] 192.168.1.103 /
INFO: [ app_begin ] --START--
INFO: Run ReadHtmlCache Behavior [ RunTime:0.000417s ]
INFO: [ app_begin ] --END-- [ RunTime:0.000494s ]
INFO: [ view_parse ] --START--
INFO: Run ParseTemplate Behavior [ RunTime:0.000549s ]
INFO: [ view_parse ] --END-- [ RunTime:0.000615s ]
INFO: [ view_filter ] --START--
INFO: Run ContentReplace Behavior [ RunTime:0.000211s ]
INFO: Run TokenBuild Behavior [ RunTime:0.000230s ]
INFO: Run WriteHtmlCache Behavior [ RunTime:0.000126s ]
INFO: Run ShowRuntime Behavior [ RunTime:0.000306s ]
INFO: [ view_filter ] --END-- [ RunTime:0.001004s ]
INFO: [ view_end ] --START--
INFO: Run ShowPageTrace Behavior [ RunTime:0.000452s ]
INFO: [ view_end ] --END-- [ RunTime:0.000501s ]
INFO: [ view_template ] --START--
INFO: Run LocationTemplate Behavior [ RunTime:0.000187s ]
INFO: [ view_template ] --END-- [ RunTime:0.000232s ]
INFO: [ view_parse ] --START--
INFO: Run ParseTemplate Behavior [ RunTime:0.009262s ]
INFO: [ view_parse ] --END-- [ RunTime:-0.001922s ]
INFO: [ view_filter ] --START--
INFO: Run ContentReplace Behavior [ RunTime:0.000053s ]
INFO: Run TokenBuild Behavior [ RunTime:0.000037s ]
INFO: Run WriteHtmlCache Behavior [ RunTime:0.000008s ]
INFO: Run ShowRuntime Behavior [ RunTime:0.000054s ]
INFO: [ view_filter ] --END-- [ RunTime:-0.010259s ]
INFO: [ view_end ] --START--
INFO: Run ShowPageTrace Behavior [ RunTime:0.000028s ]
INFO: [ view_end ] --END-- [ RunTime:-0.010063s ]

[ 2013-04-18T22:29:03+08:00 ] 127.0.0.1 /
INFO: [ app_begin ] --START--
INFO: Run ReadHtmlCache Behavior [ RunTime:0.000278s ]
INFO: [ app_begin ] --END-- [ RunTime:0.000331s ]
INFO: [ view_parse ] --START--
INFO: Run ParseTemplate Behavior [ RunTime:0.000330s ]
INFO: [ view_parse ] --END-- [ RunTime:0.000366s ]
INFO: [ view_filter ] --START--
INFO: Run ContentReplace Behavior [ RunTime:0.000132s ]
INFO: Run TokenBuild Behavior [ RunTime:0.000146s ]
INFO: Run WriteHtmlCache Behavior [ RunTime:0.000082s ]
INFO: Run ShowRuntime Behavior [ RunTime:0.000192s ]
INFO: [ view_filter ] --END-- [ RunTime:0.000634s ]
INFO: [ view_end ] --START--
INFO: Run ShowPageTrace Behavior [ RunTime:0.000283s ]
INFO: [ view_end ] --END-- [ RunTime:0.000313s ]
INFO: [ view_template ] --START--
INFO: Run LocationTemplate Behavior [ RunTime:0.000122s ]
INFO: [ view_template ] --END-- [ RunTime:0.000151s ]
INFO: [ view_parse ] --START--
INFO: Run ParseTemplate Behavior [ RunTime:0.003175s ]
INFO: [ view_parse ] --END-- [ RunTime:-0.001205s ]
INFO: [ view_filter ] --START--
INFO: Run ContentReplace Behavior [ RunTime:0.000029s ]
INFO: Run TokenBuild Behavior [ RunTime:0.000023s ]
INFO: Run WriteHtmlCache Behavior [ RunTime:0.000005s ]
INFO: Run ShowRuntime Behavior [ RunTime:0.000034s ]
INFO: [ view_filter ] --END-- [ RunTime:-0.003787s ]
INFO: [ view_end ] --START--
INFO: Run ShowPageTrace Behavior [ RunTime:0.000018s ]
INFO: [ view_end ] --END-- [ RunTime:-0.003638s ]

[ 2013-04-18T22:31:16+08:00 ] 127.0.0.1 /
INFO: [ app_begin ] --START--
INFO: Run ReadHtmlCache Behavior [ RunTime:0.000282s ]
INFO: [ app_begin ] --END-- [ RunTime:0.000343s ]
INFO: [ view_parse ] --START--
INFO: Run ParseTemplate Behavior [ RunTime:0.000358s ]
INFO: [ view_parse ] --END-- [ RunTime:0.000398s ]
INFO: [ view_filter ] --START--
INFO: Run ContentReplace Behavior [ RunTime:0.000145s ]
INFO: Run TokenBuild Behavior [ RunTime:0.000163s ]
INFO: Run WriteHtmlCache Behavior [ RunTime:0.000089s ]
INFO: Run ShowRuntime Behavior [ RunTime:0.000208s ]
INFO: [ view_filter ] --END-- [ RunTime:0.000695s ]
INFO: [ view_end ] --START--
INFO: Run ShowPageTrace Behavior [ RunTime:0.000305s ]
INFO: [ view_end ] --END-- [ RunTime:0.000336s ]
INFO: [ view_template ] --START--
INFO: Run LocationTemplate Behavior [ RunTime:0.000133s ]
INFO: [ view_template ] --END-- [ RunTime:0.000164s ]
INFO: [ view_parse ] --START--
INFO: Run ParseTemplate Behavior [ RunTime:0.005031s ]
INFO: [ view_parse ] --END-- [ RunTime:-0.001316s ]
INFO: [ view_filter ] --START--
INFO: Run ContentReplace Behavior [ RunTime:0.000034s ]
INFO: Run TokenBuild Behavior [ RunTime:0.000023s ]
INFO: Run WriteHtmlCache Behavior [ RunTime:0.000006s ]
INFO: Run ShowRuntime Behavior [ RunTime:0.000035s ]
INFO: [ view_filter ] --END-- [ RunTime:-0.005706s ]
INFO: [ view_end ] --START--
INFO: Run ShowPageTrace Behavior [ RunTime:0.000018s ]
INFO: [ view_end ] --END-- [ RunTime:-0.005543s ]

[ 2013-04-18T22:31:18+08:00 ] 127.0.0.1 /
INFO: [ app_begin ] --START--
INFO: Run ReadHtmlCache Behavior [ RunTime:0.000285s ]
INFO: [ app_begin ] --END-- [ RunTime:0.000338s ]
INFO: [ view_parse ] --START--
INFO: Run ParseTemplate Behavior [ RunTime:0.000351s ]
INFO: [ view_parse ] --END-- [ RunTime:0.000388s ]
INFO: [ view_filter ] --START--
INFO: Run ContentReplace Behavior [ RunTime:0.000144s ]
INFO: Run TokenBuild Behavior [ RunTime:0.000157s ]
INFO: Run WriteHtmlCache Behavior [ RunTime:0.000088s ]
INFO: Run ShowRuntime Behavior [ RunTime:0.000206s ]
INFO: [ view_filter ] --END-- [ RunTime:0.000680s ]
INFO: [ view_end ] --START--
INFO: Run ShowPageTrace Behavior [ RunTime:0.000333s ]
INFO: [ view_end ] --END-- [ RunTime:0.000366s ]
INFO: [ view_template ] --START--
INFO: Run LocationTemplate Behavior [ RunTime:0.000132s ]
INFO: [ view_template ] --END-- [ RunTime:0.000163s ]
INFO: [ view_parse ] --START--
INFO: Run ParseTemplate Behavior [ RunTime:0.004226s ]
INFO: [ view_parse ] --END-- [ RunTime:-0.001325s ]
INFO: [ view_filter ] --START--
INFO: Run ContentReplace Behavior [ RunTime:0.000053s ]
INFO: Run TokenBuild Behavior [ RunTime:0.000027s ]
INFO: Run WriteHtmlCache Behavior [ RunTime:0.000005s ]
INFO: Run ShowRuntime Behavior [ RunTime:0.000037s ]
INFO: [ view_filter ] --END-- [ RunTime:-0.004954s ]
INFO: [ view_end ] --START--
INFO: Run ShowPageTrace Behavior [ RunTime:0.000020s ]
INFO: [ view_end ] --END-- [ RunTime:-0.004799s ]

[ 2013-04-18T22:34:16+08:00 ] 127.0.0.1 /
INFO: [ app_begin ] --START--
INFO: Run ReadHtmlCache Behavior [ RunTime:0.000398s ]
INFO: [ app_begin ] --END-- [ RunTime:0.000470s ]
INFO: [ view_parse ] --START--
INFO: Run ParseTemplate Behavior [ RunTime:0.000444s ]
INFO: [ view_parse ] --END-- [ RunTime:0.000495s ]
INFO: [ view_filter ] --START--
INFO: Run ContentReplace Behavior [ RunTime:0.000188s ]
INFO: Run TokenBuild Behavior [ RunTime:0.000223s ]
INFO: Run WriteHtmlCache Behavior [ RunTime:0.000124s ]
INFO: Run ShowRuntime Behavior [ RunTime:0.000224s ]
INFO: [ view_filter ] --END-- [ RunTime:0.000865s ]
INFO: [ view_end ] --START--
INFO: Run ShowPageTrace Behavior [ RunTime:0.000326s ]
INFO: [ view_end ] --END-- [ RunTime:0.000360s ]
INFO: [ view_template ] --START--
INFO: Run LocationTemplate Behavior [ RunTime:0.000136s ]
INFO: [ view_template ] --END-- [ RunTime:0.000167s ]
INFO: [ view_parse ] --START--
INFO: Run ParseTemplate Behavior [ RunTime:0.004442s ]
INFO: [ view_parse ] --END-- [ RunTime:-0.001526s ]
INFO: [ view_filter ] --START--
INFO: Run ContentReplace Behavior [ RunTime:0.000034s ]
INFO: Run TokenBuild Behavior [ RunTime:0.000025s ]
INFO: Run WriteHtmlCache Behavior [ RunTime:0.000005s ]
INFO: Run ShowRuntime Behavior [ RunTime:0.000035s ]
INFO: [ view_filter ] --END-- [ RunTime:-0.005149s ]
INFO: [ view_end ] --START--
INFO: Run ShowPageTrace Behavior [ RunTime:0.000020s ]
INFO: [ view_end ] --END-- [ RunTime:-0.004971s ]

[ 2013-04-18T22:39:48+08:00 ] 127.0.0.1 /
INFO: [ app_begin ] --START--
INFO: Run ReadHtmlCache Behavior [ RunTime:0.000400s ]
INFO: [ app_begin ] --END-- [ RunTime:0.000512s ]
INFO: [ view_parse ] --START--
INFO: Run ParseTemplate Behavior [ RunTime:0.000389s ]
INFO: [ view_parse ] --END-- [ RunTime:0.000438s ]
INFO: [ view_filter ] --START--
INFO: Run ContentReplace Behavior [ RunTime:0.000138s ]
INFO: Run TokenBuild Behavior [ RunTime:0.000154s ]
INFO: Run WriteHtmlCache Behavior [ RunTime:0.000090s ]
INFO: Run ShowRuntime Behavior [ RunTime:0.000202s ]
INFO: [ view_filter ] --END-- [ RunTime:0.000664s ]
INFO: [ view_end ] --START--
INFO: Run ShowPageTrace Behavior [ RunTime:0.000291s ]
INFO: [ view_end ] --END-- [ RunTime:0.000322s ]
INFO: [ view_template ] --START--
INFO: Run LocationTemplate Behavior [ RunTime:0.000126s ]
INFO: [ view_template ] --END-- [ RunTime:0.000155s ]
INFO: [ view_parse ] --START--
INFO: Run ParseTemplate Behavior [ RunTime:0.004263s ]
INFO: [ view_parse ] --END-- [ RunTime:-0.001256s ]
INFO: [ view_filter ] --START--
INFO: Run ContentReplace Behavior [ RunTime:0.000029s ]
INFO: Run TokenBuild Behavior [ RunTime:0.000022s ]
INFO: Run WriteHtmlCache Behavior [ RunTime:0.000005s ]
INFO: Run ShowRuntime Behavior [ RunTime:0.000031s ]
INFO: [ view_filter ] --END-- [ RunTime:-0.004896s ]
INFO: [ view_end ] --START--
INFO: Run ShowPageTrace Behavior [ RunTime:0.000017s ]
INFO: [ view_end ] --END-- [ RunTime:-0.004725s ]

