[ 2013-05-01T21:07:55+08:00 ] 0.0.0.0 /evbeta/
INFO: [ app_begin ] --START--
INFO: Run ReadHtmlCache Behavior [ RunTime:0.004585s ]
INFO: [ app_begin ] --END-- [ RunTime:0.005580s ]
INFO: [ view_parse ] --START--
INFO: Run ParseTemplate Behavior [ RunTime:0.007976s ]
INFO: [ view_parse ] --END-- [ RunTime:0.008297s ]
INFO: [ view_filter ] --START--
INFO: Run ContentReplace Behavior [ RunTime:0.003097s ]
INFO: Run TokenBuild Behavior [ RunTime:0.003323s ]
INFO: Run WriteHtmlCache Behavior [ RunTime:0.002752s ]
INFO: Run ShowRuntime Behavior [ RunTime:0.003554s ]
INFO: [ view_filter ] --END-- [ RunTime:0.013585s ]
INFO: [ view_end ] --START--
INFO: Run ShowPageTrace Behavior [ RunTime:0.003908s ]
INFO: [ view_end ] --END-- [ RunTime:0.004195s ]

[ 2013-05-01T21:32:40+08:00 ] 0.0.0.0 /evbeta/Admin
INFO: [ route_check ] --START--
INFO: Run CheckRoute Behavior [ RunTime:0.006540s ]
INFO: [ route_check ] --END-- [ RunTime:0.006842s ]
INFO: [ app_begin ] --START--
INFO: Run ReadHtmlCache Behavior [ RunTime:0.001388s ]
INFO: [ app_begin ] --END-- [ RunTime:0.001634s ]
INFO: [ view_template ] --START--
INFO: Run LocationTemplate Behavior [ RunTime:0.003703s ]
INFO: [ view_template ] --END-- [ RunTime:0.004004s ]
INFO: [ view_parse ] --START--
INFO: Run ParseTemplate Behavior [ RunTime:0.033551s ]
INFO: [ view_parse ] --END-- [ RunTime:0.033815s ]
INFO: [ view_filter ] --START--
INFO: Run ContentReplace Behavior [ RunTime:0.001175s ]
INFO: Run TokenBuild Behavior [ RunTime:0.001141s ]
INFO: Run WriteHtmlCache Behavior [ RunTime:0.000875s ]
INFO: Run ShowRuntime Behavior [ RunTime:0.001327s ]
INFO: [ view_filter ] --END-- [ RunTime:0.005132s ]
INFO: [ view_end ] --START--
INFO: Run ShowPageTrace Behavior [ RunTime:0.001307s ]
INFO: [ view_end ] --END-- [ RunTime:0.001534s ]

