[ 2013-05-05T00:01:02+08:00 ] 120.37.70.240 /evbeta/Home/Index/register
INFO: [ route_check ] --START--
INFO: Run CheckRoute Behavior [ RunTime:0.000820s ]
INFO: [ route_check ] --END-- [ RunTime:0.000938s ]
INFO: [ app_begin ] --START--
INFO: Run ReadHtmlCache Behavior [ RunTime:0.000455s ]
INFO: [ app_begin ] --END-- [ RunTime:0.000550s ]
NOTIC: [2048] Declaration of IndexAction::error() should be compatible with that of Action::error() /wwwroot/evbeta/Lib/Action/Home/IndexAction.class.php 第 9 行.
INFO: [ view_template ] --START--
INFO: Run LocationTemplate Behavior [ RunTime:0.000242s ]
INFO: [ view_template ] --END-- [ RunTime:0.000322s ]
INFO: [ view_parse ] --START--
INFO: Run ParseTemplate Behavior [ RunTime:0.012596s ]
INFO: [ view_parse ] --END-- [ RunTime:0.012715s ]
INFO: [ view_filter ] --START--
INFO: Run ContentReplace Behavior [ RunTime:0.000423s ]
INFO: Run TokenBuild Behavior [ RunTime:0.000353s ]
INFO: Run WriteHtmlCache Behavior [ RunTime:0.000218s ]
INFO: Run ShowRuntime Behavior [ RunTime:0.000495s ]
INFO: [ view_filter ] --END-- [ RunTime:0.001766s ]
INFO: [ view_end ] --START--
INFO: Run ShowPageTrace Behavior [ RunTime:0.000640s ]
INFO: [ view_end ] --END-- [ RunTime:0.000731s ]

[ 2013-05-05T00:13:40+08:00 ] 120.37.70.240 /evbeta/Home/Index/register
INFO: [ route_check ] --START--
INFO: Run CheckRoute Behavior [ RunTime:0.000929s ]
INFO: [ route_check ] --END-- [ RunTime:0.001058s ]
INFO: [ app_begin ] --START--
INFO: Run ReadHtmlCache Behavior [ RunTime:0.000609s ]
INFO: [ app_begin ] --END-- [ RunTime:0.000709s ]
NOTIC: [2048] Declaration of IndexAction::error() should be compatible with that of Action::error() /wwwroot/evbeta/Lib/Action/Home/IndexAction.class.php 第 9 行.
INFO: [ view_template ] --START--
INFO: Run LocationTemplate Behavior [ RunTime:0.000328s ]
INFO: [ view_template ] --END-- [ RunTime:0.000431s ]
INFO: [ view_parse ] --START--
INFO: Run ParseTemplate Behavior [ RunTime:0.013836s ]
INFO: [ view_parse ] --END-- [ RunTime:0.014002s ]
INFO: [ view_filter ] --START--
INFO: Run ContentReplace Behavior [ RunTime:0.000480s ]
INFO: Run TokenBuild Behavior [ RunTime:0.000424s ]
INFO: Run WriteHtmlCache Behavior [ RunTime:0.000212s ]
INFO: Run ShowRuntime Behavior [ RunTime:0.000594s ]
INFO: [ view_filter ] --END-- [ RunTime:0.001975s ]
INFO: [ view_end ] --START--
INFO: Run ShowPageTrace Behavior [ RunTime:0.000630s ]
INFO: [ view_end ] --END-- [ RunTime:0.000717s ]

[ 2013-05-05T00:14:48+08:00 ] 120.37.70.240 /evbeta/Home/Index/register
INFO: [ route_check ] --START--
INFO: Run CheckRoute Behavior [ RunTime:0.001384s ]
INFO: [ route_check ] --END-- [ RunTime:0.001569s ]
INFO: [ app_begin ] --START--
INFO: Run ReadHtmlCache Behavior [ RunTime:0.000885s ]
INFO: [ app_begin ] --END-- [ RunTime:0.001032s ]
NOTIC: [2048] Declaration of IndexAction::error() should be compatible with that of Action::error() /wwwroot/evbeta/Lib/Action/Home/IndexAction.class.php 第 9 行.
INFO: [ view_template ] --START--
INFO: Run LocationTemplate Behavior [ RunTime:0.000551s ]
INFO: [ view_template ] --END-- [ RunTime:0.000974s ]
INFO: [ view_parse ] --START--
INFO: Run ParseTemplate Behavior [ RunTime:0.020853s ]
INFO: [ view_parse ] --END-- [ RunTime:0.021191s ]
INFO: [ view_filter ] --START--
INFO: Run ContentReplace Behavior [ RunTime:0.000707s ]
INFO: Run TokenBuild Behavior [ RunTime:0.000507s ]
INFO: Run WriteHtmlCache Behavior [ RunTime:0.000415s ]
INFO: Run ShowRuntime Behavior [ RunTime:0.000813s ]
INFO: [ view_filter ] --END-- [ RunTime:0.002927s ]
INFO: [ view_end ] --START--
INFO: Run ShowPageTrace Behavior [ RunTime:0.001096s ]
INFO: [ view_end ] --END-- [ RunTime:0.001206s ]

[ 2013-05-05T00:15:20+08:00 ] 120.37.70.240 /evbeta/Home/Index/register
INFO: [ route_check ] --START--
INFO: Run CheckRoute Behavior [ RunTime:0.001034s ]
INFO: [ route_check ] --END-- [ RunTime:0.001162s ]
INFO: [ app_begin ] --START--
INFO: Run ReadHtmlCache Behavior [ RunTime:0.000631s ]
INFO: [ app_begin ] --END-- [ RunTime:0.000739s ]
NOTIC: [2048] Declaration of IndexAction::error() should be compatible with that of Action::error() /wwwroot/evbeta/Lib/Action/Home/IndexAction.class.php 第 9 行.
INFO: [ view_template ] --START--
INFO: Run LocationTemplate Behavior [ RunTime:0.000308s ]
INFO: [ view_template ] --END-- [ RunTime:0.000435s ]
INFO: [ view_parse ] --START--
INFO: Run ParseTemplate Behavior [ RunTime:0.014779s ]
INFO: [ view_parse ] --END-- [ RunTime:0.014926s ]
INFO: [ view_filter ] --START--
INFO: Run ContentReplace Behavior [ RunTime:0.000538s ]
INFO: Run TokenBuild Behavior [ RunTime:0.000381s ]
INFO: Run WriteHtmlCache Behavior [ RunTime:0.000258s ]
INFO: Run ShowRuntime Behavior [ RunTime:0.000549s ]
INFO: [ view_filter ] --END-- [ RunTime:0.001991s ]
INFO: [ view_end ] --START--
INFO: Run ShowPageTrace Behavior [ RunTime:0.000718s ]
INFO: [ view_end ] --END-- [ RunTime:0.000816s ]

[ 2013-05-05T00:16:10+08:00 ] 120.37.70.240 /evbeta/Home/Index/register
INFO: [ route_check ] --START--
INFO: Run CheckRoute Behavior [ RunTime:0.001084s ]
INFO: [ route_check ] --END-- [ RunTime:0.001241s ]
INFO: [ app_begin ] --START--
INFO: Run ReadHtmlCache Behavior [ RunTime:0.000626s ]
INFO: [ app_begin ] --END-- [ RunTime:0.000728s ]
NOTIC: [2048] Declaration of IndexAction::error() should be compatible with that of Action::error() /wwwroot/evbeta/Lib/Action/Home/IndexAction.class.php 第 9 行.
INFO: [ view_template ] --START--
INFO: Run LocationTemplate Behavior [ RunTime:0.000338s ]
INFO: [ view_template ] --END-- [ RunTime:0.000453s ]
INFO: [ view_parse ] --START--
INFO: Run ParseTemplate Behavior [ RunTime:0.014902s ]
INFO: [ view_parse ] --END-- [ RunTime:0.015032s ]
INFO: [ view_filter ] --START--
INFO: Run ContentReplace Behavior [ RunTime:0.000506s ]
INFO: Run TokenBuild Behavior [ RunTime:0.000400s ]
INFO: Run WriteHtmlCache Behavior [ RunTime:0.000251s ]
INFO: Run ShowRuntime Behavior [ RunTime:0.000545s ]
INFO: [ view_filter ] --END-- [ RunTime:0.001986s ]
INFO: [ view_end ] --START--
INFO: Run ShowPageTrace Behavior [ RunTime:0.000718s ]
INFO: [ view_end ] --END-- [ RunTime:0.000815s ]

[ 2013-05-05T00:18:09+08:00 ] 120.37.70.240 /evbeta/Home/Index/register
INFO: [ route_check ] --START--
INFO: Run CheckRoute Behavior [ RunTime:0.001016s ]
INFO: [ route_check ] --END-- [ RunTime:0.001157s ]
INFO: [ app_begin ] --START--
INFO: Run ReadHtmlCache Behavior [ RunTime:0.000635s ]
INFO: [ app_begin ] --END-- [ RunTime:0.000739s ]
NOTIC: [2048] Declaration of IndexAction::error() should be compatible with that of Action::error() /wwwroot/evbeta/Lib/Action/Home/IndexAction.class.php 第 9 行.
INFO: [ view_template ] --START--
INFO: Run LocationTemplate Behavior [ RunTime:0.000370s ]
INFO: [ view_template ] --END-- [ RunTime:0.000517s ]
INFO: [ view_parse ] --START--
INFO: Run ParseTemplate Behavior [ RunTime:0.014097s ]
INFO: [ view_parse ] --END-- [ RunTime:0.014245s ]
INFO: [ view_filter ] --START--
INFO: Run ContentReplace Behavior [ RunTime:0.000484s ]
INFO: Run TokenBuild Behavior [ RunTime:0.000466s ]
INFO: Run WriteHtmlCache Behavior [ RunTime:0.000312s ]
INFO: Run ShowRuntime Behavior [ RunTime:0.000699s ]
INFO: [ view_filter ] --END-- [ RunTime:0.002392s ]
INFO: [ view_end ] --START--
INFO: Run ShowPageTrace Behavior [ RunTime:0.000870s ]
INFO: [ view_end ] --END-- [ RunTime:0.000997s ]

[ 2013-05-05T00:19:46+08:00 ] 120.37.70.240 /evbeta/Home/Index/register
INFO: [ route_check ] --START--
INFO: Run CheckRoute Behavior [ RunTime:0.001058s ]
INFO: [ route_check ] --END-- [ RunTime:0.001228s ]
INFO: [ app_begin ] --START--
INFO: Run ReadHtmlCache Behavior [ RunTime:0.000504s ]
INFO: [ app_begin ] --END-- [ RunTime:0.000592s ]
NOTIC: [2048] Declaration of IndexAction::error() should be compatible with that of Action::error() /wwwroot/evbeta/Lib/Action/Home/IndexAction.class.php 第 9 行.
INFO: [ view_template ] --START--
INFO: Run LocationTemplate Behavior [ RunTime:0.000288s ]
INFO: [ view_template ] --END-- [ RunTime:0.000383s ]
INFO: [ view_parse ] --START--
INFO: Run ParseTemplate Behavior [ RunTime:0.011038s ]
INFO: [ view_parse ] --END-- [ RunTime:0.011155s ]
INFO: [ view_filter ] --START--
INFO: Run ContentReplace Behavior [ RunTime:0.000504s ]
INFO: Run TokenBuild Behavior [ RunTime:0.000402s ]
INFO: Run WriteHtmlCache Behavior [ RunTime:0.000271s ]
INFO: Run ShowRuntime Behavior [ RunTime:0.000503s ]
INFO: [ view_filter ] --END-- [ RunTime:0.001960s ]
INFO: [ view_end ] --START--
INFO: Run ShowPageTrace Behavior [ RunTime:0.000580s ]
INFO: [ view_end ] --END-- [ RunTime:0.000666s ]

[ 2013-05-05T00:20:55+08:00 ] 120.37.70.240 /evbeta/Home/Index/register
INFO: [ route_check ] --START--
INFO: Run CheckRoute Behavior [ RunTime:0.000658s ]
INFO: [ route_check ] --END-- [ RunTime:0.000790s ]
INFO: [ app_begin ] --START--
INFO: Run ReadHtmlCache Behavior [ RunTime:0.000412s ]
INFO: [ app_begin ] --END-- [ RunTime:0.000477s ]
NOTIC: [2048] Declaration of IndexAction::error() should be compatible with that of Action::error() /wwwroot/evbeta/Lib/Action/Home/IndexAction.class.php 第 9 行.
INFO: [ view_template ] --START--
INFO: Run LocationTemplate Behavior [ RunTime:0.000244s ]
INFO: [ view_template ] --END-- [ RunTime:0.000322s ]
INFO: [ view_parse ] --START--
INFO: Run ParseTemplate Behavior [ RunTime:0.009589s ]
INFO: [ view_parse ] --END-- [ RunTime:0.009694s ]
INFO: [ view_filter ] --START--
INFO: Run ContentReplace Behavior [ RunTime:0.000461s ]
INFO: Run TokenBuild Behavior [ RunTime:0.000353s ]
INFO: Run WriteHtmlCache Behavior [ RunTime:0.000193s ]
INFO: Run ShowRuntime Behavior [ RunTime:0.000425s ]
INFO: [ view_filter ] --END-- [ RunTime:0.001707s ]
INFO: [ view_end ] --START--
INFO: Run ShowPageTrace Behavior [ RunTime:0.000463s ]
INFO: [ view_end ] --END-- [ RunTime:0.000534s ]

[ 2013-05-05T00:22:01+08:00 ] 120.37.70.240 /evbeta/Home/Index/register
INFO: [ route_check ] --START--
INFO: Run CheckRoute Behavior [ RunTime:0.001463s ]
INFO: [ route_check ] --END-- [ RunTime:0.001673s ]
INFO: [ app_begin ] --START--
INFO: Run ReadHtmlCache Behavior [ RunTime:0.001507s ]
INFO: [ app_begin ] --END-- [ RunTime:0.001624s ]
NOTIC: [2048] Declaration of IndexAction::error() should be compatible with that of Action::error() /wwwroot/evbeta/Lib/Action/Home/IndexAction.class.php 第 9 行.
INFO: [ view_template ] --START--
INFO: Run LocationTemplate Behavior [ RunTime:0.000439s ]
INFO: [ view_template ] --END-- [ RunTime:0.000676s ]
INFO: [ view_parse ] --START--
INFO: Run ParseTemplate Behavior [ RunTime:0.020962s ]
INFO: [ view_parse ] --END-- [ RunTime:0.021102s ]
INFO: [ view_filter ] --START--
INFO: Run ContentReplace Behavior [ RunTime:0.000667s ]
INFO: Run TokenBuild Behavior [ RunTime:0.000557s ]
INFO: Run WriteHtmlCache Behavior [ RunTime:0.000428s ]
INFO: Run ShowRuntime Behavior [ RunTime:0.000731s ]
INFO: [ view_filter ] --END-- [ RunTime:0.002902s ]
INFO: [ view_end ] --START--
INFO: Run ShowPageTrace Behavior [ RunTime:0.001006s ]
INFO: [ view_end ] --END-- [ RunTime:0.001122s ]

[ 2013-05-05T00:23:20+08:00 ] 120.37.70.240 /evbeta/Home/Index/register
INFO: [ route_check ] --START--
INFO: Run CheckRoute Behavior [ RunTime:0.001137s ]
INFO: [ route_check ] --END-- [ RunTime:0.001286s ]
INFO: [ app_begin ] --START--
INFO: Run ReadHtmlCache Behavior [ RunTime:0.000607s ]
INFO: [ app_begin ] --END-- [ RunTime:0.000876s ]
NOTIC: [2048] Declaration of IndexAction::error() should be compatible with that of Action::error() /wwwroot/evbeta/Lib/Action/Home/IndexAction.class.php 第 9 行.
INFO: [ view_template ] --START--
INFO: Run LocationTemplate Behavior [ RunTime:0.000472s ]
INFO: [ view_template ] --END-- [ RunTime:0.000599s ]
INFO: [ view_parse ] --START--
INFO: Run ParseTemplate Behavior [ RunTime:0.016258s ]
INFO: [ view_parse ] --END-- [ RunTime:0.016451s ]
INFO: [ view_filter ] --START--
INFO: Run ContentReplace Behavior [ RunTime:0.000531s ]
INFO: Run TokenBuild Behavior [ RunTime:0.000499s ]
INFO: Run WriteHtmlCache Behavior [ RunTime:0.000217s ]
INFO: Run ShowRuntime Behavior [ RunTime:0.000685s ]
INFO: [ view_filter ] --END-- [ RunTime:0.002232s ]
INFO: [ view_end ] --START--
INFO: Run ShowPageTrace Behavior [ RunTime:0.000818s ]
INFO: [ view_end ] --END-- [ RunTime:0.000921s ]

[ 2013-05-05T00:27:01+08:00 ] 120.37.70.240 /evbeta/Home/Index/register
INFO: [ route_check ] --START--
INFO: Run CheckRoute Behavior [ RunTime:0.001276s ]
INFO: [ route_check ] --END-- [ RunTime:0.001448s ]
INFO: [ app_begin ] --START--
INFO: Run ReadHtmlCache Behavior [ RunTime:0.000824s ]
INFO: [ app_begin ] --END-- [ RunTime:0.000968s ]
NOTIC: [2048] Declaration of IndexAction::error() should be compatible with that of Action::error() /wwwroot/evbeta/Lib/Action/Home/IndexAction.class.php 第 9 行.
INFO: [ view_template ] --START--
INFO: Run LocationTemplate Behavior [ RunTime:0.000423s ]
INFO: [ view_template ] --END-- [ RunTime:0.000574s ]
INFO: [ view_parse ] --START--
INFO: Run ParseTemplate Behavior [ RunTime:0.017161s ]
INFO: [ view_parse ] --END-- [ RunTime:0.017347s ]
INFO: [ view_filter ] --START--
INFO: Run ContentReplace Behavior [ RunTime:0.000433s ]
INFO: Run TokenBuild Behavior [ RunTime:0.000520s ]
INFO: Run WriteHtmlCache Behavior [ RunTime:0.000293s ]
INFO: Run ShowRuntime Behavior [ RunTime:0.000697s ]
INFO: [ view_filter ] --END-- [ RunTime:0.002318s ]
INFO: [ view_end ] --START--
INFO: Run ShowPageTrace Behavior [ RunTime:0.000866s ]
INFO: [ view_end ] --END-- [ RunTime:0.000985s ]

[ 2013-05-05T00:28:05+08:00 ] 120.37.70.240 /evbeta/Home/Index/register
INFO: [ route_check ] --START--
INFO: Run CheckRoute Behavior [ RunTime:0.000740s ]
INFO: [ route_check ] --END-- [ RunTime:0.000846s ]
INFO: [ app_begin ] --START--
INFO: Run ReadHtmlCache Behavior [ RunTime:0.000443s ]
INFO: [ app_begin ] --END-- [ RunTime:0.000515s ]
NOTIC: [2048] Declaration of IndexAction::error() should be compatible with that of Action::error() /wwwroot/evbeta/Lib/Action/Home/IndexAction.class.php 第 9 行.
INFO: [ view_template ] --START--
INFO: Run LocationTemplate Behavior [ RunTime:0.000252s ]
INFO: [ view_template ] --END-- [ RunTime:0.000339s ]
INFO: [ view_parse ] --START--
INFO: Run ParseTemplate Behavior [ RunTime:0.009863s ]
INFO: [ view_parse ] --END-- [ RunTime:0.009946s ]
INFO: [ view_filter ] --START--
INFO: Run ContentReplace Behavior [ RunTime:0.000388s ]
INFO: Run TokenBuild Behavior [ RunTime:0.000281s ]
INFO: Run WriteHtmlCache Behavior [ RunTime:0.000171s ]
INFO: Run ShowRuntime Behavior [ RunTime:0.000413s ]
INFO: [ view_filter ] --END-- [ RunTime:0.001445s ]
INFO: [ view_end ] --START--
INFO: Run ShowPageTrace Behavior [ RunTime:0.000490s ]
INFO: [ view_end ] --END-- [ RunTime:0.000554s ]

[ 2013-05-05T00:28:12+08:00 ] 120.37.70.240 /evbeta/Home/Index/register
INFO: [ route_check ] --START--
INFO: Run CheckRoute Behavior [ RunTime:0.001479s ]
INFO: [ route_check ] --END-- [ RunTime:0.001640s ]
INFO: [ app_begin ] --START--
INFO: Run ReadHtmlCache Behavior [ RunTime:0.000659s ]
INFO: [ app_begin ] --END-- [ RunTime:0.000759s ]
NOTIC: [2048] Declaration of IndexAction::error() should be compatible with that of Action::error() /wwwroot/evbeta/Lib/Action/Home/IndexAction.class.php 第 9 行.
INFO: [ view_template ] --START--
INFO: Run LocationTemplate Behavior [ RunTime:0.000366s ]
INFO: [ view_template ] --END-- [ RunTime:0.000511s ]
INFO: [ view_parse ] --START--
INFO: Run ParseTemplate Behavior [ RunTime:0.033717s ]
INFO: [ view_parse ] --END-- [ RunTime:0.033919s ]
INFO: [ view_filter ] --START--
INFO: Run ContentReplace Behavior [ RunTime:0.000654s ]
INFO: Run TokenBuild Behavior [ RunTime:0.000583s ]
INFO: Run WriteHtmlCache Behavior [ RunTime:0.000286s ]
INFO: Run ShowRuntime Behavior [ RunTime:0.002625s ]
INFO: [ view_filter ] --END-- [ RunTime:0.004562s ]
INFO: [ view_end ] --START--
INFO: Run ShowPageTrace Behavior [ RunTime:0.001030s ]
INFO: [ view_end ] --END-- [ RunTime:0.001169s ]

[ 2013-05-05T00:29:46+08:00 ] 120.37.70.240 /evbeta/Home/Index/register
INFO: [ route_check ] --START--
INFO: Run CheckRoute Behavior [ RunTime:0.001281s ]
INFO: [ route_check ] --END-- [ RunTime:0.001425s ]
INFO: [ app_begin ] --START--
INFO: Run ReadHtmlCache Behavior [ RunTime:0.000804s ]
INFO: [ app_begin ] --END-- [ RunTime:0.000928s ]
NOTIC: [2048] Declaration of IndexAction::error() should be compatible with that of Action::error() /wwwroot/evbeta/Lib/Action/Home/IndexAction.class.php 第 9 行.
INFO: [ view_template ] --START--
INFO: Run LocationTemplate Behavior [ RunTime:0.000400s ]
INFO: [ view_template ] --END-- [ RunTime:0.000541s ]
INFO: [ view_parse ] --START--
INFO: Run ParseTemplate Behavior [ RunTime:0.013329s ]
INFO: [ view_parse ] --END-- [ RunTime:0.013453s ]
INFO: [ view_filter ] --START--
INFO: Run ContentReplace Behavior [ RunTime:0.000435s ]
INFO: Run TokenBuild Behavior [ RunTime:0.000401s ]
INFO: Run WriteHtmlCache Behavior [ RunTime:0.000215s ]
INFO: Run ShowRuntime Behavior [ RunTime:0.000517s ]
INFO: [ view_filter ] --END-- [ RunTime:0.001829s ]
INFO: [ view_end ] --START--
INFO: Run ShowPageTrace Behavior [ RunTime:0.000610s ]
INFO: [ view_end ] --END-- [ RunTime:0.000728s ]

[ 2013-05-05T00:33:36+08:00 ] 120.37.70.240 /evbeta/Home/Index/register
INFO: [ route_check ] --START--
INFO: Run CheckRoute Behavior [ RunTime:0.001208s ]
INFO: [ route_check ] --END-- [ RunTime:0.001347s ]
INFO: [ app_begin ] --START--
INFO: Run ReadHtmlCache Behavior [ RunTime:0.000755s ]
INFO: [ app_begin ] --END-- [ RunTime:0.000874s ]
NOTIC: [2048] Declaration of IndexAction::error() should be compatible with that of Action::error() /wwwroot/evbeta/Lib/Action/Home/IndexAction.class.php 第 9 行.
INFO: [ view_template ] --START--
INFO: Run LocationTemplate Behavior [ RunTime:0.000333s ]
INFO: [ view_template ] --END-- [ RunTime:0.000442s ]
INFO: [ view_parse ] --START--
INFO: Run ParseTemplate Behavior [ RunTime:0.018164s ]
INFO: [ view_parse ] --END-- [ RunTime:0.018300s ]
INFO: [ view_filter ] --START--
INFO: Run ContentReplace Behavior [ RunTime:0.000542s ]
INFO: Run TokenBuild Behavior [ RunTime:0.000561s ]
INFO: Run WriteHtmlCache Behavior [ RunTime:0.000443s ]
INFO: Run ShowRuntime Behavior [ RunTime:0.000774s ]
INFO: [ view_filter ] --END-- [ RunTime:0.002878s ]
INFO: [ view_end ] --START--
INFO: Run ShowPageTrace Behavior [ RunTime:0.000836s ]
INFO: [ view_end ] --END-- [ RunTime:0.000933s ]

[ 2013-05-05T00:33:39+08:00 ] 120.37.70.240 /evbeta/Home/Index/register
INFO: [ route_check ] --START--
INFO: Run CheckRoute Behavior [ RunTime:0.001039s ]
INFO: [ route_check ] --END-- [ RunTime:0.001174s ]
INFO: [ app_begin ] --START--
INFO: Run ReadHtmlCache Behavior [ RunTime:0.000596s ]
INFO: [ app_begin ] --END-- [ RunTime:0.000700s ]
NOTIC: [2048] Declaration of IndexAction::error() should be compatible with that of Action::error() /wwwroot/evbeta/Lib/Action/Home/IndexAction.class.php 第 9 行.
INFO: [ view_template ] --START--
INFO: Run LocationTemplate Behavior [ RunTime:0.000352s ]
INFO: [ view_template ] --END-- [ RunTime:0.000461s ]
INFO: [ view_parse ] --START--
INFO: Run ParseTemplate Behavior [ RunTime:0.014676s ]
INFO: [ view_parse ] --END-- [ RunTime:0.014841s ]
INFO: [ view_filter ] --START--
INFO: Run ContentReplace Behavior [ RunTime:0.000447s ]
INFO: Run TokenBuild Behavior [ RunTime:0.000422s ]
INFO: Run WriteHtmlCache Behavior [ RunTime:0.000215s ]
INFO: Run ShowRuntime Behavior [ RunTime:0.000522s ]
INFO: [ view_filter ] --END-- [ RunTime:0.001936s ]
INFO: [ view_end ] --START--
INFO: Run ShowPageTrace Behavior [ RunTime:0.000660s ]
INFO: [ view_end ] --END-- [ RunTime:0.000763s ]

[ 2013-05-05T00:37:35+08:00 ] 120.37.70.240 /evbeta/Home/Index/register
INFO: [ route_check ] --START--
INFO: Run CheckRoute Behavior [ RunTime:0.000863s ]
INFO: [ route_check ] --END-- [ RunTime:0.000985s ]
INFO: [ app_begin ] --START--
INFO: Run ReadHtmlCache Behavior [ RunTime:0.000428s ]
INFO: [ app_begin ] --END-- [ RunTime:0.000514s ]
NOTIC: [2048] Declaration of IndexAction::error() should be compatible with that of Action::error() /wwwroot/evbeta/Lib/Action/Home/IndexAction.class.php 第 9 行.
INFO: [ view_template ] --START--
INFO: Run LocationTemplate Behavior [ RunTime:0.000240s ]
INFO: [ view_template ] --END-- [ RunTime:0.000314s ]
INFO: [ view_parse ] --START--
INFO: Run ParseTemplate Behavior [ RunTime:0.011452s ]
INFO: [ view_parse ] --END-- [ RunTime:0.011538s ]
INFO: [ view_filter ] --START--
INFO: Run ContentReplace Behavior [ RunTime:0.000389s ]
INFO: Run TokenBuild Behavior [ RunTime:0.000344s ]
INFO: Run WriteHtmlCache Behavior [ RunTime:0.000195s ]
INFO: Run ShowRuntime Behavior [ RunTime:0.000424s ]
INFO: [ view_filter ] --END-- [ RunTime:0.001592s ]
INFO: [ view_end ] --START--
INFO: Run ShowPageTrace Behavior [ RunTime:0.000608s ]
INFO: [ view_end ] --END-- [ RunTime:0.000751s ]

[ 2013-05-05T00:46:47+08:00 ] 120.37.70.240 /evbeta/Home/Index/register
INFO: [ route_check ] --START--
INFO: Run CheckRoute Behavior [ RunTime:0.001240s ]
INFO: [ route_check ] --END-- [ RunTime:0.001404s ]
INFO: [ app_begin ] --START--
INFO: Run ReadHtmlCache Behavior [ RunTime:0.000628s ]
INFO: [ app_begin ] --END-- [ RunTime:0.000728s ]
NOTIC: [2048] Declaration of IndexAction::error() should be compatible with that of Action::error() /wwwroot/evbeta/Lib/Action/Home/IndexAction.class.php 第 9 行.
INFO: [ view_template ] --START--
INFO: Run LocationTemplate Behavior [ RunTime:0.000326s ]
INFO: [ view_template ] --END-- [ RunTime:0.000456s ]
INFO: [ view_parse ] --START--
INFO: Run ParseTemplate Behavior [ RunTime:0.014115s ]
INFO: [ view_parse ] --END-- [ RunTime:0.014282s ]
INFO: [ view_filter ] --START--
INFO: Run ContentReplace Behavior [ RunTime:0.000512s ]
INFO: Run TokenBuild Behavior [ RunTime:0.000380s ]
INFO: Run WriteHtmlCache Behavior [ RunTime:0.000274s ]
INFO: Run ShowRuntime Behavior [ RunTime:0.000435s ]
INFO: [ view_filter ] --END-- [ RunTime:0.001831s ]
INFO: [ view_end ] --START--
INFO: Run ShowPageTrace Behavior [ RunTime:0.000650s ]
INFO: [ view_end ] --END-- [ RunTime:0.000744s ]

[ 2013-05-05T00:48:20+08:00 ] 120.37.70.240 /evbeta/Home/Index/register
INFO: [ route_check ] --START--
INFO: Run CheckRoute Behavior [ RunTime:0.001040s ]
INFO: [ route_check ] --END-- [ RunTime:0.001212s ]
INFO: [ app_begin ] --START--
INFO: Run ReadHtmlCache Behavior [ RunTime:0.000567s ]
INFO: [ app_begin ] --END-- [ RunTime:0.000664s ]
NOTIC: [2048] Declaration of IndexAction::error() should be compatible with that of Action::error() /wwwroot/evbeta/Lib/Action/Home/IndexAction.class.php 第 9 行.
INFO: [ view_template ] --START--
INFO: Run LocationTemplate Behavior [ RunTime:0.000292s ]
INFO: [ view_template ] --END-- [ RunTime:0.000408s ]
INFO: [ view_parse ] --START--
INFO: Run ParseTemplate Behavior [ RunTime:0.012313s ]
INFO: [ view_parse ] --END-- [ RunTime:0.012467s ]
INFO: [ view_filter ] --START--
INFO: Run ContentReplace Behavior [ RunTime:0.000503s ]
INFO: Run TokenBuild Behavior [ RunTime:0.000333s ]
INFO: Run WriteHtmlCache Behavior [ RunTime:0.000222s ]
INFO: Run ShowRuntime Behavior [ RunTime:0.000432s ]
INFO: [ view_filter ] --END-- [ RunTime:0.001765s ]
INFO: [ view_end ] --START--
INFO: Run ShowPageTrace Behavior [ RunTime:0.000627s ]
INFO: [ view_end ] --END-- [ RunTime:0.000692s ]

[ 2013-05-05T00:48:25+08:00 ] ERR: (ThinkException) 无法加载模块:register
[ 2013-05-05T00:48:31+08:00 ] ERR: (ThinkException) 无法加载模块:register
[ 2013-05-05T00:48:32+08:00 ] ERR: (ThinkException) 无法加载模块:register
[ 2013-05-05T00:48:33+08:00 ] ERR: (ThinkException) 无法加载模块:register
[ 2013-05-05T00:48:45+08:00 ] 120.37.70.240 /evbeta/Index/register
INFO: [ route_check ] --START--
INFO: Run CheckRoute Behavior [ RunTime:0.001012s ]
INFO: [ route_check ] --END-- [ RunTime:0.001161s ]
INFO: [ app_begin ] --START--
INFO: Run ReadHtmlCache Behavior [ RunTime:0.000682s ]
INFO: [ app_begin ] --END-- [ RunTime:0.000795s ]
NOTIC: [2048] Declaration of IndexAction::error() should be compatible with that of Action::error() /wwwroot/evbeta/Lib/Action/Home/IndexAction.class.php 第 9 行.
INFO: [ view_template ] --START--
INFO: Run LocationTemplate Behavior [ RunTime:0.000395s ]
INFO: [ view_template ] --END-- [ RunTime:0.000503s ]
INFO: [ view_parse ] --START--
INFO: Run ParseTemplate Behavior [ RunTime:0.015086s ]
INFO: [ view_parse ] --END-- [ RunTime:0.015251s ]
INFO: [ view_filter ] --START--
INFO: Run ContentReplace Behavior [ RunTime:0.000513s ]
INFO: Run TokenBuild Behavior [ RunTime:0.000392s ]
INFO: Run WriteHtmlCache Behavior [ RunTime:0.000225s ]
INFO: Run ShowRuntime Behavior [ RunTime:0.000544s ]
INFO: [ view_filter ] --END-- [ RunTime:0.001936s ]
INFO: [ view_end ] --START--
INFO: Run ShowPageTrace Behavior [ RunTime:0.000689s ]
INFO: [ view_end ] --END-- [ RunTime:0.000779s ]

[ 2013-05-05T01:05:38+08:00 ] 120.37.70.240 /evbeta/Index/register
INFO: [ route_check ] --START--
INFO: Run CheckRoute Behavior [ RunTime:0.001325s ]
INFO: [ route_check ] --END-- [ RunTime:0.001482s ]
INFO: [ app_begin ] --START--
INFO: Run ReadHtmlCache Behavior [ RunTime:0.000874s ]
INFO: [ app_begin ] --END-- [ RunTime:0.000997s ]
NOTIC: [2048] Declaration of IndexAction::error() should be compatible with that of Action::error() /wwwroot/evbeta/Lib/Action/Home/IndexAction.class.php 第 9 行.
INFO: [ view_template ] --START--
INFO: Run LocationTemplate Behavior [ RunTime:0.000398s ]
INFO: [ view_template ] --END-- [ RunTime:0.000586s ]
INFO: [ view_parse ] --START--
INFO: Run ParseTemplate Behavior [ RunTime:0.014331s ]
INFO: [ view_parse ] --END-- [ RunTime:0.014499s ]
INFO: [ view_filter ] --START--
INFO: Run ContentReplace Behavior [ RunTime:0.000577s ]
INFO: Run TokenBuild Behavior [ RunTime:0.000461s ]
INFO: Run WriteHtmlCache Behavior [ RunTime:0.000284s ]
INFO: Run ShowRuntime Behavior [ RunTime:0.000679s ]
INFO: [ view_filter ] --END-- [ RunTime:0.002368s ]
INFO: [ view_end ] --START--
INFO: Run ShowPageTrace Behavior [ RunTime:0.000808s ]
INFO: [ view_end ] --END-- [ RunTime:0.000942s ]

[ 2013-05-05T01:06:56+08:00 ] 120.37.70.240 /evbeta/Index/register
INFO: [ route_check ] --START--
INFO: Run CheckRoute Behavior [ RunTime:0.000856s ]
INFO: [ route_check ] --END-- [ RunTime:0.000956s ]
INFO: [ app_begin ] --START--
INFO: Run ReadHtmlCache Behavior [ RunTime:0.000541s ]
INFO: [ app_begin ] --END-- [ RunTime:0.000650s ]
NOTIC: [2048] Declaration of IndexAction::error() should be compatible with that of Action::error() /wwwroot/evbeta/Lib/Action/Home/IndexAction.class.php 第 9 行.
INFO: [ view_template ] --START--
INFO: Run LocationTemplate Behavior [ RunTime:0.000299s ]
INFO: [ view_template ] --END-- [ RunTime:0.000390s ]
INFO: [ view_parse ] --START--
INFO: Run ParseTemplate Behavior [ RunTime:0.013783s ]
INFO: [ view_parse ] --END-- [ RunTime:0.013977s ]
INFO: [ view_filter ] --START--
INFO: Run ContentReplace Behavior [ RunTime:0.000453s ]
INFO: Run TokenBuild Behavior [ RunTime:0.000437s ]
INFO: Run WriteHtmlCache Behavior [ RunTime:0.000198s ]
INFO: Run ShowRuntime Behavior [ RunTime:0.000474s ]
INFO: [ view_filter ] --END-- [ RunTime:0.001796s ]
INFO: [ view_end ] --START--
INFO: Run ShowPageTrace Behavior [ RunTime:0.000599s ]
INFO: [ view_end ] --END-- [ RunTime:0.000722s ]

[ 2013-05-05T01:07:42+08:00 ] 120.37.70.240 /evbeta/Index/register
INFO: [ route_check ] --START--
INFO: Run CheckRoute Behavior [ RunTime:0.001216s ]
INFO: [ route_check ] --END-- [ RunTime:0.001392s ]
INFO: [ app_begin ] --START--
INFO: Run ReadHtmlCache Behavior [ RunTime:0.000607s ]
INFO: [ app_begin ] --END-- [ RunTime:0.000777s ]
NOTIC: [2048] Declaration of IndexAction::error() should be compatible with that of Action::error() /wwwroot/evbeta/Lib/Action/Home/IndexAction.class.php 第 9 行.
INFO: [ view_template ] --START--
INFO: Run LocationTemplate Behavior [ RunTime:0.000293s ]
INFO: [ view_template ] --END-- [ RunTime:0.000397s ]
INFO: [ view_parse ] --START--
INFO: Run ParseTemplate Behavior [ RunTime:0.013894s ]
INFO: [ view_parse ] --END-- [ RunTime:0.014024s ]
INFO: [ view_filter ] --START--
INFO: Run ContentReplace Behavior [ RunTime:0.000456s ]
INFO: Run TokenBuild Behavior [ RunTime:0.000493s ]
INFO: Run WriteHtmlCache Behavior [ RunTime:0.000229s ]
INFO: Run ShowRuntime Behavior [ RunTime:0.000517s ]
INFO: [ view_filter ] --END-- [ RunTime:0.001964s ]
INFO: [ view_end ] --START--
INFO: Run ShowPageTrace Behavior [ RunTime:0.000609s ]
INFO: [ view_end ] --END-- [ RunTime:0.001155s ]

[ 2013-05-05T01:11:21+08:00 ] 120.37.70.240 /evbeta/Index/register
INFO: [ route_check ] --START--
INFO: Run CheckRoute Behavior [ RunTime:0.000818s ]
INFO: [ route_check ] --END-- [ RunTime:0.000953s ]
INFO: [ app_begin ] --START--
INFO: Run ReadHtmlCache Behavior [ RunTime:0.000479s ]
INFO: [ app_begin ] --END-- [ RunTime:0.000573s ]
NOTIC: [2048] Declaration of IndexAction::error() should be compatible with that of Action::error() /wwwroot/evbeta/Lib/Action/Home/IndexAction.class.php 第 9 行.
INFO: [ view_template ] --START--
INFO: Run LocationTemplate Behavior [ RunTime:0.000318s ]
INFO: [ view_template ] --END-- [ RunTime:0.000418s ]
INFO: [ view_parse ] --START--
INFO: Run ParseTemplate Behavior [ RunTime:0.013728s ]
INFO: [ view_parse ] --END-- [ RunTime:0.013874s ]
INFO: [ view_filter ] --START--
INFO: Run ContentReplace Behavior [ RunTime:0.000455s ]
INFO: Run TokenBuild Behavior [ RunTime:0.000407s ]
INFO: Run WriteHtmlCache Behavior [ RunTime:0.000158s ]
INFO: Run ShowRuntime Behavior [ RunTime:0.000436s ]
INFO: [ view_filter ] --END-- [ RunTime:0.001715s ]
INFO: [ view_end ] --START--
INFO: Run ShowPageTrace Behavior [ RunTime:0.000536s ]
INFO: [ view_end ] --END-- [ RunTime:0.000611s ]

[ 2013-05-05T04:53:34+08:00 ] 121.205.71.76 /evbeta/Home/Index/register
INFO: [ route_check ] --START--
INFO: Run CheckRoute Behavior [ RunTime:0.001389s ]
INFO: [ route_check ] --END-- [ RunTime:0.001684s ]
INFO: [ app_begin ] --START--
INFO: Run ReadHtmlCache Behavior [ RunTime:0.000904s ]
INFO: [ app_begin ] --END-- [ RunTime:0.001029s ]
NOTIC: [2048] Declaration of IndexAction::error() should be compatible with that of Action::error() /wwwroot/evbeta/Lib/Action/Home/IndexAction.class.php 第 9 行.
INFO: [ view_template ] --START--
INFO: Run LocationTemplate Behavior [ RunTime:0.000329s ]
INFO: [ view_template ] --END-- [ RunTime:0.000595s ]
INFO: [ view_parse ] --START--
INFO: Run ParseTemplate Behavior [ RunTime:0.061641s ]
INFO: [ view_parse ] --END-- [ RunTime:0.061957s ]
INFO: [ view_filter ] --START--
INFO: Run ContentReplace Behavior [ RunTime:0.001786s ]
INFO: Run TokenBuild Behavior [ RunTime:0.000461s ]
INFO: Run WriteHtmlCache Behavior [ RunTime:0.001010s ]
INFO: Run ShowRuntime Behavior [ RunTime:0.001767s ]
INFO: [ view_filter ] --END-- [ RunTime:0.006069s ]
INFO: [ view_end ] --START--
INFO: Run ShowPageTrace Behavior [ RunTime:0.001994s ]
INFO: [ view_end ] --END-- [ RunTime:0.002125s ]

[ 2013-05-05T04:53:48+08:00 ] ERR: (ThinkException) 无法加载模块:Public
[ 2013-05-05T04:56:00+08:00 ] 121.205.71.76 /evbeta/Home/Index/register
INFO: [ route_check ] --START--
INFO: Run CheckRoute Behavior [ RunTime:0.000871s ]
INFO: [ route_check ] --END-- [ RunTime:0.001083s ]
INFO: [ app_begin ] --START--
INFO: Run ReadHtmlCache Behavior [ RunTime:0.000666s ]
INFO: [ app_begin ] --END-- [ RunTime:0.000773s ]
NOTIC: [2048] Declaration of IndexAction::error() should be compatible with that of Action::error() /wwwroot/evbeta/Lib/Action/Home/IndexAction.class.php 第 9 行.
INFO: [ view_template ] --START--
INFO: Run LocationTemplate Behavior [ RunTime:0.000312s ]
INFO: [ view_template ] --END-- [ RunTime:0.000440s ]
INFO: [ view_parse ] --START--
INFO: Run ParseTemplate Behavior [ RunTime:0.015902s ]
INFO: [ view_parse ] --END-- [ RunTime:0.016058s ]
INFO: [ view_filter ] --START--
INFO: Run ContentReplace Behavior [ RunTime:0.000591s ]
INFO: Run TokenBuild Behavior [ RunTime:0.000405s ]
INFO: Run WriteHtmlCache Behavior [ RunTime:0.000288s ]
INFO: Run ShowRuntime Behavior [ RunTime:0.001474s ]
INFO: [ view_filter ] --END-- [ RunTime:0.003084s ]
INFO: [ view_end ] --START--
INFO: Run ShowPageTrace Behavior [ RunTime:0.000709s ]
INFO: [ view_end ] --END-- [ RunTime:0.000846s ]

[ 2013-05-05T05:02:39+08:00 ] 218.66.199.176 /evbeta/Home/Index/register
INFO: [ route_check ] --START--
INFO: Run CheckRoute Behavior [ RunTime:0.001005s ]
INFO: [ route_check ] --END-- [ RunTime:0.001148s ]
INFO: [ app_begin ] --START--
INFO: Run ReadHtmlCache Behavior [ RunTime:0.000574s ]
INFO: [ app_begin ] --END-- [ RunTime:0.000704s ]
NOTIC: [2048] Declaration of IndexAction::error() should be compatible with that of Action::error() /wwwroot/evbeta/Lib/Action/Home/IndexAction.class.php 第 3 行.
INFO: [ view_template ] --START--
INFO: Run LocationTemplate Behavior [ RunTime:0.000333s ]
INFO: [ view_template ] --END-- [ RunTime:0.000486s ]
INFO: [ view_parse ] --START--
INFO: Run ParseTemplate Behavior [ RunTime:0.026124s ]
INFO: [ view_parse ] --END-- [ RunTime:0.026263s ]
INFO: [ view_filter ] --START--
INFO: Run ContentReplace Behavior [ RunTime:0.013968s ]
INFO: Run TokenBuild Behavior [ RunTime:0.000574s ]
INFO: Run WriteHtmlCache Behavior [ RunTime:0.000281s ]
INFO: Run ShowRuntime Behavior [ RunTime:0.000662s ]
INFO: [ view_filter ] --END-- [ RunTime:0.015921s ]
INFO: [ view_end ] --START--
INFO: Run ShowPageTrace Behavior [ RunTime:0.000883s ]
INFO: [ view_end ] --END-- [ RunTime:0.001029s ]

[ 2013-05-05T06:18:42+08:00 ] ERR: (ThinkException) 无法加载模块:Register
[ 2013-05-05T06:19:19+08:00 ] ERR: (ThinkException) 无法加载模块:Register
[ 2013-05-05T06:23:21+08:00 ] ERR: (ThinkException) 无法加载模块:Rregister
[ 2013-05-05T06:23:32+08:00 ] ERR: (ThinkException) 无法加载模块:Register
[ 2013-05-05T06:29:48+08:00 ] ERR: (ThinkException) 无法加载模块:Register
[ 2013-05-05T06:30:02+08:00 ] 121.205.15.2 /evbeta/Home/Register/getarea/cityid/3505
INFO: [ route_check ] --START--
INFO: Run CheckRoute Behavior [ RunTime:0.001252s ]
INFO: [ route_check ] --END-- [ RunTime:0.001395s ]
INFO: [ app_begin ] --START--
INFO: Run ReadHtmlCache Behavior [ RunTime:0.000544s ]
INFO: [ app_begin ] --END-- [ RunTime:0.000669s ]
SQL: SHOW COLUMNS FROM `areas` [ RunTime:0.000639s ]
SQL: SELECT * FROM `areas` WHERE ( `cityid` = '3505' )  [ RunTime:0.002263s ]

[ 2013-05-05T06:30:05+08:00 ] 121.205.15.2 /evbeta/Home/Register/getarea/cityid/350500
INFO: [ route_check ] --START--
INFO: Run CheckRoute Behavior [ RunTime:0.000682s ]
INFO: [ route_check ] --END-- [ RunTime:0.000803s ]
INFO: [ app_begin ] --START--
INFO: Run ReadHtmlCache Behavior [ RunTime:0.000442s ]
INFO: [ app_begin ] --END-- [ RunTime:0.000507s ]
SQL: SHOW COLUMNS FROM `areas` [ RunTime:0.000480s ]
SQL: SELECT * FROM `areas` WHERE ( `cityid` = '350500' )  [ RunTime:0.001595s ]

[ 2013-05-05T06:30:12+08:00 ] 121.205.15.2 /evbeta/Home/Register/preg
INFO: [ route_check ] --START--
INFO: Run CheckRoute Behavior [ RunTime:0.000886s ]
INFO: [ route_check ] --END-- [ RunTime:0.001016s ]
INFO: [ app_begin ] --START--
INFO: Run ReadHtmlCache Behavior [ RunTime:0.000551s ]
INFO: [ app_begin ] --END-- [ RunTime:0.000632s ]
SQL: SHOW COLUMNS FROM `provinces` [ RunTime:0.000742s ]
SQL: SELECT * FROM `provinces`  [ RunTime:0.000335s ]
INFO: [ view_template ] --START--
INFO: Run LocationTemplate Behavior [ RunTime:0.000477s ]
INFO: [ view_template ] --END-- [ RunTime:0.000595s ]
INFO: [ view_parse ] --START--
INFO: Run ParseTemplate Behavior [ RunTime:0.015856s ]
INFO: [ view_parse ] --END-- [ RunTime:0.015988s ]
INFO: [ view_filter ] --START--
INFO: Run ContentReplace Behavior [ RunTime:0.000496s ]
INFO: Run TokenBuild Behavior [ RunTime:0.000475s ]
INFO: Run WriteHtmlCache Behavior [ RunTime:0.000284s ]
INFO: Run ShowRuntime Behavior [ RunTime:0.000545s ]
INFO: [ view_filter ] --END-- [ RunTime:0.002124s ]
INFO: [ view_end ] --START--
INFO: Run ShowPageTrace Behavior [ RunTime:0.000591s ]
INFO: [ view_end ] --END-- [ RunTime:0.000665s ]

[ 2013-05-05T06:33:00+08:00 ] 121.205.71.76 /evbeta/Home/Index/rank
INFO: [ route_check ] --START--
INFO: Run CheckRoute Behavior [ RunTime:0.001059s ]
INFO: [ route_check ] --END-- [ RunTime:0.001221s ]
INFO: [ app_begin ] --START--
INFO: Run ReadHtmlCache Behavior [ RunTime:0.000508s ]
INFO: [ app_begin ] --END-- [ RunTime:0.000586s ]
NOTIC: [2048] Declaration of IndexAction::error() should be compatible with that of Action::error() /wwwroot/evbeta/Lib/Action/Home/IndexAction.class.php 第 3 行.
INFO: [ view_template ] --START--
INFO: Run LocationTemplate Behavior [ RunTime:0.000285s ]
INFO: [ view_template ] --END-- [ RunTime:0.000434s ]
INFO: [ view_parse ] --START--
INFO: Run ParseTemplate Behavior [ RunTime:0.016240s ]
INFO: [ view_parse ] --END-- [ RunTime:0.016455s ]
INFO: [ view_filter ] --START--
INFO: Run ContentReplace Behavior [ RunTime:0.000704s ]
INFO: Run TokenBuild Behavior [ RunTime:0.000524s ]
INFO: Run WriteHtmlCache Behavior [ RunTime:0.000289s ]
INFO: Run ShowRuntime Behavior [ RunTime:0.000704s ]
INFO: [ view_filter ] --END-- [ RunTime:0.002633s ]
INFO: [ view_end ] --START--
INFO: Run ShowPageTrace Behavior [ RunTime:0.000976s ]
INFO: [ view_end ] --END-- [ RunTime:0.001132s ]

[ 2013-05-05T06:33:21+08:00 ] 121.205.71.76 /evbeta/Home/Index/news
INFO: [ route_check ] --START--
INFO: Run CheckRoute Behavior [ RunTime:0.000765s ]
INFO: [ route_check ] --END-- [ RunTime:0.000893s ]
INFO: [ app_begin ] --START--
INFO: Run ReadHtmlCache Behavior [ RunTime:0.000513s ]
INFO: [ app_begin ] --END-- [ RunTime:0.000607s ]
NOTIC: [2048] Declaration of IndexAction::error() should be compatible with that of Action::error() /wwwroot/evbeta/Lib/Action/Home/IndexAction.class.php 第 3 行.
INFO: [ view_template ] --START--
INFO: Run LocationTemplate Behavior [ RunTime:0.000252s ]
INFO: [ view_template ] --END-- [ RunTime:0.000335s ]
INFO: [ view_parse ] --START--
INFO: Run ParseTemplate Behavior [ RunTime:0.009043s ]
INFO: [ view_parse ] --END-- [ RunTime:0.009161s ]
INFO: [ view_filter ] --START--
INFO: Run ContentReplace Behavior [ RunTime:0.000335s ]
INFO: Run TokenBuild Behavior [ RunTime:0.000303s ]
INFO: Run WriteHtmlCache Behavior [ RunTime:0.000204s ]
INFO: Run ShowRuntime Behavior [ RunTime:0.000378s ]
INFO: [ view_filter ] --END-- [ RunTime:0.001418s ]
INFO: [ view_end ] --START--
INFO: Run ShowPageTrace Behavior [ RunTime:0.000551s ]
INFO: [ view_end ] --END-- [ RunTime:0.000624s ]

[ 2013-05-05T06:33:22+08:00 ] ERR: (ThinkException) 无法加载模块:img
[ 2013-05-05T06:34:36+08:00 ] ERR: (ThinkException) 无法加载模块:img
[ 2013-05-05T06:36:33+08:00 ] 121.205.71.76 /evbeta/Home/Index/register
INFO: [ route_check ] --START--
INFO: Run CheckRoute Behavior [ RunTime:0.001335s ]
INFO: [ route_check ] --END-- [ RunTime:0.001513s ]
INFO: [ app_begin ] --START--
INFO: Run ReadHtmlCache Behavior [ RunTime:0.000703s ]
INFO: [ app_begin ] --END-- [ RunTime:0.000803s ]
NOTIC: [2048] Declaration of IndexAction::error() should be compatible with that of Action::error() /wwwroot/evbeta/Lib/Action/Home/IndexAction.class.php 第 3 行.
INFO: [ view_template ] --START--
INFO: Run LocationTemplate Behavior [ RunTime:0.000393s ]
INFO: [ view_template ] --END-- [ RunTime:0.000495s ]
INFO: [ view_parse ] --START--
INFO: Run ParseTemplate Behavior [ RunTime:0.016583s ]
INFO: [ view_parse ] --END-- [ RunTime:0.016743s ]
INFO: [ view_filter ] --START--
INFO: Run ContentReplace Behavior [ RunTime:0.000533s ]
INFO: Run TokenBuild Behavior [ RunTime:0.000510s ]
INFO: Run WriteHtmlCache Behavior [ RunTime:0.000241s ]
INFO: Run ShowRuntime Behavior [ RunTime:0.000662s ]
INFO: [ view_filter ] --END-- [ RunTime:0.002245s ]
INFO: [ view_end ] --START--
INFO: Run ShowPageTrace Behavior [ RunTime:0.000836s ]
INFO: [ view_end ] --END-- [ RunTime:0.000942s ]

[ 2013-05-05T06:36:37+08:00 ] ERR: (ThinkException) 无法加载模块:img
[ 2013-05-05T06:36:45+08:00 ] ERR: (ThinkException) 无法加载模块:img
[ 2013-05-05T06:45:30+08:00 ] ERR: (ThinkException) 参数错误或者未定义:username
[ 2013-05-05T06:46:44+08:00 ] ERR: (ThinkException) 参数错误或者未定义:username
[ 2013-05-05T06:46:53+08:00 ] ERR: (ThinkException) 参数错误或者未定义:username
[ 2013-05-05T06:50:21+08:00 ] ERR: (ThinkException) 参数错误或者未定义:username
[ 2013-05-05T06:50:44+08:00 ] 121.205.15.2 /evbeta/Home/Register/preg_query/username/wrj898
INFO: [ route_check ] --START--
INFO: Run CheckRoute Behavior [ RunTime:0.000921s ]
INFO: [ route_check ] --END-- [ RunTime:0.001046s ]
INFO: [ app_begin ] --START--
INFO: Run ReadHtmlCache Behavior [ RunTime:0.000558s ]
INFO: [ app_begin ] --END-- [ RunTime:0.000666s ]
SQL: SHOW COLUMNS FROM `user` [ RunTime:0.000968s ]
SQL: SELECT `username` FROM `user`  [ RunTime:0.000146s ]

[ 2013-05-05T06:50:52+08:00 ] 121.205.15.2 /evbeta/Home/Register/preg_query/username/ronge
INFO: [ route_check ] --START--
INFO: Run CheckRoute Behavior [ RunTime:0.001624s ]
INFO: [ route_check ] --END-- [ RunTime:0.001799s ]
INFO: [ app_begin ] --START--
INFO: Run ReadHtmlCache Behavior [ RunTime:0.001176s ]
INFO: [ app_begin ] --END-- [ RunTime:0.001288s ]
SQL: SHOW COLUMNS FROM `user` [ RunTime:0.001029s ]
SQL: SELECT `username` FROM `user`  [ RunTime:0.000272s ]

[ 2013-05-05T06:51:05+08:00 ] 121.205.15.2 /evbeta/Home/Register/preg_query/username/ronge
INFO: [ route_check ] --START--
INFO: Run CheckRoute Behavior [ RunTime:0.000923s ]
INFO: [ route_check ] --END-- [ RunTime:0.001033s ]
INFO: [ app_begin ] --START--
INFO: Run ReadHtmlCache Behavior [ RunTime:0.000492s ]
INFO: [ app_begin ] --END-- [ RunTime:0.000581s ]
SQL: SHOW COLUMNS FROM `user` [ RunTime:0.000784s ]
SQL: SELECT `username` FROM `user`  [ RunTime:0.000121s ]

[ 2013-05-05T06:51:09+08:00 ] 121.205.15.2 /evbeta/Home/Register/preg_query/username/ronge
INFO: [ route_check ] --START--
INFO: Run CheckRoute Behavior [ RunTime:0.001123s ]
INFO: [ route_check ] --END-- [ RunTime:0.001272s ]
INFO: [ app_begin ] --START--
INFO: Run ReadHtmlCache Behavior [ RunTime:0.000549s ]
INFO: [ app_begin ] --END-- [ RunTime:0.000632s ]
SQL: SHOW COLUMNS FROM `user` [ RunTime:0.000924s ]
SQL: SELECT `username` FROM `user`  [ RunTime:0.000281s ]

[ 2013-05-05T06:51:10+08:00 ] 121.205.15.2 /evbeta/Home/Register/preg_query/username/ronge
INFO: [ route_check ] --START--
INFO: Run CheckRoute Behavior [ RunTime:0.001711s ]
INFO: [ route_check ] --END-- [ RunTime:0.002050s ]
INFO: [ app_begin ] --START--
INFO: Run ReadHtmlCache Behavior [ RunTime:0.001287s ]
INFO: [ app_begin ] --END-- [ RunTime:0.001409s ]
SQL: SHOW COLUMNS FROM `user` [ RunTime:0.001802s ]
SQL: SELECT `username` FROM `user`  [ RunTime:0.000189s ]

[ 2013-05-05T06:51:14+08:00 ] 121.205.15.2 /evbeta/Home/Register/preg_query/username/wrj898
INFO: [ route_check ] --START--
INFO: Run CheckRoute Behavior [ RunTime:0.000869s ]
INFO: [ route_check ] --END-- [ RunTime:0.000995s ]
INFO: [ app_begin ] --START--
INFO: Run ReadHtmlCache Behavior [ RunTime:0.000530s ]
INFO: [ app_begin ] --END-- [ RunTime:0.000621s ]
SQL: SHOW COLUMNS FROM `user` [ RunTime:0.000927s ]
SQL: SELECT `username` FROM `user`  [ RunTime:0.000295s ]

[ 2013-05-05T06:51:28+08:00 ] 121.205.15.2 /evbeta/Home/Register/preg_query/username/wrj898
INFO: [ route_check ] --START--
INFO: Run CheckRoute Behavior [ RunTime:0.000936s ]
INFO: [ route_check ] --END-- [ RunTime:0.001057s ]
INFO: [ app_begin ] --START--
INFO: Run ReadHtmlCache Behavior [ RunTime:0.000584s ]
INFO: [ app_begin ] --END-- [ RunTime:0.000681s ]
SQL: SHOW COLUMNS FROM `user` [ RunTime:0.000861s ]
SQL: SELECT `username` FROM `user`  [ RunTime:0.000480s ]

[ 2013-05-05T06:51:33+08:00 ] 121.205.15.2 /evbeta/Home/Register/preg_query/username/ronge
INFO: [ route_check ] --START--
INFO: Run CheckRoute Behavior [ RunTime:0.001055s ]
INFO: [ route_check ] --END-- [ RunTime:0.001191s ]
INFO: [ app_begin ] --START--
INFO: Run ReadHtmlCache Behavior [ RunTime:0.000537s ]
INFO: [ app_begin ] --END-- [ RunTime:0.000641s ]
SQL: SHOW COLUMNS FROM `user` [ RunTime:0.000873s ]
SQL: SELECT `username` FROM `user`  [ RunTime:0.000261s ]

[ 2013-05-05T06:51:44+08:00 ] 121.205.15.2 /evbeta/Home/Register/preg_query/username/ronge
INFO: [ route_check ] --START--
INFO: Run CheckRoute Behavior [ RunTime:0.000723s ]
INFO: [ route_check ] --END-- [ RunTime:0.000817s ]
INFO: [ app_begin ] --START--
INFO: Run ReadHtmlCache Behavior [ RunTime:0.000646s ]
INFO: [ app_begin ] --END-- [ RunTime:0.000770s ]
SQL: SHOW COLUMNS FROM `user` [ RunTime:0.000926s ]
SQL: SELECT `username` FROM `user` WHERE ( `username` = 'ronge' )  [ RunTime:0.000306s ]

[ 2013-05-05T06:51:49+08:00 ] 121.205.15.2 /evbeta/Home/Register/preg_query/username/wrj898
INFO: [ route_check ] --START--
INFO: Run CheckRoute Behavior [ RunTime:0.001237s ]
INFO: [ route_check ] --END-- [ RunTime:0.001397s ]
INFO: [ app_begin ] --START--
INFO: Run ReadHtmlCache Behavior [ RunTime:0.000745s ]
INFO: [ app_begin ] --END-- [ RunTime:0.000867s ]
SQL: SHOW COLUMNS FROM `user` [ RunTime:0.000896s ]
SQL: SELECT `username` FROM `user` WHERE ( `username` = 'wrj898' )  [ RunTime:0.000203s ]

[ 2013-05-05T06:52:01+08:00 ] 121.205.15.2 /evbeta/Home/Register/preg_query/username/ronge
INFO: [ route_check ] --START--
INFO: Run CheckRoute Behavior [ RunTime:0.001690s ]
INFO: [ route_check ] --END-- [ RunTime:0.002001s ]
INFO: [ app_begin ] --START--
INFO: Run ReadHtmlCache Behavior [ RunTime:0.001194s ]
INFO: [ app_begin ] --END-- [ RunTime:0.001368s ]
SQL: SHOW COLUMNS FROM `user` [ RunTime:0.001389s ]
SQL: SELECT `username` FROM `user` WHERE ( `username` = 'ronge' )  [ RunTime:0.000447s ]

[ 2013-05-05T06:52:05+08:00 ] 121.205.15.2 /evbeta/Home/Register/preg_query/username/wrj898
INFO: [ route_check ] --START--
INFO: Run CheckRoute Behavior [ RunTime:0.001562s ]
INFO: [ route_check ] --END-- [ RunTime:0.001756s ]
INFO: [ app_begin ] --START--
INFO: Run ReadHtmlCache Behavior [ RunTime:0.000669s ]
INFO: [ app_begin ] --END-- [ RunTime:0.000850s ]
SQL: SHOW COLUMNS FROM `user` [ RunTime:0.000876s ]
SQL: SELECT `username` FROM `user` WHERE ( `username` = 'wrj898' )  [ RunTime:0.000183s ]

[ 2013-05-05T07:15:48+08:00 ] 61.135.186.23 /evbeta/Admin/mall/store
INFO: [ route_check ] --START--
INFO: Run CheckRoute Behavior [ RunTime:0.001417s ]
INFO: [ route_check ] --END-- [ RunTime:0.001584s ]
INFO: [ app_begin ] --START--
INFO: Run ReadHtmlCache Behavior [ RunTime:0.000893s ]
INFO: [ app_begin ] --END-- [ RunTime:0.001010s ]
INFO: [ view_template ] --START--
INFO: Run LocationTemplate Behavior [ RunTime:0.000538s ]
INFO: [ view_template ] --END-- [ RunTime:0.000662s ]
INFO: [ view_parse ] --START--
INFO: Run ParseTemplate Behavior [ RunTime:0.032866s ]
INFO: [ view_parse ] --END-- [ RunTime:0.033061s ]
INFO: [ view_filter ] --START--
INFO: Run ContentReplace Behavior [ RunTime:0.000968s ]
INFO: Run TokenBuild Behavior [ RunTime:0.000903s ]
INFO: Run WriteHtmlCache Behavior [ RunTime:0.000536s ]
INFO: Run ShowRuntime Behavior [ RunTime:0.000855s ]
INFO: [ view_filter ] --END-- [ RunTime:0.003662s ]
INFO: [ view_end ] --START--
INFO: Run ShowPageTrace Behavior [ RunTime:0.001065s ]
INFO: [ view_end ] --END-- [ RunTime:0.001198s ]

[ 2013-05-05T17:59:21+08:00 ] ERR: (ThinkException) 无法加载模块:register
[ 2013-05-05T17:59:29+08:00 ] 120.37.70.240 /evbeta/Home/Index/register
INFO: [ route_check ] --START--
INFO: Run CheckRoute Behavior [ RunTime:0.001148s ]
INFO: [ route_check ] --END-- [ RunTime:0.001301s ]
INFO: [ app_begin ] --START--
INFO: Run ReadHtmlCache Behavior [ RunTime:0.000692s ]
INFO: [ app_begin ] --END-- [ RunTime:0.000807s ]
NOTIC: [2048] Declaration of IndexAction::error() should be compatible with that of Action::error() /wwwroot/evbeta/Lib/Action/Home/IndexAction.class.php 第 3 行.
INFO: [ view_template ] --START--
INFO: Run LocationTemplate Behavior [ RunTime:0.000384s ]
INFO: [ view_template ] --END-- [ RunTime:0.000513s ]
INFO: [ view_parse ] --START--
INFO: Run ParseTemplate Behavior [ RunTime:0.016316s ]
INFO: [ view_parse ] --END-- [ RunTime:0.016466s ]
INFO: [ view_filter ] --START--
INFO: Run ContentReplace Behavior [ RunTime:0.000574s ]
INFO: Run TokenBuild Behavior [ RunTime:0.000449s ]
INFO: Run WriteHtmlCache Behavior [ RunTime:0.000252s ]
INFO: Run ShowRuntime Behavior [ RunTime:0.000618s ]
INFO: [ view_filter ] --END-- [ RunTime:0.002212s ]
INFO: [ view_end ] --START--
INFO: Run ShowPageTrace Behavior [ RunTime:0.000914s ]
INFO: [ view_end ] --END-- [ RunTime:0.001038s ]

[ 2013-05-05T23:33:21+08:00 ] 120.37.70.240 /evbeta/Home/Index/register
INFO: [ route_check ] --START--
INFO: Run CheckRoute Behavior [ RunTime:0.001526s ]
INFO: [ route_check ] --END-- [ RunTime:0.001714s ]
INFO: [ app_begin ] --START--
INFO: Run ReadHtmlCache Behavior [ RunTime:0.000801s ]
INFO: [ app_begin ] --END-- [ RunTime:0.000937s ]
NOTIC: [2048] Declaration of IndexAction::error() should be compatible with that of Action::error() /wwwroot/evbeta/Lib/Action/Home/IndexAction.class.php 第 3 行.
INFO: [ view_template ] --START--
INFO: Run LocationTemplate Behavior [ RunTime:0.000387s ]
INFO: [ view_template ] --END-- [ RunTime:0.000552s ]
INFO: [ view_parse ] --START--
INFO: Run ParseTemplate Behavior [ RunTime:0.018722s ]
INFO: [ view_parse ] --END-- [ RunTime:0.018894s ]
INFO: [ view_filter ] --START--
INFO: Run ContentReplace Behavior [ RunTime:0.000630s ]
INFO: Run TokenBuild Behavior [ RunTime:0.000481s ]
INFO: Run WriteHtmlCache Behavior [ RunTime:0.000298s ]
INFO: Run ShowRuntime Behavior [ RunTime:0.000644s ]
INFO: [ view_filter ] --END-- [ RunTime:0.002398s ]
INFO: [ view_end ] --START--
INFO: Run ShowPageTrace Behavior [ RunTime:0.000877s ]
INFO: [ view_end ] --END-- [ RunTime:0.000993s ]

[ 2013-05-05T23:40:35+08:00 ] 120.37.70.240 /evbeta/Home/Index/register
INFO: [ route_check ] --START--
INFO: Run CheckRoute Behavior [ RunTime:0.001428s ]
INFO: [ route_check ] --END-- [ RunTime:0.001581s ]
INFO: [ app_begin ] --START--
INFO: Run ReadHtmlCache Behavior [ RunTime:0.000903s ]
INFO: [ app_begin ] --END-- [ RunTime:0.001007s ]
NOTIC: [2048] Declaration of IndexAction::error() should be compatible with that of Action::error() /wwwroot/evbeta/Lib/Action/Home/IndexAction.class.php 第 3 行.
INFO: [ view_template ] --START--
INFO: Run LocationTemplate Behavior [ RunTime:0.000335s ]
INFO: [ view_template ] --END-- [ RunTime:0.000488s ]
INFO: [ view_parse ] --START--
INFO: Run ParseTemplate Behavior [ RunTime:0.020925s ]
INFO: [ view_parse ] --END-- [ RunTime:0.021066s ]
INFO: [ view_filter ] --START--
INFO: Run ContentReplace Behavior [ RunTime:0.000514s ]
INFO: Run TokenBuild Behavior [ RunTime:0.000691s ]
INFO: Run WriteHtmlCache Behavior [ RunTime:0.000255s ]
INFO: Run ShowRuntime Behavior [ RunTime:0.000655s ]
INFO: [ view_filter ] --END-- [ RunTime:0.002734s ]
INFO: [ view_end ] --START--
INFO: Run ShowPageTrace Behavior [ RunTime:0.001036s ]
INFO: [ view_end ] --END-- [ RunTime:0.001329s ]

[ 2013-05-05T23:40:51+08:00 ] 120.37.70.240 /evbeta/Home/Index/register
INFO: [ route_check ] --START--
INFO: Run CheckRoute Behavior [ RunTime:0.000931s ]
INFO: [ route_check ] --END-- [ RunTime:0.001042s ]
INFO: [ app_begin ] --START--
INFO: Run ReadHtmlCache Behavior [ RunTime:0.000575s ]
INFO: [ app_begin ] --END-- [ RunTime:0.000667s ]
NOTIC: [2048] Declaration of IndexAction::error() should be compatible with that of Action::error() /wwwroot/evbeta/Lib/Action/Home/IndexAction.class.php 第 3 行.
INFO: [ view_template ] --START--
INFO: Run LocationTemplate Behavior [ RunTime:0.000340s ]
INFO: [ view_template ] --END-- [ RunTime:0.000436s ]
INFO: [ view_parse ] --START--
INFO: Run ParseTemplate Behavior [ RunTime:0.013148s ]
INFO: [ view_parse ] --END-- [ RunTime:0.013251s ]
INFO: [ view_filter ] --START--
INFO: Run ContentReplace Behavior [ RunTime:0.000418s ]
INFO: Run TokenBuild Behavior [ RunTime:0.000428s ]
INFO: Run WriteHtmlCache Behavior [ RunTime:0.000209s ]
INFO: Run ShowRuntime Behavior [ RunTime:0.000523s ]
INFO: [ view_filter ] --END-- [ RunTime:0.001821s ]
INFO: [ view_end ] --START--
INFO: Run ShowPageTrace Behavior [ RunTime:0.000653s ]
INFO: [ view_end ] --END-- [ RunTime:0.000760s ]

