[ 2013-04-29T02:19:29+08:00 ] 0.0.0.0 /evbeta/
INFO: [ app_begin ] --START--
INFO: Run ReadHtmlCache Behavior [ RunTime:0.004850s ]
INFO: [ app_begin ] --END-- [ RunTime:0.005271s ]
INFO: [ view_parse ] --START--
INFO: Run ParseTemplate Behavior [ RunTime:0.004705s ]
INFO: [ view_parse ] --END-- [ RunTime:0.004980s ]
INFO: [ view_filter ] --START--
INFO: Run ContentReplace Behavior [ RunTime:0.002441s ]
INFO: Run TokenBuild Behavior [ RunTime:0.002140s ]
INFO: Run WriteHtmlCache Behavior [ RunTime:0.002019s ]
INFO: Run ShowRuntime Behavior [ RunTime:0.002596s ]
INFO: [ view_filter ] --END-- [ RunTime:0.009914s ]
INFO: [ view_end ] --START--
INFO: Run ShowPageTrace Behavior [ RunTime:0.003321s ]
INFO: [ view_end ] --END-- [ RunTime:0.003589s ]

[ 2013-04-29T02:19:34+08:00 ] 0.0.0.0 /evbeta/Admin
INFO: [ route_check ] --START--
INFO: Run CheckRoute Behavior [ RunTime:0.006867s ]
INFO: [ route_check ] --END-- [ RunTime:0.007155s ]
INFO: [ app_begin ] --START--
INFO: Run ReadHtmlCache Behavior [ RunTime:0.001183s ]
INFO: [ app_begin ] --END-- [ RunTime:0.001407s ]
INFO: [ view_template ] --START--
INFO: Run LocationTemplate Behavior [ RunTime:0.004804s ]
INFO: [ view_template ] --END-- [ RunTime:0.005096s ]
INFO: [ view_parse ] --START--
INFO: Run ParseTemplate Behavior [ RunTime:0.039503s ]
INFO: [ view_parse ] --END-- [ RunTime:0.039852s ]
INFO: [ view_filter ] --START--
INFO: Run ContentReplace Behavior [ RunTime:0.001414s ]
INFO: Run TokenBuild Behavior [ RunTime:0.001245s ]
INFO: Run WriteHtmlCache Behavior [ RunTime:0.000927s ]
INFO: Run ShowRuntime Behavior [ RunTime:0.001900s ]
INFO: [ view_filter ] --END-- [ RunTime:0.006365s ]
INFO: [ view_end ] --START--
INFO: Run ShowPageTrace Behavior [ RunTime:0.001624s ]
INFO: [ view_end ] --END-- [ RunTime:0.001956s ]

