[ 2013-05-03T05:49:28+08:00 ] 121.205.14.26 /evbeta/
INFO: [ app_begin ] --START--
INFO: Run ReadHtmlCache Behavior [ RunTime:0.000644s ]
INFO: [ app_begin ] --END-- [ RunTime:0.000816s ]
INFO: [ view_parse ] --START--
INFO: Run ParseTemplate Behavior [ RunTime:0.000902s ]
INFO: [ view_parse ] --END-- [ RunTime:0.001099s ]
INFO: [ view_filter ] --START--
INFO: Run ContentReplace Behavior [ RunTime:0.000337s ]
INFO: Run TokenBuild Behavior [ RunTime:0.000357s ]
INFO: Run WriteHtmlCache Behavior [ RunTime:0.000246s ]
INFO: Run ShowRuntime Behavior [ RunTime:0.000478s ]
INFO: [ view_filter ] --END-- [ RunTime:0.001744s ]
INFO: [ view_end ] --START--
INFO: Run ShowPageTrace Behavior [ RunTime:0.000669s ]
INFO: [ view_end ] --END-- [ RunTime:0.000809s ]

[ 2013-05-03T05:49:49+08:00 ] 121.205.14.26 /evbeta/Admin
INFO: [ route_check ] --START--
INFO: Run CheckRoute Behavior [ RunTime:0.001087s ]
INFO: [ route_check ] --END-- [ RunTime:0.001224s ]
INFO: [ app_begin ] --START--
INFO: Run ReadHtmlCache Behavior [ RunTime:0.000661s ]
INFO: [ app_begin ] --END-- [ RunTime:0.000786s ]
NOTIC: [2048] Declaration of IndexAction::error() should be compatible with that of Action::error() /wwwroot/evbeta/Lib/Action/Admin/IndexAction.class.php 第 9 行.
INFO: [ view_template ] --START--
INFO: Run LocationTemplate Behavior [ RunTime:0.000370s ]
INFO: [ view_template ] --END-- [ RunTime:0.000498s ]
INFO: [ view_parse ] --START--
INFO: Run ParseTemplate Behavior [ RunTime:0.010370s ]
INFO: [ view_parse ] --END-- [ RunTime:0.010519s ]
INFO: [ view_filter ] --START--
INFO: Run ContentReplace Behavior [ RunTime:0.000377s ]
INFO: Run TokenBuild Behavior [ RunTime:0.000313s ]
INFO: Run WriteHtmlCache Behavior [ RunTime:0.000174s ]
INFO: Run ShowRuntime Behavior [ RunTime:0.000408s ]
INFO: [ view_filter ] --END-- [ RunTime:0.001494s ]
INFO: [ view_end ] --START--
INFO: Run ShowPageTrace Behavior [ RunTime:0.000534s ]
INFO: [ view_end ] --END-- [ RunTime:0.000600s ]

[ 2013-05-03T05:50:05+08:00 ] 121.205.14.26 /evbeta/Admin/mall
INFO: [ route_check ] --START--
INFO: Run CheckRoute Behavior [ RunTime:0.000934s ]
INFO: [ route_check ] --END-- [ RunTime:0.001091s ]
INFO: [ app_begin ] --START--
INFO: Run ReadHtmlCache Behavior [ RunTime:0.000729s ]
INFO: [ app_begin ] --END-- [ RunTime:0.000853s ]
INFO: [ view_template ] --START--
INFO: Run LocationTemplate Behavior [ RunTime:0.000255s ]
INFO: [ view_template ] --END-- [ RunTime:0.000346s ]
INFO: [ view_parse ] --START--
INFO: Run ParseTemplate Behavior [ RunTime:0.016420s ]
INFO: [ view_parse ] --END-- [ RunTime:0.016590s ]
INFO: [ view_filter ] --START--
INFO: Run ContentReplace Behavior [ RunTime:0.000546s ]
INFO: Run TokenBuild Behavior [ RunTime:0.000369s ]
INFO: Run WriteHtmlCache Behavior [ RunTime:0.000217s ]
INFO: Run ShowRuntime Behavior [ RunTime:0.000505s ]
INFO: [ view_filter ] --END-- [ RunTime:0.001940s ]
INFO: [ view_end ] --START--
INFO: Run ShowPageTrace Behavior [ RunTime:0.000710s ]
INFO: [ view_end ] --END-- [ RunTime:0.000805s ]

[ 2013-05-03T05:50:05+08:00 ] ERR: (ThinkException) 无法加载模块:img
[ 2013-05-03T05:50:05+08:00 ] ERR: (ThinkException) 无法加载模块:img
[ 2013-05-03T05:52:05+08:00 ] ERR: (ThinkException) 无法加载模块:img
[ 2013-05-03T05:52:05+08:00 ] ERR: (ThinkException) 无法加载模块:img
[ 2013-05-03T05:52:17+08:00 ] ERR: (ThinkException) 无法加载模块:img
[ 2013-05-03T05:52:17+08:00 ] ERR: (ThinkException) 无法加载模块:img
[ 2013-05-03T05:54:57+08:00 ] ERR: (ThinkException) 无法加载模块:img
[ 2013-05-03T05:54:57+08:00 ] ERR: (ThinkException) 无法加载模块:img
[ 2013-05-03T05:59:45+08:00 ] 121.205.14.26 /evbeta/
INFO: [ app_begin ] --START--
INFO: Run ReadHtmlCache Behavior [ RunTime:0.001094s ]
INFO: [ app_begin ] --END-- [ RunTime:0.001381s ]
INFO: [ view_parse ] --START--
INFO: Run ParseTemplate Behavior [ RunTime:0.001562s ]
INFO: [ view_parse ] --END-- [ RunTime:0.001804s ]
INFO: [ view_filter ] --START--
INFO: Run ContentReplace Behavior [ RunTime:0.001045s ]
INFO: Run TokenBuild Behavior [ RunTime:0.000576s ]
INFO: Run WriteHtmlCache Behavior [ RunTime:0.000627s ]
INFO: Run ShowRuntime Behavior [ RunTime:0.001165s ]
INFO: [ view_filter ] --END-- [ RunTime:0.004125s ]
INFO: [ view_end ] --START--
INFO: Run ShowPageTrace Behavior [ RunTime:0.001199s ]
INFO: [ view_end ] --END-- [ RunTime:0.001590s ]

[ 2013-05-03T05:59:52+08:00 ] 121.205.14.26 /evbeta/Admin
INFO: [ route_check ] --START--
INFO: Run CheckRoute Behavior [ RunTime:0.000924s ]
INFO: [ route_check ] --END-- [ RunTime:0.001037s ]
INFO: [ app_begin ] --START--
INFO: Run ReadHtmlCache Behavior [ RunTime:0.001021s ]
INFO: [ app_begin ] --END-- [ RunTime:0.001157s ]
NOTIC: [2048] Declaration of IndexAction::error() should be compatible with that of Action::error() /wwwroot/evbeta/Lib/Action/Admin/IndexAction.class.php 第 9 行.
INFO: [ view_template ] --START--
INFO: Run LocationTemplate Behavior [ RunTime:0.000279s ]
INFO: [ view_template ] --END-- [ RunTime:0.000405s ]
INFO: [ view_parse ] --START--
INFO: Run ParseTemplate Behavior [ RunTime:0.012647s ]
INFO: [ view_parse ] --END-- [ RunTime:0.012777s ]
INFO: [ view_filter ] --START--
INFO: Run ContentReplace Behavior [ RunTime:0.000503s ]
INFO: Run TokenBuild Behavior [ RunTime:0.005374s ]
INFO: Run WriteHtmlCache Behavior [ RunTime:0.000620s ]
INFO: Run ShowRuntime Behavior [ RunTime:0.000944s ]
INFO: [ view_filter ] --END-- [ RunTime:0.008001s ]
INFO: [ view_end ] --START--
INFO: Run ShowPageTrace Behavior [ RunTime:0.001727s ]
INFO: [ view_end ] --END-- [ RunTime:0.002149s ]

[ 2013-05-03T05:59:55+08:00 ] ERR: (ThinkException) 无法加载模块:Tpl
[ 2013-05-03T06:00:05+08:00 ] 121.205.14.26 /evbeta/Admin/mall
INFO: [ route_check ] --START--
INFO: Run CheckRoute Behavior [ RunTime:0.000702s ]
INFO: [ route_check ] --END-- [ RunTime:0.000808s ]
INFO: [ app_begin ] --START--
INFO: Run ReadHtmlCache Behavior [ RunTime:0.000459s ]
INFO: [ app_begin ] --END-- [ RunTime:0.000562s ]
INFO: [ view_template ] --START--
INFO: Run LocationTemplate Behavior [ RunTime:0.000291s ]
INFO: [ view_template ] --END-- [ RunTime:0.000384s ]
INFO: [ view_parse ] --START--
INFO: Run ParseTemplate Behavior [ RunTime:0.013649s ]
INFO: [ view_parse ] --END-- [ RunTime:0.013801s ]
INFO: [ view_filter ] --START--
INFO: Run ContentReplace Behavior [ RunTime:0.000463s ]
INFO: Run TokenBuild Behavior [ RunTime:0.000353s ]
INFO: Run WriteHtmlCache Behavior [ RunTime:0.000188s ]
INFO: Run ShowRuntime Behavior [ RunTime:0.000394s ]
INFO: [ view_filter ] --END-- [ RunTime:0.001689s ]
INFO: [ view_end ] --START--
INFO: Run ShowPageTrace Behavior [ RunTime:0.000592s ]
INFO: [ view_end ] --END-- [ RunTime:0.000660s ]

[ 2013-05-03T06:00:05+08:00 ] ERR: (ThinkException) 无法加载模块:img
[ 2013-05-03T06:00:05+08:00 ] ERR: (ThinkException) 无法加载模块:img
[ 2013-05-03T06:04:30+08:00 ] 121.205.14.26 /evbeta/Admin/
INFO: [ route_check ] --START--
INFO: Run CheckRoute Behavior [ RunTime:0.000896s ]
INFO: [ route_check ] --END-- [ RunTime:0.001029s ]
INFO: [ app_begin ] --START--
INFO: Run ReadHtmlCache Behavior [ RunTime:0.000540s ]
INFO: [ app_begin ] --END-- [ RunTime:0.000641s ]
NOTIC: [2048] Declaration of IndexAction::error() should be compatible with that of Action::error() /wwwroot/evbeta/Lib/Action/Admin/IndexAction.class.php 第 9 行.
INFO: [ view_template ] --START--
INFO: Run LocationTemplate Behavior [ RunTime:0.000289s ]
INFO: [ view_template ] --END-- [ RunTime:0.000416s ]
INFO: [ view_parse ] --START--
INFO: Run ParseTemplate Behavior [ RunTime:0.014301s ]
INFO: [ view_parse ] --END-- [ RunTime:0.014430s ]
INFO: [ view_filter ] --START--
INFO: Run ContentReplace Behavior [ RunTime:0.000610s ]
INFO: Run TokenBuild Behavior [ RunTime:0.000422s ]
INFO: Run WriteHtmlCache Behavior [ RunTime:0.000328s ]
INFO: Run ShowRuntime Behavior [ RunTime:0.000548s ]
INFO: [ view_filter ] --END-- [ RunTime:0.002243s ]
INFO: [ view_end ] --START--
INFO: Run ShowPageTrace Behavior [ RunTime:0.000817s ]
INFO: [ view_end ] --END-- [ RunTime:0.000928s ]

[ 2013-05-03T21:23:12+08:00 ] 120.37.70.240 /evbeta/Admin/Index
INFO: [ route_check ] --START--
INFO: Run CheckRoute Behavior [ RunTime:0.001076s ]
INFO: [ route_check ] --END-- [ RunTime:0.001229s ]
INFO: [ app_begin ] --START--
INFO: Run ReadHtmlCache Behavior [ RunTime:0.000688s ]
INFO: [ app_begin ] --END-- [ RunTime:0.000796s ]
NOTIC: [2048] Declaration of IndexAction::error() should be compatible with that of Action::error() /wwwroot/evbeta/Lib/Action/Admin/IndexAction.class.php 第 9 行.
INFO: [ view_template ] --START--
INFO: Run LocationTemplate Behavior [ RunTime:0.000332s ]
INFO: [ view_template ] --END-- [ RunTime:0.000435s ]
INFO: [ view_parse ] --START--
INFO: Run ParseTemplate Behavior [ RunTime:0.016355s ]
INFO: [ view_parse ] --END-- [ RunTime:0.016517s ]
INFO: [ view_filter ] --START--
INFO: Run ContentReplace Behavior [ RunTime:0.000474s ]
INFO: Run TokenBuild Behavior [ RunTime:0.000458s ]
INFO: Run WriteHtmlCache Behavior [ RunTime:0.000231s ]
INFO: Run ShowRuntime Behavior [ RunTime:0.000621s ]
INFO: [ view_filter ] --END-- [ RunTime:0.002086s ]
INFO: [ view_end ] --START--
INFO: Run ShowPageTrace Behavior [ RunTime:0.000746s ]
INFO: [ view_end ] --END-- [ RunTime:0.000845s ]

[ 2013-05-03T22:18:48+08:00 ] 120.37.70.240 /evbeta/Admin/Index/rank
INFO: [ route_check ] --START--
INFO: Run CheckRoute Behavior [ RunTime:0.003038s ]
INFO: [ route_check ] --END-- [ RunTime:0.003213s ]
INFO: [ app_begin ] --START--
INFO: Run ReadHtmlCache Behavior [ RunTime:0.002040s ]
INFO: [ app_begin ] --END-- [ RunTime:0.002563s ]
NOTIC: [2048] Declaration of IndexAction::error() should be compatible with that of Action::error() /wwwroot/evbeta/Lib/Action/Admin/IndexAction.class.php 第 9 行.
INFO: [ view_template ] --START--
INFO: Run LocationTemplate Behavior [ RunTime:0.000719s ]
INFO: [ view_template ] --END-- [ RunTime:0.000908s ]
INFO: [ view_parse ] --START--
INFO: Run ParseTemplate Behavior [ RunTime:0.041648s ]
INFO: [ view_parse ] --END-- [ RunTime:0.041891s ]
INFO: [ view_filter ] --START--
INFO: Run ContentReplace Behavior [ RunTime:0.001051s ]
INFO: Run TokenBuild Behavior [ RunTime:0.000638s ]
INFO: Run WriteHtmlCache Behavior [ RunTime:0.000298s ]
INFO: Run ShowRuntime Behavior [ RunTime:0.000777s ]
INFO: [ view_filter ] --END-- [ RunTime:0.003466s ]
INFO: [ view_end ] --START--
INFO: Run ShowPageTrace Behavior [ RunTime:0.000973s ]
INFO: [ view_end ] --END-- [ RunTime:0.001082s ]

[ 2013-05-03T22:35:08+08:00 ] ERR: (ThinkException) 无法加载模块:Mall
[ 2013-05-03T22:35:13+08:00 ] 120.37.70.240 /evbeta/Admin/mall/
INFO: [ route_check ] --START--
INFO: Run CheckRoute Behavior [ RunTime:0.000805s ]
INFO: [ route_check ] --END-- [ RunTime:0.000911s ]
INFO: [ app_begin ] --START--
INFO: Run ReadHtmlCache Behavior [ RunTime:0.000621s ]
INFO: [ app_begin ] --END-- [ RunTime:0.000724s ]
INFO: [ view_template ] --START--
INFO: Run LocationTemplate Behavior [ RunTime:0.000367s ]
INFO: [ view_template ] --END-- [ RunTime:0.000477s ]
INFO: [ view_parse ] --START--
INFO: Run ParseTemplate Behavior [ RunTime:0.021458s ]
INFO: [ view_parse ] --END-- [ RunTime:0.021755s ]
INFO: [ view_filter ] --START--
INFO: Run ContentReplace Behavior [ RunTime:0.000704s ]
INFO: Run TokenBuild Behavior [ RunTime:0.000424s ]
INFO: Run WriteHtmlCache Behavior [ RunTime:0.000233s ]
INFO: Run ShowRuntime Behavior [ RunTime:0.000585s ]
INFO: [ view_filter ] --END-- [ RunTime:0.002259s ]
INFO: [ view_end ] --START--
INFO: Run ShowPageTrace Behavior [ RunTime:0.000794s ]
INFO: [ view_end ] --END-- [ RunTime:0.000903s ]

[ 2013-05-03T22:35:14+08:00 ] ERR: (ThinkException) 无法加载模块:img
[ 2013-05-03T22:35:14+08:00 ] ERR: (ThinkException) 无法加载模块:img
[ 2013-05-03T22:35:23+08:00 ] 120.37.70.240 /evbeta/Admin/mall/?page=2
INFO: [ route_check ] --START--
INFO: Run CheckRoute Behavior [ RunTime:0.001063s ]
INFO: [ route_check ] --END-- [ RunTime:0.001207s ]
INFO: [ app_begin ] --START--
INFO: Run ReadHtmlCache Behavior [ RunTime:0.000639s ]
INFO: [ app_begin ] --END-- [ RunTime:0.000742s ]
INFO: [ view_template ] --START--
INFO: Run LocationTemplate Behavior [ RunTime:0.000368s ]
INFO: [ view_template ] --END-- [ RunTime:0.000502s ]
INFO: [ view_parse ] --START--
INFO: Run ParseTemplate Behavior [ RunTime:0.017918s ]
INFO: [ view_parse ] --END-- [ RunTime:0.018104s ]
INFO: [ view_filter ] --START--
INFO: Run ContentReplace Behavior [ RunTime:0.000532s ]
INFO: Run TokenBuild Behavior [ RunTime:0.000379s ]
INFO: Run WriteHtmlCache Behavior [ RunTime:0.000231s ]
INFO: Run ShowRuntime Behavior [ RunTime:0.000505s ]
INFO: [ view_filter ] --END-- [ RunTime:0.001899s ]
INFO: [ view_end ] --START--
INFO: Run ShowPageTrace Behavior [ RunTime:0.000655s ]
INFO: [ view_end ] --END-- [ RunTime:0.000745s ]

[ 2013-05-03T22:35:23+08:00 ] ERR: (ThinkException) 无法加载模块:img
[ 2013-05-03T22:35:23+08:00 ] ERR: (ThinkException) 无法加载模块:img
[ 2013-05-03T22:35:27+08:00 ] ERR: (ThinkException) 无法加载模块:img
[ 2013-05-03T22:35:27+08:00 ] ERR: (ThinkException) 无法加载模块:img
[ 2013-05-03T22:35:30+08:00 ] ERR: (ThinkException) 无法加载模块:img
[ 2013-05-03T22:35:30+08:00 ] ERR: (ThinkException) 无法加载模块:img
[ 2013-05-03T22:35:33+08:00 ] ERR: (ThinkException) 无法加载模块:img
[ 2013-05-03T22:35:33+08:00 ] ERR: (ThinkException) 无法加载模块:img
[ 2013-05-03T22:37:01+08:00 ] 120.37.70.240 /evbeta/Admin/Index/rank
INFO: [ route_check ] --START--
INFO: Run CheckRoute Behavior [ RunTime:0.000867s ]
INFO: [ route_check ] --END-- [ RunTime:0.001076s ]
INFO: [ app_begin ] --START--
INFO: Run ReadHtmlCache Behavior [ RunTime:0.000618s ]
INFO: [ app_begin ] --END-- [ RunTime:0.000731s ]
NOTIC: [2048] Declaration of IndexAction::error() should be compatible with that of Action::error() /wwwroot/evbeta/Lib/Action/Admin/IndexAction.class.php 第 9 行.
INFO: [ view_template ] --START--
INFO: Run LocationTemplate Behavior [ RunTime:0.000242s ]
INFO: [ view_template ] --END-- [ RunTime:0.000356s ]
INFO: [ view_parse ] --START--
INFO: Run ParseTemplate Behavior [ RunTime:0.013580s ]
INFO: [ view_parse ] --END-- [ RunTime:0.013726s ]
INFO: [ view_filter ] --START--
INFO: Run ContentReplace Behavior [ RunTime:0.000538s ]
INFO: Run TokenBuild Behavior [ RunTime:0.000409s ]
INFO: Run WriteHtmlCache Behavior [ RunTime:0.000194s ]
INFO: Run ShowRuntime Behavior [ RunTime:0.000488s ]
INFO: [ view_filter ] --END-- [ RunTime:0.001872s ]
INFO: [ view_end ] --START--
INFO: Run ShowPageTrace Behavior [ RunTime:0.000585s ]
INFO: [ view_end ] --END-- [ RunTime:0.000670s ]

[ 2013-05-03T22:46:41+08:00 ] 120.37.70.240 /evbeta/Admin/Index/rank
INFO: [ route_check ] --START--
INFO: Run CheckRoute Behavior [ RunTime:0.000936s ]
INFO: [ route_check ] --END-- [ RunTime:0.001065s ]
INFO: [ app_begin ] --START--
INFO: Run ReadHtmlCache Behavior [ RunTime:0.000560s ]
INFO: [ app_begin ] --END-- [ RunTime:0.000675s ]
NOTIC: [2048] Declaration of IndexAction::error() should be compatible with that of Action::error() /wwwroot/evbeta/Lib/Action/Admin/IndexAction.class.php 第 9 行.
INFO: [ view_template ] --START--
INFO: Run LocationTemplate Behavior [ RunTime:0.000293s ]
INFO: [ view_template ] --END-- [ RunTime:0.000387s ]
INFO: [ view_parse ] --START--
INFO: Run ParseTemplate Behavior [ RunTime:0.014556s ]
INFO: [ view_parse ] --END-- [ RunTime:0.014669s ]
INFO: [ view_filter ] --START--
INFO: Run ContentReplace Behavior [ RunTime:0.000504s ]
INFO: Run TokenBuild Behavior [ RunTime:0.000363s ]
INFO: Run WriteHtmlCache Behavior [ RunTime:0.000206s ]
INFO: Run ShowRuntime Behavior [ RunTime:0.000524s ]
INFO: [ view_filter ] --END-- [ RunTime:0.001849s ]
INFO: [ view_end ] --START--
INFO: Run ShowPageTrace Behavior [ RunTime:0.000614s ]
INFO: [ view_end ] --END-- [ RunTime:0.000694s ]

[ 2013-05-03T22:51:23+08:00 ] 120.37.70.240 /evbeta/Admin/mall/
INFO: [ route_check ] --START--
INFO: Run CheckRoute Behavior [ RunTime:0.001210s ]
INFO: [ route_check ] --END-- [ RunTime:0.001362s ]
INFO: [ app_begin ] --START--
INFO: Run ReadHtmlCache Behavior [ RunTime:0.000513s ]
INFO: [ app_begin ] --END-- [ RunTime:0.000593s ]
INFO: [ view_template ] --START--
INFO: Run LocationTemplate Behavior [ RunTime:0.000269s ]
INFO: [ view_template ] --END-- [ RunTime:0.000359s ]
INFO: [ view_parse ] --START--
INFO: Run ParseTemplate Behavior [ RunTime:0.014518s ]
INFO: [ view_parse ] --END-- [ RunTime:0.014640s ]
INFO: [ view_filter ] --START--
INFO: Run ContentReplace Behavior [ RunTime:0.000415s ]
INFO: Run TokenBuild Behavior [ RunTime:0.000349s ]
INFO: Run WriteHtmlCache Behavior [ RunTime:0.000192s ]
INFO: Run ShowRuntime Behavior [ RunTime:0.000418s ]
INFO: [ view_filter ] --END-- [ RunTime:0.001583s ]
INFO: [ view_end ] --START--
INFO: Run ShowPageTrace Behavior [ RunTime:0.000573s ]
INFO: [ view_end ] --END-- [ RunTime:0.000662s ]

[ 2013-05-03T22:51:23+08:00 ] ERR: (ThinkException) 无法加载模块:img
[ 2013-05-03T22:51:24+08:00 ] ERR: (ThinkException) 无法加载模块:img
[ 2013-05-03T22:51:31+08:00 ] 120.37.70.240 /evbeta/Admin/mall/store
INFO: [ route_check ] --START--
INFO: Run CheckRoute Behavior [ RunTime:0.000891s ]
INFO: [ route_check ] --END-- [ RunTime:0.001012s ]
INFO: [ app_begin ] --START--
INFO: Run ReadHtmlCache Behavior [ RunTime:0.000610s ]
INFO: [ app_begin ] --END-- [ RunTime:0.000774s ]
INFO: [ view_template ] --START--
INFO: Run LocationTemplate Behavior [ RunTime:0.000274s ]
INFO: [ view_template ] --END-- [ RunTime:0.000410s ]
INFO: [ view_parse ] --START--
INFO: Run ParseTemplate Behavior [ RunTime:0.020557s ]
INFO: [ view_parse ] --END-- [ RunTime:0.020713s ]
INFO: [ view_filter ] --START--
INFO: Run ContentReplace Behavior [ RunTime:0.000743s ]
INFO: Run TokenBuild Behavior [ RunTime:0.000489s ]
INFO: Run WriteHtmlCache Behavior [ RunTime:0.000265s ]
INFO: Run ShowRuntime Behavior [ RunTime:0.000480s ]
INFO: [ view_filter ] --END-- [ RunTime:0.002249s ]
INFO: [ view_end ] --START--
INFO: Run ShowPageTrace Behavior [ RunTime:0.000648s ]
INFO: [ view_end ] --END-- [ RunTime:0.000777s ]

[ 2013-05-03T22:58:46+08:00 ] 120.37.70.240 /evbeta/Admin/mall/store
INFO: [ route_check ] --START--
INFO: Run CheckRoute Behavior [ RunTime:0.001117s ]
INFO: [ route_check ] --END-- [ RunTime:0.001267s ]
INFO: [ app_begin ] --START--
INFO: Run ReadHtmlCache Behavior [ RunTime:0.000682s ]
INFO: [ app_begin ] --END-- [ RunTime:0.000802s ]
INFO: [ view_template ] --START--
INFO: Run LocationTemplate Behavior [ RunTime:0.000395s ]
INFO: [ view_template ] --END-- [ RunTime:0.000496s ]
INFO: [ view_parse ] --START--
INFO: Run ParseTemplate Behavior [ RunTime:0.018265s ]
INFO: [ view_parse ] --END-- [ RunTime:0.018416s ]
INFO: [ view_filter ] --START--
INFO: Run ContentReplace Behavior [ RunTime:0.000561s ]
INFO: Run TokenBuild Behavior [ RunTime:0.000414s ]
INFO: Run WriteHtmlCache Behavior [ RunTime:0.000267s ]
INFO: Run ShowRuntime Behavior [ RunTime:0.000539s ]
INFO: [ view_filter ] --END-- [ RunTime:0.002062s ]
INFO: [ view_end ] --START--
INFO: Run ShowPageTrace Behavior [ RunTime:0.000541s ]
INFO: [ view_end ] --END-- [ RunTime:0.000625s ]

[ 2013-05-03T22:59:35+08:00 ] 120.37.70.240 /evbeta/Admin/mall/store
INFO: [ route_check ] --START--
INFO: Run CheckRoute Behavior [ RunTime:0.001137s ]
INFO: [ route_check ] --END-- [ RunTime:0.001276s ]
INFO: [ app_begin ] --START--
INFO: Run ReadHtmlCache Behavior [ RunTime:0.000714s ]
INFO: [ app_begin ] --END-- [ RunTime:0.000808s ]
INFO: [ view_template ] --START--
INFO: Run LocationTemplate Behavior [ RunTime:0.000376s ]
INFO: [ view_template ] --END-- [ RunTime:0.000495s ]
INFO: [ view_parse ] --START--
INFO: Run ParseTemplate Behavior [ RunTime:0.023443s ]
INFO: [ view_parse ] --END-- [ RunTime:0.023594s ]
INFO: [ view_filter ] --START--
INFO: Run ContentReplace Behavior [ RunTime:0.000613s ]
INFO: Run TokenBuild Behavior [ RunTime:0.000546s ]
INFO: Run WriteHtmlCache Behavior [ RunTime:0.000249s ]
INFO: Run ShowRuntime Behavior [ RunTime:0.000675s ]
INFO: [ view_filter ] --END-- [ RunTime:0.002397s ]
INFO: [ view_end ] --START--
INFO: Run ShowPageTrace Behavior [ RunTime:0.000904s ]
INFO: [ view_end ] --END-- [ RunTime:0.001014s ]

[ 2013-05-03T22:59:35+08:00 ] ERR: (ThinkException) 无法加载模块:img
[ 2013-05-03T22:59:35+08:00 ] ERR: (ThinkException) 无法加载模块:img
[ 2013-05-03T22:59:35+08:00 ] ERR: (ThinkException) 无法加载模块:img
[ 2013-05-03T22:59:38+08:00 ] ERR: (ThinkException) 无法加载模块:img
[ 2013-05-03T22:59:39+08:00 ] ERR: (ThinkException) 无法加载模块:img
[ 2013-05-03T22:59:41+08:00 ] 120.37.70.240 /evbeta/Admin/mall/store
INFO: [ route_check ] --START--
INFO: Run CheckRoute Behavior [ RunTime:0.001176s ]
INFO: [ route_check ] --END-- [ RunTime:0.001375s ]
INFO: [ app_begin ] --START--
INFO: Run ReadHtmlCache Behavior [ RunTime:0.000694s ]
INFO: [ app_begin ] --END-- [ RunTime:0.000812s ]
INFO: [ view_template ] --START--
INFO: Run LocationTemplate Behavior [ RunTime:0.000516s ]
INFO: [ view_template ] --END-- [ RunTime:0.000658s ]
INFO: [ view_parse ] --START--
INFO: Run ParseTemplate Behavior [ RunTime:0.022301s ]
INFO: [ view_parse ] --END-- [ RunTime:0.022479s ]
INFO: [ view_filter ] --START--
INFO: Run ContentReplace Behavior [ RunTime:0.000625s ]
INFO: Run TokenBuild Behavior [ RunTime:0.000486s ]
INFO: Run WriteHtmlCache Behavior [ RunTime:0.000240s ]
INFO: Run ShowRuntime Behavior [ RunTime:0.000654s ]
INFO: [ view_filter ] --END-- [ RunTime:0.002323s ]
INFO: [ view_end ] --START--
INFO: Run ShowPageTrace Behavior [ RunTime:0.000772s ]
INFO: [ view_end ] --END-- [ RunTime:0.000883s ]

[ 2013-05-03T22:59:41+08:00 ] ERR: (ThinkException) 无法加载模块:img
[ 2013-05-03T22:59:41+08:00 ] ERR: (ThinkException) 无法加载模块:img
[ 2013-05-03T22:59:41+08:00 ] ERR: (ThinkException) 无法加载模块:img
[ 2013-05-03T22:59:41+08:00 ] ERR: (ThinkException) 无法加载模块:img
[ 2013-05-03T22:59:44+08:00 ] ERR: (ThinkException) 无法加载模块:img
[ 2013-05-03T23:00:09+08:00 ] ERR: (ThinkException) 无法加载模块:img
[ 2013-05-03T23:01:26+08:00 ] 120.37.70.240 /evbeta/Admin/mall/store
INFO: [ route_check ] --START--
INFO: Run CheckRoute Behavior [ RunTime:0.001229s ]
INFO: [ route_check ] --END-- [ RunTime:0.001368s ]
INFO: [ app_begin ] --START--
INFO: Run ReadHtmlCache Behavior [ RunTime:0.000624s ]
INFO: [ app_begin ] --END-- [ RunTime:0.000749s ]
INFO: [ view_template ] --START--
INFO: Run LocationTemplate Behavior [ RunTime:0.000335s ]
INFO: [ view_template ] --END-- [ RunTime:0.000427s ]
INFO: [ view_parse ] --START--
INFO: Run ParseTemplate Behavior [ RunTime:0.018541s ]
INFO: [ view_parse ] --END-- [ RunTime:0.018681s ]
INFO: [ view_filter ] --START--
INFO: Run ContentReplace Behavior [ RunTime:0.000513s ]
INFO: Run TokenBuild Behavior [ RunTime:0.000464s ]
INFO: Run WriteHtmlCache Behavior [ RunTime:0.000204s ]
INFO: Run ShowRuntime Behavior [ RunTime:0.000470s ]
INFO: [ view_filter ] --END-- [ RunTime:0.001996s ]
INFO: [ view_end ] --START--
INFO: Run ShowPageTrace Behavior [ RunTime:0.000567s ]
INFO: [ view_end ] --END-- [ RunTime:0.000703s ]

[ 2013-05-03T23:01:27+08:00 ] ERR: (ThinkException) 无法加载模块:img
[ 2013-05-03T23:01:27+08:00 ] ERR: (ThinkException) 无法加载模块:img
[ 2013-05-03T23:01:27+08:00 ] ERR: (ThinkException) 无法加载模块:img
[ 2013-05-03T23:01:27+08:00 ] ERR: (ThinkException) 无法加载模块:img
[ 2013-05-03T23:01:28+08:00 ] ERR: (ThinkException) 无法加载模块:img
[ 2013-05-03T23:01:32+08:00 ] 120.37.70.240 /evbeta/Admin/mall/store
INFO: [ route_check ] --START--
INFO: Run CheckRoute Behavior [ RunTime:0.001113s ]
INFO: [ route_check ] --END-- [ RunTime:0.001328s ]
INFO: [ app_begin ] --START--
INFO: Run ReadHtmlCache Behavior [ RunTime:0.000787s ]
INFO: [ app_begin ] --END-- [ RunTime:0.000882s ]
INFO: [ view_template ] --START--
INFO: Run LocationTemplate Behavior [ RunTime:0.000401s ]
INFO: [ view_template ] --END-- [ RunTime:0.000499s ]
INFO: [ view_parse ] --START--
INFO: Run ParseTemplate Behavior [ RunTime:0.024570s ]
INFO: [ view_parse ] --END-- [ RunTime:0.024724s ]
INFO: [ view_filter ] --START--
INFO: Run ContentReplace Behavior [ RunTime:0.000711s ]
INFO: Run TokenBuild Behavior [ RunTime:0.000381s ]
INFO: Run WriteHtmlCache Behavior [ RunTime:0.000348s ]
INFO: Run ShowRuntime Behavior [ RunTime:0.000554s ]
INFO: [ view_filter ] --END-- [ RunTime:0.002365s ]
INFO: [ view_end ] --START--
INFO: Run ShowPageTrace Behavior [ RunTime:0.000772s ]
INFO: [ view_end ] --END-- [ RunTime:0.000964s ]

[ 2013-05-03T23:01:32+08:00 ] ERR: (ThinkException) 无法加载模块:img
[ 2013-05-03T23:01:32+08:00 ] ERR: (ThinkException) 无法加载模块:img
[ 2013-05-03T23:01:32+08:00 ] ERR: (ThinkException) 无法加载模块:img
[ 2013-05-03T23:01:35+08:00 ] ERR: (ThinkException) 无法加载模块:img
[ 2013-05-03T23:01:36+08:00 ] 120.37.70.240 /evbeta/Admin/mall/store
INFO: [ route_check ] --START--
INFO: Run CheckRoute Behavior [ RunTime:0.000857s ]
INFO: [ route_check ] --END-- [ RunTime:0.001012s ]
INFO: [ app_begin ] --START--
INFO: Run ReadHtmlCache Behavior [ RunTime:0.000467s ]
INFO: [ app_begin ] --END-- [ RunTime:0.000614s ]
INFO: [ view_template ] --START--
INFO: Run LocationTemplate Behavior [ RunTime:0.000263s ]
INFO: [ view_template ] --END-- [ RunTime:0.000341s ]
INFO: [ view_parse ] --START--
INFO: Run ParseTemplate Behavior [ RunTime:0.017710s ]
INFO: [ view_parse ] --END-- [ RunTime:0.017898s ]
INFO: [ view_filter ] --START--
INFO: Run ContentReplace Behavior [ RunTime:0.000785s ]
INFO: Run TokenBuild Behavior [ RunTime:0.000507s ]
INFO: Run WriteHtmlCache Behavior [ RunTime:0.000265s ]
INFO: Run ShowRuntime Behavior [ RunTime:0.000689s ]
INFO: [ view_filter ] --END-- [ RunTime:0.002616s ]
INFO: [ view_end ] --START--
INFO: Run ShowPageTrace Behavior [ RunTime:0.000854s ]
INFO: [ view_end ] --END-- [ RunTime:0.000962s ]

[ 2013-05-03T23:01:37+08:00 ] ERR: (ThinkException) 无法加载模块:img
[ 2013-05-03T23:01:37+08:00 ] ERR: (ThinkException) 无法加载模块:img
[ 2013-05-03T23:01:37+08:00 ] ERR: (ThinkException) 无法加载模块:img
[ 2013-05-03T23:01:37+08:00 ] ERR: (ThinkException) 无法加载模块:img
[ 2013-05-03T23:01:37+08:00 ] ERR: (ThinkException) 无法加载模块:img
[ 2013-05-03T23:01:39+08:00 ] 120.37.70.240 /evbeta/Admin/mall/store
INFO: [ route_check ] --START--
INFO: Run CheckRoute Behavior [ RunTime:0.001101s ]
INFO: [ route_check ] --END-- [ RunTime:0.001263s ]
INFO: [ app_begin ] --START--
INFO: Run ReadHtmlCache Behavior [ RunTime:0.000693s ]
INFO: [ app_begin ] --END-- [ RunTime:0.000782s ]
INFO: [ view_template ] --START--
INFO: Run LocationTemplate Behavior [ RunTime:0.000313s ]
INFO: [ view_template ] --END-- [ RunTime:0.000441s ]
INFO: [ view_parse ] --START--
INFO: Run ParseTemplate Behavior [ RunTime:0.021515s ]
INFO: [ view_parse ] --END-- [ RunTime:0.021672s ]
INFO: [ view_filter ] --START--
INFO: Run ContentReplace Behavior [ RunTime:0.000616s ]
INFO: Run TokenBuild Behavior [ RunTime:0.000459s ]
INFO: Run WriteHtmlCache Behavior [ RunTime:0.000229s ]
INFO: Run ShowRuntime Behavior [ RunTime:0.000608s ]
INFO: [ view_filter ] --END-- [ RunTime:0.002212s ]
INFO: [ view_end ] --START--
INFO: Run ShowPageTrace Behavior [ RunTime:0.000768s ]
INFO: [ view_end ] --END-- [ RunTime:0.000883s ]

[ 2013-05-03T23:01:40+08:00 ] ERR: (ThinkException) 无法加载模块:img
[ 2013-05-03T23:01:40+08:00 ] ERR: (ThinkException) 无法加载模块:img
[ 2013-05-03T23:01:40+08:00 ] ERR: (ThinkException) 无法加载模块:img
[ 2013-05-03T23:01:40+08:00 ] ERR: (ThinkException) 无法加载模块:img
[ 2013-05-03T23:01:40+08:00 ] ERR: (ThinkException) 无法加载模块:img
[ 2013-05-03T23:01:46+08:00 ] 120.37.70.240 /evbeta/Admin/mall/store
INFO: [ route_check ] --START--
INFO: Run CheckRoute Behavior [ RunTime:0.001172s ]
INFO: [ route_check ] --END-- [ RunTime:0.001335s ]
INFO: [ app_begin ] --START--
INFO: Run ReadHtmlCache Behavior [ RunTime:0.000672s ]
INFO: [ app_begin ] --END-- [ RunTime:0.000773s ]
INFO: [ view_template ] --START--
INFO: Run LocationTemplate Behavior [ RunTime:0.000379s ]
INFO: [ view_template ] --END-- [ RunTime:0.000460s ]
INFO: [ view_parse ] --START--
INFO: Run ParseTemplate Behavior [ RunTime:0.019183s ]
INFO: [ view_parse ] --END-- [ RunTime:0.019347s ]
INFO: [ view_filter ] --START--
INFO: Run ContentReplace Behavior [ RunTime:0.000741s ]
INFO: Run TokenBuild Behavior [ RunTime:0.000561s ]
INFO: Run WriteHtmlCache Behavior [ RunTime:0.000310s ]
INFO: Run ShowRuntime Behavior [ RunTime:0.000649s ]
INFO: [ view_filter ] --END-- [ RunTime:0.002607s ]
INFO: [ view_end ] --START--
INFO: Run ShowPageTrace Behavior [ RunTime:0.000864s ]
INFO: [ view_end ] --END-- [ RunTime:0.000978s ]

[ 2013-05-03T23:01:46+08:00 ] ERR: (ThinkException) 无法加载模块:img
[ 2013-05-03T23:01:46+08:00 ] ERR: (ThinkException) 无法加载模块:img
[ 2013-05-03T23:01:46+08:00 ] ERR: (ThinkException) 无法加载模块:img
[ 2013-05-03T23:01:46+08:00 ] ERR: (ThinkException) 无法加载模块:img
[ 2013-05-03T23:01:47+08:00 ] ERR: (ThinkException) 无法加载模块:img
[ 2013-05-03T23:02:02+08:00 ] 120.37.70.240 /evbeta/Admin/mall/store
INFO: [ route_check ] --START--
INFO: Run CheckRoute Behavior [ RunTime:0.001057s ]
INFO: [ route_check ] --END-- [ RunTime:0.001180s ]
INFO: [ app_begin ] --START--
INFO: Run ReadHtmlCache Behavior [ RunTime:0.000821s ]
INFO: [ app_begin ] --END-- [ RunTime:0.000952s ]
INFO: [ view_template ] --START--
INFO: Run LocationTemplate Behavior [ RunTime:0.000426s ]
INFO: [ view_template ] --END-- [ RunTime:0.000548s ]
INFO: [ view_parse ] --START--
INFO: Run ParseTemplate Behavior [ RunTime:0.021283s ]
INFO: [ view_parse ] --END-- [ RunTime:0.021461s ]
INFO: [ view_filter ] --START--
INFO: Run ContentReplace Behavior [ RunTime:0.000634s ]
INFO: Run TokenBuild Behavior [ RunTime:0.000435s ]
INFO: Run WriteHtmlCache Behavior [ RunTime:0.000223s ]
INFO: Run ShowRuntime Behavior [ RunTime:0.000563s ]
INFO: [ view_filter ] --END-- [ RunTime:0.002212s ]
INFO: [ view_end ] --START--
INFO: Run ShowPageTrace Behavior [ RunTime:0.000721s ]
INFO: [ view_end ] --END-- [ RunTime:0.000806s ]

[ 2013-05-03T23:02:22+08:00 ] 120.37.70.240 /evbeta/Admin/mall/store
INFO: [ route_check ] --START--
INFO: Run CheckRoute Behavior [ RunTime:0.001000s ]
INFO: [ route_check ] --END-- [ RunTime:0.001164s ]
INFO: [ app_begin ] --START--
INFO: Run ReadHtmlCache Behavior [ RunTime:0.000690s ]
INFO: [ app_begin ] --END-- [ RunTime:0.000791s ]
INFO: [ view_template ] --START--
INFO: Run LocationTemplate Behavior [ RunTime:0.000378s ]
INFO: [ view_template ] --END-- [ RunTime:0.000474s ]
INFO: [ view_parse ] --START--
INFO: Run ParseTemplate Behavior [ RunTime:0.021106s ]
INFO: [ view_parse ] --END-- [ RunTime:0.021235s ]
INFO: [ view_filter ] --START--
INFO: Run ContentReplace Behavior [ RunTime:0.000653s ]
INFO: Run TokenBuild Behavior [ RunTime:0.000442s ]
INFO: Run WriteHtmlCache Behavior [ RunTime:0.000289s ]
INFO: Run ShowRuntime Behavior [ RunTime:0.000540s ]
INFO: [ view_filter ] --END-- [ RunTime:0.002210s ]
INFO: [ view_end ] --START--
INFO: Run ShowPageTrace Behavior [ RunTime:0.000666s ]
INFO: [ view_end ] --END-- [ RunTime:0.000824s ]

[ 2013-05-03T23:02:49+08:00 ] 120.37.70.240 /evbeta/Admin/mall/store
INFO: [ route_check ] --START--
INFO: Run CheckRoute Behavior [ RunTime:0.000806s ]
INFO: [ route_check ] --END-- [ RunTime:0.000939s ]
INFO: [ app_begin ] --START--
INFO: Run ReadHtmlCache Behavior [ RunTime:0.000480s ]
INFO: [ app_begin ] --END-- [ RunTime:0.000555s ]
INFO: [ view_template ] --START--
INFO: Run LocationTemplate Behavior [ RunTime:0.000272s ]
INFO: [ view_template ] --END-- [ RunTime:0.000350s ]
INFO: [ view_parse ] --START--
INFO: Run ParseTemplate Behavior [ RunTime:0.016356s ]
INFO: [ view_parse ] --END-- [ RunTime:0.016478s ]
INFO: [ view_filter ] --START--
INFO: Run ContentReplace Behavior [ RunTime:0.000480s ]
INFO: Run TokenBuild Behavior [ RunTime:0.000406s ]
INFO: Run WriteHtmlCache Behavior [ RunTime:0.000182s ]
INFO: Run ShowRuntime Behavior [ RunTime:0.000454s ]
INFO: [ view_filter ] --END-- [ RunTime:0.001746s ]
INFO: [ view_end ] --START--
INFO: Run ShowPageTrace Behavior [ RunTime:0.000570s ]
INFO: [ view_end ] --END-- [ RunTime:0.000649s ]

[ 2013-05-03T23:02:50+08:00 ] ERR: (ThinkException) 无法加载模块:img
[ 2013-05-03T23:02:50+08:00 ] ERR: (ThinkException) 无法加载模块:img
[ 2013-05-03T23:02:50+08:00 ] ERR: (ThinkException) 无法加载模块:img
[ 2013-05-03T23:02:50+08:00 ] ERR: (ThinkException) 无法加载模块:img
[ 2013-05-03T23:02:51+08:00 ] ERR: (ThinkException) 无法加载模块:img
[ 2013-05-03T23:04:52+08:00 ] 120.37.70.240 /evbeta/Admin/mall/store
INFO: [ route_check ] --START--
INFO: Run CheckRoute Behavior [ RunTime:0.001129s ]
INFO: [ route_check ] --END-- [ RunTime:0.001338s ]
INFO: [ app_begin ] --START--
INFO: Run ReadHtmlCache Behavior [ RunTime:0.000664s ]
INFO: [ app_begin ] --END-- [ RunTime:0.000765s ]
INFO: [ view_template ] --START--
INFO: Run LocationTemplate Behavior [ RunTime:0.000318s ]
INFO: [ view_template ] --END-- [ RunTime:0.000501s ]
INFO: [ view_parse ] --START--
INFO: Run ParseTemplate Behavior [ RunTime:0.025168s ]
INFO: [ view_parse ] --END-- [ RunTime:0.025347s ]
INFO: [ view_filter ] --START--
INFO: Run ContentReplace Behavior [ RunTime:0.000893s ]
INFO: Run TokenBuild Behavior [ RunTime:0.000565s ]
INFO: Run WriteHtmlCache Behavior [ RunTime:0.000370s ]
INFO: Run ShowRuntime Behavior [ RunTime:0.000714s ]
INFO: [ view_filter ] --END-- [ RunTime:0.003029s ]
INFO: [ view_end ] --START--
INFO: Run ShowPageTrace Behavior [ RunTime:0.000880s ]
INFO: [ view_end ] --END-- [ RunTime:0.001057s ]

[ 2013-05-03T23:04:52+08:00 ] ERR: (ThinkException) 无法加载模块:img
[ 2013-05-03T23:04:52+08:00 ] ERR: (ThinkException) 无法加载模块:img
[ 2013-05-03T23:04:52+08:00 ] ERR: (ThinkException) 无法加载模块:img
[ 2013-05-03T23:04:52+08:00 ] ERR: (ThinkException) 无法加载模块:img
[ 2013-05-03T23:05:01+08:00 ] ERR: (ThinkException) 无法加载模块:img
[ 2013-05-03T23:05:01+08:00 ] 120.37.70.240 /evbeta/Admin/mall/store
INFO: [ route_check ] --START--
INFO: Run CheckRoute Behavior [ RunTime:0.000942s ]
INFO: [ route_check ] --END-- [ RunTime:0.001090s ]
INFO: [ app_begin ] --START--
INFO: Run ReadHtmlCache Behavior [ RunTime:0.000617s ]
INFO: [ app_begin ] --END-- [ RunTime:0.000734s ]
INFO: [ view_template ] --START--
INFO: Run LocationTemplate Behavior [ RunTime:0.000379s ]
INFO: [ view_template ] --END-- [ RunTime:0.000493s ]
INFO: [ view_parse ] --START--
INFO: Run ParseTemplate Behavior [ RunTime:0.019520s ]
INFO: [ view_parse ] --END-- [ RunTime:0.019723s ]
INFO: [ view_filter ] --START--
INFO: Run ContentReplace Behavior [ RunTime:0.000714s ]
INFO: Run TokenBuild Behavior [ RunTime:0.000480s ]
INFO: Run WriteHtmlCache Behavior [ RunTime:0.000273s ]
INFO: Run ShowRuntime Behavior [ RunTime:0.000715s ]
INFO: [ view_filter ] --END-- [ RunTime:0.002513s ]
INFO: [ view_end ] --START--
INFO: Run ShowPageTrace Behavior [ RunTime:0.000706s ]
INFO: [ view_end ] --END-- [ RunTime:0.000799s ]

[ 2013-05-03T23:10:31+08:00 ] 120.37.70.240 /evbeta/Admin/mall/store
INFO: [ route_check ] --START--
INFO: Run CheckRoute Behavior [ RunTime:0.000905s ]
INFO: [ route_check ] --END-- [ RunTime:0.001037s ]
INFO: [ app_begin ] --START--
INFO: Run ReadHtmlCache Behavior [ RunTime:0.000728s ]
INFO: [ app_begin ] --END-- [ RunTime:0.000846s ]
INFO: [ view_template ] --START--
INFO: Run LocationTemplate Behavior [ RunTime:0.000377s ]
INFO: [ view_template ] --END-- [ RunTime:0.000497s ]
INFO: [ view_parse ] --START--
INFO: Run ParseTemplate Behavior [ RunTime:0.017401s ]
INFO: [ view_parse ] --END-- [ RunTime:0.017608s ]
INFO: [ view_filter ] --START--
INFO: Run ContentReplace Behavior [ RunTime:0.000607s ]
INFO: Run TokenBuild Behavior [ RunTime:0.000412s ]
INFO: Run WriteHtmlCache Behavior [ RunTime:0.000266s ]
INFO: Run ShowRuntime Behavior [ RunTime:0.000453s ]
INFO: [ view_filter ] --END-- [ RunTime:0.002030s ]
INFO: [ view_end ] --START--
INFO: Run ShowPageTrace Behavior [ RunTime:0.000823s ]
INFO: [ view_end ] --END-- [ RunTime:0.000936s ]

[ 2013-05-03T23:10:32+08:00 ] ERR: (ThinkException) 无法加载模块:img
[ 2013-05-03T23:10:32+08:00 ] ERR: (ThinkException) 无法加载模块:img
[ 2013-05-03T23:10:32+08:00 ] ERR: (ThinkException) 无法加载模块:img
[ 2013-05-03T23:10:32+08:00 ] ERR: (ThinkException) 无法加载模块:img
[ 2013-05-03T23:10:32+08:00 ] ERR: (ThinkException) 无法加载模块:img
[ 2013-05-03T23:10:32+08:00 ] ERR: (ThinkException) 无法加载模块:img
[ 2013-05-03T23:12:33+08:00 ] 120.37.70.240 /evbeta/Admin/mall/store
INFO: [ route_check ] --START--
INFO: Run CheckRoute Behavior [ RunTime:0.000990s ]
INFO: [ route_check ] --END-- [ RunTime:0.001108s ]
INFO: [ app_begin ] --START--
INFO: Run ReadHtmlCache Behavior [ RunTime:0.000545s ]
INFO: [ app_begin ] --END-- [ RunTime:0.000650s ]
INFO: [ view_template ] --START--
INFO: Run LocationTemplate Behavior [ RunTime:0.000283s ]
INFO: [ view_template ] --END-- [ RunTime:0.000365s ]
INFO: [ view_parse ] --START--
INFO: Run ParseTemplate Behavior [ RunTime:0.018246s ]
INFO: [ view_parse ] --END-- [ RunTime:0.018383s ]
INFO: [ view_filter ] --START--
INFO: Run ContentReplace Behavior [ RunTime:0.000564s ]
INFO: Run TokenBuild Behavior [ RunTime:0.000469s ]
INFO: Run WriteHtmlCache Behavior [ RunTime:0.000213s ]
INFO: Run ShowRuntime Behavior [ RunTime:0.000516s ]
INFO: [ view_filter ] --END-- [ RunTime:0.002111s ]
INFO: [ view_end ] --START--
INFO: Run ShowPageTrace Behavior [ RunTime:0.000641s ]
INFO: [ view_end ] --END-- [ RunTime:0.000714s ]

[ 2013-05-03T23:12:34+08:00 ] ERR: (ThinkException) 无法加载模块:img
[ 2013-05-03T23:12:34+08:00 ] ERR: (ThinkException) 无法加载模块:img
[ 2013-05-03T23:12:34+08:00 ] ERR: (ThinkException) 无法加载模块:img
[ 2013-05-03T23:12:34+08:00 ] ERR: (ThinkException) 无法加载模块:img
[ 2013-05-03T23:12:34+08:00 ] ERR: (ThinkException) 无法加载模块:img
[ 2013-05-03T23:12:34+08:00 ] ERR: (ThinkException) 无法加载模块:img
[ 2013-05-03T23:12:51+08:00 ] 120.37.70.240 /evbeta/Admin/mall/store
INFO: [ route_check ] --START--
INFO: Run CheckRoute Behavior [ RunTime:0.002540s ]
INFO: [ route_check ] --END-- [ RunTime:0.002658s ]
INFO: [ app_begin ] --START--
INFO: Run ReadHtmlCache Behavior [ RunTime:0.000586s ]
INFO: [ app_begin ] --END-- [ RunTime:0.000698s ]
INFO: [ view_template ] --START--
INFO: Run LocationTemplate Behavior [ RunTime:0.000287s ]
INFO: [ view_template ] --END-- [ RunTime:0.000362s ]
INFO: [ view_parse ] --START--
INFO: Run ParseTemplate Behavior [ RunTime:0.017950s ]
INFO: [ view_parse ] --END-- [ RunTime:0.018097s ]
INFO: [ view_filter ] --START--
INFO: Run ContentReplace Behavior [ RunTime:0.000530s ]
INFO: Run TokenBuild Behavior [ RunTime:0.000410s ]
INFO: Run WriteHtmlCache Behavior [ RunTime:0.000189s ]
INFO: Run ShowRuntime Behavior [ RunTime:0.000530s ]
INFO: [ view_filter ] --END-- [ RunTime:0.001919s ]
INFO: [ view_end ] --START--
INFO: Run ShowPageTrace Behavior [ RunTime:0.000722s ]
INFO: [ view_end ] --END-- [ RunTime:0.000813s ]

[ 2013-05-03T23:12:52+08:00 ] ERR: (ThinkException) 无法加载模块:Public
[ 2013-05-03T23:12:52+08:00 ] ERR: (ThinkException) 无法加载模块:img
[ 2013-05-03T23:12:52+08:00 ] ERR: (ThinkException) 无法加载模块:img
[ 2013-05-03T23:12:52+08:00 ] ERR: (ThinkException) 无法加载模块:img
[ 2013-05-03T23:12:52+08:00 ] ERR: (ThinkException) 无法加载模块:img
[ 2013-05-03T23:12:52+08:00 ] ERR: (ThinkException) 无法加载模块:img
[ 2013-05-03T23:13:00+08:00 ] ERR: (ThinkException) 无法加载模块:Public
[ 2013-05-03T23:13:53+08:00 ] ERR: (ThinkException) 无法加载模块:Public
[ 2013-05-03T23:14:21+08:00 ] 120.37.70.240 /evbeta/Admin/mall/store
INFO: [ route_check ] --START--
INFO: Run CheckRoute Behavior [ RunTime:0.000878s ]
INFO: [ route_check ] --END-- [ RunTime:0.000994s ]
INFO: [ app_begin ] --START--
INFO: Run ReadHtmlCache Behavior [ RunTime:0.000615s ]
INFO: [ app_begin ] --END-- [ RunTime:0.000739s ]
INFO: [ view_template ] --START--
INFO: Run LocationTemplate Behavior [ RunTime:0.000352s ]
INFO: [ view_template ] --END-- [ RunTime:0.000486s ]
INFO: [ view_parse ] --START--
INFO: Run ParseTemplate Behavior [ RunTime:0.019111s ]
INFO: [ view_parse ] --END-- [ RunTime:0.019267s ]
INFO: [ view_filter ] --START--
INFO: Run ContentReplace Behavior [ RunTime:0.000708s ]
INFO: Run TokenBuild Behavior [ RunTime:0.000355s ]
INFO: Run WriteHtmlCache Behavior [ RunTime:0.000214s ]
INFO: Run ShowRuntime Behavior [ RunTime:0.000512s ]
INFO: [ view_filter ] --END-- [ RunTime:0.002041s ]
INFO: [ view_end ] --START--
INFO: Run ShowPageTrace Behavior [ RunTime:0.000666s ]
INFO: [ view_end ] --END-- [ RunTime:0.000753s ]

[ 2013-05-03T23:14:21+08:00 ] ERR: (ThinkException) 无法加载模块:img
[ 2013-05-03T23:14:21+08:00 ] ERR: (ThinkException) 无法加载模块:img
[ 2013-05-03T23:14:22+08:00 ] ERR: (ThinkException) 无法加载模块:img
[ 2013-05-03T23:14:22+08:00 ] ERR: (ThinkException) 无法加载模块:img
[ 2013-05-03T23:14:22+08:00 ] ERR: (ThinkException) 无法加载模块:img
[ 2013-05-03T23:14:31+08:00 ] 120.37.70.240 /evbeta/Admin/mall/store
INFO: [ route_check ] --START--
INFO: Run CheckRoute Behavior [ RunTime:0.000810s ]
INFO: [ route_check ] --END-- [ RunTime:0.001011s ]
INFO: [ app_begin ] --START--
INFO: Run ReadHtmlCache Behavior [ RunTime:0.000592s ]
INFO: [ app_begin ] --END-- [ RunTime:0.000683s ]
INFO: [ view_template ] --START--
INFO: Run LocationTemplate Behavior [ RunTime:0.000300s ]
INFO: [ view_template ] --END-- [ RunTime:0.000478s ]
INFO: [ view_parse ] --START--
INFO: Run ParseTemplate Behavior [ RunTime:0.020968s ]
INFO: [ view_parse ] --END-- [ RunTime:0.021110s ]
INFO: [ view_filter ] --START--
INFO: Run ContentReplace Behavior [ RunTime:0.000699s ]
INFO: Run TokenBuild Behavior [ RunTime:0.000440s ]
INFO: Run WriteHtmlCache Behavior [ RunTime:0.000249s ]
INFO: Run ShowRuntime Behavior [ RunTime:0.000584s ]
INFO: [ view_filter ] --END-- [ RunTime:0.002357s ]
INFO: [ view_end ] --START--
INFO: Run ShowPageTrace Behavior [ RunTime:0.000714s ]
INFO: [ view_end ] --END-- [ RunTime:0.000844s ]

[ 2013-05-03T23:14:31+08:00 ] ERR: (ThinkException) 无法加载模块:img
[ 2013-05-03T23:14:31+08:00 ] ERR: (ThinkException) 无法加载模块:img
[ 2013-05-03T23:14:31+08:00 ] ERR: (ThinkException) 无法加载模块:img
[ 2013-05-03T23:14:31+08:00 ] ERR: (ThinkException) 无法加载模块:img
[ 2013-05-03T23:14:32+08:00 ] ERR: (ThinkException) 无法加载模块:img
[ 2013-05-03T23:16:06+08:00 ] 120.37.70.240 /evbeta/Admin/mall/store
INFO: [ route_check ] --START--
INFO: Run CheckRoute Behavior [ RunTime:0.001232s ]
INFO: [ route_check ] --END-- [ RunTime:0.001397s ]
INFO: [ app_begin ] --START--
INFO: Run ReadHtmlCache Behavior [ RunTime:0.000772s ]
INFO: [ app_begin ] --END-- [ RunTime:0.000905s ]
INFO: [ view_template ] --START--
INFO: Run LocationTemplate Behavior [ RunTime:0.000453s ]
INFO: [ view_template ] --END-- [ RunTime:0.000588s ]
INFO: [ view_parse ] --START--
INFO: Run ParseTemplate Behavior [ RunTime:0.024906s ]
INFO: [ view_parse ] --END-- [ RunTime:0.025114s ]
INFO: [ view_filter ] --START--
INFO: Run ContentReplace Behavior [ RunTime:0.000955s ]
INFO: Run TokenBuild Behavior [ RunTime:0.000735s ]
INFO: Run WriteHtmlCache Behavior [ RunTime:0.000391s ]
INFO: Run ShowRuntime Behavior [ RunTime:0.000684s ]
INFO: [ view_filter ] --END-- [ RunTime:0.003306s ]
INFO: [ view_end ] --START--
INFO: Run ShowPageTrace Behavior [ RunTime:0.000891s ]
INFO: [ view_end ] --END-- [ RunTime:0.001071s ]

[ 2013-05-03T23:16:06+08:00 ] ERR: (ThinkException) 无法加载模块:img
[ 2013-05-03T23:16:06+08:00 ] ERR: (ThinkException) 无法加载模块:img
[ 2013-05-03T23:16:06+08:00 ] ERR: (ThinkException) 无法加载模块:img
[ 2013-05-03T23:16:14+08:00 ] 120.37.70.240 /evbeta/Admin/mall/store
INFO: [ route_check ] --START--
INFO: Run CheckRoute Behavior [ RunTime:0.001131s ]
INFO: [ route_check ] --END-- [ RunTime:0.001258s ]
INFO: [ app_begin ] --START--
INFO: Run ReadHtmlCache Behavior [ RunTime:0.000769s ]
INFO: [ app_begin ] --END-- [ RunTime:0.000860s ]
INFO: [ view_template ] --START--
INFO: Run LocationTemplate Behavior [ RunTime:0.000407s ]
INFO: [ view_template ] --END-- [ RunTime:0.000514s ]
INFO: [ view_parse ] --START--
INFO: Run ParseTemplate Behavior [ RunTime:0.025783s ]
INFO: [ view_parse ] --END-- [ RunTime:0.025949s ]
INFO: [ view_filter ] --START--
INFO: Run ContentReplace Behavior [ RunTime:0.000787s ]
INFO: Run TokenBuild Behavior [ RunTime:0.000520s ]
INFO: Run WriteHtmlCache Behavior [ RunTime:0.000342s ]
INFO: Run ShowRuntime Behavior [ RunTime:0.000751s ]
INFO: [ view_filter ] --END-- [ RunTime:0.002765s ]
INFO: [ view_end ] --START--
INFO: Run ShowPageTrace Behavior [ RunTime:0.000914s ]
INFO: [ view_end ] --END-- [ RunTime:0.001036s ]

[ 2013-05-03T23:16:14+08:00 ] ERR: (ThinkException) 无法加载模块:img
[ 2013-05-03T23:16:14+08:00 ] ERR: (ThinkException) 无法加载模块:img
[ 2013-05-03T23:16:14+08:00 ] ERR: (ThinkException) 无法加载模块:img
[ 2013-05-03T23:16:32+08:00 ] 120.37.70.240 /evbeta/Admin/mall/store
INFO: [ route_check ] --START--
INFO: Run CheckRoute Behavior [ RunTime:0.001260s ]
INFO: [ route_check ] --END-- [ RunTime:0.001464s ]
INFO: [ app_begin ] --START--
INFO: Run ReadHtmlCache Behavior [ RunTime:0.000788s ]
INFO: [ app_begin ] --END-- [ RunTime:0.000914s ]
INFO: [ view_template ] --START--
INFO: Run LocationTemplate Behavior [ RunTime:0.000407s ]
INFO: [ view_template ] --END-- [ RunTime:0.000551s ]
INFO: [ view_parse ] --START--
INFO: Run ParseTemplate Behavior [ RunTime:0.024049s ]
INFO: [ view_parse ] --END-- [ RunTime:0.024218s ]
INFO: [ view_filter ] --START--
INFO: Run ContentReplace Behavior [ RunTime:0.000663s ]
INFO: Run TokenBuild Behavior [ RunTime:0.000407s ]
INFO: Run WriteHtmlCache Behavior [ RunTime:0.000224s ]
INFO: Run ShowRuntime Behavior [ RunTime:0.000592s ]
INFO: [ view_filter ] --END-- [ RunTime:0.002168s ]
INFO: [ view_end ] --START--
INFO: Run ShowPageTrace Behavior [ RunTime:0.000726s ]
INFO: [ view_end ] --END-- [ RunTime:0.000830s ]

[ 2013-05-03T23:16:32+08:00 ] ERR: (ThinkException) 无法加载模块:img
[ 2013-05-03T23:16:32+08:00 ] ERR: (ThinkException) 无法加载模块:img
[ 2013-05-03T23:16:32+08:00 ] ERR: (ThinkException) 无法加载模块:img
[ 2013-05-03T23:16:33+08:00 ] ERR: (ThinkException) 无法加载模块:img
[ 2013-05-03T23:16:55+08:00 ] 120.37.70.240 /evbeta/Admin/mall/store
INFO: [ route_check ] --START--
INFO: Run CheckRoute Behavior [ RunTime:0.001312s ]
INFO: [ route_check ] --END-- [ RunTime:0.001485s ]
INFO: [ app_begin ] --START--
INFO: Run ReadHtmlCache Behavior [ RunTime:0.000803s ]
INFO: [ app_begin ] --END-- [ RunTime:0.000928s ]
INFO: [ view_template ] --START--
INFO: Run LocationTemplate Behavior [ RunTime:0.000415s ]
INFO: [ view_template ] --END-- [ RunTime:0.000617s ]
INFO: [ view_parse ] --START--
INFO: Run ParseTemplate Behavior [ RunTime:0.024477s ]
INFO: [ view_parse ] --END-- [ RunTime:0.024634s ]
INFO: [ view_filter ] --START--
INFO: Run ContentReplace Behavior [ RunTime:0.000490s ]
INFO: Run TokenBuild Behavior [ RunTime:0.000334s ]
INFO: Run WriteHtmlCache Behavior [ RunTime:0.000184s ]
INFO: Run ShowRuntime Behavior [ RunTime:0.000419s ]
INFO: [ view_filter ] --END-- [ RunTime:0.001670s ]
INFO: [ view_end ] --START--
INFO: Run ShowPageTrace Behavior [ RunTime:0.000587s ]
INFO: [ view_end ] --END-- [ RunTime:0.000678s ]

[ 2013-05-03T23:16:55+08:00 ] ERR: (ThinkException) 无法加载模块:img
[ 2013-05-03T23:16:55+08:00 ] ERR: (ThinkException) 无法加载模块:img
[ 2013-05-03T23:16:55+08:00 ] ERR: (ThinkException) 无法加载模块:img
[ 2013-05-03T23:17:00+08:00 ] 120.37.70.240 /evbeta/Admin/mall/store
INFO: [ route_check ] --START--
INFO: Run CheckRoute Behavior [ RunTime:0.000886s ]
INFO: [ route_check ] --END-- [ RunTime:0.001030s ]
INFO: [ app_begin ] --START--
INFO: Run ReadHtmlCache Behavior [ RunTime:0.001143s ]
INFO: [ app_begin ] --END-- [ RunTime:0.001258s ]
INFO: [ view_template ] --START--
INFO: Run LocationTemplate Behavior [ RunTime:0.000403s ]
INFO: [ view_template ] --END-- [ RunTime:0.001514s ]
INFO: [ view_parse ] --START--
INFO: Run ParseTemplate Behavior [ RunTime:0.019992s ]
INFO: [ view_parse ] --END-- [ RunTime:0.020172s ]
INFO: [ view_filter ] --START--
INFO: Run ContentReplace Behavior [ RunTime:0.000692s ]
INFO: Run TokenBuild Behavior [ RunTime:0.000464s ]
INFO: Run WriteHtmlCache Behavior [ RunTime:0.000323s ]
INFO: Run ShowRuntime Behavior [ RunTime:0.000667s ]
INFO: [ view_filter ] --END-- [ RunTime:0.002482s ]
INFO: [ view_end ] --START--
INFO: Run ShowPageTrace Behavior [ RunTime:0.000785s ]
INFO: [ view_end ] --END-- [ RunTime:0.000911s ]

[ 2013-05-03T23:17:04+08:00 ] 120.37.70.240 /evbeta/Admin/mall/store
INFO: [ route_check ] --START--
INFO: Run CheckRoute Behavior [ RunTime:0.000844s ]
INFO: [ route_check ] --END-- [ RunTime:0.000973s ]
INFO: [ app_begin ] --START--
INFO: Run ReadHtmlCache Behavior [ RunTime:0.000513s ]
INFO: [ app_begin ] --END-- [ RunTime:0.000589s ]
INFO: [ view_template ] --START--
INFO: Run LocationTemplate Behavior [ RunTime:0.000284s ]
INFO: [ view_template ] --END-- [ RunTime:0.000376s ]
INFO: [ view_parse ] --START--
INFO: Run ParseTemplate Behavior [ RunTime:0.016831s ]
INFO: [ view_parse ] --END-- [ RunTime:0.016965s ]
INFO: [ view_filter ] --START--
INFO: Run ContentReplace Behavior [ RunTime:0.000541s ]
INFO: Run TokenBuild Behavior [ RunTime:0.000504s ]
INFO: Run WriteHtmlCache Behavior [ RunTime:0.000196s ]
INFO: Run ShowRuntime Behavior [ RunTime:0.000523s ]
INFO: [ view_filter ] --END-- [ RunTime:0.002053s ]
INFO: [ view_end ] --START--
INFO: Run ShowPageTrace Behavior [ RunTime:0.000568s ]
INFO: [ view_end ] --END-- [ RunTime:0.000640s ]

[ 2013-05-03T23:17:08+08:00 ] 120.37.70.240 /evbeta/Admin/mall/store
INFO: [ route_check ] --START--
INFO: Run CheckRoute Behavior [ RunTime:0.001219s ]
INFO: [ route_check ] --END-- [ RunTime:0.001358s ]
INFO: [ app_begin ] --START--
INFO: Run ReadHtmlCache Behavior [ RunTime:0.000586s ]
INFO: [ app_begin ] --END-- [ RunTime:0.000700s ]
INFO: [ view_template ] --START--
INFO: Run LocationTemplate Behavior [ RunTime:0.000377s ]
INFO: [ view_template ] --END-- [ RunTime:0.000469s ]
INFO: [ view_parse ] --START--
INFO: Run ParseTemplate Behavior [ RunTime:0.018668s ]
INFO: [ view_parse ] --END-- [ RunTime:0.018806s ]
INFO: [ view_filter ] --START--
INFO: Run ContentReplace Behavior [ RunTime:0.000646s ]
INFO: Run TokenBuild Behavior [ RunTime:0.000342s ]
INFO: Run WriteHtmlCache Behavior [ RunTime:0.000286s ]
INFO: Run ShowRuntime Behavior [ RunTime:0.000589s ]
INFO: [ view_filter ] --END-- [ RunTime:0.002158s ]
INFO: [ view_end ] --START--
INFO: Run ShowPageTrace Behavior [ RunTime:0.000681s ]
INFO: [ view_end ] --END-- [ RunTime:0.000795s ]

[ 2013-05-03T23:17:17+08:00 ] ERR: (ThinkException) 无法加载模块:img
[ 2013-05-03T23:17:17+08:00 ] ERR: (ThinkException) 无法加载模块:img
[ 2013-05-03T23:17:17+08:00 ] ERR: (ThinkException) 无法加载模块:img
[ 2013-05-03T23:21:16+08:00 ] 120.37.70.240 /evbeta/Admin/mall/store
INFO: [ route_check ] --START--
INFO: Run CheckRoute Behavior [ RunTime:0.002046s ]
INFO: [ route_check ] --END-- [ RunTime:0.002358s ]
INFO: [ app_begin ] --START--
INFO: Run ReadHtmlCache Behavior [ RunTime:0.001312s ]
INFO: [ app_begin ] --END-- [ RunTime:0.003903s ]
INFO: [ view_template ] --START--
INFO: Run LocationTemplate Behavior [ RunTime:0.000745s ]
INFO: [ view_template ] --END-- [ RunTime:0.000944s ]
INFO: [ view_parse ] --START--
INFO: Run ParseTemplate Behavior [ RunTime:0.046306s ]
INFO: [ view_parse ] --END-- [ RunTime:0.046694s ]
INFO: [ view_filter ] --START--
INFO: Run ContentReplace Behavior [ RunTime:0.001064s ]
INFO: Run TokenBuild Behavior [ RunTime:0.000655s ]
INFO: Run WriteHtmlCache Behavior [ RunTime:0.000381s ]
INFO: Run ShowRuntime Behavior [ RunTime:0.000902s ]
INFO: [ view_filter ] --END-- [ RunTime:0.003383s ]
INFO: [ view_end ] --START--
INFO: Run ShowPageTrace Behavior [ RunTime:0.001062s ]
INFO: [ view_end ] --END-- [ RunTime:0.001263s ]

[ 2013-05-03T23:21:17+08:00 ] ERR: (ThinkException) 无法加载模块:img
[ 2013-05-03T23:21:17+08:00 ] ERR: (ThinkException) 无法加载模块:img
[ 2013-05-03T23:21:17+08:00 ] ERR: (ThinkException) 无法加载模块:img
[ 2013-05-03T23:21:18+08:00 ] ERR: (ThinkException) 无法加载模块:img
[ 2013-05-03T23:21:19+08:00 ] ERR: (ThinkException) 无法加载模块:img
[ 2013-05-03T23:57:57+08:00 ] 120.37.70.240 /evbeta/Admin/Index
INFO: [ route_check ] --START--
INFO: Run CheckRoute Behavior [ RunTime:0.000839s ]
INFO: [ route_check ] --END-- [ RunTime:0.000981s ]
INFO: [ app_begin ] --START--
INFO: Run ReadHtmlCache Behavior [ RunTime:0.000538s ]
INFO: [ app_begin ] --END-- [ RunTime:0.000615s ]
NOTIC: [2048] Declaration of IndexAction::error() should be compatible with that of Action::error() /wwwroot/evbeta/Lib/Action/Admin/IndexAction.class.php 第 9 行.
INFO: [ view_template ] --START--
INFO: Run LocationTemplate Behavior [ RunTime:0.000304s ]
INFO: [ view_template ] --END-- [ RunTime:0.000422s ]
INFO: [ view_parse ] --START--
INFO: Run ParseTemplate Behavior [ RunTime:0.012399s ]
INFO: [ view_parse ] --END-- [ RunTime:0.012539s ]
INFO: [ view_filter ] --START--
INFO: Run ContentReplace Behavior [ RunTime:0.000382s ]
INFO: Run TokenBuild Behavior [ RunTime:0.000348s ]
INFO: Run WriteHtmlCache Behavior [ RunTime:0.000169s ]
INFO: Run ShowRuntime Behavior [ RunTime:0.000411s ]
INFO: [ view_filter ] --END-- [ RunTime:0.001584s ]
INFO: [ view_end ] --START--
INFO: Run ShowPageTrace Behavior [ RunTime:0.000576s ]
INFO: [ view_end ] --END-- [ RunTime:0.000648s ]

[ 2013-05-03T23:58:06+08:00 ] ERR: (ThinkException) 非法操作:article
[ 2013-05-03T23:58:42+08:00 ] 120.37.70.240 /evbeta/Admin/Index/rank
INFO: [ route_check ] --START--
INFO: Run CheckRoute Behavior [ RunTime:0.000840s ]
INFO: [ route_check ] --END-- [ RunTime:0.000960s ]
INFO: [ app_begin ] --START--
INFO: Run ReadHtmlCache Behavior [ RunTime:0.004618s ]
INFO: [ app_begin ] --END-- [ RunTime:0.004765s ]
NOTIC: [2048] Declaration of IndexAction::error() should be compatible with that of Action::error() /wwwroot/evbeta/Lib/Action/Admin/IndexAction.class.php 第 9 行.
INFO: [ view_template ] --START--
INFO: Run LocationTemplate Behavior [ RunTime:0.000374s ]
INFO: [ view_template ] --END-- [ RunTime:0.000504s ]
INFO: [ view_parse ] --START--
INFO: Run ParseTemplate Behavior [ RunTime:0.013218s ]
INFO: [ view_parse ] --END-- [ RunTime:0.013349s ]
INFO: [ view_filter ] --START--
INFO: Run ContentReplace Behavior [ RunTime:0.000541s ]
INFO: Run TokenBuild Behavior [ RunTime:0.000443s ]
INFO: Run WriteHtmlCache Behavior [ RunTime:0.000216s ]
INFO: Run ShowRuntime Behavior [ RunTime:0.000385s ]
INFO: [ view_filter ] --END-- [ RunTime:0.001820s ]
INFO: [ view_end ] --START--
INFO: Run ShowPageTrace Behavior [ RunTime:0.000569s ]
INFO: [ view_end ] --END-- [ RunTime:0.000639s ]

[ 2013-05-03T23:59:02+08:00 ] 120.37.70.240 /evbeta/Admin/Index/rank
INFO: [ route_check ] --START--
INFO: Run CheckRoute Behavior [ RunTime:0.000776s ]
INFO: [ route_check ] --END-- [ RunTime:0.000883s ]
INFO: [ app_begin ] --START--
INFO: Run ReadHtmlCache Behavior [ RunTime:0.000493s ]
INFO: [ app_begin ] --END-- [ RunTime:0.000571s ]
NOTIC: [2048] Declaration of IndexAction::error() should be compatible with that of Action::error() /wwwroot/evbeta/Lib/Action/Admin/IndexAction.class.php 第 9 行.
INFO: [ view_template ] --START--
INFO: Run LocationTemplate Behavior [ RunTime:0.000291s ]
INFO: [ view_template ] --END-- [ RunTime:0.000376s ]
INFO: [ view_parse ] --START--
INFO: Run ParseTemplate Behavior [ RunTime:0.012911s ]
INFO: [ view_parse ] --END-- [ RunTime:0.013030s ]
INFO: [ view_filter ] --START--
INFO: Run ContentReplace Behavior [ RunTime:0.000418s ]
INFO: Run TokenBuild Behavior [ RunTime:0.000378s ]
INFO: Run WriteHtmlCache Behavior [ RunTime:0.000213s ]
INFO: Run ShowRuntime Behavior [ RunTime:0.000427s ]
INFO: [ view_filter ] --END-- [ RunTime:0.001648s ]
INFO: [ view_end ] --START--
INFO: Run ShowPageTrace Behavior [ RunTime:0.000661s ]
INFO: [ view_end ] --END-- [ RunTime:0.000748s ]

[ 2013-05-03T23:59:05+08:00 ] 120.37.70.240 /evbeta/Admin/Index/article
INFO: [ route_check ] --START--
INFO: Run CheckRoute Behavior [ RunTime:0.001246s ]
INFO: [ route_check ] --END-- [ RunTime:0.001399s ]
INFO: [ app_begin ] --START--
INFO: Run ReadHtmlCache Behavior [ RunTime:0.000717s ]
INFO: [ app_begin ] --END-- [ RunTime:0.000835s ]
NOTIC: [2048] Declaration of IndexAction::error() should be compatible with that of Action::error() /wwwroot/evbeta/Lib/Action/Admin/IndexAction.class.php 第 9 行.
INFO: [ view_template ] --START--
INFO: Run LocationTemplate Behavior [ RunTime:0.000336s ]
INFO: [ view_template ] --END-- [ RunTime:0.000456s ]
INFO: [ view_parse ] --START--
INFO: Run ParseTemplate Behavior [ RunTime:0.020444s ]
INFO: [ view_parse ] --END-- [ RunTime:0.020783s ]
INFO: [ view_filter ] --START--
INFO: Run ContentReplace Behavior [ RunTime:0.000477s ]
INFO: Run TokenBuild Behavior [ RunTime:0.001584s ]
INFO: Run WriteHtmlCache Behavior [ RunTime:0.000174s ]
INFO: Run ShowRuntime Behavior [ RunTime:0.000462s ]
INFO: [ view_filter ] --END-- [ RunTime:0.002970s ]
INFO: [ view_end ] --START--
INFO: Run ShowPageTrace Behavior [ RunTime:0.000548s ]
INFO: [ view_end ] --END-- [ RunTime:0.000636s ]

